   1.0000000000000000     
   1.0000008132237661     
   1.0000008201405211     
   1.0000008264385931     
   1.0000008326193006     
   1.0000008386883694     
   1.0000008446509134     
   1.0000008505117561     
   1.0000008562754519     
   1.0000008619463010     
   1.0000008675283649     
   1.0000008730254830     
   1.0000008784412830     
   1.0000008837791969     
   1.0000008890424712     
   1.0000008942341776     
   1.0000008993572256     
   1.0000009044143705     
   1.0000009094082225     
   1.0000009143412572     
   1.0000009192158212     
   1.0000009240341416     
   1.0000009287983325     
   1.0000009335104001     
   1.0000009381722517     
   1.0000009427856988     
   1.0000009473524654     
   1.0000009518741895     
   1.0000009563524315     
   1.0000009607886762     
   1.0000009651843380     
   1.0000009695407652     
   1.0000009738592435     
   1.0000009781409978     
   1.0000009823871983     
   1.0000009865989619     
   1.0000009907773553     
   1.0000009949233974     
   1.0000009990380625     
   1.0000010031222830     
   1.0000010071769503     
   1.0000010112029183     
   1.0000010152010042     
   1.0000010191719912     
   1.0000010231166305     
   1.0000010270356419     
   1.0000010309297156     
   1.0000010347995154     
   1.0000010386456775     
   1.0000010424688131     
   1.0000010462695101     
   1.0000010500483338     
   1.0000010538058273     
   1.0000010575425131     
   1.0000010612588950     
   1.0000010649554576     
   1.0000010686326672     
   1.0000010722909742     
   1.0000010759308120     
   1.0000010795525993     
   1.0000010831567394     
   1.0000010867436213     
   1.0000010903136218     
   1.0000010938671036     
   1.0000010974044176     
   1.0000011009259027     
   1.0000011044318868     
   1.0000011079226874     
   1.0000011113986105     
   1.0000011148599532     
   1.0000011183070030     
   1.0000011217400373     
   1.0000011251593266     
   1.0000011285651311     
   1.0000011319577042     
   1.0000011353372913     
   1.0000011387041297     
   1.0000011420584509     
   1.0000011454004780     
   1.0000011487304281     
   1.0000011520485130     
   1.0000011553549368     
   1.0000011586498982     
   1.0000011619335911     
   1.0000011652062026     
   1.0000011684679153     
   1.0000011717189066     
   1.0000011749593489     
   1.0000011781894103     
   1.0000011814092535     
   1.0000011846190375     
   1.0000011878189170     
   1.0000011910090421     
   1.0000011941895595     
   1.0000011973606118     
   1.0000012005223380     
   1.0000012036748731     
   1.0000012068183497     
   1.0000012099528959     
   1.0000012130786373     
   1.0000012161956957     
   1.0037460048236224     
   1.0075510934233516     
   1.0114145193802195     
   1.0153366255130396     
   1.0193177878415365     
   1.0233584133769487     
   1.0274589395902567     
   1.0316198336826243     
   1.0358415922428705     
   1.0401247407638003     
   1.0444698332622424     
   1.0488774519281625     
   1.0533482068783493     
   1.0578827359639384     
   1.0624817045257995     
   1.0671458054861633     
   1.0718757588514682     
   1.0766723121514690     
   1.0815362401514514     
   1.0864683449841490     
   1.0914694562332989     
   1.0965404310037481     
   1.1016821542130342     
   1.1068955386567958     
   1.1121815253501655     
   1.1175410837151545     
   1.1229752118670759     
   1.1284849371103260     
   1.1340713160200513     
   1.1397354352118712     
   1.1454784113973964     
   1.1513013922199369     
   1.1572055563766608     
   1.1631921145063533     
   1.1692623096227344     
   1.1754174175191641     
   1.1816587477633620     
   1.1879876439618462     
   1.1944054849545602     
   1.2009136850733455     
   1.2075136951168890     
   1.2142070032627648     
   1.2209951356610822     
   1.2278796576272129     
   1.2348621742149306     
   1.2419443314183203     
   1.2491278170790598     
   1.2564143619874133     
   1.2638057408172509     
   1.2713037734141288     
   1.2789103259271966     
   1.2866273118085414     
   1.2944566934433150     
   1.3024004831379385     
   1.3104607446582206     
   1.3186395945246150     
   1.3269392035556637     
   1.3353617983601989     
   1.3439096629332363     
   1.3525851402417683     
   1.3613906339780912     
   1.3703286101555177     
   1.3794015993406865     
   1.3886121979883153     
   1.3979630708286699     
   1.4074569528263252     
   1.4170966511780567     
   1.4268850475560040     
   1.4368251005520458     
   1.4469198477153391     
   1.4571724083029980     
   1.4675859858025135     
   1.4781638704390714     
   1.4889094419380760     
   1.4998261726706881     
   1.5109176301826051     
   1.5221874806333378     
   1.5336394919327307     
   1.5452775368036082     
   1.5571055967446785     
   1.5691277650641078     
   1.5813482512490094     
   1.5937713842470251     
   1.6064016169998800     
   1.6192435303832395     
   1.6323018376744074     
   1.6455813892001130     
   1.6590871769649409     
   1.6728243397583569     
   1.6867981680115527     
   1.7010141097092530     
   1.7154777754271158     
   1.7301949444180291     
   1.7451715709302711     
   1.7604137899250263     
   1.7759279245758555     
   1.7917204920563963     
   1.8077982120353404     
   1.8241680130256497     
   1.8408370409686436     
   1.8468425000199824     
   1.8527143993148032     
   1.8585554683738388     
   1.8643681340087341     
   1.8701537860599302     
   1.8759137357118130     
   1.8816492287119566     
   1.8873614492558688     
   1.8930515235470806     
   1.8987205231343833     
   1.9043694680414092     
   1.9099993297019742     
   1.9156110337137235     
   1.9212054624217871     
   1.9267834573433906     
   1.9323458214436409     
   1.9378933212720462     
   1.9434266889686955     
   1.9489466241484403     
   1.9544537956708752     
   1.9599488433034034     
   1.9654323792842063     
   1.9709049897914661     
   1.9763672363248119     
   1.9818196570045363     
   1.9872627677937889     
   1.9926970636486114     
   1.9981230196003539     
   2.0035410917747241     
   2.0089517183514474     
   2.0143553204682512     
   2.0197523030726474     
   2.0251430557247714     
   2.0305279533543095     
   2.0359073569743673     
   2.0412816143549311     
   2.0466510606584265     
   2.0520160190396877     
   2.0573768012125253     
   2.0627337079849424     
   2.0680870297648823     
   2.0734370470383316     
   2.0787840308214145     
   2.0841282430880788     
   2.0894699371748153     
   2.0948093581637997     
   2.1001467432457348     
   2.1054823220636090     
   2.1108163170384868     
   2.1161489436784016     
   2.1214804108713361     
   2.1268109211632202     
   2.1321406710218183     
   2.1374698510873262     
   2.1427986464104340     
   2.1481272366785871     
   2.1534557964311034     
   2.1587844952637925     
   2.1641134980236636     
   2.1694429649942730     
   2.1747730520722506     
   2.1801039109354745     
   2.1854356892033726     
   2.1907685305897719     
   2.1961025750487080     
   2.2014379589135742     
   2.2067748150299744     
   2.2121132728826032     
   2.2174534587164869     
   2.2227954956528828     
   2.2281395038000928     
   2.2334856003594967     
   2.2388338997270161     
   2.2441845135902652     
   2.2495375510216000     
   2.2548931185672760     
   2.2602513203329124     
   2.2656122580654423     
   2.2709760312317240     
   2.2763427370939846     
   2.2817124707822369     
   2.2870853253638321     
   2.2924613919102708     
   2.2978407595614123     
   2.3032235155872041     
   2.3086097454470433     
   2.3139995328468803     
   2.3193929597941798     
   2.3247901066508181     
   2.3301910521840261     
   2.3355958736154583     
   2.3410046466684737     
   2.3464174456137066     
   2.3518343433130027     
   2.3572554112617885     
   2.3626807196299455     
   2.3681103373012569     
   2.3735443319114715     
   2.3789827698850621     
   2.3844257164707168     
   2.3898732357756298     
   2.3953253907986243     
   2.4007822434621735     
   2.4062438546433462     
   2.4117102842037319     
   2.4171815910183803     
   2.4226578330037984     
   2.4281390671450369     
   2.4336253495218960     
   2.4391167353343075     
   2.4446132789268908     
   2.4501150338127435     
   2.4556220526964756     
   2.4611343874965255     
   2.4666520893667827     
   2.4721752087175393     
   2.4777037952357968     
   2.4832378979049512     
   2.4887775650238790     
   2.4943228442254437     
   2.4998737824944475     
   2.5054304261850397     
   2.5109928210376085     
   2.5165610121951718     
   2.5221350442192798     
   2.5277149611054526     
   2.5333008062981661     
   2.5388926227053950     
   2.5444904527127412     
   2.5500943381971508     
   2.5557043205402299     
   2.5613204406411914     
   2.5669427389294177     
   2.5725712553766780     
   2.5782060295089924     
   2.5838471004181631     
   2.5894945067729820     
   2.5951482868301241     
   2.6008084784447378     
   2.6064751190807378     
   2.6121482458208156     
   2.6178278953761733     
   2.6235141040959902     
   2.6292069079766289     
   2.6349063426705897     
   2.6406124434952210     
   2.6463252454411972     
   2.6520447831807608     
   2.6577710910757490     
   2.6635042031854006     
   2.6692441532739548     
   2.6749909748180487     
   2.6807447010139160     
   2.6865053647843959     
   2.6922729987857563     
   2.6980476354143383     
   2.7038293068130259     
   2.7096180448775451     
   2.7154138812625979     
   2.7212168473878418     
   2.7270269744437083     
   2.7328442933970720     
   2.7386688349967785     
   2.7445006297790235     
   2.7503397080725995     
   2.7561861000040029     
   2.7620398355024189     
   2.7679009443045715     
   2.7737694559594566     
   2.7796453998329538     
   2.7855288051123188     
   2.7914197008105717     
   2.7973181157707674     
   2.8032240786701634     
   2.8091376180242826     
   2.8150587621908780     
   2.8209875393737951     
   2.8269239776267439     
   2.8328681048569768     
   2.8388199488288755     
   2.8447795371674500     
   2.8507468973617565     
   2.8567220567682288     
   2.8627050426139293     
   2.8686958819997264     
   2.8746946019033857     
   2.8807012291826037     
   2.8867157905779486     
   2.8927383127157524     
   2.8987688221109176     
   2.9048073451696683     
   2.9108539081922298     
   2.9169085373754529     
   2.9229712588153669     
   2.9290420985096883     
   2.9351210823602534     
   2.9412082361754077     
   2.9473035856723371     
   2.9534071564793427     
   2.9595189741380681     
   2.9656390641056731     
   2.9717674517569583     
   2.9779041623864448     
   2.9840492212104031     
   2.9902026533688382     
   2.9963644839274308     
   3.0025347378794383     
   3.0087134401475457     
   3.0149006155856837     
   3.0210962889808033     
   3.0273004850546128     
   3.0335132284652757     
   3.0397345438090730     
   3.0459644556220278     
   3.0522029883815005     
   3.0584501665077379     
   3.0647060143654072     
   3.0709705562650793     
   3.0772438164646929     
   3.0835258191709820     
   3.0898165885408764     
   3.0961161486828734     
   3.1024245236583736     
   3.1087417374830051     
   3.1150678141278987     
   3.1214027775209612     
   3.1277466515480992     
   3.1340994600544381     
   3.1404612268454999     
   3.1468319756883738     
   3.1532117303128464     
   3.1596005144125270     
   3.1659983516459311     
   3.1724052656375630     
   3.1788212799789584     
   3.1852464182297240     
   3.1916807039185429     
   3.1981241605441690     
   3.2045768115763957     
   3.2110386804570172     
   3.2175097906007566     
   3.2239901653961889     
   3.2304798282066418     
   3.2369788023710786     
   3.2434871112049670     
   3.2500047780011307     
   3.2565318260305869     
   3.2630682785433636     
   3.2696141587693104     
   3.2761694899188871     
   3.2827342951839409     
   3.2893085977384717     
   3.2958924207393823     
   3.3024857873272104     
   3.3090887206268587     
   3.3157012437483040     
   3.3223233797872922     
   3.3289551518260314     
   3.3355965829338610     
   3.3422476961679215     
   3.3489085145738011     
   3.3555790611861793     
   3.3622593590294603     
   3.3689494311183896     
   3.3756493004586634     
   3.3823589900475337     
   3.3890785228743945     
   3.3958079219213619     
   3.4025472101638483     
   3.4092964105711241     
   3.4160555461068673     
   3.4228246397297140     
   3.4296037143937910     
   3.4363927930492428     
   3.4431918986427528     
   3.4500010541180552     
   3.4568202824164374     
   3.4636496064772384     
   3.4704890492383349     
   3.4773386336366228     
   3.4841983826084939     
   3.4910683190903020     
   3.4979484660188218     
   3.5048388463317051     
   3.5117394829679265     
   3.5186503988682234     
   3.5255716169755331     
   3.5325031602354180     
   3.5394450515964913     
   3.5463973140108305     
   3.5533599704343906     
   3.5603330438274052     
   3.5673165571547911     
   3.5743105333865390     
   3.5813149954981034     
   3.5883299664707877     
   3.5953554692921177     
   3.6023915269562217     
   3.6094381624641940     
   3.6164953988244637     
   3.6022771443163819     
   3.5877677793030105     
   3.5731766821004962     
   3.5585129485987448     
   3.5437834362385505     
   3.5289946407838952     
   3.5141527296706592     
   3.4992635622596460     
   3.4843327048333324     
   3.4693654476013540     
   3.4543668190321317     
   3.4393415992105680     
   3.4242943340595069     
   3.4092293465172103     
   3.3941507487027298     
   3.3790624524591899     
   3.3639681798557572     
   3.3488714726590674     
   3.3337757012338889     
   3.3186840736964127     
   3.3035996429502479     
   3.2885253156100784     
   3.2734638578546571     
   3.2584179034216465     
   3.2433899589496056     
   3.2283824105962160     
   3.2133975299240216     
   3.1984374785398897     
   3.1835043141701140     
   3.1685999948909602     
   3.1537263836825122     
   3.1388852530928997     
   3.1240782894310088     
   3.1093070960198919     
   3.0945731976290309     
   3.0798780436340394     
   3.0652230112508789     
   3.0506094089671079     
   3.0360384797462325     
   3.0215114029458245     
   3.0070292982831024     
   2.9925932275298219     
   2.9782041973378668     
   2.9638631614562465     
   2.9495710230782244     
   2.9353286369191753     
   2.9211368113179943     
   2.9069963099866878     
   2.8929078541049469     
   2.8788721236791428     
   2.8648897599481158     
   2.8509613661522426     
   2.8370875095439922     
   2.8232687229348343     
   2.8095055057251628     
   2.7957983255696455     
   2.7821476195148893     
   2.7685537954372510     
   2.7550172326533913     
   2.7415382838343549     
   2.7281172753727607     
   2.7147545089820224     
   2.7014502624526129     
   2.6882047901313912     
   2.6750183249258472     
   2.6618910780504876     
   2.6488232407875838     
   2.6358149844670224     
   2.6228664616812241     
   2.6099778073403312     
   2.5971491385747028     
   2.5843805562858666     
   2.5716721449663491     
   2.5590239742034990     
   2.5464360984484626     
   2.5339085582600402     
   2.5214413805015194     
   2.5090345789192146     
   2.4966881548487594     
   2.4844020974695309     
   2.4721763845902247     
   2.4600109828153078     
   2.4479058481168225     
   2.4358609262725688     
   2.4238761530866109     
   2.4119514554624950     
   2.4000867507050603     
   2.3882819478479540     
   2.3765369475213727     
   2.3648516424683539     
   2.3532259178183974     
   2.3416596513540187     
   2.3301527138861569     
   2.3187049695556441     
   2.3073162762317807     
   2.2959864854361900     
   2.2847154429906320     
   2.2735029890547738     
   2.2623489585247381     
   2.2512531811283329     
   2.2485748041394658     
   2.2459433197208392     
   2.2433521114195472     
   2.2407997953455379     
   2.2382850565815957     
   2.2358066422866418     
   2.2333633582109651     
   2.2309540654279751     
   2.2285776772666601     
   2.2262331564318156     
   2.2239195122999451     
   2.2216357983795527     
   2.2193811099252772     
   2.2171545816960130     
   2.2149553858478246     
   2.2127827299530427     
   2.2106358551375154     
   2.2085140343285055     
   2.2064165706062226     
   2.2043427956524253     
   2.2022920682899709     
   2.2002637731075927     
   2.1982573191645374     
   2.1962721387700674     
   2.1943076863331537     
   2.1923634372779692     
   2.1904388870211111     
   2.1885335500067118     
   2.1866469587958663     
   2.1847786632070401     
   2.1829282295043044     
   2.1810952396304915     
   2.1792792904825218     
   2.1774799932263402     
   2.1756969726490540     
   2.1739298665460445     
   2.1721783251409295     
   2.1704420105364228     
   2.1687205961942437     
   2.1670137664423428     
   2.1653212160078432     
   2.1636426495741654     
   2.1619777813609309     
   2.1603263347253048     
   2.1586880417835403     
   2.1570626430515487     
   2.1554498871034058     
   2.1538495302467640     
   2.1522613362142109     
   2.1506850758696681     
   2.1491205269289817     
   2.1475674736939148     
   2.1460257067987851     
   2.1444950229690614     
   2.1429752247912406     
   2.1414661204934164     
   2.1399675237359217     
   2.1384792534115329     
   2.1370011334547052     
   2.1355329926593551     
   2.1340746645047539     
   2.1326259869890798     
   2.1311868024702543     
   2.1297569575136643     
   2.1283363027464253     
   2.1269246927178482     
   2.1255219857657952     
   2.1241280438886259     
   2.1227427326224531     
   2.1213659209234486     
   2.1199974810549476     
   2.1186372884791118     
   2.1172852217529439     
   2.1159411624284217     
   2.1146049949565797     
   2.1132766065953335     
   2.1119558873208759     
   2.1106427297424792     
   2.1093370290205500     
   2.1080386827877753     
   2.1067475910732347     
   2.1054636562293281     
   2.1041867828614134     
   2.1029168777600051     
   2.1016538498354587     
   2.1003976100549924     
   2.0991480713819790     
   2.0979051487173854     
   2.0966687588432822     
   2.0954388203683370     
   2.0942152536751939     
   2.0929979808696797     
   2.0917869257317458     
   2.0905820136680862     
   2.0893831716663538     
   2.0881903282509233     
   2.0870034134401223     
   2.0858223587048892     
   2.0846470969287911     
   2.0834775623693509     
   2.0823136906206372     
   2.0811554185770644     
   2.0800026843983561     
   2.0788554274756317     
   2.0777135883985713     
   2.0765771089236198     
   2.0754459319431926     
   2.0743200014558418     
   2.0731992625373552     
   2.0720836613127487     
   2.0709731449291189     
   2.0698676615293339     
   2.0687671602265194     
   2.0676715910793284     
   2.0665809050679456     
   2.0654950540708246     
   2.0644139908421177     
   2.0633376689897713     
   2.0622660429542847     
   2.0611990679880816     
   2.0601367001354980     
   2.0590788962133493     
   2.0580256137920698     
   2.0569768111773943     
   2.0559324473925713     
   2.0548924821610903     
   2.0538568758898981     
   2.0528255896531027     
   2.0517985851761336     
   2.0507758248203558     
   2.0497572715681143     
   2.0487428890082002     
   2.0477326413217289     
   2.0467264932684017     
   2.0457244101731620     
   2.0447263579132100     
   2.0437323029053860     
   2.0427422120938914     
   2.0417560529383509     
   2.0407737934022041     
   2.0397954019414053     
   2.0388208474934375     
   2.0378500994666151     
   2.0368831277296837     
   2.0359199026016928     
   2.0349603948421424     
   2.0340045756413891     
   2.0330524166113131     
   2.0321038897762236     
   2.0311589675640147     
   2.0302176227975441     
   2.0292798286862448     
   2.0283455588179509     
   2.0274147871509416     
   2.0264874880061887     
   2.0255636360598004     
   2.0246432063356696     
   2.0237261741983037     
   2.0228125153458385     
   2.0219022058032357     
   2.0209952219156451     
   2.0200915403419435     
   2.0191911380484306     
   2.0182939923026892     
   2.0174000806675920     
   2.0165093809954646     
   2.0156218714223959     
   2.0147375303626776     
   2.0138563365033981     
   2.0129782687991562     
   2.0121033064669120     
   2.0112314289809605     
   2.0103626160680301     
   2.0094968477024997     
   2.0086341041017315     
   2.0077743657215157     
   2.0069176132516251     
   2.0060638276114804     
   2.0052129899459104     
   2.0043650816210219     
   2.0035200842201633     
   2.0026779795399827     
   2.0018387495865828     
   2.0010023765717611     
   2.0001688429093418     
   1.9993381312115921     
   1.9985102242857198     
   1.9976851051304549     
   1.9968627569327067     
   1.9960431630643003     
   1.9952263070787861     
   1.9944121727083228     
   1.9936007438606285     
   1.9927920046160055     
   1.9919859392244277     
   1.9911825321026941     
   1.9903817678316478     
   1.9895836311534545     
   1.9887881069689417     
   1.9879951803349978     
   1.9872048364620274     
   1.9864170607114606     
   1.9856318385933209     
   1.9848491557638404     
   1.9840689980231301     
   1.9832913513129000     
   1.9825162017142266     
   1.9817435354453679     
   1.9809733388596267     
   1.9802055984432569     
   1.9794403008134163     
   1.9786774327161587     
   1.9779169810244706     
   1.9771589327363497     
   1.9764032749729192     
   1.9756499949765836     
   1.9748990801092217     
   1.9741505178504184     
   1.9734042957957276     
   1.9726604016549756     
   1.9719188232505940     
   1.9711795485159902     
   1.9704425654939473     
   1.9697078623350563     
   1.9689754272961819     
   1.9682452487389526     
   1.9675173151282883     
   1.9667916150309490     
   1.9660681371141178     
   1.9653468701440058     
   1.9646278029844879     
   1.9639109245957638     
   1.9631962240330423     
   1.9624836904452534     
   1.9617733130737831     
   1.9610650812512316     
   1.9603589844001965     
   1.9596550120320761     
   1.9589531537458973     
   1.9582533992271633     
   1.9575557382467230     
   1.9568601606596623     
   1.9561666564042111     
   1.9554752155006774     
   1.9547858280503925     
   1.9540984842346818     
   1.9534131743138494     
   1.9527298886261830     
   1.9520486175869749     
   1.9513693516875610     
   1.9506920814943780     
   1.9500167976480323     
   1.9493434908623919     
   1.9486721519236867     
   1.9480027716896302     
   1.9473353410885528     
   1.9466698511185485     
   1.9460062928466422     
   1.9453446574079636     
   1.9446849360049387     
   1.9440271199064965     
   1.9433712004472818     
   1.9427171690268912     
   1.9420650171091123     
   1.9414147362211804     
   1.9407663179530463     
   1.9401197539566546     
   1.9394750359452360     
   1.9388321556926076     
   1.9381911050324887     
   1.9375518758578234     
   1.9369144601201147     
   1.9362788498287733     
   1.9356450370504681     
   1.9350130139084967     
   1.9343827725821574     
   1.9337543053061359     
   1.9331276043698991     
   1.9325026621170993     
   1.9318794709449865     
   1.9312580233038299     
   1.9306383116963493     
   1.9300203286771520     
   1.9294040668521821     
   1.9287895188781754     
   1.9281766774621212     
   1.9275655353607362     
   1.9269560853799423     
   1.9263483203743537     
   1.9257422332467704     
   1.9251378169476800     
   1.9245350644747670     
   1.9239339688724280     
   1.9233345232312948     
   1.9227367206877615     
   1.9221405544235246     
   1.9215460176651216     
   1.9209531036834826     
   1.9203618057934837     
   1.9197721173535101     
   1.9191840317650226     
   1.9185975424721318     
   1.9180126429611752     
   1.9174293267603062     
   1.9168475874390816     
   1.9162674186080579     
   1.9156888139183958     
   1.9151117670614641     
   1.9145362717684535     
   1.9139623218099948     
   1.9133899109957788     
   1.9128190331741863     
   1.9122496822319213     
   1.9116818520936447     
   1.9111155367216190     
   1.9105507301153550     
   1.9099874263112617     
   1.9094256193823029     
   1.9088653034376573     
   1.9083064726223835     
   1.9077491211170867     
   1.9071932431375951     
   1.9066388329346338     
   1.9060858847935080     
   1.9055343930337880     
   1.9049843520089977     
   1.9044357561063083     
   1.9038885997462347     
   1.9033428773823360     
   1.9027985835009216     
   1.9022557126207564     
   1.9017142592927740     
   1.9011742180997921     
   1.9006355836562301     
   1.9000983506078311     
   1.8995625136313876     
   1.8990280674344704     
   1.8984950067551600     
   1.8979633263617810     
   1.8974330210526427     
   1.8969040856557773     
   1.8963765150286869     
   1.8958503040580894     
   1.8953254476596697     
   1.8948019407778331     
   1.8942797783854606     
   1.8937589554836680     
   1.8932394671015700     
   1.8927213082960415     
   1.8922044741514870     
   1.8916889597796100     
   1.8911747603191866     
   1.8906618709358385     
   1.8901502868218127     
   1.8896400031957619     
   1.8891310153025254     
   1.8886233184129160     
   1.8881169078235081     
   1.8876117788564257     
   1.8871079268591373     
   1.8866053472042477     
   1.8861040352892982     
   1.8856039865365632     
   1.8851051963928525     
   1.8846076603293165     
   1.8841113738412492     
   1.8836163324478981     
   1.8831225316922744     
   1.8826299671409634     
   1.8821386343839395     
   1.8816485290343836     
   1.8811596467284990     
   1.8806719831253336     
   1.8801855339065998     
   1.8797002947765007     
   1.8792162614615537     
   1.8787334297104206     
   1.8782517952937341     
   1.8777713540039320     
   1.8772921016550888     
   1.8768140340827502     
   1.8763371471437704     
   1.8758614367161504     
   1.8753868986988780     
   1.8749135290117684     
   1.8744413235953092     
   1.8739702784105043     
   1.8735003894387199     
   1.8730316526815334     
   1.8725640641605832     
   1.8720976199174197     
   1.8716323160133572     
   1.8711681485293299     
   1.8707051135657453     
   1.8702432072423434     
   1.8697824256980544     
   1.8693227650908582     
   1.8688642215976472     
   1.8684067914140889     
   1.8679504707544885     
   1.8674952558516564     
   1.8670411429567739     
   1.8665881283392620     
   1.8661362082866515     
   1.8656853791044523     
   1.8652356371160268     
   1.8647869786624631     
   1.8643394001024487     
   1.8638928978121478     
   1.8634474681850768     
   1.8630031076319837     
   1.8625598125807277     
   1.8621175794761580     
   1.8616764047799981     
   1.8612362849707269     
   1.8607972165434628     
   1.8603591960098498     
   1.8599222198979439     
   1.8594862847520985     
   1.8590513871328556     
   1.8586175236168323     
   1.8581846907966133     
   1.8577528852806422     
   1.8573221036931140     
   1.8568923426738677     
   1.8564635988782829     
   1.8560358689771732     
   1.8556091496566838     
   1.8551834376181899     
   1.8547587295781929     
   1.8543350222682222     
   1.8539123124347348     
   1.8534905968390141     
   1.8530698722570778     
   1.8526501354795739     
   1.8522313833116910     
   1.8518136125730589     
   1.8513968200976563     
   1.8509810027337166     
   1.8505661573436356     
   1.8501522808038808     
   1.8497393700048983     
   1.8493274218510243     
   1.8489164332603953     
   1.8485064011648604     
   1.8480973225098927     
   1.8476891942545017     
   1.8472820133711505     
   1.8468757768456658     
   1.8464704816771571     
   1.8460661248779315     
   1.8456627034734097     
   1.8452602145020442     
   1.8448586550152399     
   1.8444580220772695     
   1.8440583127651959     
   1.8436595241687908     
   1.8432616533904578     
   1.8428646975451528     
   1.8424686537603074     
   1.8420735191757520     
   1.8416792909436392     
   1.8412859662283687     
   1.8408935422065120     
   1.8405020160667394     
   1.8401113850097450     
   1.8397216462481747     
   1.8393327970065541     
   1.8389448345212156     
   1.8385577560402284     
   1.8381715588233285     
   1.8377862401418468     
   1.8374017972786423     
   1.8370182275280309     
   1.8366355281957198     
   1.8362536965987379     
   1.8358727300653703     
   1.8354926259350903     
   1.8351133815584948     
   1.8347349942972384     
   1.8343574615239695     
   1.8339807806222641     
   1.8336049489865631     
   1.8332299640221106     
   1.8328558231448884     
   1.8324825237815558     
   1.8321100633693876     
   1.8317384393562119     
   1.8313676492003510     
   1.8309976903705587     
   1.8306285603459644     
   1.8302602566160107     
   1.8298927766803952     
   1.8295261180490132     
   1.8291602782418996     
   1.8287952547891704     
   1.8284310452309676     
   1.8280676471174020     
   1.8277050580084961     
   1.8273432754741299     
   1.8269822970939857     
   1.8266221204574926     
   1.8262627431637730     
   1.8259041628215886     
   1.8255463770492864     
   1.8251893834747470     
   1.8248331797353301     
   1.8244777634778249     
   1.8241231323583948     
   1.8237692840425299     
   1.8234162162049934     
   1.8230639265297717     
   1.8227124127100245     
   1.8223616724480349     
   1.8220117034551593     
   1.8216625034517797     
   1.8213140701672534     
   1.8209664013398661     
   1.8206194947167824     
   1.8202733480539999     
   1.8199279591163011     
   1.8195833256772060     
   1.8192394455189276     
   1.8188963164323217     
   1.8185539362168466     
   1.8182123026805121     
   1.8178714136398382     
   1.8175312669198092     
   1.8171918603538275     
   1.8168531917836721     
   1.8165152590594538     
   1.8161780600395694     
   1.8158415925906626     
   1.8155058545875780     
   1.8151708439133194     
   1.8148365584590076     
   1.8145029961238395     
   1.8141701548150437     
   1.8138380324478418     
   1.8135066269454065     
   1.8131759362388200     
   1.8128459582670349     
   1.8125166909768322     
   1.8121881323227835     
   1.8118602802672101     
   1.8115331327801441     
   1.8112066878392885     
   1.8108809434299791     
   1.8105558975451470     
   1.8102315481852780     
   1.8099078933583770     
   1.8095849310799277     
   1.8092626593728585     
   1.8089410762675020     
   1.8086201798015600     
   1.8082999680200664     
   1.8079804389753509     
   1.8076615907270019     
   1.8073434213418316     
   1.8070259288938411     
   1.8067091114641822     
   1.8063929671411243     
   1.8060774940200197     
   1.8057626902032680     
   1.8054485538002809     
   1.8051350829274504     
   1.8048222757081120     
   1.8045101302725128     
   1.8041986447577771     
   1.8038878173078727     
   1.8035776460735793     
   1.8032681292124542     
   1.8029592648887998     
   1.8026510512736316     
   1.8023434865446459     
   1.8020365688861870     
   1.8017302964892172     
   1.8014246675512822     
   1.8011196802764833     
   1.8008153328754428     
   1.8005116235652752     
   1.8002085505695562     
   1.7999061121182911     
   1.7996043064478839     
   1.7993031318011106     
   1.7990025864270853     
   1.7987026685812311     
   1.7984033765252523     
   1.7981047085271040     
   1.7978066628609617     
   1.7975092378071944     
   1.7972124316523332     
   1.7969162426890450     
   1.7966206692161033     
   1.7963257095383578     
   1.7960313619667101     
   1.7957376248180816     
   1.7954444964153893     
   1.7951519750875162     
   1.7948600591692836     
   1.7945687470014247     
   1.7942780369305569     
   1.7939879273091559     
   1.7936984164955283     
   1.7934095028537833     
   1.7931211847538102     
   1.7928334605712475     
   1.7925463286874601     
   1.7922597874895125     
   1.7919738353701415     
   1.7916884707277330     
   1.7914036919662948     
   1.7911194974954316     
   1.7908358857303206     
   1.7905528550916845     
   1.7902704040057691     
   1.7899885309043166     
   1.7897072342245428     
   1.7894265124091104     
   1.7891463639061072     
   1.7888667871690194     
   1.7885877806567099     
   1.7883093428333925     
   1.7880314721686110     
   1.7877541671372117     
   1.7874774262193220     
   1.7872012479003287     
   1.7869256306708516     
   1.7866505730267233     
   1.7863760734689640     
   1.7861021305037603     
   1.7858287426424422     
   1.7855559084014601     
   1.7852836263023630     
   1.7850118948717761     
   1.7847407126413779     
   1.7844700781478802     
   1.7841999899330041     
   1.7839304465434593     
   1.7836614465309224     
   1.7833929884520150     
   1.7831250708682833     
   1.7828576923461750     
   1.7825908514570208     
   1.7823245467770117     
   1.7820587768871778     
   1.7817935403733680     
   1.7815288358262298     
   1.7812646618411891     
   1.7810010170184283     
   1.7807378999628662     
   1.7804753092841406     
   1.7802132435965836     
   1.7799517015192048     
   1.7796906816756719     
   1.7794301826942878     
   1.7791702032079741     
   1.7789107418542507     
   1.7786517972752147     
   1.7783933681175232     
   1.7781354530323734     
   1.7778780506754832     
   1.7776211597070728     
   1.7773647787918443     
   1.7771089065989645     
   1.7768535418020464     
   1.7765986830791292     
   1.7763443291126602     
   1.7760904785894773     
   1.7758371302007898     
   1.7755842826421611     
   1.7753319346134886     
   1.7750800848189887     
   1.7748287319671756     
   1.7745778747708467     
   1.7743275119470632     
   1.7740776422171316     
   1.7738282643065875     
   1.7735793769451789     
   1.7733309788668459     
   1.7730830688097075     
   1.7728356455160403     
   1.7725887077322651     
   1.7723422542089278     
   1.7720962837006815     
   1.7718507949662730     
   1.7716057867685233     
   1.7713612578743123     
   1.7711172070545607     
   1.7708736330842165     
   1.7706305347422349     
   1.7703879108115657     
   1.7701457600791337     
   1.7699040813358251     
   1.7696628733764699     
   1.7694221349998274     
   1.7691818650085684     
   1.7689420622092618     
   1.7687027254123557     
   1.7684638534321657     
   1.7682254450868564     
   1.7679874991984259     
   1.7677500145926932     
   1.7675129900992790     
   1.7672764245515937     
   1.7670403167868205     
   1.7668046656459007     
   1.7665694699735195     
   1.7663347286180893     
   1.7661004404317362     
   1.7658666042702849     
   1.7656332189932442     
   1.7654002834637916     
   1.7651677965487598     
   1.7649357571186211     
   1.7647041640474739     
   1.7644730162130275     
   1.7642423124965882     
   1.7640120517830460     
   1.7637822329608588     
   1.7635528549220392     
   1.7633239165621410     
   1.7630954167802440     
   1.7628673544789408     
   1.7626397285643232     
   1.7624125379459683     
   1.7621857815369253     
   1.7619594582537002     
   1.7617335670162448     
   1.7615081067479406     
   1.7612830763755873     
   1.7610584748293894     
   1.7608343010429417     
   1.7606105539532164     
   1.7603872325005510     
   1.7601643356286347     
   1.7599418622844945     
   1.7597198114184831     
   1.7594981819842661     
   1.7592769729388089     
   1.7590561832423637     
   1.7588358118584568     
   1.7586158577538771     
   1.7583963198986619     
   1.7581771972660847     
   1.7579584888326427     
   1.7577401935780468     
   1.7575223104852054     
   1.7573048385402137     
   1.7570877767323436     
   1.7568711240540265     
   1.7566548795008470     
   1.7564390420715266     
   1.7562236107679134     
   1.7560085845949702     
   1.7557939625607619     
   1.7555797436764444     
   1.7553659269562518     
   1.7551525114174860     
   1.7549394960805036     
   1.7547268799687061     
   1.7545146621085257     
   1.7543028415294164     
   1.7540914172638415     
   1.7538803883472611     
   1.7536697538181225     
   1.7534595127178481     
   1.7532496640908244     
   1.7530402069843891     
   1.7528311404488237     
   1.7526224635373384     
   1.7524141753060636     
   1.7522062748140372     
   1.7519987611231951     
   1.7517916332983596     
   1.7515848904072289     
   1.7513785315203654     
   1.7511725557111864     
   1.7509669620559509     
   1.7507617496337531     
   1.7505569175265068     
   1.7503524648189392     
   1.7501483905985775     
   1.7499446939557397     
   1.7497413739835239     
   1.7495384297777985     
   1.7493358604371896     
   1.7491336650630744     
   1.7489318427595684     
   1.7487303926335152     
   1.7485293137944773     
   1.7483286053547258     
   1.7481282664292301     
   1.7479282961356477     
   1.7477286935943155     
   1.7475294579282383     
   1.7473305882630785     
   1.7471320837271489     
   1.7469339434514009     
   1.7467361665694137     
   1.7465387522173885     
   1.7463416995341348     
   1.7461450076610623     
   1.7459486757421727     
   1.7457527029240469     
   1.7455570883558389     
   1.7453618311892645     
   1.7451669305785931     
   1.7449723856806352     
   1.7447781956547379     
   1.7445843596627721     
   1.7443908768691241     
   1.7441977464406873     
   1.7440049675468510     
   1.7438125393594937     
   1.7436204610529722     
   1.7434287318041144     
   1.7432373507922074     
   1.7430463171989916     
   1.7428556302086493     
   1.7426652890077980     
   1.7424752927854801     
   1.7422856407331544     
   1.7420963320446865     
   1.7419073659163429     
   1.7417187415467787     
   1.7415304581370310     
   1.7413425148905097     
   1.7411549110129898     
   1.7409676457126015     
   1.7407807181998221     
   1.7405941276874675     
   1.7404078733906851     
   1.7402219545269433     
   1.7400363703160235     
   1.7398511199800140     
   1.7396662027432983     
   1.7394816178325501     
   1.7392973644767222     
   1.7391134419070404     
   1.7389298493569942     
   1.7387465860623292     
   1.7385636512610383     
   1.7383810441933552     
   1.7381987641017449     
   1.7380168102308953     
   1.7378351818277118     
   1.7376538781413062     
   1.7374728984229901     
   1.7372922419262689     
   1.7371119079068311     
   1.7369318956225417     
   1.7367522043334347     
   1.7365728333017048     
   1.7363937817917008     
   1.7362150490699160     
   1.7360366344049827     
   1.7358585370676631     
   1.7356807563308423     
   1.7355032914695214     
   1.7353261417608081     
   1.7351493064839107     
   1.7349727849201315     
   1.7347965763528581     
   1.7346206800675539     
   1.7344450953517563     
   1.7342698214950636     
   1.7340948577891320     
   1.7339202035276657     
   1.7337458580064102     
   1.7335718205231465     
   1.7333980903776820     
   1.7332246668718452     
   1.7330515493094756     
   1.7328787369964211     
   1.7327062292405275     
   1.7325340253516321     
   1.7323621246415573     
   1.7321905264241033     
   1.7320192300150419     
   1.7318482347321082     
   1.7316775398949948     
   1.7315071448253447     
   1.7313370488467439     
   1.7311672512847160     
   1.7309977514667141     
   1.7308285487221138     
   1.7306596423822080     
   1.7304910317801994     
   1.7303227162511936     
   1.7301546951321922     
   1.7299869677620876     
   1.7298195334816555     
   1.7296523916335471     
   1.7294855415622852     
   1.7293189826142559     
   1.7291527141377019     
   1.7289867354827178     
   1.7288210460012414     
   1.7286556450470503     
   1.7284905319757515     
   1.7283257061447790     
   1.7281611669133847     
   1.7279969136426336     
   1.7278329456953974     
   1.7276692624363474     
   1.7275058632319491     
   1.7273427474504559     
   1.7271799144619024     
   1.7270173636380997     
   1.7268550943526262     
   1.7266931059808253     
   1.7265313978997969     
   1.7263699694883923     
   1.7262088201272077     
   1.7260479491985778     
   1.7258873560865717     
   1.7257270401769844     
   1.7255670008573334     
   1.7254072375168508     
   1.7252477495464782     
   1.7250885363388602     
   1.7249295972883409     
   1.7247709317909548     
   1.7246125392444234     
   1.7244544190481483     
   1.7242965706032061     
   1.7241389933123421     
   1.7239816865799646     
   1.7238246498121401     
   1.7236678824165867     
   1.7235113838026694     
   1.7233551533813931     
   1.7231991905653987     
   1.7230434947689552     
   1.7228880654079581     
   1.7227329018999193     
   1.7225780036639642     
   1.7224233701208269     
   1.7222690006928423     
   1.7221148948039424     
   1.7219610518796504     
   1.7218074713470763     
   1.7216541526349087     
   1.7215010951734135     
   1.7213482983944257     
   1.7211957617313438     
   1.7210434846191269     
   1.7208914664942876     
   1.7207397067948871     
   1.7205882049605310     
   1.7204369604323624     
   1.7202859726530573     
   1.7201352410668207     
   1.7199847651193800     
   1.7198345442579803     
   1.7196845779313790     
   1.7195348655898419     
   1.7193854066851371     
   1.7192362006705295     
   1.7190872470007770     
   1.7189385451321253     
   1.7187900945223009     
   1.7186418946305104     
   1.7184939449174310     
   1.7183462448452083     
   1.7181987938774506     
   1.7180515914792236     
   1.7179046371170466     
   1.7177579302588866     
   1.7176114703741545     
   1.7174652569336986     
   1.7173192894098015     
   1.7171735672761759     
   1.7170280900079566     
   1.7168828570816994     
   1.7167378679753735     
   1.7165931221683597     
   1.7164486191414430     
   1.7163043583768092     
   1.7161603393580409     
   1.7160165615701106     
   1.7158730244993792     
   1.7157297276335890     
   1.7155866704618603     
   1.7154438524746856     
   1.7153012731639270     
   1.7151589320228098     
   1.7150168285459200     
   1.7148749622291968     
   1.7147333325699310     
   1.7145919390667601     
   1.7144507812196621     
   1.7143098585299525     
   1.7141691705002799     
   1.7140287166346215     
   1.7138884964382783     
   1.7137485094178706     
   1.7136087550813353     
   1.7134692329379191     
   1.7133299424981758     
   1.7131908832739624     
   1.7130520547784334     
   1.7129134565260373     
   1.7127750880325119     
   1.7126369488148820     
   1.7124990383914520     
   1.7123613562818047     
   1.7122239020067951     
   1.7120866750885468     
   1.7119496750504486     
   1.7118129014171495     
   1.7116763537145550     
   1.7115400314698226     
   1.7114039342113587     
   1.7112680614688132     
   1.7111324127730758     
   1.7109969876562736     
   1.7108617856517645     
   1.7107268062941348     
   1.7105920491191950     
   1.7104575136639761     
   1.7103231994667238     
   1.7101891060668981     
   1.7100552330051650     
   1.7099215798233969     
   1.7097881460646653     
   1.7096549312732390     
   1.7095219349945783     
   1.7093891567753339     
   1.7092565961633404     
   1.7091242527076147     
   1.7089921259583494     
   1.7088602154669124     
   1.7087285207858405     
   1.7085970414688361     
   1.7084657770707645     
   1.7083347271476494     
   1.7082038912566699     
   1.7080732689561553     
   1.7079428598055821     
   1.7078126633655710     
   1.7076826791978830     
   1.7075529068654149     
   1.7074233459321966     
   1.7072939959633873     
   1.7071648565252708     
   1.7070359271852535     
   1.7069072075118601     
   1.7067786970747294     
   1.7066503954446124     
   1.7065223021933664     
   1.7063944168939540     
   1.7062667391204376     
   1.7061392684479764     
   1.7060120044528240     
   1.7058849467123234     
   1.7057580948049047     
   1.7056314483100803     
   1.7055050068084432     
   1.7053787698816616     
   1.7052527371124779     
   1.7051269080847029     
   1.7050012823832135     
   1.7048758595939493     
   1.7047506393039091     
   1.7046256211011483     
   1.7045008045747747     
   1.7043761893149441     
   1.7042517749128594     
   1.7041275609607660     
   1.7040035470519486     
   1.7038797327807278     
   1.7037561177424561     
   1.7036327015335173     
   1.7035094837513198     
   1.7033864639942959     
   1.7032636418618980     
   1.7031410169545937     
   1.7030185888738656     
   1.7028963572222056     
   1.7027743216031128     
   1.7026524816210897     
   1.7025308368816408     
   1.7024093869912664     
   1.7022881315574629     
   1.7021670701887170     
   1.7020462024945036     
   1.7019255280852836     
   1.7018050465724990     
   1.7016847575685707     
   1.7015646606868966     
   1.7014447555418466     
   1.7013250417487602     
   1.7012055189239446     
   1.7010861866846698     
   1.7009670446491667     
   1.7008480924366245     
   1.7007293296671873     
   1.7006107559619503     
   1.7004923709429574     
   1.7003741742331997     
   1.7002561654566097     
   1.7001383442380611     
   1.7000207102033644     
   1.6999032629792636     
   1.6997860021934348     
   1.6996689274744825     
   1.6995520384519360     
   1.6994353347562483     
   1.6993188160187915     
   1.6992024818718545     
   1.6990863319486413     
   1.6989703658832660     
   1.6988545833107520     
   1.6987389838670284     
   1.6986235671889267     
   1.6985083329141792     
   1.6983932806814144     
   1.6982784101301571     
   1.6981637209008222     
   1.6980492126347149     
   1.6979348849740254     
   1.6978207375618295     
   1.6977067700420814     
   1.6975929820596163     
   1.6974793732601428     
   1.6973659432902428     
   1.6972526917973685     
   1.6971396184298402     
   1.6970267228368421     
   1.6969140046684210     
   1.6968014635754833     
   1.6966890992097921     
   1.6965769112239644     
   1.6964648992714695     
   1.6963530630066261     
   1.6962414020845986     
   1.6961299161613961     
   1.6960186048938679     
   1.6959074679397030     
   1.6957965049574268     
   1.6956857156063978     
   1.6955750995468060     
   1.6954646564396691     
   1.6953543859468327     
   1.6952442877309646     
   1.6951343614555539     
   1.6950246067849086     
   1.6949150233841528     
   1.6948056109192240     
   1.6946963690568717     
   1.6945872974646530     
   1.6944783958109324     
   1.6943696637648771     
   1.6942611009964565     
   1.6941527071764393     
   1.6940444819763898     
   1.6939364250686677     
   1.6938285361264231     
   1.6937208148235976     
   1.6936132608349175     
   1.6935058738358952     
   1.6933986535028251     
   1.6932915995127815     
   1.6931847115436165     
   1.6930779892739574     
   1.6929714323832044     
   1.6928650405515286     
   1.6927588134598688     
   1.6926527507899305     
   1.6925468522241829     
   1.6924411174458565     
   1.6923355461389407     
   1.6922301379881826     
   1.6921248926790828     
   1.6920198098978956     
   1.6919148893316247     
   1.6918101306680216     
   1.6917055335955837     
   1.6916010978035523     
   1.6914968229819092     
   1.6913927088213758     
   1.6912887550134099     
   1.6911849612502046     
   1.6910813272246852     
   1.6909778526305068     
   1.6908745371620535     
   1.6907713805144351     
   1.6906683823834840     
   1.6905655424657566     
   1.6904628604585268     
   1.6903603360597872     
   1.6902579689682451     
   1.6901557588833214     
   1.6900537055051470     
   1.6899518085345637     
   1.6898500676731181     
   1.6897484826230631     
   1.6896470530873535     
   1.6895457787696451     
   1.6894446593742929     
   1.6893436946063467     
   1.6892428841715523     
   1.6891422277763479     
   1.6890417251278618     
   1.6889413759339100     
   1.6888411799029959     
   1.6887411367443068     
   1.6886412461677123     
   1.6885415078837624     
   1.6884419216036859     
   1.6883424870393871     
   1.6882432039034454     
   1.6881440719091128     
   1.6880450907703100     
   1.6879462602016293     
   1.6878475799183268     
   1.6877490496363250     
   1.6876506690722071     
   1.6875524379432196     
   1.6874543559672657     
   1.6873564228629063     
   1.6872586383493577     
   1.6871610021464891     
   1.6870635139748198     
   1.6869661735555193     
   1.6868689806104054     
   1.6867719348619397     
   1.6866750360332288     
   1.6865782838480201     
   1.6864816780307024     
   1.6863852183063006     
   1.6862889044004779     
   1.6861927360395301     
   1.6860967129503868     
   1.6860008348606081     
   1.6859051014983826     
   1.6858095125925270     
   1.6857140678724822     
   1.6856187670683129     
   1.6855236099107058     
   1.6854285961309681     
   1.6853337254610237     
   1.6852389976334141     
   1.6851444123812942     
   1.6850499694384340     
   1.6849556685392120     
   1.6848615094186177     
   1.6847674918122473     
   1.6846736154563038     
   1.6845798800875929     
   1.6844862854435239     
   1.6843928312621066     
   1.6842995172819486     
   1.6842063432422569     
   1.6841133088828322     
   1.6840204139440695     
   1.6839276581669567     
   1.6838350412930705     
   1.6837425630645784     
   1.6836502232242334     
   1.6835580215153749     
   1.6834659576819260     
   1.6833740314683907     
   1.6832822426198553     
   1.6831905908819840     
   1.6830990760010174     
   1.6830076977237733     
   1.6829164557976415     
   1.6828253499705863     
   1.6827343799911407     
   1.6826435456084079     
   1.6825528465720581     
   1.6824622826323270     
   1.6823718535400154     
   1.6822815590464866     
   1.6821913989036639     
   1.6821013728640311     
   1.6820114806806294     
   1.6819217221070577     
   1.6818320968974674     
   1.6817426048065647     
   1.6816532455896072     
   1.6815640190024022     
   1.6814749248013059     
   1.6813859627432215     
   1.6812971325855979     
   1.6812084340864275     
   1.6811198670042453     
   1.6810314310981274     
   1.6809431261276890     
   1.6808549518530835     
   1.6807669080350012     
   1.6806789944346656     
   1.6805912108138354     
   1.6805035569348008     
   1.6804160325603819     
   1.6803286374539284     
   1.6802413713793170     
   1.6801542341009501     
   1.6800672253837559     
   1.6799803449931849     
   1.6798935926952094     
   1.6798069682563219     
   1.6797204714435328     
   1.6796341020243721     
   1.6795478597668831     
   1.6794617444396254     
   1.6793757558116704     
   1.6792898936526020     
   1.6792041577325139     
   1.6791185478220092     
   1.6790330636921973     
   1.6789477051146946     
   1.6788624718616214     
   1.6787773637056018     
   1.6786923804197613     
   1.6786075217777263     
   1.6785227875536211     
   1.6784381775220694     
   1.6783536914581900     
   1.6782693291375972     
   1.6781850903363991     
   1.6781009748311950     
   1.6780169823990760     
   1.6779331128176231     
   1.6778493658649045     
   1.6777657413194760     
   1.6776822389603783     
   1.6775988585671371     
   1.6775155999197606     
   1.6774324627987389     
   1.6773494469850416     
   1.6772665522601180     
   1.6771837784058947     
   1.6771011252047749     
   1.6770185924396368     
   1.6769361798938323     
   1.6768538873511849     
   1.6767717145959917     
   1.6766896614130169     
   1.6766077275874953     
   1.6765259129051278     
   1.6764442171520826     
   1.6763626401149914     
   1.6762811815809506     
   1.6761998413375183     
   1.6761186191727142     
   1.6760375148750173     
   1.6759565282333653     
   1.6758756590371533     
   1.6757949070762328     
   1.6757142721409097     
   1.6756337540219437     
   1.6755533525105473     
   1.6754730673983835     
   1.6753928984775663     
   1.6753128455406578     
   1.6752329083806674     
   1.6751530867910516     
   1.6750733805657116     
   1.6749937894989930     
   1.6749143133856839     
   1.6748349520210142     
   1.6747557052006536     
   1.6746765727207120     
   1.6745975543777372     
   1.6745186499687135     
   1.6744398592910603     
   1.6743611821426336     
   1.6742826183217210     
   1.6742041676270434     
   1.6741258298577519     
   1.6740476048134281     
   1.6739694922940822     
   1.6738914921001531     
   1.6738136040325045     
   1.6737358278924273     
   1.6736581634816345     
   1.6735806106022650     
   1.6735031690568773     
   1.6734258386484520     
   1.6733486191803888     
   1.6732715104565072     
   1.6731945122810439     
   1.6731176244586510     
   1.6730408467943976     
   1.6729641790937653     
   1.6728876211626504     
   1.6728111728073607     
   1.6727348338346153     
   1.6726586040515425     
   1.6725824832656802     
   1.6725064712849735     
   1.6724305679177747     
   1.6723547729728412     
   1.6722790862593355     
   1.6722035075868233     
   1.6721280367652729     
   1.6720526736050534     
   1.6719774179169349     
   1.6719022695120871     
   1.6718272282020763     
   1.6717522937988685     
   1.6716774661148230     
   1.6716027449626969     
   1.6715281301556391     
   1.6714536215071938     
   1.6713792188312953     
   1.6713049219422693     
   1.6712307306548331     
   1.6711566447840904     
   1.6710826641455352     
   1.6710087885550471     
   1.6709350178288918     
   1.6708613517837199     
   1.6707877902365671     
   1.6707143330048506     
   1.6706409799063702     
   1.6705677307593070     
   1.6704945853822206     
   1.6704215435940519     
   1.6703486052141177     
   1.6702757700621131     
   1.6702030379581092     
   1.6701304087225513     
   1.6700578821762599     
   1.6699854581404276     
   1.6699131364366204     
   1.6698409168867741     
   1.6697687993131967     
   1.6696967835385639     
   1.6696248693859199     
   1.6695530566786774     
   1.6694813452406145     
   1.6694097348958756     
   1.6693382254689695     
   1.6692668167847682     
   1.6691955086685066     
   1.6691243009457826     
   1.6690531934425530     
   1.6689821859851364     
   1.6689112784002091     
   1.6688404705148066     
   1.6687697621563204     
   1.6686991531524997     
   1.6686286433314481     
   1.6685582325216237     
   1.6684879205518386     
   1.6684177072512578     
   1.6683475924493973     
   1.6682775759761248     
   1.6682076576616574     
   1.6681378373365614     
   1.6680681148317520     
   1.6679984899784905     
   1.6679289626083853     
   1.6678595325533911     
   1.6677901996458071     
   1.6677209637182744     
   1.6676518246037797     
   1.6675827821356499     
   1.6675138361475546     
   1.6674449864735028     
   1.6673762329478432     
   1.6673075754052635     
   1.6672390136807884     
   1.6671705476097802     
   1.6671021770279375     
   1.6670339017712941     
   1.6669657216762173     
   1.6668976365794090     
   1.6668296463179033     
   1.6667617507290666     
   1.6666939496505961     
   1.6666262429205192     
   1.6665586303771931     
   1.6664911118593024     
   1.6664236872058615     
   1.6663563562562094     
   1.6662891188500137     
   1.6662219748272653     
   1.6661549240282802     
   1.6660879662936989     
   1.6660211014644832     
   1.6659543293819183     
   1.6658876498876105     
   1.6658210628234862     
   1.6657545680317916     
   1.6656881653550912     
   1.6656218546362691     
   1.6655556357185253     
   1.6654895084453765     
   1.6654234726606563     
   1.6653575282085114     
   1.6652916749334044     
   1.6652259126801101     
   1.6651602412937165     
   1.6650946606196229     
   1.6650291705035403     
   1.6649637707914899     
   1.6648984613298023     
   1.6648332419651162     
   1.6647681125443796     
   1.6647030729148466     
   1.6646381229240785     
   1.6645732624199419     
   1.6645084912506087     
   1.6644438092645553     
   1.6643792163105608     
   1.6643147122377073     
   1.6642502968953792     
   1.6641859701332620     
   1.6641217318013413     
   1.6640575817499035     
   1.6639935198295335     
   1.6639295458911136     
   1.6638656597858252     
   1.6638018613651460     
   1.6637381504808493     
   1.6636745269850046     
   1.6636109907299754     
   1.6635475415684196     
   1.6634841793532882     
   1.6634209039378245     
   1.6633577151755645     
   1.6632946129203341     
   1.6632315970262501     
   1.6631686673477200     
   1.6631058237394387     
   1.6630430660563902     
   1.6629803941538461     
   1.6629178078873645     
   1.6628553071127907     
   1.6627928916862538     
   1.6627305614641696     
   1.6626683163032370     
   1.6626061560604382     
   1.6625440805930385     
   1.6624820897585852     
   1.6624201834149075     
   1.6623583614201141     
   1.6622966236325949     
   1.6622349699110186     
   1.6621734001143329     
   1.6621119141017631     
   1.6620505117328124     
   1.6619891928672601     
   1.6619279573651613     
   1.6618668050868481     
   1.6618057358929255     
   1.6617447496442734     
   1.6616838462020449     
   1.6616230254276654     
   1.6615622871828331     
   1.6615016313295168     
   1.6614410577299570     
   1.6613805662466639     
   1.6613201567424172     
   1.6612598290802651     
   1.6611995831235244     
   1.6611394187357793     
   1.6610793357808813     
   1.6610193341229471     
   1.6609594136263603     
   1.6608995741557695     
   1.6608398155760860     
   1.6607801377524862     
   1.6607205405504106     
   1.6606610238355604     
   1.6606015874738991     
   1.6605422313316518     
   1.6604829552753044     
   1.6604237591716027     
   1.6603646428875511     
   1.6603056062904145     
   1.6602466492477139     
   1.6601877716272295     
   1.6601289732969984     
   1.6600702541253125     
   1.6600116139807213     
   1.6599530527320288     
   1.6598945702482930     
   1.6598361663988257     
   1.6597778410531938     
   1.6597195940812153     
   1.6596614253529607     
   1.6596033347387524     
   1.6595453221091634     
   1.6594873873350175     
   1.6594295302873880     
   1.6593717508375980     
   1.6593140488572176     
   1.6592564242180670     
   1.6591988767922126     
   1.6591414064519685     
   1.6590840130698945     
   1.6590266965187959     
   1.6589694566717239     
   1.6589122934019740     
   1.6588552065830857     
   1.6587981960888416     
   1.6587412617932680     
   1.6586844035706330     
   1.6586276212954458     
   1.6585709148424583     
   1.6585142840866625     
   1.6584577289032891     
   1.6584012491678104     
   1.6583448447559366     
   1.6582885155436160     
   1.6582322614070355     
   1.6581760822226188     
   1.6581199778670264     
   1.6580639482171553     
   1.6580079931501381     
   1.6579521125433421     
   1.6578963062743701     
   1.6578405742210576     
   1.6577849162614748     
   1.6577293322739239     
   1.6576738221369405     
   1.6576183857292908     
   1.6575630229299740     
   1.6575077336182189     
   1.6574525176734842     
   1.6573973749754600     
   1.6573423054040641     
   1.6572873088394442     
   1.6572323851619748     
   1.6571775342522592     
   1.6571227559911272     
   1.6570680502596362     
   1.6570134169390680     
   1.6569588559109314     
   1.6569043670569594     
   1.6568499502591103     
   1.6567956053995658     
   1.6567413323607316     
   1.6566871310252356     
   1.6566330012759294     
   1.6565789429958855     
   1.6565249560683988     
   1.6564710403769847     
   1.6564171958053784     
   1.6563634222375363     
   1.6563097195576337     
   1.6562560876500652     
   1.6562025263994431     
   1.6561490356905990     
   1.6560956154085797     
   1.6560422654386522     
   1.6559889856662975     
   1.6559357759772133     
   1.6558826362573136     
   1.6558295663927258     
   1.6557765662697934     
   1.6557236357750735     
   1.6556707747953365     
   1.6556179832175661     
   1.6555652609289591     
   1.6555126078169231     
   1.6554600237690789     
   1.6554075086732574     
   1.6553550624175011     
   1.6553026848900618     
   1.6552503759794017     
   1.6551981355741920     
   1.6551459635633132     
   1.6550938598358540     
   1.6550418242811098     
   1.6549898567885850     
   1.6549379572479905     
   1.6548861255492437     
   1.6548343615824674     
   1.6547826652379909     
   1.6547310364063477     
   1.6546794749782772     
   1.6546279808447215     
   1.6545765538968276     
   1.6545251940259451     
   1.6544739011236267     
   1.6544226750816273     
   1.6543715157919046     
   1.6543204231466162     
   1.6542693970381221     
   1.6542184373589819     
   1.6541675440019565     
   1.6541167168600055     
   1.6540659558262880     
   1.6540152607941618     
   1.6539646316571837     
   1.6539140683091071     
   1.6538635706438849     
   1.6538131385556647     
   1.6537627719387928     
   1.6537124706878101     
   1.6536622346974541     
   1.6536120638626579     
   1.6535619580785483     
   1.6535119172404480     
   1.6534619412438722     
   1.6534120299845307     
   1.6533621833583267     
   1.6533124012613549     
   1.6532626835899036     
   1.6532130302404529     
   1.6531634411096729     
   1.6531139160944264     
   1.6530644550917661     
   1.6530150579989353     
   1.6529657247133660     
   1.6529164551326816     
   1.6528672491546925     
   1.6528181066773984     
   1.6527690275989873     
   1.6527200118178347     
   1.6526710592325033     
   1.6526221697417434     
   1.6525733432444909     
   1.6525245796398682     
   1.6524758788271834     
   1.6524272407059297     
   1.6523786651757852     
   1.6523301521366123     
   1.6522817014884579     
   1.6522333131315530     
   1.6521849869663108     
   1.6521367228933272     
   1.6520885208133822     
   1.6520403806274357     
   1.6519923022366312     
   1.6519442855422926     
   1.6518963304459242     
   1.6518484368492121     
   1.6518006046540215     
   1.6517528337623975     
   1.6517051240765643     
   1.6516574754989259     
   1.6516098879320640     
   1.6515623612787389     
   1.6515148954418879     
   1.6514674903246271     
   1.6514201458302482     
   1.6513728618622205     
   1.6513256383241894     
   1.6512784751199758     
   1.6512313721535761     
   1.6511843293291619     
   1.6511373465510797     
   1.6510904237238502     
   1.6510435607521681     
   1.6509967575409019     
   1.6509500139950930     
   1.6509033300199558     
   1.6508567055208776     
   1.6508101404034172     
   1.6507636345733054     
   1.6507171879364440     
   1.6506708003989068     
   1.6506244718669374     
   1.6505782022469500     
   1.6505319914455283     
   1.6504858393694262     
   1.6504397459255666     
   1.6503937110210414     
   1.6503477345631103     
   1.6503018164592014     
   1.6502559566169110     
   1.6502101549440027     
   1.6501644113484062     
   1.6501187257382197     
   1.6500730980217053     
   1.6500275281072938     
   1.6499820159035794     
   1.6499365613193226     
   1.6498911642634493     
   1.6498458246450483     
   1.6498005423733741     
   1.6497553173578450     
   1.6497101495080417     
   1.6496650387337097     
   1.6496199849447559     
   1.6495749880512505     
   1.6495300479634256     
   1.6494851645916748     
   1.6494403378465536     
   1.6493955676387793     
   1.6493508538792279     
   1.6493061964789379     
   1.6492615953491070     
   1.6492170504010932     
   1.6491725615464126     
   1.6491281286967419     
   1.6490837517639159     
   1.6490394306599283     
   1.6489951652969301     
   1.6489509555872299     
   1.6489068014432955     
   1.6488627027777496     
   1.6488186595033731     
   1.6487746715331033     
   1.6487307387800323     
   1.6486868611574090     
   1.6486430385786384     
   1.6485992709572794     
   1.6485555582070459     
   1.6485119002418069     
   1.6484682969755857     
   1.6484247483225578     
   1.6483812541970542     
   1.6483378145135581     
   1.6482944291867057     
   1.6482510981312859     
   1.6482078212622397     
   1.6481645984946600     
   1.6481214297437912     
   1.6480783149250295     
   1.6480352539539216     
   1.6479922467461654     
   1.6479492932176081     
   1.6479063932842477     
   1.6478635468622320     
   1.6478207538678578     
   1.6477780142175718     
   1.6477353278279683     
   1.6476926946157908     
   1.6476501144979308     
   1.6476075873914282     
   1.6475651132134699     
   1.6475226918813894     
   1.6474803233126689     
   1.6474380074249360     
   1.6473957441359646     
   1.6473535333636753     
   1.6473113750261339     
   1.6472692690415518     
   1.6472272153282859     
   1.6471852138048377     
   1.6471432643898529     
   1.6471013670021217     
   1.6470595215605779     
   1.6470177279843004     
   1.6469759861925097     
   1.6469342961045699     
   1.6468926576399885     
   1.6468510707184145     
   1.6468095352596399     
   1.6467680511835985     
   1.6467266184103648     
   1.6466852368601566     
   1.6466439064533296     
   1.6466026271103833     
   1.6465613987519561     
   1.6465202212988270     
   1.6464790946719146     
   1.6464380187922769     
   1.6463969935811120     
   1.6463560189597561     
   1.6463150948496845     
   1.6462742211725114     
   1.6462333978499888     
   1.6461926248040060     
   1.6461519019565909     
   1.6461112292299083     
   1.6460706065462598     
   1.6460300338280835     
   1.6459895109979557     
   1.6459490379785868     
   1.6459086146928241     
   1.6458682410636500     
   1.6458279170141838     
   1.6457876424676776     
   1.6457474173475206     
   1.6457072415772356     
   1.6456671150804785     
   1.6456270377810409     
   1.6455870096028482     
   1.6455470304699573     
   1.6455071003065607     
   1.6454672190369823     
   1.6454273865856792     
   1.6453876028772410     
   1.6453478678363889     
   1.6453081813879764     
   1.6452685434569885     
   1.6452289539685414     
   1.6451894128478828     
   1.6451499200203910     
   1.6451104754115740     
   1.6450710789470708     
   1.6450317305526512     
   1.6449924301542134     
   1.6449531776777859     
   1.6449139730495255     
   1.6448748161957192     
   1.6448357070427817     
   1.6447966455172569     
   1.6447576315458168     
