   1.0000000000000000     
   1.0000008132078344     
   1.0000008201053219     
   1.0000008263830247     
   1.0000008325434060     
   1.0000008385921881     
   1.0000008445344790     
   1.0000008503750992     
   1.0000008561185989     
   1.0000008617692746     
   1.0000008673311851     
   1.0000008728081657     
   1.0000008782038423     
   1.0000008835216436     
   1.0000008887648140     
   1.0000008939364227     
   1.0000008990393774     
   1.0000009040764311     
   1.0000009090501929     
   1.0000009139631361     
   1.0000009188176062     
   1.0000009236158287     
   1.0000009283599161     
   1.0000009330518742     
   1.0000009376936090     
   1.0000009422869311     
   1.0000009468335633     
   1.0000009513351433     
   1.0000009557932306     
   1.0000009602093096     
   1.0000009645847943     
   1.0000009689210319     
   1.0000009732193074     
   1.0000009774808469     
   1.0000009817068192     
   1.0000009858983412     
   1.0000009900564788     
   1.0000009941822519     
   1.0000009982766338     
   1.0000010023405572     
   1.0000010063749136     
   1.0000010103805561     
   1.0000010143583031     
   1.0000010183089372     
   1.0000010222332096     
   1.0000010261318402     
   1.0000010300055202     
   1.0000010338549121     
   1.0000010376806534     
   1.0000010414833553     
   1.0000010452636061     
   1.0000010490219706     
   1.0000010527589926     
   1.0000010564751953     
   1.0000010601710820     
   1.0000010638471377     
   1.0000010675038300     
   1.0000010711416083     
   1.0000010747609074     
   1.0000010783621454     
   1.0000010819457263     
   1.0000010855120400     
   1.0000010890614630     
   1.0000010925943585     
   1.0000010961110779     
   1.0000010996119606     
   1.0000011030973346     
   1.0000011065675176     
   1.0000011100228166     
   1.0000011134635287     
   1.0000011168899416     
   1.0000011203023338     
   1.0000011237009752     
   1.0000011270861273     
   1.0000011304580436     
   1.0000011338169696     
   1.0000011371631432     
   1.0000011404967961     
   1.0000011438181524     
   1.0000011471274295     
   1.0000011504248389     
   1.0000011537105855     
   1.0000011569848688     
   1.0000011602478824     
   1.0000011634998140     
   1.0000011667408470     
   1.0000011699711588     
   1.0000011731909224     
   1.0000011764003056     
   1.0000011795994725     
   1.0000011827885820     
   1.0000011859677889     
   1.0000011891372445     
   1.0000011922970951     
   1.0000011954474839     
   1.0000011985885502     
   1.0000012017204298     
   1.0000012048432547     
   1.0000012079571543     
   1.0000012110622538     
   1.0000012141586760     
   1.0037578971284349     
   1.0075749680583865     
   1.0114504613456383     
   1.0153847213342420     
   1.0193781255450711     
   1.0234310825341182     
   1.0275440312639461     
   1.0317174405431642     
   1.0359518085308446     
   1.0402476623016070     
   1.0446055574691682     
   1.0490260778654916     
   1.0535098352725702     
   1.0580574692054823     
   1.0626696467434857     
   1.0673470624080488     
   1.0720904380858001     
   1.0769005229942521     
   1.0817780936899168     
   1.0867239541161637     
   1.0917389356906335     
   1.0968238974306741     
   1.1019797261155571     
   1.1072073364854813     
   1.1125076714754900     
   1.1178817024845444     
   1.1233304296787441     
   1.1288548823283453     
   1.1344561191783245     
   1.1401352288516913     
   1.1458933302863947     
   1.1517315732043449     
   1.1576511386136406     
   1.1636532393435792     
   1.1697391206121663     
   1.1759100606274226     
   1.1821673712212977     
   1.1885123985177530     
   1.1949465236347896     
   1.2014711634206916     
   1.2080877712259848     
   1.2147978377103348     
   1.2216028916862209     
   1.2285045009997113     
   1.2355042734486088     
   1.2426038577402030     
   1.2498049444878851     
   1.2571092672490625     
   1.2645186036047074     
   1.2720347762818969     
   1.2796596543208691     
   1.2873951542870996     
   1.2952432415312227     
   1.3032059314966902     
   1.3112852910779269     
   1.3194834400303441     
   1.3278025524333024     
   1.3362448582093716     
   1.3448126447000672     
   1.3535082583014952     
   1.3623341061616667     
   1.3712926579410796     
   1.3803864476405019     
   1.3896180754966976     
   1.3989902099500893     
   1.4085055896867265     
   1.4181670257568668     
   1.4279774037746951     
   1.4379396862006264     
   1.4480569147110853     
   1.4583322126584586     
   1.4687687876251991     
   1.4793699340763491     
   1.4901390361134850     
   1.5010795703363744     
   1.5121951088145908     
   1.5234893221756394     
   1.5349659828140143     
   1.5466289682256724     
   1.5584822644753804     
   1.5705299698004249     
   1.5827762983586557     
   1.5952255841266016     
   1.6078822849537622     
   1.6207509867819987     
   1.6338364080352530     
   1.6471434041894137     
   1.6606769725294599     
   1.6744422571031303     
   1.6884445538803943     
   1.7026893161275336     
   1.7171821600079422     
   1.7319288704180607     
   1.7469354070716920     
   1.7622079108439961     
   1.7777527103870474     
   1.7935763290323179     
   1.8096854919915688     
   1.8260871338732012     
   1.8427884065288567     
   1.8487997949378538     
   1.8546776778787899     
   1.8605247093642481     
   1.8663433136269783     
   1.8721348816154459     
   1.8779007256296631     
   1.8836420924794492     
   1.8893601673713984     
   1.8950560774718761     
   1.9007308952469992     
   1.9063856415947855     
   1.9120212887829100     
   1.9176387632046146     
   1.9232389479644898     
   1.9288226853050774     
   1.9343907788845351     
   1.9399439959149150     
   1.9454830691699954     
   1.9510086988710176     
   1.9565215544581276     
   1.9620222762548158     
   1.9675114770321758     
   1.9729897434793433     
   1.9784576375860845     
   1.9839156979430876     
   1.9893644409651716     
   1.9948043620422720     
   2.0002359366227540     
   2.0056596212333129     
   2.0110758544394249     
   2.0164850577500881     
   2.0218876364703116     
   2.0272839805046221     
   2.0326744651146247     
   2.0380594516334636     
   2.0434392881398500     
   2.0488143100941465     
   2.0541848409388410     
   2.0595511926655918     
   2.0649136663508822     
   2.0702725526622054     
   2.0756281323365560     
   2.0809806766329162     
   2.0863304477602922     
   2.0916776992827764     
   2.0970226765030149     
   2.1023656168253551     
   2.1077067500998905     
   2.1130462989485306     
   2.1183844790741553     
   2.1237214995538389     
   2.1290575631170880     
   2.1343928664099527     
   2.1397276002458314     
   2.1450619498437429     
   2.1503960950547758     
   2.1557302105773890     
   2.1610644661622085     
   2.1663990268068973     
   2.1717340529416655     
   2.1770697006059456     
   2.1824061216167108     
   2.1877434637289159     
   2.1930818707884754     
   2.1984214828782029     
   2.2037624364570751     
   2.2091048644931992     
   2.2144488965908069     
   2.2197946591115971     
   2.2251422752907328     
   2.2304918653477581     
   2.2358435465927151     
   2.2411974335277005     
   2.2465536379440985     
   2.2519122690157127     
   2.2572734333880020     
   2.2626372352636155     
   2.2680037764844170     
   2.2733731566101651     
   2.2787454729940202     
   2.2841208208550281     
   2.2894992933477298     
   2.2948809816290354     
   2.3002659749224850     
   2.3056543605800348     
   2.3110462241414718     
   2.3164416493915656     
   2.3218407184150780     
   2.3272435116497063     
   2.3326501079370754     
   2.3380605845718438     
   2.3434750173490313     
   2.3488934806096271     
   2.3543160472845650     
   2.3597427889371301     
   2.3651737758038749     
   2.3706090768340906     
   2.3760487597279139     
   2.3814928909731101     
   2.3869415358806054     
   2.3923947586187992     
   2.3978526222467229     
   2.4033151887460833     
   2.4087825190522421     
   2.4142546730841614     
   2.4197317097733775     
   2.4252136870920129     
   2.4307006620798921     
   2.4361926908707741     
   2.4416898287177502     
   2.4471921300178257     
   2.4526996483357317     
   2.4582124364269786     
   2.4637305462601957     
   2.4692540290387677     
   2.4747829352218096     
   2.4803173145444886     
   2.4858572160377288     
   2.4914026880473146     
   2.4969537782524118     
   2.5025105336835378     
   2.5080730007399827     
   2.5136412252067197     
   2.5192152522708078     
   2.5247951265373105     
   2.5303808920447466     
   2.5359725922800904     
   2.5415702701933256     
   2.5471739682115899     
   2.5527837282529005     
   2.5583995917394855     
   2.5640215996107383     
   2.5696497923357975     
   2.5752842099257696     
   2.5809248919456063     
   2.5865718775256439     
   2.5922252053728281     
   2.5978849137816082     
   2.6035510406445410     
   2.6092236234625932     
   2.6149026993551625     
   2.6205883050698171     
   2.6262804769917731     
   2.6319792511531053     
   2.6376846632417155     
   2.6433967486100465     
   2.6491155422835697     
   2.6548410789690320     
   2.6605733930624949     
   2.6663125186571417     
   2.6720584895508903     
   2.6778113392537901     
   2.6835711009952332     
   2.6893378077309689     
   2.6951114921499286     
   2.7008921866808810     
   2.7066799234989061     
   2.7124747345317002     
   2.7182766514657151     
   2.7240857057521422     
   2.7299019286127399     
   2.7357253510455042     
   2.7415560038302020     
   2.7473939175337572     
   2.7532391225154993     
   2.7590916489322788     
   2.7649515267434537     
   2.7708187857157438     
   2.7766934554279712     
   2.7825755652756734     
   2.7884651444756008     
   2.7943622220701094     
   2.8002668269314337     
   2.8061789877658598     
   2.8120987331177911     
   2.8180260913737181     
   2.8239610907660815     
   2.8299037593770509     
   2.8358541251422040     
   2.8418122158541150     
   2.8477780591658641     
   2.8537516825944493     
   2.8597331135241264     
   2.8657223792096627     
   2.8717195067795136     
   2.8777245232389244     
   2.8837374554729545     
   2.8897583302494354     
   2.8957871742218551     
   2.9018240139321687     
   2.9078688758135565     
   2.9139217861931019     
   2.9199827712944213     
   2.9260518572402185     
   2.9321290700547915     
   2.9382144356664712     
   2.9443079799100174     
   2.9504097285289435     
   2.9565197071777969     
   2.9626379414243904     
   2.9687644567519764     
   2.9748992785613728     
   2.9810424321730453     
   2.9871939428291387     
   2.9933538356954612     
   2.9995221358634327     
   3.0056988683519803     
   3.0118840581093984     
   3.0180777300151620     
   3.0242799088817098     
   3.0304906194561756     
   3.0367098864220918     
   3.0429377344010531     
   3.0491741879543421     
   3.0554192715845261     
   3.0616730097370075     
   3.0679354268015584     
   3.0742065471138074     
   3.0804863949567021     
   3.0867749945619418     
   3.0930723701113756     
   3.0993785457383760     
   3.1056935455291810     
   3.1120173935242095     
   3.1183501137193499     
   3.1246917300672212     
   3.1310422664784121     
   3.1374017468226891     
   3.1437701949301839     
   3.1501476345925581     
   3.1565340895641412     
   3.1629295835630495     
   3.1693341402722801     
   3.1757477833407846     
   3.1821705363845223     
   3.1886024229874903     
   3.1950434667027379     
   3.2014936910533600     
   3.2079531195334661     
   3.2144217756091380     
   3.2208996827193714     
   3.2273868642769856     
   3.2338833436695333     
   3.2403891442601807     
   3.2469042893885809     
   3.2534288023717228     
   3.2599627065047687     
   3.2665060250618780     
   3.2730587812970122     
   3.2796209984447291     
   3.2861926997209578     
   3.2927739083237664     
   3.2993646474341092     
   3.3059649402165676     
   3.3125748098200720     
   3.3191942793786149     
   3.3258233720119494     
   3.3324621108262775     
   3.3391105189149282     
   3.3457686193590139     
   3.3524364352280944     
   3.3591139895808100     
   3.3658013054655163     
   3.3724984059209073     
   3.3792053139766205     
   3.3859220526538412     
   3.3926486449658944     
   3.3993851139188225     
   3.4061314825119600     
   3.4128877737384951     
   3.4196540105860231     
   3.4264302160370947     
   3.4332164130697471     
   3.4400126246580376     
   3.4468188737725596     
   3.4536351833809578     
   3.4604615764484294     
   3.4672980759382233     
   3.4741447048121299     
   3.4810014860309608     
   3.4878684425550222     
   3.4947455973445867     
   3.5016329733603526     
   3.5085305935638949     
   3.5154384809181178     
   3.5223566583876935     
   3.5292851489394979     
   3.5362239755430362     
   3.5431731611708703     
   3.5501327287990332     
   3.5571027014074397     
   3.5640831019802954     
   3.5710739535064899     
   3.5780752789799961     
   3.5850871014002625     
   3.5921094437725878     
   3.5991423291085090     
   3.6061857804261681     
   3.6132398207506893     
   3.6203044731145342     
   3.6060417242933349     
   3.5914880124563182     
   3.5768525679216241     
   3.5621444886791767     
   3.5473706422101174     
   3.5325375327261215     
   3.5176513370039109     
   3.5027179224144147     
   3.4877428637072612     
   3.4727314587656828     
   3.4576887434029260     
   3.4426195052652258     
   3.4275282968964693     
   3.4124194480244840     
   3.3972970771163054     
   3.3821651022518147     
   3.3670272513600632     
   3.3518870718584410     
   3.3367479397356634     
   3.3216130681102598     
   3.3064855153027821     
   3.2913681924489544     
   3.2762638706842488     
   3.2611751879282922     
   3.2461046552902970     
   3.2310546631241706     
   3.2160274867509493     
   3.2010252918706872     
   3.1860501396842786     
   3.1711039917390291     
   3.1561887145196796     
   3.1413060837961098     
   3.1264577887446321     
   3.1116454358557206     
   3.0968705526402753     
   3.0821345911481557     
   3.0674389313067927     
   3.0527848840941183     
   3.0381736945522264     
   3.0236065446523903     
   3.0090845560207464     
   2.9946087925295024     
   2.9801802627652636     
   2.9657999223780331     
   2.9514686763188962     
   2.9371873809733766     
   2.9229568461933413     
   2.9087778372367268     
   2.8946510766168223     
   2.8805772458674404     
   2.8665569872291288     
   2.8525909052579292     
   2.8386795683642774     
   2.8248235102826400     
   2.8110232314771597     
   2.7972792004860243     
   2.7835918552072205     
   2.7699616041303421     
   2.7563888275139932     
   2.7428738785152142     
   2.7294170842703522     
   2.7160187469307848     
   2.7026791446567171     
   2.6893985325685072     
   2.6761771436603894     
   2.6630151896764636     
   2.6499128619509706     
   2.6368703322159215     
   2.6238877533748757     
   2.6109652602475570     
   2.5981029702841778     
   2.5853009842516652     
   2.5725593868941212     
   2.5598782475660706     
   2.5472576208427071     
   2.5346975471058282     
   2.5221980531076467     
   2.5097591525131686     
   2.4973808464217226     
   2.4850631238695851     
   2.4728059623125396     
   2.4606093280915688     
   2.4484731768805221     
   2.4363974541171123     
   2.4243820954188444     
   2.4124270269821548     
   2.4005321659684378     
   2.3886974208749896     
   2.3769226918925046     
   2.3652078712503330     
   2.3535528435479636     
   2.3419574860758243     
   2.3304216691236412     
   2.3189452562779014     
   2.3075281047092004     
   2.2961700654481807     
   2.2848709836530579     
   2.2736306988660990     
   2.2624490452622998     
   2.2513258518883896     
   2.2486471213399497     
   2.2460153030822561     
   2.2434237699429218     
   2.2408711376394130     
   2.2383560908857341     
   2.2358773764916022     
   2.2334337998765097     
   2.2310242218003804     
   2.2286475552950029     
   2.2263027627832970     
   2.2239888533743137     
   2.2217048803226862     
   2.2194499386419699     
   2.2172231628620267     
   2.2150237249212417     
   2.2128508321849689     
   2.2107037255821713     
   2.2085816778527487     
   2.2064839918985277     
   2.2044099992313613     
   2.2023590585122084     
   2.2003305541754616     
   2.1983238951331723     
   2.1963385135541600     
   2.1943738637133356     
   2.1924294209068527     
   2.1905046804290005     
   2.1885991566070113     
   2.1867123818902074     
   2.1848439059901259     
   2.1829932950685116     
   2.1811601309702278     
   2.1793440104983621     
   2.1775445447289443     
   2.1757613583628936     
   2.1739940891129361     
   2.1722423871233931     
   2.1705059144208732     
   2.1687843443940222     
   2.1670773613006085     
   2.1653846598003113     
   2.1637059445117255     
   2.1620409295921341     
   2.1603893383387351     
   2.1587509028100738     
   2.1571253634665077     
   2.1555124688286158     
   2.1539119751525120     
   2.1523236461211201     
   2.1507472525504840     
   2.1491825721102815     
   2.1476293890577378     
   2.1460874939841963     
   2.1445566835736427     
   2.1430367603725236     
   2.1415275325702434     
   2.1400288137897623     
   2.1385404228877367     
   2.1370621837637032     
   2.1355939251778167     
   2.1341354805766888     
   2.1326866879269022     
   2.1312473895558020     
   2.1298174319991734     
   2.1283966658554729     
   2.1269849456462548     
   2.1255821296824919     
   2.1241880799364870     
   2.1228026619191018     
   2.1214257445620261     
   2.1200572001048572     
   2.1186969039867360     
   2.1173447347423298     
   2.1160005739019478     
   2.1146643058955941     
   2.1133358179607695     
   2.1120150000538476     
   2.1107017447648548     
   2.1093959472355031     
   2.1080975050803206     
   2.1068063183107406     
   2.1055222892620180     
   2.1042453225228397     
   2.1029753248675211     
   2.1017122051906587     
   2.1004558744441506     
   2.0992062455764651     
   2.0979632334740694     
   2.0967267549049295     
   2.0954967284639827     
   2.0942730745205118     
   2.0930557151673344     
   2.0918445741717382     
   2.0906395769280848     
   2.0894406504120182     
   2.0882477231362113     
   2.0870607251075954     
   2.0858795877860032     
   2.0847042440441799     
   2.0835346281291023     
   2.0823706756245564     
   2.0812123234149338     
   2.0800595096501842     
   2.0789121737118972     
   2.0777702561804561     
   2.0766336988032408     
   2.0755024444638193     
   2.0743764371521123     
   2.0732556219354863     
   2.0721399449307372     
   2.0710293532769382     
   2.0699237951091232     
   2.0688232195327734     
   2.0677275765990726     
   2.0666368172809118     
   2.0655508934496232     
   2.0644697578523994     
   2.0633933640903916     
   2.0623216665974544     
   2.0612546206195215     
   2.0601921821945846     
   2.0591343081332592     
   2.0580809559999169     
   2.0570320840943670     
   2.0559876514340631     
   2.0549476177368264     
   2.0539119434040614     
   2.0528805895044537     
   2.0518535177581292     
   2.0508306905212628     
   2.0498120707711198     
   2.0487976220915236     
   2.0477873086587235     
   2.0467810952276593     
   2.0457789471186127     
   2.0447808302042207     
   2.0437867108968510     
   2.0427965561363290     
   2.0418103333779927     
   2.0408280105810808     
   2.0398495561974332     
   2.0388749391604994     
   2.0379041288746449     
   2.0369370952047423     
   2.0359738084660464     
   2.0350142394143349     
   2.0340583592363188     
   2.0331061395403003     
   2.0321575523470825     
   2.0312125700811192     
   2.0302711655618948     
   2.0293333119955319     
   2.0283989829666180     
   2.0274681524302478     
   2.0265407947042640     
   2.0256168844617091     
   2.0246963967234630     
   2.0237793068510768     
   2.0228655905397845     
   2.0219552238116969     
   2.0210481830091660     
   2.0201444447883206     
   2.0192439861127611     
   2.0183467842474170     
   2.0174528167525572     
   2.0165620614779489     
   2.0156744965571640     
   2.0147901004020237     
   2.0139088516971859     
   2.0130307293948628     
   2.0121557127096654     
   2.0112837811135824     
   2.0104149143310717     
   2.0095490923342805     
   2.0086862953383773     
   2.0078265037969913     
   2.0069696983977732     
   2.0061158600580531     
   2.0052649699206051     
   2.0044170093495124     
   2.0035719599261332     
   2.0027298034451557     
   2.0018905219107541     
   2.0010540975328279     
   2.0002205127233319     
   1.9993897500926916     
   1.9985617924463039     
   1.9977366227811131     
   1.9969142242822708     
   1.9960945803198709     
   1.9952776744457579     
   1.9944634903904090     
   1.9936520120598880     
   1.9928432235328639     
   1.9920371090577043     
   1.9912336530496217     
   1.9904328400878981     
   1.9896346549131583     
   1.9888390824247126     
   1.9880461076779523     
   1.9872557158818061     
   1.9864678923962480     
   1.9856826227298665     
   1.9848998925374779     
   1.9841196876177976     
   1.9833419939111565     
   1.9825667974972727     
   1.9817940845930626     
   1.9810238415505066     
   1.9802560548545525     
   1.9794907111210693     
   1.9787277970948391     
   1.9779672996475932     
   1.9772092057760891     
   1.9764535026002263     
   1.9757001773612024     
   1.9749492174197034     
   1.9742006102541352     
   1.9734543434588898     
   1.9727104047426436     
   1.9719687819266940     
   1.9712294629433285     
   1.9704924358342220     
   1.9697576887488728     
   1.9690252099430627     
   1.9682949877773550     
   1.9675670107156131     
   1.9668412673235551     
   1.9661177462673329     
   1.9653964363121392     
   1.9646773263208437     
   1.9639604052526491     
   1.9632456621617813     
   1.9625330861961983     
   1.9618226665963236     
   1.9611143926938079     
   1.9604082539103076     
   1.9597042397562923     
   1.9590023398298695     
   1.9583025438156330     
   1.9576048414835321     
   1.9569092226877629     
   1.9562156773656760     
   1.9555241955367089     
   1.9548347673013318     
   1.9541473828400182     
   1.9534620324122289     
   1.9527787063554169     
   1.9520973950840501     
   1.9514180890886468     
   1.9507407789348357     
   1.9500654552624230     
   1.9493921087844839     
   1.9487207302864658     
   1.9480513106253052     
   1.9473838407285644     
   1.9467183115935780     
   1.9460547142866171     
   1.9453930399420660     
   1.9447332797616135     
   1.9440754250134551     
   1.9434194670315155     
   1.9427653972146721     
   1.9421132070260037     
   1.9414628879920421     
   1.9408144317020426     
   1.9401678298072589     
   1.9395230740202396     
   1.9388801561141258     
   1.9382390679219654     
   1.9375998013360380     
   1.9369623483071898     
   1.9363267008441791     
   1.9356928510130289     
   1.9350607909363975     
   1.9344305127929480     
   1.9338020088167387     
   1.9331752712966133     
   1.9325502925756071     
   1.9319270650503584     
   1.9313055811705304     
   1.9306858334382422     
   1.9300678144075056     
   1.9294515166836743     
   1.9288369329228983     
   1.9282240558315875     
   1.9276128781658841     
   1.9270033927311399     
   1.9263955923814027     
   1.9257894700189131     
   1.9251850185936030     
   1.9245822311026062     
   1.9239811005897729     
   1.9233816201451921     
   1.9227837829047232     
   1.9221875820495282     
   1.9215930108056172     
   1.9210000624433956     
   1.9204087302772206     
   1.9198190076649628     
   1.9192308880075706     
   1.9186443647486473     
   1.9180594313740289     
   1.9174760814113696     
   1.9168943084297301     
   1.9163141060391780     
   1.9157354678903855     
   1.9151583876742393     
   1.9145828591214504     
   1.9140088760021736     
   1.9134364321256283     
   1.9128655213397281     
   1.9122961375307106     
   1.9117282746227771     
   1.9111619265777324     
   1.9105970873946332     
   1.9100337511094383     
   1.9094719117946646     
   1.9089115635590479     
   1.9083527005472054     
   1.9077953169393060     
   1.9072394069507446     
   1.9066849648318154     
   1.9061319848673968     
   1.9055804613766345     
   1.9050303887126319     
   1.9044817612621430     
   1.9039345734452668     
   1.9033888197151525     
   1.9028444945576992     
   1.9023015924912665     
   1.9017601080663860     
   1.9012200358654747     
   1.9006813705025551     
   1.9001441066229765     
   1.8996082389031401     
   1.8990737620502278     
   1.8985406708019341     
   1.8980089599262018     
   1.8974786242209580     
   1.8969496585138585     
   1.8964220576620301     
   1.8958958165518178     
   1.8953709300985366     
   1.8948473932462251     
   1.8943252009673985     
   1.8938043482628115     
   1.8932848301612180     
   1.8927666417191362     
   1.8922497780206156     
   1.8917342341770067     
   1.8912200053267354     
   1.8907070866350766     
   1.8901954732939308     
   1.8896851605216072     
   1.8891761435626053     
   1.8886684176873998     
   1.8881619781922270     
   1.8876568203988782     
   1.8871529396544888     
   1.8866503313313350     
   1.8861489908266296     
   1.8856489135623213     
   1.8851500949848981     
   1.8846525305651871     
   1.8841562157981648     
   1.8836611462027610     
   1.8831673173216712     
   1.8826747247211675     
   1.8821833639909145     
   1.8816932307437828     
   1.8812043206156697     
   1.8807166292653161     
   1.8802301523741327     
   1.8797448856460208     
   1.8792608248071982     
   1.8787779656060288     
   1.8782963038128500     
   1.8778158352198049     
   1.8773365556406763     
   1.8768584609107195     
   1.8763815468865004     
   1.8759058094457330     
   1.8754312444871197     
   1.8749578479301932     
   1.8744856157151588     
   1.8740145438027405     
   1.8735446281740264     
   1.8730758648303181     
   1.8726082497929781     
   1.8721417791032846     
   1.8716764488222799     
   1.8712122550306272     
   1.8707491938284666     
   1.8702872613352717     
   1.8698264536897065     
   1.8693667670494885     
   1.8689081975912469     
   1.8684507415103888     
   1.8679943950209605     
   1.8675391543555147     
   1.8670850157649770     
   1.8666319755185141     
   1.8661800299034028     
   1.8657291752249019     
   1.8652794078061237     
   1.8648307239879067     
   1.8643831201286920     
   1.8639365926043976     
   1.8634911378082948     
   1.8630467521508893     
   1.8626034320597977     
   1.8621611739796293     
   1.8617199743718682     
   1.8612798297147553     
   1.8608407365031734     
   1.8604026912485307     
   1.8599656904786492     
   1.8595297307376508     
   1.8590948085858443     
   1.8586609205996192     
   1.8582280633713302     
   1.8577962335091938     
   1.8573654276371780     
   1.8569356423948979     
   1.8565068744375088     
   1.8560791204356011     
   1.8556523770751001     
   1.8552266410571596     
   1.8548019090980634     
   1.8543781779291217     
   1.8539554442965749     
   1.8535337049614926     
   1.8531129566996760     
   1.8526931963015618     
   1.8522744205721251     
   1.8518566263307850     
   1.8514398104113112     
   1.8510239696617277     
   1.8506091009442232     
   1.8501952011350575     
   1.8497822671244721     
   1.8493702958165987     
   1.8489592841293707     
   1.8485492289944345     
   1.8481401273570617     
   1.8477319761760622     
   1.8473247724236990     
   1.8469185130856016     
   1.8465131951606824     
   1.8461088156610512     
   1.8457053716119345     
   1.8453028600515913     
   1.8449012780312317     
   1.8445006226149370     
   1.8441008908795786     
   1.8437020799147386     
   1.8433041868226305     
   1.8429072087180220     
   1.8425111427281577     
   1.8421159859926814     
   1.8417217356635598     
   1.8413283889050074     
   1.8409359428934136     
   1.8405443948172642     
   1.8401537418770724     
   1.8397639812853024     
   1.8393751102663001     
   1.8389871260562181     
   1.8386000259029480     
   1.8382138070660474     
   1.8378284668166711     
   1.8374440024375018     
   1.8370604112226816     
   1.8366776904777415     
   1.8362958375195395     
   1.8359148496761868     
   1.8355347242869851     
   1.8351554587023609     
   1.8347770502837986     
   1.8343994964037771     
   1.8340227944457044     
   1.8336469418038543     
   1.8332719358833036     
   1.8328977740998678     
   1.8325244538800416     
   1.8321519726609343     
   1.8317803278902112     
   1.8314095170260314     
   1.8310395375369872     
   1.8306703869020458     
   1.8303020626104884     
   1.8299345621618548     
   1.8295678830658797     
   1.8292020228424399     
   1.8288369790214940     
   1.8284727491430268     
   1.8281093307569924     
   1.8277467214232577     
   1.8273849187115487     
   1.8270239202013925     
   1.8266637234820660     
   1.8263043261525385     
   1.8259457258214189     
   1.8255879201069041     
   1.8252309066367227     
   1.8248746830480855     
   1.8245192469876315     
   1.8241645961113759     
   1.8238107280846614     
   1.8234576405821024     
   1.8231053312875403     
   1.8227537978939876     
   1.8224030381035827     
   1.8220530496275373     
   1.8217038301860888     
   1.8213553775084514     
   1.8210076893327676     
   1.8206607634060603     
   1.8203145974841859     
   1.8199691893317853     
   1.8196245367222388     
   1.8192806374376185     
   1.8189374892686430     
   1.8185950900146302     
   1.8182534374834529     
   1.8179125294914944     
   1.8175723638636010     
   1.8172329384330401     
   1.8168942510414545     
   1.8165562995388203     
   1.8162190817834003     
   1.8158825956417037     
   1.8155468389884422     
   1.8152118097064869     
   1.8148775056868274     
   1.8145439248285276     
   1.8142110650386865     
   1.8138789242323945     
   1.8135475003326946     
   1.8132167912705397     
   1.8128867949847534     
   1.8125575094219897     
   1.8122289325366912     
   1.8119010622910527     
   1.8115738966549793     
   1.8112474336060482     
   1.8109216711294702     
   1.8105966072180506     
   1.8102722398721507     
   1.8099485670996516     
   1.8096255869159139     
   1.8093032973437426     
   1.8089816964133481     
   1.8086607821623102     
   1.8083405526355409     
   1.8080210058852493     
   1.8077021399709039     
   1.8073839529591964     
   1.8070664429240078     
   1.8067496079463718     
   1.8064334461144400     
   1.8061179555234450     
   1.8058031342756702     
   1.8054889804804102     
   1.8051754922539394     
   1.8048626677194779     
   1.8045505050071571     
   1.8042390022539863     
   1.8039281576038184     
   1.8036179692073189     
   1.8033084352219311     
   1.8029995538118451     
   1.8026913231479618     
   1.8023837414078665     
   1.8020768067757911     
   1.8017705174425864     
   1.8014648716056869     
   1.8011598674690830     
   1.8008555032432874     
   1.8005517771453046     
   1.8002486873986008     
   1.7999462322330726     
   1.7996444098850162     
   1.7993432185970979     
   1.7990426566183251     
   1.7987427222040142     
   1.7984434136157625     
   1.7981447291214183     
   1.7978466669950515     
   1.7975492255169250     
   1.7972524029734660     
   1.7969561976572357     
   1.7966606078669032     
   1.7963656319072152     
   1.7960712680889690     
   1.7957775147289836     
   1.7954843701500729     
   1.7951918326810172     
   1.7948999006565365     
   1.7946085724172622     
   1.7943178463097116     
   1.7940277206862585     
   1.7937381939051089     
   1.7934492643302735     
   1.7931609303315406     
   1.7928731902844501     
   1.7925860425702682     
   1.7922994855759609     
   1.7920135176941665     
   1.7917281373231737     
   1.7914433428668932     
   1.7911591327348320     
   1.7908755053420706     
   1.7905924591092368     
   1.7903099924624797     
   1.7900281038334462     
   1.7897467916592562     
   1.7894660543824792     
   1.7891858904511064     
   1.7889062983185320     
   1.7886272764435240     
   1.7883488232902041     
   1.7880709373280212     
   1.7877936170317299     
   1.7875168608813654     
   1.7872406673622225     
   1.7869650349648298     
   1.7866899621849277     
   1.7864154475234457     
   1.7861414894864800     
   1.7858680865852705     
   1.7855952373361774     
   1.7853229402606594     
   1.7850511938852536     
   1.7847799967415496     
   1.7845093473661693     
   1.7842392443007462     
   1.7839696860919021     
   1.7837006712912258     
   1.7834321984552512     
   1.7831642661454381     
   1.7828968729281478     
   1.7826300173746239     
   1.7823636980609712     
   1.7820979135681347     
   1.7818326624818774     
   1.7815679433927623     
   1.7813037548961292     
   1.7810400955920771     
   1.7807769640854407     
   1.7805143589857728     
   1.7802522789073227     
   1.7799907224690172     
   1.7797296882944396     
   1.7794691750118108     
   1.7792091812539708     
   1.7789497056583554     
   1.7786907468669817     
   1.7784323035264249     
   1.7781743742878005     
   1.7779169578067455     
   1.7776600527433994     
   1.7774036577623846     
   1.7771477715327875     
   1.7768923927281413     
   1.7766375200264048     
   1.7763831521099478     
   1.7761292876655279     
   1.7758759253842766     
   1.7756230639616779     
   1.7753707020975522     
   1.7751188384960368     
   1.7748674718655701     
   1.7746166009188709     
   1.7743662243729232     
   1.7741163409489571     
   1.7738669493724322     
   1.7736180483730197     
   1.7733696366845841     
   1.7731217130451691     
   1.7728742761969754     
   1.7726273248863491     
   1.7723808578637601     
   1.7721348738837879     
   1.7718893717051045     
   1.7716443500904573     
   1.7713998078066517     
   1.7711557436245358     
   1.7709121563189829     
   1.7706690446688769     
   1.7704264074570928     
   1.7701842434704842     
   1.7699425514998643     
   1.7697013303399920     
   1.7694605787895534     
   1.7692202956511489     
   1.7689804797312751     
   1.7687411298403104     
   1.7685022447924981     
   1.7682638234059327     
   1.7680258645025424     
   1.7677883669080754     
   1.7675513294520830     
   1.7673147509679064     
   1.7670786302926587     
   1.7668429662672123     
   1.7666077577361829     
   1.7663730035479153     
   1.7661387025544661     
   1.7659048536115929     
   1.7656714555787358     
   1.7654385073190049     
   1.7652060076991645     
   1.7649739555896211     
   1.7647423498644046     
   1.7645111894011585     
   1.7642804730811219     
   1.7640501997891189     
   1.7638203684135410     
   1.7635909778463350     
   1.7633620269829884     
   1.7631335147225158     
   1.7629054399674451     
   1.7626778016238025     
   1.7624505986011010     
   1.7622238298123241     
   1.7619974941739138     
   1.7617715906057576     
   1.7615461180311736     
   1.7613210753768977     
   1.7610964615730706     
   1.7608722755532233     
   1.7606485162542658     
   1.7604251826164723     
   1.7602022735834688     
   1.7599797881022206     
   1.7597577251230176     
   1.7595360835994638     
   1.7593148624884622     
   1.7590940607502037     
   1.7588736773481535     
   1.7586537112490384     
   1.7584341614228347     
   1.7582150268427557     
   1.7579963064852382     
   1.7577779993299318     
   1.7575601043596851     
   1.7573426205605336     
   1.7571255469216882     
   1.7569088824355219     
   1.7566926260975591     
   1.7564767769064622     
   1.7562613338640205     
   1.7560462959751377     
   1.7558316622478201     
   1.7556174316931648     
   1.7554036033253479     
   1.7551901761616129     
   1.7549771492222599     
   1.7547645215306305     
   1.7545522921131007     
   1.7543404599990666     
   1.7541290242209349     
   1.7539179838141086     
   1.7537073378169776     
   1.7534970852709089     
   1.7532872252202307     
   1.7530777567122267     
   1.7528686787971206     
   1.7526599905280678     
   1.7524516909611418     
   1.7522437791553263     
   1.7520362541725014     
   1.7518291150774341     
   1.7516223609377675     
   1.7514159908240097     
   1.7512100038095224     
   1.7510043989705115     
   1.7507991753860157     
   1.7505943321378956     
   1.7503898683108243     
   1.7501857829922751     
   1.7499820752725121     
   1.7497787442445807     
   1.7495757890042951     
   1.7493732086502300     
   1.7491710022837079     
   1.7489691690087921     
   1.7487677079322739     
   1.7485666181636632     
   1.7483658988151791     
   1.7481655490017385     
   1.7479655678409483     
   1.7477659544530926     
   1.7475667079611239     
   1.7473678274906546     
   1.7471693121699459     
   1.7469711611298973     
   1.7467733735040392     
   1.7465759484285195     
   1.7463788850420985     
   1.7461821824861354     
   1.7459858399045809     
   1.7457898564439671     
   1.7455942312533970     
   1.7453989634845368     
   1.7452040522916061     
   1.7450094968313667     
   1.7448152962631154     
   1.7446214497486747     
   1.7444279564523815     
   1.7442348155410798     
   1.7440420261841116     
   1.7438495875533055     
   1.7436574988229709     
   1.7434657591698868     
   1.7432743677732923     
   1.7430833238148795     
   1.7428926264787841     
   1.7427022749515753     
   1.7425122684222472     
   1.7423226060822121     
   1.7421332871252890     
   1.7419443107476955     
   1.7417556761480417     
   1.7415673825273168     
   1.7413794290888842     
   1.7411918150384731     
   1.7410045395841658     
   1.7408176019363950     
   1.7406310013079307     
   1.7404447369138727     
   1.7402588079716448     
   1.7400732137009831     
   1.7398879533239300     
   1.7397030260648236     
   1.7395184311502923     
   1.7393341678092438     
   1.7391502352728594     
   1.7389666327745834     
   1.7387833595501170     
   1.7386004148374086     
   1.7384177978766471     
   1.7382355079102534     
   1.7380535441828722     
   1.7378719059413636     
   1.7376905924347963     
   1.7375096029144386     
   1.7373289366337517     
   1.7371485928483805     
   1.7369685708161471     
   1.7367888697970424     
   1.7366094890532178     
   1.7364304278489795     
   1.7362516854507779     
   1.7360732611272025     
   1.7358951541489727     
   1.7357173637889325     
   1.7355398893220388     
   1.7353627300253589     
   1.7351858851780588     
   1.7350093540613984     
   1.7348331359587230     
   1.7346572301554566     
   1.7344816359390924     
   1.7343063525991895     
   1.7341313794273616     
   1.7339567157172717     
   1.7337823607646257     
   1.7336083138671621     
   1.7334345743246484     
   1.7332611414388719     
   1.7330880145136329     
   1.7329151928547375     
   1.7327426757699915     
   1.7325704625691927     
   1.7323985525641235     
   1.7322269450685435     
   1.7320556393981854     
   1.7318846348707440     
   1.7317139308058727     
   1.7315435265251753     
   1.7313734213521983     
   1.7312036146124261     
   1.7310341056332721     
   1.7308648937440743     
   1.7306959782760858     
   1.7305273585624714     
   1.7303590339382966     
   1.7301910037405264     
   1.7300232673080136     
   1.7298558239814954     
   1.7296886731035861     
   1.7295218140187691     
   1.7293552460733934     
   1.7291889686156641     
   1.7290229809956372     
   1.7288572825652144     
   1.7286918726781340     
   1.7285267506899666     
   1.7283619159581090     
   1.7281973678417759     
   1.7280331057019955     
   1.7278691289016024     
   1.7277054368052307     
   1.7275420287793095     
   1.7273789041920558     
   1.7272160624134676     
   1.7270535028153187     
   1.7268912247711525     
   1.7267292276562758     
   1.7265675108477532     
   1.7264060737243985     
   1.7262449156667725     
   1.7260840360571752     
   1.7259234342796392     
   1.7257631097199244     
   1.7256030617655123     
   1.7254432898055994     
   1.7252837932310927     
   1.7251245714346022     
   1.7249656238104361     
   1.7248069497545944     
   1.7246485486647636     
   1.7244904199403106     
   1.7243325629822772     
   1.7241749771933748     
   1.7240176619779770     
   1.7238606167421153     
   1.7237038408934748     
   1.7235473338413854     
   1.7233910949968183     
   1.7232351237723804     
   1.7230794195823080     
   1.7229239818424611     
   1.7227688099703184     
   1.7226139033849732     
   1.7224592615071248     
   1.7223048837590744     
   1.7221507695647218     
   1.7219969183495571     
   1.7218433295406563     
   1.7216900025666761     
   1.7215369368578495     
   1.7213841318459773     
   1.7212315869644266     
   1.7210793016481238     
   1.7209272753335489     
   1.7207755074587312     
   1.7206239974632425     
   1.7204727447881951     
   1.7203217488762326     
   1.7201710091715281     
   1.7200205251197762     
   1.7198702961681911     
   1.7197203217654986     
   1.7195706013619318     
   1.7194211344092281     
   1.7192719203606208     
   1.7191229586708363     
   1.7189742487960882     
   1.7188257901940736     
   1.7186775823239664     
   1.7185296246464139     
   1.7183819166235299     
   1.7182344577188917     
   1.7180872473975350     
   1.7179402851259482     
   1.7177935703720677     
   1.7176471026052733     
   1.7175008812963839     
   1.7173549059176514     
   1.7172091759427579     
   1.7170636908468080     
   1.7169184501063277     
   1.7167734531992564     
   1.7166286996049447     
   1.7164841888041475     
   1.7163399202790215     
   1.7161958935131192     
   1.7160521079913840     
   1.7159085632001470     
   1.7157652586271206     
   1.7156221937613962     
   1.7154793680934375     
   1.7153367811150768     
   1.7151944323195110     
   1.7150523212012958     
   1.7149104472563432     
   1.7147688099819143     
   1.7146274088766176     
   1.7144862434404027     
   1.7143453131745563     
   1.7142046175816992     
   1.7140641561657788     
   1.7139239284320693     
   1.7137839338871619     
   1.7136441720389652     
   1.7135046423966978     
   1.7133653444708863     
   1.7132262777733585     
   1.7130874418172410     
   1.7129488361169560     
   1.7128104601882128     
   1.7126723135480078     
   1.7125343957146186     
   1.7123967062076004     
   1.7122592445477802     
   1.7121220102572554     
   1.7119850028593866     
   1.7118482218787958     
   1.7117116668413610     
   1.7115753372742137     
   1.7114392327057319     
   1.7113033526655399     
   1.7111676966845002     
   1.7110322642947124     
   1.7108970550295084     
   1.7107620684234481     
   1.7106273040123152     
   1.7104927613331138     
   1.7103584399240637     
   1.7102243393245984     
   1.7100904590753581     
   1.7099567987181883     
   1.7098233577961346     
   1.7096901358534400     
   1.7095571324355388     
   1.7094243470890558     
   1.7092917793617997     
   1.7091594288027614     
   1.7090272949621088     
   1.7088953773911830     
   1.7087636756424955     
   1.7086321892697240     
   1.7085009178277075     
   1.7083698608724456     
   1.7082390179610905     
   1.7081083886519459     
   1.7079779725044657     
   1.7078477690792442     
   1.7077177779380173     
   1.7075879986436566     
   1.7074584307601681     
   1.7073290738526852     
   1.7071999274874672     
   1.7070709912318964     
   1.7069422646544721     
   1.7068137473248093     
   1.7066854388136341     
   1.7065573386927799     
   1.7064294465351844     
   1.7063017619148859     
   1.7061742844070200     
   1.7060470135878150     
   1.7059199490345904     
   1.7057930903257523     
   1.7056664370407899     
   1.7055399887602711     
   1.7054137450658413     
   1.7052877055402185     
   1.7051618697671898     
   1.7050362373316088     
   1.7049108078193913     
   1.7047855808175132     
   1.7046605559140058     
   1.7045357326979531     
   1.7044111107594890     
   1.7042866896897919     
   1.7041624690810853     
   1.7040384485266289     
   1.7039146276207213     
   1.7037910059586920     
   1.7036675831369024     
   1.7035443587527370     
   1.7034213324046064     
   1.7032985036919388     
   1.7031758722151806     
   1.7030534375757909     
   1.7029311993762390     
   1.7028091572200017     
   1.7026873107115594     
   1.7025656594563934     
   1.7024442030609823     
   1.7023229411327996     
   1.7022018732803101     
   1.7020809991129673     
   1.7019603182412089     
   1.7018398302764555     
   1.7017195348311058     
   1.7015994315185354     
   1.7014795199530925     
   1.7013597997500953     
   1.7012402705258285     
   1.7011209318975409     
   1.7010017834834421     
   1.7008828249026986     
   1.7007640557754338     
   1.7006454757227207     
   1.7005270843665832     
   1.7004088813299896     
   1.7002908662368519     
   1.7001730387120220     
   1.7000553983812894     
   1.6999379448713774     
   1.6998206778099401     
   1.6997035968255612     
   1.6995867015477499     
   1.6994699916069376     
   1.6993534666344752     
   1.6992371262626318     
   1.6991209701245893     
   1.6990049978544424     
   1.6988892090871928     
   1.6987736034587495     
   1.6986581806059238     
   1.6985429401664269     
   1.6984278817788674     
   1.6983130050827488     
   1.6981983097184665     
   1.6980837953273047     
   1.6979694615514345     
   1.6978553080339100     
   1.6977413344186674     
   1.6976275403505197     
   1.6975139254751559     
   1.6974004894391388     
   1.6972872318899004     
   1.6971741524757404     
   1.6970612508458240     
   1.6969485266501778     
   1.6968359795396883     
   1.6967236091660989     
   1.6966114151820082     
   1.6964993972408646     
   1.6963875549969680     
   1.6962758881054631     
   1.6961643962223387     
   1.6960530790044264     
   1.6959419361093948     
   1.6958309671957499     
   1.6957201719228314     
   1.6956095499508101     
   1.6954991009406848     
   1.6953888245542810     
   1.6952787204542485     
   1.6951687883040572     
   1.6950590277679962     
   1.6949494385111705     
   1.6948400201994993     
   1.6947307724997118     
   1.6946216950793482     
   1.6945127876067532     
   1.6944040497510753     
   1.6942954811822666     
   1.6941870815710760     
   1.6940788505890496     
   1.6939707879085286     
   1.6938628932026452     
   1.6937551661453212     
   1.6936476064112662     
   1.6935402136759732     
   1.6934329876157193     
   1.6933259279075599     
   1.6932190342293294     
   1.6931123062596369     
   1.6930057436778641     
   1.6928993461641644     
   1.6927931133994589     
   1.6926870450654348     
   1.6925811408445439     
   1.6924754004199984     
   1.6923698234757705     
   1.6922644096965889     
   1.6921591587679370     
   1.6920540703760509     
   1.6919491442079169     
   1.6918443799512692     
   1.6917397772945877     
   1.6916353359270966     
   1.6915310555387588     
   1.6914269358202798     
   1.6913229764630997     
   1.6912191771593938     
   1.6911155376020703     
   1.6910120574847674     
   1.6909087365018518     
   1.6908055743484161     
   1.6907025707202761     
   1.6905997253139706     
   1.6904970378267570     
   1.6903945079566107     
   1.6902921354022216     
   1.6901899198629942     
   1.6900878610390428     
   1.6899859586311921     
   1.6898842123409719     
   1.6897826218706182     
   1.6896811869230695     
   1.6895799072019653     
   1.6894787824116431     
   1.6893778122571368     
   1.6892769964441758     
   1.6891763346791810     
   1.6890758266692651     
   1.6889754721222272     
   1.6888752707465549     
   1.6887752222514185     
   1.6886753263466718     
   1.6885755827428488     
   1.6884759911511611     
   1.6883765512834983     
   1.6882772628524225     
   1.6881781255711699     
   1.6880791391536458     
   1.6879803033144258     
   1.6878816177687503     
   1.6877830822325259     
   1.6876846964223202     
   1.6875864600553632     
   1.6874883728495427     
   1.6873904345234039     
   1.6872926447961469     
   1.6871950033876253     
   1.6870975100183432     
   1.6870001644094550     
   1.6869029662827617     
   1.6868059153607105     
   1.6867090113663912     
   1.6866122540235369     
   1.6865156430565202     
   1.6864191781903510     
   1.6863228591506774     
   1.6862266856637795     
   1.6861306574565722     
   1.6860347742565989     
   1.6859390357920345     
   1.6858434417916792     
   1.6857479919849603     
   1.6856526861019265     
   1.6855575238732501     
   1.6854625050302221     
   1.6853676293047526     
   1.6852728964293677     
   1.6851783061372076     
   1.6850838581620269     
   1.6849895522381892     
   1.6848953881006696     
   1.6848013654850502     
   1.6847074841275176     
   1.6846137437648643     
   1.6845201441344841     
   1.6844266849743728     
   1.6843333660231230     
   1.6842401870199266     
   1.6841471477045709     
   1.6840542478174358     
   1.6839614870994941     
   1.6838688652923099     
   1.6837763821380345     
   1.6836840373794075     
   1.6835918307597539     
   1.6834997620229817     
   1.6834078309135818     
   1.6833160371766256     
   1.6832243805577629     
   1.6831328608032210     
   1.6830414776598028     
   1.6829502308748847     
   1.6828591201964163     
   1.6827681453729171     
   1.6826773061534757     
   1.6825866022877485     
   1.6824960335259580     
   1.6824055996188902     
   1.6823153003178954     
   1.6822251353748818     
   1.6821351045423210     
   1.6820452075732393     
   1.6819554442212219     
   1.6818658142404073     
   1.6817763173854872     
   1.6816869534117060     
   1.6815977220748575     
   1.6815086231312844     
   1.6814196563378758     
   1.6813308214520672     
   1.6812421182318378     
   1.6811535464357092     
   1.6810651058227435     
   1.6809767961525439     
   1.6808886171852488     
   1.6808005686815362     
   1.6807126504026164     
   1.6806248621102344     
   1.6805372035666675     
   1.6804496745347217     
   1.6803622747777347     
   1.6802750040595691     
   1.6801878621446156     
   1.6801008487977878     
   1.6800139637845237     
   1.6799272068707827     
   1.6798405778230439     
   1.6797540764083059     
   1.6796677023940847     
   1.6795814555484108     
   1.6794953356398310     
   1.6794093424374046     
   1.6793234757107018     
   1.6792377352298042     
   1.6791521207653011     
   1.6790666320882901     
   1.6789812689703749     
   1.6788960311836627     
   1.6788109185007651     
   1.6787259306947955     
   1.6786410675393668     
   1.6785563288085923     
   1.6784717142770813     
   1.6783872237199411     
   1.6783028569127740     
   1.6782186136316746     
   1.6781344936532301     
   1.6780504967545200     
   1.6779666227131116     
   1.6778828713070624     
   1.6777992423149148     
   1.6777157355156971     
   1.6776323506889237     
   1.6775490876145900     
   1.6774659460731738     
   1.6773829258456332     
   1.6773000267134044     
   1.6772172484584029     
   1.6771345908630197     
   1.6770520537101201     
   1.6769696367830444     
   1.6768873398656055     
   1.6768051627420855     
   1.6767231051972398     
   1.6766411670162893     
   1.6765593479849235     
   1.6764776478892995     
   1.6763960665160365     
   1.6763146036522194     
   1.6762332590853939     
   1.6761520326035686     
   1.6760709239952110     
   1.6759899330492463     
   1.6759090595550585     
   1.6758283033024870     
   1.6757476640818267     
   1.6756671416838258     
   1.6755867358996841     
   1.6755064465210541     
   1.6754262733400382     
   1.6753462161491866     
   1.6752662747414973     
   1.6751864489104153     
   1.6751067384498315     
   1.6750271431540789     
   1.6749476628179341     
   1.6748682972366162     
   1.6747890462057842     
   1.6747099095215359     
   1.6746308869804079     
   1.6745519783793732     
   1.6744731835158406     
   1.6743945021876550     
   1.6743159341930918     
   1.6742374793308610     
   1.6741591374001032     
   1.6740809082003889     
   1.6740027915317170     
   1.6739247871945151     
   1.6738468949896363     
   1.6737691147183600     
   1.6736914461823900     
   1.6736138891838510     
   1.6735364435252935     
   1.6734591090096860     
   1.6733818854404179     
   1.6733047726212975     
   1.6732277703565501     
   1.6731508784508182     
   1.6730740967091591     
   1.6729974249370445     
   1.6729208629403596     
   1.6728444105254010     
   1.6727680674988781     
   1.6726918336679075     
   1.6726157088400175     
   1.6725396928231422     
   1.6724637854256230     
   1.6723879864562075     
   1.6723122957240462     
   1.6722367130386959     
   1.6721612382101136     
   1.6720858710486581     
   1.6720106113650897     
   1.6719354589705662     
   1.6718604136766453     
   1.6717854752952805     
   1.6717106436388232     
   1.6716359185200182     
   1.6715612997520051     
   1.6714867871483172     
   1.6714123805228789     
   1.6713380796900059     
   1.6712638844644043     
   1.6711897946611691     
   1.6711158100957830     
   1.6710419305841162     
   1.6709681559424232     
   1.6708944859873462     
   1.6708209205359092     
   1.6707474594055205     
   1.6706741024139684     
   1.6706008493794253     
   1.6705277001204406     
   1.6704546544559444     
   1.6703817122052449     
   1.6703088731880267     
   1.6702361372243504     
   1.6701635041346519     
   1.6700909737397414     
   1.6700185458608023     
   1.6699462203193907     
   1.6698739969374323     
   1.6698018755372257     
   1.6697298559414360     
   1.6696579379730985     
   1.6695861214556156     
   1.6695144062127567     
   1.6694427920686554     
   1.6693712788478112     
   1.6692998663750864     
   1.6692285544757071     
   1.6691573429752602     
   1.6690862316996939     
   1.6690152204753170     
   1.6689443091287970     
   1.6688734974871577     
   1.6688027853777836     
   1.6687321726284132     
   1.6686616590671406     
   1.6685912445224149     
   1.6685209288230389     
   1.6684507117981675     
   1.6683805932773077     
   1.6683105730903180     
   1.6682406510674062     
   1.6681708270391289     
   1.6681011008363920     
   1.6680314722904481     
   1.6679619412328965     
   1.6678925074956819     
   1.6678231709110936     
   1.6677539313117657     
   1.6676847885306745     
   1.6676157424011373     
   1.6675467927568153     
   1.6674779394317076     
   1.6674091822601549     
   1.6673405210768346     
   1.6672719557167630     
   1.6672034860152942     
   1.6671351118081164     
   1.6670668329312546     
   1.6669986492210678     
   1.6669305605142481     
   1.6668625666478216     
   1.6667946674591452     
   1.6667268627859071     
   1.6666591524661261     
   1.6665915363381503     
   1.6665240142406559     
   1.6664565860126477     
   1.6663892514934566     
   1.6663220105227410     
   1.6662548629404830     
   1.6661878085869903     
   1.6661208473028939     
   1.6660539789291482     
   1.6659872033070284     
   1.6659205202781324     
   1.6658539296843782     
   1.6657874313680034     
   1.6657210251715635     
   1.6656547109379340     
   1.6655884885103067     
   1.6655223577321896     
   1.6654563184474074     
   1.6653903705000983     
   1.6653245137347170     
   1.6652587479960292     
   1.6651930731291145     
   1.6651274889793641     
   1.6650619953924801     
   1.6649965922144758     
   1.6649312792916722     
   1.6648660564707007     
   1.6648009235985006     
   1.6647358805223180     
   1.6646709270897053     
   1.6646060631485211     
   1.6645412885469286     
   1.6644766031333964     
   1.6644120067566945     
   1.6643474992658982     
   1.6642830805103823     
   1.6642187503398247     
   1.6641545086042027     
   1.6640903551537944     
   1.6640262898391762     
   1.6639623125112228     
   1.6638984230211076     
   1.6638346212202995     
   1.6637709069605637     
   1.6637072800939621     
   1.6636437404728501     
   1.6635802879498776     
   1.6635169223779869     
   1.6634536436104139     
   1.6633904515006863     
   1.6633273459026219     
   1.6632643266703302     
   1.6632013936582097     
   1.6631385467209485     
   1.6630757857135221     
   1.6630131104911936     
   1.6629505209095146     
   1.6628880168243214     
   1.6628255980917350     
   1.6627632645681645     
   1.6627010161102997     
   1.6626388525751159     
   1.6625767738198702     
   1.6625147797021023     
   1.6624528700796335     
   1.6623910448105650     
   1.6623293037532791     
   1.6622676467664359     
   1.6622060737089761     
   1.6621445844401173     
   1.6620831788193549     
   1.6620218567064602     
   1.6619606179614816     
   1.6618994624447425     
   1.6618383900168410     
   1.6617774005386485     
   1.6617164938713114     
   1.6616556698762477     
   1.6615949284151468     
   1.6615342693499715     
   1.6614736925429543     
   1.6614131978565971     
   1.6613527851536729     
   1.6612924542972221     
   1.6612322051505541     
   1.6611720375772459     
   1.6611119514411412     
   1.6610519466063496     
   1.6609920229372475     
   1.6609321802984744     
   1.6608724185549371     
   1.6608127375718025     
   1.6607531372145046     
   1.6606936173487366     
   1.6606341778404554     
   1.6605748185558786     
   1.6605155393614850     
   1.6604563401240122     
   1.6603972207104594     
   1.6603381809880813     
   1.6602792208243939     
   1.6602203400871705     
   1.6601615386444386     
   1.6601028163644853     
   1.6600441731158517     
   1.6599856087673346     
   1.6599271231879860     
   1.6598687162471097     
   1.6598103878142654     
   1.6597521377592643     
   1.6596939659521697     
   1.6596358722632971     
   1.6595778565632122     
   1.6595199187227319     
   1.6594620586129223     
   1.6594042761050993     
   1.6593465710708271     
   1.6592889433819176     
   1.6592313929104314     
   1.6591739195286741     
   1.6591165231092000     
   1.6590592035248071     
   1.6590019606485393     
   1.6589447943536857     
   1.6588877045137780     
   1.6588306910025927     
   1.6587737536941498     
   1.6587168924627091     
   1.6586601071827747     
   1.6586033977290902     
   1.6585467639766409     
   1.6584902058006519     
   1.6584337230765875     
   1.6583773156801513     
   1.6583209834872856     
   1.6582647263741697     
   1.6582085442172210     
   1.6581524368930933     
   1.6580964042786774     
   1.6580404462510976     
   1.6579845626877165     
   1.6579287534661289     
   1.6578730184641643     
   1.6578173575598856     
   1.6577617706315892     
   1.6577062575578037     
   1.6576508182172889     
   1.6575954524890373     
   1.6575401602522704     
   1.6574849413864412     
   1.6574297957712334     
   1.6573747232865579     
   1.6573197238125557     
   1.6572647972295949     
   1.6572099434182730     
   1.6571551622594125     
   1.6571004536340641     
   1.6570458174235041     
   1.6569912535092339     
   1.6569367617729811     
   1.6568823420966969     
   1.6568279943625568     
   1.6567737184529596     
   1.6567195142505278     
   1.6566653816381056     
   1.6566113204987598     
   1.6565573307157788     
   1.6565034121726716     
   1.6564495647531676     
   1.6563957883412161     
   1.6563420828209867     
   1.6562884480768671     
   1.6562348839934640     
   1.6561813904556020     
   1.6561279673483229     
   1.6560746145568861     
   1.6560213319667674     
   1.6559681194636573     
   1.6559149769334636     
   1.6558619042623091     
   1.6558089013365302     
   1.6557559680426770     
   1.6557031042675150     
   1.6556503098980213     
   1.6555975848213857     
   1.6555449289250113     
   1.6554923420965115     
   1.6554398242237123     
   1.6553873751946486     
   1.6553349948975673     
   1.6552826832209244     
   1.6552304400533848     
   1.6551782652838229     
   1.6551261588013213     
   1.6550741204951704     
   1.6550221502548670     
   1.6549702479701174     
   1.6549184135308324     
   1.6548666468271287     
   1.6548149477493299     
   1.6547633161879634     
   1.6547117520337631     
   1.6546602551776648     
   1.6546088255108096     
   1.6545574629245410     
   1.6545061673104062     
   1.6544549385601544     
   1.6544037765657369     
   1.6543526812193061     
   1.6543016524132155     
   1.6542506900400196     
   1.6541997939924726     
   1.6541489641635290     
   1.6540982004463407     
   1.6540475027342620     
   1.6539968709208424     
   1.6539463048998302     
   1.6538958045651715     
   1.6538453698110100     
   1.6537950005316848     
   1.6537446966217311     
   1.6536944579758819     
   1.6536442844890633     
   1.6535941760563970     
   1.6535441325731999     
   1.6534941539349814     
   1.6534442400374467     
   1.6533943907764914     
   1.6533446060482064     
   1.6532948857488736     
   1.6532452297749669     
   1.6531956380231518     
   1.6531461103902851     
   1.6530966467734143     
   1.6530472470697759     
   1.6529979111767983     
   1.6529486389920975     
   1.6528994304134796     
   1.6528502853389384     
   1.6528012036666562     
   1.6527521852950031     
   1.6527032301225368     
   1.6526543380480012     
   1.6526055089703273     
   1.6525567427886318     
   1.6525080394022171     
   1.6524593987105718     
   1.6524108206133681     
   1.6523623050104630     
   1.6523138518018983     
   1.6522654608878986     
   1.6522171321688726     
   1.6521688655454110     
   1.6521206609182872     
   1.6520725181884575     
   1.6520244372570587     
   1.6519764180254093     
   1.6519284603950093     
   1.6518805642675387     
   1.6518327295448578     
   1.6517849561290057     
   1.6517372439222024     
   1.6516895928268458     
   1.6516420027455125     
   1.6515944735809578     
   1.6515470052361134     
   1.6514995976140907     
   1.6514522506181757     
   1.6514049641518329     
   1.6513577381187017     
   1.6513105724225976     
   1.6512634669675130     
   1.6512164216576142     
   1.6511694363972416     
   1.6511225110909118     
   1.6510756456433133     
   1.6510288399593103     
   1.6509820939439386     
   1.6509354075024079     
   1.6508887805400996     
   1.6508422129625677     
   1.6507957046755382     
   1.6507492555849079     
   1.6507028655967455     
   1.6506565346172892     
   1.6506102625529480     
   1.6505640493103013     
   1.6505178947960975     
   1.6504717989172544     
   1.6504257615808586     
   1.6503797826941651     
   1.6503338621645978     
   1.6502879998997468     
   1.6502421958073707     
   1.6501964497953956     
   1.6501507617719133     
   1.6501051316451816     
   1.6500595593236260     
   1.6500140447158362     
   1.6499685877305676     
   1.6499231882767404     
   1.6498778462634403     
   1.6498325615999154     
   1.6497873341955795     
   1.6497421639600087     
   1.6496970508029427     
   1.6496519946342847     
   1.6496069953640995     
   1.6495620529026138     
   1.6495171671602178     
   1.6494723380474610     
   1.6494275654750559     
   1.6493828493538747     
   1.6493381895949499     
   1.6492935861094751     
   1.6492490388088030     
   1.6492045476044457     
   1.6491601124080746     
   1.6491157331315200     
   1.6490714096867705     
   1.6490271419859719     
   1.6489829299414300     
   1.6489387734656058     
   1.6488946724711180     
   1.6488506268707432     
   1.6488066365774130     
   1.6487627015042161     
   1.6487188215643960     
   1.6486749966713528     
   1.6486312267386412     
   1.6485875116799704     
   1.6485438514092043     
   1.6485002458403619     
   1.6484566948876145     
   1.6484131984652879     
   1.6483697564878605     
   1.6483263688699645     
   1.6482830355263838     
   1.6482397563720552     
   1.6481965313220666     
   1.6481533602916578     
   1.6481102431962211     
   1.6480671799512980     
   1.6480241704725818     
   1.6479812146759156     
   1.6479383124772926     
   1.6478954637928562     
   1.6478526685388988     
   1.6478099266318622     
   1.6477672379883364     
   1.6477246025250605     
   1.6476820201589217     
   1.6476394908069547     
   1.6475970143863428     
   1.6475545908144149     
   1.6475122200086483     
   1.6474699018866659     
   1.6474276363662381     
   1.6473854233652805     
   1.6473432628018547     
   1.6473011545941678     
   1.6472590986605722     
   1.6472170949195641     
   1.6471751432897861     
   1.6471332436900235     
   1.6470913960392060     
   1.6470496002564077     
   1.6470078562608450     
   1.6469661639718776     
   1.6469245233090084     
   1.6468829341918827     
   1.6468413965402879     
   1.6467999102741533     
   1.6467584753135498     
   1.6467170915786895     
   1.6466757589899252     
   1.6466344774677515     
   1.6465932469328022     
   1.6465520673058525     
   1.6465109385078167     
   1.6464698604597485     
   1.6464288330828418     
   1.6463878562984289     
   1.6463469300279803     
   1.6463060541931060     
   1.6462652287155539     
   1.6462244535172095     
   1.6461837285200960     
   1.6461430536463739     
   1.6461024288183406     
   1.6460618539584313     
   1.6460213289892163     
   1.6459808538334029     
   1.6459404284138337     
   1.6459000526534879     
   1.6458597264754797     
   1.6458194498030576     
   1.6457792225596062     
   1.6457390446686442     
   1.6456989160538242     
   1.6456588366389333     
   1.6456188063478920     
   1.6455788251047538     
   1.6455388928337076     
   1.6454990094590725     
   1.6454591749053018     
   1.6454193890969806     
   1.6453796519588268     
   1.6453399634156898     
   1.6453003233925498     
   1.6452607318145200     
   1.6452211886068433     
   1.6451816936948933     
   1.6451422470041757     
   1.6451028484603245     
   1.6450634979891059     
   1.6450241955164140     
   1.6449849409682729     
   1.6449457342708360     
   1.6449065753503858     
   1.6448674641333336     
   1.6448284005462193     
   1.6447893845157104     
