   1.0000000000000000     
   1.0042630293114456     
   1.0042910682858741     
   1.0043160780456097     
   1.0043406200851215     
   1.0043647181714779     
   1.0043883926328765     
   1.0044116626495643     
   1.0044345463267184     
   1.0044570607608003     
   1.0044792221016166     
   1.0045010456103740     
   1.0045225457139928     
   1.0045437360559251     
   1.0045646295437085     
   1.0045852383934699     
   1.0046055741715811     
   1.0046256478336537     
   1.0046454697610452     
   1.0046650497950429     
   1.0046843972688788     
   1.0047035210377131     
   1.0047224295067223     
   1.0047411306574174     
   1.0047596320723029     
   1.0047779409579900     
   1.0047960641668621     
   1.0048140082173858     
   1.0048317793131585     
   1.0048493833607726     
   1.0048668259865727     
   1.0048841125523778     
   1.0049012481702380     
   1.0049182377162829     
   1.0049350858437249     
   1.0049517969950696     
   1.0049683754135836     
   1.0049848251540698     
   1.0050011500929918     
   1.0050173539379910     
   1.0050334402368324     
   1.0050494123858211     
   1.0050652736377148     
   1.0050810271091724     
   1.0050966757877620     
   1.0051122225385600     
   1.0051276701103644     
   1.0051430211415489     
   1.0051582781655766     
   1.0051734436162003     
   1.0051885198323633     
   1.0052035090628213     
   1.0052184134705038     
   1.0052332351366315     
   1.0052479760646007     
   1.0052626381836527     
   1.0052772233523424     
   1.0052917333618128     
   1.0053061699388939     
   1.0053205347490310     
   1.0053348293990567     
   1.0053490554398143     
   1.0053632143686400     
   1.0053773076317150     
   1.0053913366262957     
   1.0054053027028242     
   1.0054192071669330     
   1.0054330512813432     
   1.0054468362676694     
   1.0054605633081308     
   1.0054742335471767     
   1.0054878480930323     
   1.0055014080191653     
   1.0055149143656839     
   1.0055283681406626     
   1.0055417703214089     
   1.0055551218556644     
   1.0055684236627513     
   1.0055816766346646     
   1.0055948816371139     
   1.0056080395105138     
   1.0056211510709323     
   1.0056342171109947     
   1.0056472384007451     
   1.0056602156884713     
   1.0056731497014924     
   1.0056860411469102     
   1.0056988907123303     
   1.0057116990665500     
   1.0057244668602174     
   1.0057371947264606     
   1.0057498832814944     
   1.0057625331251976     
   1.0057751448416679     
   1.0057877189997524     
   1.0058002561535613     
   1.0058127568429527     
   1.0058252215940064     
   1.0058376509194724     
   1.0058500453192050     
   1.0058624052805785     
   1.0096197637997042     
   1.0134383909773357     
   1.0173153741733689     
   1.0212510504698944     
   1.0252457915995481     
   1.0293000001622037     
   1.0334141092496507     
   1.0375885815746919     
   1.0418239092019703     
   1.0461206129149323     
   1.0504792420191653     
   1.0549003739059455     
   1.0593846137073082     
   1.0639325942726041     
   1.0685449757703482     
   1.0732224457118393     
   1.0779657188278127     
   1.0827755368991858     
   1.0876526690250723     
   1.0925979113611533     
   1.0976120874297266     
   1.1026960480571220     
   1.1078506717530270     
   1.1130768645675142     
   1.1183755606871262     
   1.1237477223570322     
   1.1291943404776283     
   1.1347164346236873     
   1.1403150537297222     
   1.1459912761722877     
   1.1517462103809639     
   1.1575809952981455     
   1.1634968007593254     
   1.1694948280361199     
   1.1755763105349073     
   1.1817425142399185     
   1.1879947383099854     
   1.1943343158893174     
   1.2007626146292321     
   1.2072810374233689     
   1.2138910233343974     
   1.2205940482029640     
   1.2273916255593758     
   1.2342853073907261     
   1.2412766851456323     
   1.2483673906381720     
   1.2555590970696884     
   1.2628535198587916     
   1.2702524179615700     
   1.2777575947504651     
   1.2853708992956356     
   1.2930942275292530     
   1.3009295233197746     
   1.3088787800681572     
   1.3169440416647853     
   1.3251274041519494     
   1.3334310170897810     
   1.3418570849172746     
   1.3504078685881247     
   1.3590856873146018     
   1.3678929198849952     
   1.3768320066202668     
   1.3859054512456030     
   1.3951158224733282     
   1.4044657561005651     
   1.4139579570637841     
   1.4235952011936288     
   1.4333803379010392     
   1.4433162917418123     
   1.4534060654267078     
   1.4636527415135749     
   1.4740594855557676     
   1.4846295483267622     
   1.4953662683089637     
   1.5062730751151736     
   1.5173534918097875     
   1.5286111381236833     
   1.5400497337296826     
   1.5516731011933904     
   1.5634851696037231     
   1.5754899779611842     
   1.5876916787623139     
   1.6000945420360513     
   1.6127029590398596     
   1.6255214463908267     
   1.6385546505855322     
   1.6518073521442287     
   1.6652844704445917     
   1.6789910683053164     
   1.6929323573845643     
   1.7071137028519940     
   1.7215406293789806     
   1.7362188264903791     
   1.7511541546015681     
   1.7663526509916470     
   1.7818205365379156     
   1.7975642219959007     
   1.8135903154404804     
   1.8299056291496978     
   1.8465171875905515     
   1.8525505501193098     
   1.8584283504435271     
   1.8642749682324200     
   1.8700933010972736     
   1.8758847420854865     
   1.8816505982095943     
   1.8873921111546994     
   1.8931104612588139     
   1.8988067710624266     
   1.9044821086345205     
   1.9101374906916129     
   1.9157738855232211     
   1.9213922157362391     
   1.9269933608299001     
   1.9325781596122342     
   1.9381474124682003     
   1.9437018834890258     
   1.9492423024716419     
   1.9547693667965356     
   1.9602837431917846     
   1.9657860693905411     
   1.9712769556887477     
   1.9767569864094372     
   1.9822267212795346     
   1.9876866967247209     
   1.9931374270875271     
   1.9985794057735098     
   2.0040131063300417     
   2.0094389834619450     
   2.0148574739879352     
   2.0202689977415775     
   2.0256739584202159     
   2.0310727443851260     
   2.0364657294159034     
   2.0418532734219497     
   2.0472357231136753     
   2.0526134126359321     
   2.0579866641659779     
   2.0633557884781486     
   2.0687210854772831     
   2.0740828447027839     
   2.0794413458051184     
   2.0847968589964054     
   2.0901496454766715     
   2.0954999578372169     
   2.1008480404424779     
   2.1061941297916640     
   2.1115384548613565     
   2.1168812374302250     
   2.1222226923868797     
   2.1275630280218771     
   2.1329024463047928     
   2.1382411431472264     
   2.1435793086525630     
   2.1489171273532435     
   2.1542547784362673     
   2.1595924359576011     
   2.1649302690461072     
   2.1702684420976057     
   2.1756071149596097     
   2.1809464431072545     
   2.1862865778109217     
   2.1916276662959984     
   2.1969698518952265     
   2.2023132741940197     
   2.2076580691691552     
   2.2130043693211778     
   2.2183523038008666     
   2.2237019985300681     
   2.2290535763172059     
   2.2344071569677384     
   2.2397628573898261     
   2.2451207916954674     
   2.2504810712973233     
   2.2558438050014575     
   2.2612090990961997     
   2.2665770574373267     
   2.2719477815297342     
   2.2773213706057991     
   2.2826979217005618     
   2.2880775297239087     
   2.2934602875298937     
   2.2988462859833265     
   2.3042356140237708     
   2.3096283587270685     
   2.3150246053645027     
   2.3204244374597169     
   2.3258279368434907     
   2.3312351837064629     
   2.3366462566499058     
   2.3420612327346344     
   2.3474801875281290     
   2.3529031951499526     
   2.3583303283155481     
   2.3637616583784631     
   2.3691972553710943     
   2.3746371880439958     
   2.3800815239038258     
   2.3855303292499812     
   2.3909836692099691     
   2.3964416077735873     
   2.4019042078259414     
   2.4073715311793524     
   2.4128436386042074     
   2.4183205898587836     
   2.4238024437180954     
   2.4292892580017957     
   2.4347810896011728     
   2.4402779945052777     
   2.4457800278262152     
   2.4512872438236233     
   2.4567996959283813     
   2.4623174367655762     
   2.4678405181767413     
   2.4733689912414061     
   2.4789029062979848     
   2.4844423129640107     
   2.4899872601557616     
   2.4955377961072829     
   2.5010939683888327     
   2.5066558239247736     
   2.5122234090109279     
   2.5177967693314112     
   2.5233759499749731     
   2.5289609954508459     
   2.5345519497041309     
   2.5401488561307390     
   2.5457517575918853     
   2.5513606964281710     
   2.5569757144732543     
   2.5625968530671281     
   2.5682241530690195     
   2.5738576548699168     
   2.5794973984047429     
   2.5851434231641841     
   2.5907957682061831     
   2.5964544721671112     
   2.6021195732726254     
   2.6077911093482244     
   2.6134691178295109     
   2.6191536357721668     
   2.6248446998616606     
   2.6305423464226783     
   2.6362466114283012     
   2.6419575305089342     
   2.6476751389609854     
   2.6533994717553204     
   2.6591305635454749     
   2.6648684486756573     
   2.6706131611885295     
   2.6763647348327835     
   2.6821232030705131     
   2.6878885990843910     
   2.6936609557846567     
   2.6994403058159162     
   2.7052266815637660     
   2.7110201151612414     
   2.7168206384950975     
   2.7226282832119244     
   2.7284430807241042     
   2.7342650622156142     
   2.7400942586476793     
   2.7459307007642786     
   2.7517744190975106     
   2.7576254439728229     
   2.7634838055141029     
   2.7693495336486467     
   2.7752226581119950     
   2.7811032084526510     
   2.7869912140366777     
   2.7928867040521776     
   2.7987897075136656     
   2.8047002532663265     
   2.8106183699901699     
   2.8165440862040811     
   2.8224774302697733     
   2.8284184303956392     
   2.8343671146405076     
   2.8403235109173153     
   2.8462876469966787     
   2.8522595505103849     
   2.8582392489547961     
   2.8642267696941746     
   2.8702221399639196     
   2.8762253868737395     
   2.8822365374107308     
   2.8882556184424022     
   2.8942826567196098     
   2.9003176788794356     
   2.9063607114479897     
   2.9124117808431502     
   2.9184709133772389     
   2.9245381352596329     
   2.9306134725993145     
   2.9366969514073658     
   2.9427885975994021     
   2.9488884369979482     
   2.9549964953347665     
   2.9611127982531196     
   2.9672373713100004     
   2.9733702399782893     
   2.9795114296488787     
   2.9856609656327429     
   2.9918188731629654     
   2.9979851773967132     
   3.0041599034171771     
   3.0103430762354639     
   3.0165347207924418     
   3.0227348619605556     
   3.0289435245455945     
   3.0351607332884241     
   3.0413865128666799     
   3.0476208878964237     
   3.0538638829337654     
   3.0601155224764529     
   3.0663758309654163     
   3.0726448327862950     
   3.0789225522709245     
   3.0852090136987869     
   3.0915042412984413     
   3.0978082592489180     
   3.1041210916810824     
   3.1104427626789772     
   3.1167732962811296     
   3.1231127164818364     
   3.1294610472324211     
   3.1358183124424652     
   3.1421845359810150     
   3.1485597416777651     
   3.1549439533242163     
   3.1613371946748110     
   3.1677394894480466     
   3.1741508613275653     
   3.1805713339632282     
   3.1870009309721592     
   3.1934396759397732     
   3.1998875924207892     
   3.2063447039402160     
   3.2128110339943206     
   3.2192866060515826     
   3.2257714435536293     
   3.2322655699161467     
   3.2387690085297804     
   3.2452817827610199     
   3.2518039159530616     
   3.2583354314266586     
   3.2648763524809548     
   3.2714267023943062     
   3.2779865044250824     
   3.2845557818124549     
   3.2911345577771778     
   3.2977228555223412     
   3.3043206982341271     
   3.3109281090825395     
   3.3175451112221293     
   3.3241717277927005     
   3.3308079819200112     
   3.3374538967164540     
   3.3441094952817334     
   3.3507748007035261     
   3.3574498360581329     
   3.3641346244111170     
   3.3708291888179325     
   3.3775335523245480     
   3.3842477379680496     
   3.3909717687772396     
   3.3977056677732316     
   3.4044494579700220     
   3.4112031623750649     
   3.4179668039898328     
   3.4247404058103665     
   3.4315239908278188     
   3.4383175820289917     
   3.4451212023968592     
   3.4519348749110894     
   3.4587586225485527     
   3.4655924682838251     
   3.4724364350896826     
   3.4792905459375891     
   3.4861548237981799     
   3.4930292916417285     
   3.4999139724386179     
   3.5068088891597982     
   3.5137140647772389     
   3.5206295222643771     
   3.5275552845965557     
   3.5344913747514566     
   3.5414378157095294     
   3.5483946304544123     
   3.5553618419733475     
   3.5623394732575902     
   3.5693275473028163     
   3.5763260871095159     
   3.5833351156833912     
   3.5903546560357418     
   3.5973847311838472     
   3.6044253641513486     
   3.6114765779686158     
   3.6185383956731219     
   3.6256108403097995     
   3.6115872312449859     
   3.5972268057657040     
   3.5827819800602132     
   3.5682627386638712     
   3.5536759199915267     
   3.5390279894129257     
   3.5243250879920076     
   3.5095730513038506     
   3.4947774253651378     
   3.4799434825542330     
   3.4650762359412939     
   3.4501804536741982     
   3.4352606707334967     
   3.4203212021850575     
   3.4053661538009012     
   3.3903994332695788     
   3.3754247598593818     
   3.3604456745702178     
   3.3454655485841664     
   3.3304875916421821     
   3.3155148605514535     
   3.3005502661938455     
   3.2855965807437468     
   3.2706564446381181     
   3.2557323723548004     
   3.2408267590262723     
   3.2259418857881883     
   3.2110799246578390     
   3.1962429448615275     
   3.1814329162552468     
   3.1666517142567217     
   3.1519011249598039     
   3.1371828477593016     
   3.1224985007659507     
   3.1078496229367030     
   3.0932376790132974     
   3.0786640616339982     
   3.0641300951576214     
   3.0496370385211344     
   3.0351860876710148     
   3.0207783788559111     
   3.0064149910089788     
   2.9920969476515591     
   2.9778252199782798     
   2.9636007287509463     
   2.9494243461938296     
   2.9352968982800141     
   2.9212191667991512     
   2.9071918905445306     
   2.8932157679017863     
   2.8792914577991793     
   2.8654195816557451     
   2.8516007249571702     
   2.8378354383885265     
   2.8241242397298612     
   2.8104676145865319     
   2.7968660180786307     
   2.7833198759597568     
   2.7698295858589144     
   2.7563955181566278     
   2.7430180172705905     
   2.7296974024812615     
   2.7164339693307613     
   2.7032279901789038     
   2.6900797150675255     
   2.6769893729662666     
   2.6639571722454818     
   2.6509833015239215     
   2.6380679307706281     
   2.6252112117145758     
   2.6124132784978817     
   2.5996742486094848     
   2.5869942235357750     
   2.5743732889594231     
   2.5618115160766091     
   2.5493089614279816     
   2.5368656681644906     
   2.5244816658895792     
   2.5121569719456138     
   2.4998915910636521     
   2.4876855166023688     
   2.4755387304899386     
   2.4634512040806644     
   2.4514228980509802     
   2.4394537634978333     
   2.4275437417258319     
   2.4156927649170310     
   2.4039007565840258     
   2.3921676315753926     
   2.3804932969213257     
   2.3688776517055850     
   2.3573205875382692     
   2.3458219891048246     
   2.3343817340365254     
   2.3229996936275192     
   2.3116757325725374     
   2.3004097099198972     
   2.2892014787294865     
   2.2780508867503633     
   2.2669577762359729     
   2.2642916435304006     
   2.2616746084330934     
   2.2590978947029026     
   2.2565601120903644     
   2.2540599427094623     
   2.2515961309250683     
   2.2491674798540382     
   2.2467728480871063     
   2.2444111466121344     
   2.2420813359257021     
   2.2397824233209387     
   2.2375134603402458     
   2.2352735403823538     
   2.2330617964538124     
   2.2308773990556876     
   2.2287195541968492     
   2.2265875015257652     
   2.2244805125732992     
   2.2223978890994545     
   2.2203389615374935     
   2.2183030875292893     
   2.2162896505461616     
   2.2142980585898195     
   2.2123277429684083     
   2.2103781571429479     
   2.2084487756397877     
   2.2065390930249662     
   2.2046486229366442     
   2.2027768971720199     
   2.2009234648253693     
   2.1990878914740692     
   2.1972697584096732     
   2.1954686619112800     
   2.1936842125586362     
   2.1919160345825501     
   2.1901637652503796     
   2.1884270542844737     
   2.1867055633116008     
   2.1849989653415047     
   2.1833069442728728     
   2.1816291944250752     
   2.1799654200941756     
   2.1783153351317743     
   2.1766786625453562     
   2.1750551341189022     
   2.1734444900525718     
   2.1718464786203802     
   2.1702608558448260     
   2.1686873851875115     
   2.1671258372548419     
   2.1655759895179569     
   2.1640376260461025     
   2.1625105372526865     
   2.1609945196533107     
   2.1594893756351370     
   2.1579949132369478     
   2.1565109459393312     
   2.1550372924644354     
   2.1535737765847873     
   2.1521202269406823     
   2.1506764768656934     
   2.1492423642198757     
   2.1478177312302611     
   2.1464024243382620     
   2.1449962940536298     
   2.1435991948146356     
   2.1422109848541524     
   2.1408315260713402     
   2.1394606839086574     
   2.1380983272339305     
   2.1367443282272358     
   2.1353985622723544     
   2.1340609078525761     
   2.1327312464506507     
   2.1314094624526834     
   2.1300954430557804     
   2.1287890781792864     
   2.1274902603794228     
   2.1261988847671938     
   2.1249148489293872     
   2.1236380528525487     
   2.1223683988497797     
   2.1211057914902431     
   2.1198501375312531     
   2.1186013458528312     
   2.1173593273946283     
   2.1161239950951041     
   2.1148952638328691     
   2.1136730503700991     
   2.1124572732979292     
   2.1112478529837526     
   2.1100447115203362     
   2.1088477726766817     
   2.1076569618505654     
   2.1064722060226813     
   2.1052934337123266     
   2.1041205749345693     
   2.1029535611588326     
   2.1017923252688551     
   2.1006368015239523     
   2.0994869255215471     
   2.0983426341609128     
   2.0972038656080834     
   2.0960705592618845     
   2.0949426557210487     
   2.0938200967523688     
   2.0927028252598587     
   2.0915907852548723     
   2.0904839218271563     
   2.0893821811168038     
   2.0882855102870646     
   2.0871938574979927     
   2.0861071718809043     
   2.0850254035135949     
   2.0839485033963232     
   2.0828764234285053     
   2.0818091163861112     
   2.0807465358997370     
   2.0796886364333176     
   2.0786353732634826     
   2.0775867024595067     
   2.0765425808638511     
   2.0755029660732776     
   2.0744678164205008     
   2.0734370909563786     
   2.0724107494326116     
   2.0713887522849417     
   2.0703710606168269     
   2.0693576361835833     
   2.0683484413769726     
   2.0673434392102328     
   2.0663425933035207     
   2.0653458678697665     
   2.0643532277009258     
   2.0633646381546091     
   2.0623800651410824     
   2.0613994751106324     
   2.0604228350412725     
   2.0594501124267879     
   2.0584812752651098     
   2.0575162920470045     
   2.0565551317450677     
   2.0555977638030165     
   2.0546441581252748     
   2.0536942850668325     
   2.0527481154233778     
   2.0518056204216943     
   2.0508667717103108     
   2.0499315413504027     
   2.0489999018069271     
   2.0480718259399975     
   2.0471472869964833     
   2.0462262586018243     
   2.0453087147520654     
   2.0443946298060918     
   2.0434839784780694     
   2.0425767358300781     
   2.0416728772649364     
   2.0407723785192058     
   2.0398752156563775     
   2.0389813650602315     
   2.0380908034283651     
   2.0372035077658808     
   2.0363194553792390     
   2.0354386238702604     
   2.0345609911302800     
   2.0336865353344504     
   2.0328152349361788     
   2.0319470686617080     
   2.0310820155048321     
   2.0302200547217337     
   2.0293611658259598     
   2.0285053285835075     
   2.0276525230080424     
   2.0268027293562199     
   2.0259559281231310     
   2.0251121000378496     
   2.0242712260590898     
   2.0234332873709695     
   2.0225982653788686     
   2.0217661417053927     
   2.0209368981864251     
   2.0201105168672795     
   2.0192869799989346     
   2.0184662700343647     
   2.0176483696249505     
   2.0168332616169744     
   2.0160209290481976     
   2.0152113551445163     
   2.0144045233166930     
   2.0136004171571646     
   2.0127990204369208     
   2.0120003171024554     
   2.0112042912727857     
   2.0104109272365371     
   2.0096202094490989     
   2.0088321225298333     
   2.0080466512593587     
   2.0072637805768831     
   2.0064834955776019     
   2.0057057815101502     
   2.0049306237741131     
   2.0041580079175882     
   2.0033879196347999     
   2.0026203447637716     
   2.0018552692840381     
   2.0010926793144153     
   2.0003325611108140     
   1.9995749010641002     
   1.9988196856980003     
   1.9980669016670523     
   1.9973165357545972     
   1.9965685748708162     
   1.9958230060508031     
   1.9950798164526815     
   1.9943389933557603     
   1.9936005241587222     
   1.9928643963778558     
   1.9921305976453199     
   1.9913991157074418     
   1.9906699384230526     
   1.9899430537618568     
   1.9892184498028289     
   1.9884961147326474     
   1.9877760368441595     
   1.9870582045348688     
   1.9863426063054646     
   1.9856292307583687     
   1.9849180665963178     
   1.9842091026209676     
   1.9835023277315307     
   1.9827977309234330     
   1.9820953012870011     
   1.9813950280061712     
   1.9806969003572266     
   1.9800009077075531     
   1.9793070395144221     
   1.9786152853237955     
   1.9779256347691507     
   1.9772380775703304     
   1.9765526035324101     
   1.9758692025445899     
   1.9751878645791017     
   1.9745085796901423     
   1.9738313380128190     
   1.9731561297621201     
   1.9724829452319002     
   1.9718117747938824     
   1.9711426088966828     
   1.9704754380648475     
   1.9698102528979096     
   1.9691470440694587     
   1.9684858023262328     
   1.9678265184872177     
   1.9671691834427714     
   1.9665137881537520     
   1.9658603236506726     
   1.9652087810328600     
   1.9645591514676344     
   1.9639114261894997     
   1.9632655964993486     
   1.9626216537636787     
   1.9619795894138252     
   1.9613393949452016     
   1.9607010619165581     
   1.9600645819492479     
   1.9594299467265057     
   1.9587971479927393     
   1.9581661775528336     
   1.9575370272714627     
   1.9569096890724140     
   1.9562841549379235     
   1.9556604169080241     
   1.9550384670798957     
   1.9544182976072371     
   1.9537999006996372     
   1.9531832686219628     
   1.9525683936937517     
   1.9519552682886183     
   1.9513438848336655     
   1.9507342358089061     
   1.9501263137466951     
   1.9495201112311669     
   1.9489156208976843     
   1.9483128354322945     
   1.9477117475711900     
   1.9471123501001850     
   1.9465146358541907     
   1.9459185977167037     
   1.9453242286193011     
   1.9447315215411416     
   1.9441404695084754     
   1.9435510655941586     
   1.9429633029171773     
   1.9423771746421767     
   1.9417926739789990     
   1.9412097941822237     
   1.9406285285507181     
   1.9400488704271943     
   1.9394708131977696     
   1.9388943502915321     
   1.9383194751801200     
   1.9377461813772960     
   1.9371744624385361     
   1.9366043119606178     
   1.9360357235812196     
   1.9354686909785217     
   1.9349032078708122     
   1.9343392680161020     
   1.9337768652117413     
   1.9332159932940423     
   1.9326566461379084     
   1.9320988176564657     
   1.9315425018007009     
   1.9309876925591039     
   1.9304343839573153     
   1.9298825700577764     
   1.9293322449593870     
   1.9287834027971651     
   1.9282360377419123     
   1.9276901439998824     
   1.9271457158124548     
   1.9266027474558125     
   1.9260612332406231     
   1.9255211675117243     
   1.9249825446478150     
   1.9244453590611468     
   1.9239096051972222     
   1.9233752775344950     
   1.9228423705840763     
   1.9223108788894403     
   1.9217807970261398     
   1.9212521196015180     
   1.9207248412544298     
   1.9201989566549629     
   1.9196744605041640     
   1.9191513475337678     
   1.9186296125059290     
   1.9181092502129586     
   1.9175902554770601     
   1.9170726231500741     
   1.9165563481132213     
   1.9160414252768507     
   1.9155278495801911     
   1.9150156159911029     
   1.9145047195058371     
   1.9139951551487928     
   1.9134869179722789     
   1.9129800030562829     
   1.9124744055082328     
   1.9119701204627733     
   1.9114671430815333     
   1.9109654685529063     
   1.9104650920918254     
   1.9099660089395440     
   1.9094682143634216     
   1.9089717036567067     
   1.9084764721383247     
   1.9079825151526715     
   1.9074898280694024     
   1.9069984062832281     
   1.9065082452137156     
   1.9060193403050816     
   1.9055316870259991     
   1.9050452808694001     
   1.9045601173522799     
   1.9040761920155087     
   1.9035935004236388     
   1.9031120381647193     
   1.9026318008501089     
   1.9021527841142933     
   1.9016749836147038     
   1.9011983950315368     
   1.9007230140675768     
   1.9002488364480210     
   1.8997758579203041     
   1.8993040742539278     
   1.8988334812402901     
   1.8983640746925152     
   1.8978958504452916     
   1.8974288043547005     
   1.8969629322980588     
   1.8964982301737536     
   1.8960346939010853     
   1.8955723194201068     
   1.8951111026914707     
   1.8946510396962699     
   1.8941921264358890     
   1.8937343589318489     
   1.8932777332256596     
   1.8928222453786701     
   1.8923678914719217     
   1.8919146676060035     
   1.8914625699009060     
   1.8910115944958819     
   1.8905617375493018     
   1.8901129952385169     
   1.8896653637597196     
   1.8892188393278060     
   1.8887734181762428     
   1.8883290965569302     
   1.8878858707400714     
   1.8874437370140402     
   1.8870026916852494     
   1.8865627310780257     
   1.8861238515344780     
   1.8856860494143732     
   1.8852493210950114     
   1.8848136629711005     
   1.8843790714546347     
   1.8839455429747725     
   1.8835130739777168     
   1.8830816609265959     
   1.8826513003013439     
   1.8822219885985865     
   1.8817937223315233     
   1.8813664980298141     
   1.8809403122394652     
   1.8805151615227171     
   1.8800910424579333     
   1.8796679516394881     
   1.8792458856776615     
   1.8788248411985269     
   1.8784048148438464     
   1.8779858032709635     
   1.8775678031526986     
   1.8771508111772439     
   1.8767348240480621     
   1.8763198384837816     
   1.8759058512180979     
   1.8754928589996704     
   1.8750808585920260     
   1.8746698467734584     
   1.8742598203369312     
   1.8738507760899819     
   1.8734427108546248     
   1.8730356214672579     
   1.8726295047785664     
   1.8722243576534323     
   1.8718201769708398     
   1.8714169596237848     
   1.8710147025191852     
   1.8706134025777881     
   1.8702130567340847     
   1.8698136619362187     
   1.8694152151459007     
   1.8690177133383210     
   1.8686211535020636     
   1.8682255326390220     
   1.8678308477643131     
   1.8674370959061957     
   1.8670442741059849     
   1.8666523794179737     
   1.8662614089093472     
   1.8658713596601071     
   1.8654822287629855     
   1.8650940133233718     
   1.8647067104592292     
   1.8643203173010197     
   1.8639348309916262     
   1.8635502486862747     
   1.8631665675524602     
   1.8627837847698712     
   1.8624018975303129     
   1.8620209030376365     
   1.8616407985076637     
   1.8612615811681139     
   1.8608832482585334     
   1.8605057970302239     
   1.8601292247461696     
   1.8597535286809697     
   1.8593787061207665     
   1.8590047543631782     
   1.8586316707172286     
   1.8582594525032807     
   1.8578880970529679     
   1.8575176017091286     
   1.8571479638257389     
   1.8567791807678478     
   1.8564112499115120     
   1.8560441686437292     
   1.8556779343623777     
   1.8553125444761498     
   1.8549479964044899     
   1.8545842875775325     
   1.8542214154360392     
   1.8538593774313379     
   1.8534981710252616     
   1.8531377936900881     
   1.8527782429084798     
   1.8524195161734232     
   1.8520616109881725     
   1.8517045248661876     
   1.8513482553310796     
   1.8509927999165503     
   1.8506381561663359     
   1.8502843216341516     
   1.8499312938836336     
   1.8495790704882831     
   1.8492276490314137     
   1.8488770271060921     
   1.8485272023150883     
   1.8481781722708175     
   1.8478299345952895     
   1.8474824869200528     
   1.8471358268861444     
   1.8467899521440354     
   1.8464448603535799     
   1.8461005491839626     
   1.8457570163136496     
   1.8454142594303353     
   1.8450722762308929     
   1.8447310644213246     
   1.8443906217167112     
   1.8440509458411647     
   1.8437120345277762     
   1.8433738855185715     
   1.8430364965644583     
   1.8426998654251827     
   1.8423639898692792     
   1.8420288676740242     
   1.8416944966253892     
   1.8413608745179957     
   1.8410279991550671     
   1.8406958683483841     
   1.8403644799182399     
   1.8400338316933942     
   1.8397039215110293     
   1.8393747472167048     
   1.8390463066643150     
   1.8387185977160443     
   1.8383916182423226     
   1.8380653661217854     
   1.8377398392412285     
   1.8374150354955661     
   1.8370909527877897     
   1.8367675890289243     
   1.8364449421379894     
   1.8361230100419554     
   1.8358017906757049     
   1.8354812819819899     
   1.8351614819113933     
   1.8348423884222873     
   1.8345239994807956     
   1.8342063130607515     
   1.8338893271436609     
   1.8335730397186620     
   1.8332574487824869     
   1.8329425523394243     
   1.8326283484012800     
   1.8323148349873393     
   1.8320020101243308     
   1.8316898718463865     
   1.8313784181950079     
   1.8310676472190262     
   1.8307575569745680     
   1.8304481455250183     
   1.8301394109409839     
   1.8298313513002582     
   1.8295239646877857     
   1.8292172491956264     
   1.8289112029229213     
   1.8286058239758562     
   1.8283011104676294     
   1.8279970605184146     
   1.8276936722553296     
   1.8273909438124001     
   1.8270888733305273     
   1.8267874589574546     
   1.8264866988477335     
   1.8261865911626911     
   1.8258871340703970     
   1.8255883257456325     
   1.8252901643698549     
   1.8249926481311687     
   1.8246957752242916     
   1.8243995438505241     
   1.8241039522177176     
   1.8238089985402421     
   1.8235146810389571     
   1.8232209979411782     
   1.8229279474806492     
   1.8226355278975104     
   1.8223437374382669     
   1.8220525743557605     
   1.8217620369091403     
   1.8214721233638302     
   1.8211828319915022     
   1.8208941610700449     
   1.8206061088835370     
   1.8203186737222152     
   1.8200318538824485     
   1.8197456476667071     
   1.8194600533835357     
   1.8191750693475242     
   1.8188906938792813     
   1.8186069253054042     
   1.8183237619584531     
   1.8180412021769226     
   1.8177592443052144     
   1.8174778866936094     
   1.8171971276982446     
   1.8169169656810800     
   1.8166373990098772     
   1.8163584260581707     
   1.8160800452052406     
   1.8158022548360893     
   1.8155250533414127     
   1.8152484391175763     
   1.8149724105665883     
   1.8146969660960739     
   1.8144221041192521     
   1.8141478230549064     
   1.8138741213273644     
   1.8136009973664695     
   1.8133284496075577     
   1.8130564764914321     
   1.8127850764643396     
   1.8125142479779455     
   1.8122439894893090     
   1.8119742994608607     
   1.8117051763603778     
   1.8114366186609594     
   1.8111686248410053     
   1.8109011933841899     
   1.8106343227794404     
   1.8103680115209135     
   1.8101022581079720     
   1.8098370610451615     
   1.8095724188421882     
   1.8093083300138968     
   1.8090447930802465     
   1.8087818065662897     
   1.8085193690021490     
   1.8082574789229962     
   1.8079961348690285     
   1.8077353353854484     
   1.8074750790224416     
   1.8072153643351541     
   1.8069561898836715     
   1.8066975542329984     
   1.8064394559530361     
   1.8061818936185614     
   1.8059248658092064     
   1.8056683711094370     
   1.8054124081085321     
   1.8051569754005632     
   1.8049020715843733     
   1.8046476952635579     
   1.8043938450464425     
   1.8041405195460638     
   1.8038877173801500     
   1.8036354371710999     
   1.8033836775459622     
   1.8031324371364184     
   1.8028817145787603     
   1.8026315085138722     
   1.8023818175872115     
   1.8021326404487885     
   1.8018839757531466     
   1.8016358221593451     
   1.8013881783309391     
   1.8011410429359607     
   1.8008944146468995     
   1.8006482921406848     
   1.8004026740986674     
   1.8001575592065997     
   1.7999129461546182     
   1.7996688336372246     
   1.7994252203532701     
   1.7991821050059325     
   1.7989394863027015     
   1.7986973629553620     
   1.7984557336799725     
   1.7982145971968500     
   1.7979739522305520     
   1.7977337975098577     
   1.7974941317677526     
   1.7972549537414104     
   1.7970162621721739     
   1.7967780558055404     
   1.7965403333911434     
   1.7963030936827356     
   1.7960663354381723     
   1.7958300574193946     
   1.7955942583924123     
   1.7953589371272876     
   1.7951240923981189     
   1.7948897229830230     
   1.7946558276641196     
   1.7944224052275168     
   1.7941894544632913     
   1.7939569741654746     
   1.7937249631320364     
   1.7934934201648685     
   1.7932623440697699     
   1.7930317336564303     
   1.7928015877384120     
   1.7925719051331399     
   1.7923426846618802     
   1.7921139251497284     
   1.7918856254255924     
   1.7916577843221775     
   1.7914304006759720     
   1.7912034733272306     
   1.7909770011199599     
   1.7907509829019046     
   1.7905254175245298     
   1.7903003038430094     
   1.7900756407162084     
   1.7898514270066708     
   1.7896276615806022     
   1.7894043433078575     
   1.7891814710619260     
   1.7889590437199159     
   1.7887370601625405     
   1.7885155192741042     
   1.7882944199424886     
   1.7880737610591371     
   1.7878535415190422     
   1.7876337602207308     
   1.7874144160662497     
   1.7871955079611539     
   1.7869770348144893     
   1.7867589955387824     
   1.7865413890500248     
   1.7863242142676605     
   1.7861074701145709     
   1.7858911555170631     
   1.7856752694048557     
   1.7854598107110649     
   1.7852447783721921     
   1.7850301713281107     
   1.7848159885220523     
   1.7846022289005943     
   1.7843888914136461     
   1.7841759750144375     
   1.7839634786595036     
   1.7837514013086748     
   1.7835397419250616     
   1.7833284994750422     
   1.7831176729282525     
   1.7829072612575698     
   1.7826972634391021     
   1.7824876784521759     
   1.7822785052793235     
   1.7820697429062702     
   1.7818613903219220     
   1.7816534465183544     
   1.7814459104907998     
   1.7812387812376338     
   1.7810320577603656     
   1.7808257390636242     
   1.7806198241551474     
   1.7804143120457698     
   1.7802092017494098     
   1.7800044922830598     
   1.7798001826667735     
   1.7795962719236531     
   1.7793927590798393     
   1.7791896431644996     
   1.7789869232098157     
   1.7787845982509731     
   1.7785826673261491     
   1.7783811294765022     
   1.7781799837461589     
   1.7779792291822056     
   1.7777788648346742     
   1.7775788897565321     
   1.7773793030036735     
   1.7771801036349038     
   1.7769812907119320     
   1.7767828632993588     
   1.7765848204646655     
   1.7763871612782036     
   1.7761898848131832     
   1.7759929901456639     
   1.7757964763545411     
   1.7756003425215394     
   1.7754045877311981     
   1.7752092110708626     
   1.7750142116306751     
   1.7748195885035609     
   1.7746253407852211     
   1.7744314675741200     
   1.7742379679714770     
   1.7740448410812530     
   1.7738520860101439     
   1.7736597018675686     
   1.7734676877656588     
   1.7732760428192478     
   1.7730847661458640     
   1.7728938568657169     
   1.7727033141016901     
   1.7725131369793294     
   1.7723233246268340     
   1.7721338761750469     
   1.7719447907574433     
   1.7717560675101236     
   1.7715677055718015     
   1.7713797040837960     
   1.7711920621900190     
   1.7710047790369703     
   1.7708178537737234     
   1.7706312855519182     
   1.7704450735257535     
   1.7702592168519724     
   1.7700737146898584     
   1.7698885662012240     
   1.7697037705503982     
   1.7695193269042238     
   1.7693352344320421     
   1.7691514923056872     
   1.7689680996994759     
   1.7687850557901998     
   1.7686023597571130     
   1.7684200107819268     
   1.7682380080487983     
   1.7680563507443232     
   1.7678750380575248     
   1.7676940691798482     
   1.7675134433051487     
   1.7673331596296842     
   1.7671532173521056     
   1.7669736156734503     
   1.7667943537971311     
   1.7666154309289284     
   1.7664368462769833     
   1.7662585990517852     
   1.7660806884661677     
   1.7659031137352974     
   1.7657258740766650     
   1.7655489687100800     
   1.7653723968576589     
   1.7651961577438189     
   1.7650202505952690     
   1.7648446746410018     
   1.7646694291122851     
   1.7644945132426542     
   1.7643199262679032     
   1.7641456674260769     
   1.7639717359574636     
   1.7637981311045854     
   1.7636248521121920     
   1.7634518982272520     
   1.7632792686989438     
   1.7631069627786498     
   1.7629349797199469     
   1.7627633187785987     
   1.7625919792125497     
   1.7624209602819145     
   1.7622502612489721     
   1.7620798813781580     
   1.7619098199360552     
   1.7617400761913882     
   1.7615706494150150     
   1.7614015388799178     
   1.7612327438611985     
   1.7610642636360685     
   1.7608960974838421     
   1.7607282446859300     
   1.7605607045258300     
   1.7603934762891211     
   1.7602265592634558     
   1.7600599527385521     
   1.7598936560061871     
   1.7597276683601892     
   1.7595619890964311     
   1.7593966175128222     
   1.7592315529093012     
   1.7590667945878304     
   1.7589023418523868     
   1.7587381940089566     
   1.7585743503655262     
   1.7584108102320766     
   1.7582475729205764     
   1.7580846377449744     
   1.7579220040211916     
   1.7577596710671171     
   1.7575976382025986     
   1.7574359047494363     
   1.7572744700313758     
   1.7571133333741022     
   1.7569524941052335     
   1.7567919515543111     
   1.7566317050527964     
   1.7564717539340631     
   1.7563120975333890     
   1.7561527351879516     
   1.7559936662368192     
   1.7558348900209468     
   1.7556764058831673     
   1.7555182131681868     
   1.7553603112225762     
   1.7552026993947658     
   1.7550453770350392     
   1.7548883434955269     
   1.7547315981301979     
   1.7545751402948555     
   1.7544189693471310     
   1.7542630846464753     
   1.7541074855541550     
   1.7539521714332444     
   1.7537971416486196     
   1.7536423955669531     
   1.7534879325567063     
   1.7533337519881260     
   1.7531798532332332     
   1.7530262356658231     
   1.7528728986614528     
   1.7527198415974414     
   1.7525670638528585     
   1.7524145648085225     
   1.7522623438469911     
   1.7521104003525578     
   1.7519587337112446     
   1.7518073433107961     
   1.7516562285406754     
   1.7515053887920544     
   1.7513548234578122     
   1.7512045319325269     
   1.7510545136124698     
   1.7509047678956007     
   1.7507552941815607     
   1.7506060918716675     
   1.7504571603689092     
   1.7503084990779392     
   1.7501601074050699     
   1.7500119847582667     
   1.7498641305471434     
   1.7497165441829559     
   1.7495692250785972     
   1.7494221726485901     
   1.7492753863090846     
   1.7491288654778496     
   1.7489826095742691     
   1.7488366180193353     
   1.7486908902356444     
   1.7485454256473918     
   1.7484002236803629     
   1.7482552837619338     
   1.7481106053210600     
   1.7479661877882742     
   1.7478220305956804     
   1.7476781331769486     
   1.7475344949673102     
   1.7473911154035497     
   1.7472479939240042     
   1.7471051299685547     
   1.7469625229786208     
   1.7468201723971575     
   1.7466780776686499     
   1.7465362382391052     
   1.7463946535560517     
   1.7462533230685304     
   1.7461122462270915     
   1.7459714224837883     
   1.7458308512921734     
   1.7456905321072933     
   1.7455504643856821     
   1.7454106475853588     
   1.7452710811658201     
   1.7451317645880373     
   1.7449926973144494     
   1.7448538788089598     
   1.7447153085369309     
   1.7445769859651801     
   1.7444389105619718     
   1.7443010817970173     
   1.7441634991414656     
   1.7440261620679012     
   1.7438890700503391     
   1.7437522225642184     
   1.7436156190864001     
   1.7434792590951593     
   1.7433431420701835     
   1.7432072674925658     
   1.7430716348448017     
   1.7429362436107825     
   1.7428010932757934     
   1.7426661833265065     
   1.7425315132509769     
   1.7423970825386390     
   1.7422628906803002     
   1.7421289371681379     
   1.7419952214956957     
   1.7418617431578753     
   1.7417285016509356     
   1.7415954964724873     
   1.7414627271214869     
   1.7413301930982343     
   1.7411978939043675     
   1.7410658290428582     
   1.7409339980180070     
   1.7408024003354394     
   1.7406710355021020     
   1.7405399030262576     
   1.7404090024174805     
   1.7402783331866520     
   1.7401478948459586     
   1.7400176869088835     
   1.7398877088902065     
   1.7397579603059965     
   1.7396284406736102     
   1.7394991495116852     
   1.7393700863401373     
   1.7392412506801551     
   1.7391126420541987     
   1.7389842599859917     
   1.7388561040005202     
   1.7387281736240265     
   1.7386004683840064     
   1.7384729878092040     
   1.7383457314296096     
   1.7382186987764532     
   1.7380918893822015     
   1.7379653027805544     
   1.7378389385064401     
   1.7377127960960119     
   1.7375868750866439     
   1.7374611750169262     
   1.7373356954266632     
   1.7372104358568672     
   1.7370853958497545     
   1.7369605749487449     
   1.7368359726984530     
   1.7367115886446878     
   1.7365874223344484     
   1.7364634733159181     
   1.7363397411384631     
   1.7362162253526261     
   1.7360929255101256     
   1.7359698411638498     
   1.7358469718678531     
   1.7357243171773526     
   1.7356018766487260     
   1.7354796498395038     
   1.7353576363083700     
   1.7352358356151565     
   1.7351142473208392     
   1.7349928709875324     
   1.7348717061784908     
   1.7347507524580998     
   1.7346300093918763     
   1.7345094765464601     
   1.7343891534896176     
   1.7342690397902305     
   1.7341491350182965     
   1.7340294387449264     
   1.7339099505423372     
   1.7337906699838510     
   1.7336715966438914     
   1.7335527300979789     
   1.7334340699227280     
   1.7333156156958438     
   1.7331973669961185     
   1.7330793234034283     
   1.7329614844987280     
   1.7328438498640504     
   1.7327264190825009     
   1.7326091917382556     
   1.7324921674165550     
   1.7323753457037046     
   1.7322587261870686     
   1.7321423084550680     
   1.7320260920971764     
   1.7319100767039164     
   1.7317942618668583     
   1.7316786471786136     
   1.7315632322328354     
   1.7314480166242112     
   1.7313329999484632     
   1.7312181818023424     
   1.7311035617836266     
   1.7309891394911170     
   1.7308749145246352     
   1.7307608864850192     
   1.7306470549741213     
   1.7305334195948032     
   1.7304199799509352     
   1.7303067356473907     
   1.7301936862900447     
   1.7300808314857694     
   1.7299681708424328     
   1.7298557039688935     
   1.7297434304749986     
   1.7296313499715810     
   1.7295194620704559     
   1.7294077663844170     
   1.7292962625272348     
   1.7291849501136527     
   1.7290738287593843     
   1.7289628980811098     
   1.7288521576964735     
   1.7287416072240815     
   1.7286312462834958     
   1.7285210744952360     
   1.7284110914807718     
   1.7283012968625227     
   1.7281916902638537     
   1.7280822713090738     
   1.7279730396234321     
   1.7278639948331136     
   1.7277551365652395     
   1.7276464644478611     
   1.7275379781099596     
   1.7274296771814401     
   1.7273215612931325     
   1.7272136300767855     
   1.7271058831650645     
   1.7269983201915506     
   1.7268909407907347     
   1.7267837445980179     
   1.7266767312497060     
   1.7265699003830082     
   1.7264632516360332     
   1.7263567846477894     
   1.7262504990581768     
   1.7261443945079897     
   1.7260384706389105     
   1.7259327270935079     
   1.7258271635152351     
   1.7257217795484254     
   1.7256165748382915     
   1.7255115490309203     
   1.7254067017732730     
   1.7253020327131798     
   1.7251975414993388     
   1.7250932277813136     
   1.7249890912095296     
   1.7248851314352711     
   1.7247813481106808     
   1.7246777408887546     
   1.7245743094233408     
   1.7244710533691359     
   1.7243679723816840     
   1.7242650661173728     
   1.7241623342334309     
   1.7240597763879264     
   1.7239573922397633     
   1.7238551814486791     
   1.7237531436752431     
   1.7236512785808524     
   1.7235495858277305     
   1.7234480650789257     
   1.7233467159983051     
   1.7232455382505563     
   1.7231445315011824     
   1.7230436954165000     
   1.7229430296636374     
   1.7228425339105307     
   1.7227422078259229     
   1.7226420510793616     
   1.7225420633411939     
   1.7224422442825678     
   1.7223425935754262     
   1.7222431108925078     
   1.7221437959073418     
   1.7220446482942480     
   1.7219456677283314     
   1.7218468538854830     
   1.7217482064423764     
   1.7216497250764642     
   1.7215514094659765     
   1.7214532592899192     
   1.7213552742280709     
   1.7212574539609808     
   1.7211597981699660     
   1.7210623065371107     
   1.7209649787452610     
   1.7208678144780263     
   1.7207708134197732     
   1.7206739752556268     
   1.7205772996714657     
   1.7204807863539213     
   1.7203844349903750     
   1.7202882452689554     
   1.7201922168785377     
   1.7200963495087400     
   1.7200006428499215     
   1.7199050965931799     
   1.7198097104303505     
   1.7197144840540031     
   1.7196194171574386     
   1.7195245094346907     
   1.7194297605805176     
   1.7193351702904058     
   1.7192407382605654     
   1.7191464641879266     
   1.7190523477701409     
   1.7189583887055759     
   1.7188645866933145     
   1.7187709414331525     
   1.7186774526255966     
   1.7185841199718630     
   1.7184909431738746     
   1.7183979219342582     
   1.7183050559563433     
   1.7182123449441606     
   1.7181197886024382     
   1.7180273866366020     
   1.7179351387527704     
   1.7178430446577555     
   1.7177511040590590     
   1.7176593166648719     
   1.7175676821840691     
   1.7174762003262123     
   1.7173848708015429     
   1.7172936933209848     
   1.7172026675961385     
   1.7171117933392814     
   1.7170210702633644     
   1.7169304980820115     
   1.7168400765095169     
   1.7167498052608421     
   1.7166596840516157     
   1.7165697125981310     
   1.7164798906173433     
   1.7163902178268686     
   1.7163006939449814     
   1.7162113186906129     
   1.7161220917833495     
   1.7160330129434294     
   1.7159440818917431     
   1.7158552983498296     
   1.7157666620398748     
   1.7156781726847101     
   1.7155898300078110     
   1.7155016337332936     
   1.7154135835859141     
   1.7153256792910669     
   1.7152379205747819     
   1.7151503071637235     
   1.7150628387851885     
   1.7149755151671040     
   1.7148883360380256     
   1.7148013011271370     
   1.7147144101642446     
   1.7146276628797805     
   1.7145410590047976     
   1.7144545982709674     
   1.7143682804105804     
   1.7142821051565427     
   1.7141960722423755     
   1.7141101814022117     
   1.7140244323707949     
   1.7139388248834790     
   1.7138533586762241     
   1.7137680334855965     
   1.7136828490487654     
   1.7135978051035037     
   1.7135129013881829     
   1.7134281376417753     
   1.7133435136038480     
   1.7132590290145644     
   1.7131746836146822     
   1.7130904771455486     
   1.7130064093491044     
   1.7129224799678753     
   1.7128386887449767     
   1.7127550354241077     
   1.7126715197495503     
   1.7125881414661708     
   1.7125049003194128     
   1.7124217960553003     
   1.7123388284204331     
   1.7122559971619871     
   1.7121733020277112     
   1.7120907427659264     
   1.7120083191255246     
   1.7119260308559658     
   1.7118438777072769     
   1.7117618594300512     
   1.7116799757754455     
   1.7115982264951790     
   1.7115166113415317     
   1.7114351300673425     
   1.7113537824260074     
   1.7112725681714802     
   1.7111914870582674     
   1.7111105388414294     
   1.7110297232765777     
   1.7109490401198728     
   1.7108684891280248     
   1.7107880700582896     
   1.7107077826684693     
   1.7106276267169078     
   1.7105476019624923     
   1.7104677081646509     
   1.7103879450833503     
   1.7103083124790945     
   1.7102288101129246     
   1.7101494377464155     
   1.7100701951416748     
   1.7099910820613422     
   1.7099120982685883     
   1.7098332435271106     
   1.7097545176011351     
   1.7096759202554128     
   1.7095974512552199     
   1.7095191103663541     
   1.7094408973551345     
   1.7093628119884017     
   1.7092848540335128     
   1.7092070232583427     
   1.7091293194312820     
   1.7090517423212352     
   1.7089742916976198     
   1.7088969673303636     
   1.7088197689899056     
   1.7087426964471919     
   1.7086657494736772     
   1.7085889278413204     
   1.7085122313225853     
   1.7084356596904389     
   1.7083592127183485     
   1.7082828901802829     
   1.7082066918507084     
   1.7081306175045892     
   1.7080546669173859     
   1.7079788398650533     
   1.7079031361240387     
   1.7078275554712827     
   1.7077520976842153     
   1.7076767625407556     
   1.7076015498193118     
   1.7075264592987780     
   1.7074514907585330     
   1.7073766439784395     
   1.7073019187388432     
   1.7072273148205708     
   1.7071528320049292     
   1.7070784700737038     
   1.7070042288091563     
   1.7069301079940251     
   1.7068561074115243     
   1.7067822268453394     
   1.7067084660796297     
   1.7066348248990244     
   1.7065613030886224     
   1.7064879004339915     
   1.7064146167211645     
   1.7063414517366424     
   1.7062684052673891     
   1.7061954771008327     
   1.7061226670248624     
   1.7060499748278279     
   1.7059774002985395     
   1.7059049432262645     
   1.7058326034007278     
   1.7057603806121100     
   1.7056882746510458     
   1.7056162853086239     
   1.7055444123763841     
   1.7054726556463176     
   1.7054010149108654     
   1.7053294899629163     
   1.7052580805958066     
   1.7051867866033186     
   1.7051156077796796     
   1.7050445439195605     
   1.7049735948180733     
   1.7049027602707731     
   1.7048320400736541     
   1.7047614340231496     
   1.7046909419161305     
   1.7046205635499034     
   1.7045502987222121     
   1.7044801472312330     
   1.7044101088755761     
   1.7043401834542831     
   1.7042703707668259     
   1.7042006706131076     
   1.7041310827934577     
   1.7040616071086343     
   1.7039922433598218     
   1.7039229913486280     
   1.7038538508770864     
   1.7037848217476521     
   1.7037159037632024     
   1.7036470967270350     
   1.7035784004428665     
   1.7035098147148324     
   1.7034413393474850     
   1.7033729741457930     
   1.7033047189151396     
   1.7032365734613222     
   1.7031685375905510     
   1.7031006111094471     
   1.7030327938250438     
   1.7029650855447827     
   1.7028974860765138     
   1.7028299952284944     
   1.7027626128093893     
   1.7026953386282668     
   1.7026281724946011     
   1.7025611142182673     
   1.7024941636095443     
   1.7024273204791120     
   1.7023605846380492     
   1.7022939558978338     
   1.7022274340703416     
   1.7021610189678460     
   1.7020947104030146     
   1.7020285081889113     
   1.7019624121389922     
   1.7018964220671071     
   1.7018305377874974     
   1.7017647591147931     
   1.7016990858640177     
   1.7016335178505795     
   1.7015680548902763     
   1.7015026967992917     
   1.7014374433941950     
   1.7013722944919405     
   1.7013072499098651     
   1.7012423094656897     
   1.7011774729775146     
   1.7011127402638220     
   1.7010481111434745     
   1.7009835854357109     
   1.7009191629601497     
   1.7008548435367850     
   1.7007906269859872     
   1.7007265131285005     
   1.7006625017854433     
   1.7005985927783072     
   1.7005347859289546     
   1.7004710810596193     
   1.7004074779929041     
   1.7003439765517827     
   1.7002805765595950     
   1.7002172778400486     
   1.7001540802172164     
   1.7000909835155373     
   1.7000279875598139     
   1.6999650921752123     
   1.6999022971872608     
   1.6998396024218496     
   1.6997770077052285     
   1.6997145128640074     
   1.6996521177251540     
   1.6995898221159951     
   1.6995276258642127     
   1.6994655287978464     
   1.6994035307452888     
   1.6993416315352887     
   1.6992798309969466     
   1.6992181289597150     
   1.6991565252533991     
   1.6990950197081536     
   1.6990336121544833     
   1.6989723024232404     
   1.6989110903456268     
   1.6988499757531903     
   1.6987889584778242     
   1.6987280383517684     
   1.6986672152076054     
   1.6986064888782622     
   1.6985458591970084     
   1.6984853259974548     
   1.6984248891135534     
   1.6983645483795948     
   1.6983043036302108     
   1.6982441547003697     
   1.6981841014253787     
   1.6981241436408798     
   1.6980642811828521     
   1.6980045138876085     
   1.6979448415917964     
   1.6978852641323967     
   1.6978257813467221     
   1.6977663930724167     
   1.6977070991474554     
   1.6976478994101423     
   1.6975887936991123     
   1.6975297818533264     
   1.6974708637120739     
   1.6974120391149703     
   1.6973533079019572     
   1.6972946699133007     
   1.6972361249895915     
   1.6971776729717427     
   1.6971193137009903     
   1.6970610470188920     
   1.6970028727673265     
   1.6969447907884920     
   1.6968868009249067     
   1.6968289030194064     
   1.6967710969151453     
   1.6967133824555940     
   1.6966557594845391     
   1.6965982278460825     
   1.6965407873846419     
   1.6964834379449467     
   1.6964261793720405     
   1.6963690115112788     
   1.6963119342083284     
   1.6962549473091670     
   1.6961980506600818     
   1.6961412441076693     
   1.6960845274988345     
   1.6960279006807899     
   1.6959713635010538     
   1.6959149158074525     
   1.6958585574481155     
   1.6958022882714796     
   1.6957461081262821     
   1.6956900168615654     
   1.6956340143266739     
   1.6955781003712533     
   1.6955222748452510     
   1.6954665375989124     
   1.6954108884827841     
   1.6953553273477118     
   1.6952998540448365     
   1.6952444684255987     
   1.6951891703417346     
   1.6951339596452759     
   1.6950788361885498     
   1.6950237998241766     
   1.6949688504050715     
   1.6949139877844424     
   1.6948592118157875     
   1.6948045223528987     
   1.6947499192498572     
   1.6946954023610354     
   1.6946409715410931     
   1.6945866266449803     
   1.6945323675279345     
   1.6944781940454798     
   1.6944241060534271     
   1.6943701034078735     
   1.6943161859652003     
   1.6942623535820736     
   1.6942086061154440     
   1.6941549434225438     
   1.6941013653608885     
   1.6940478717882743     
   1.6939944625627799     
   1.6939411375427627     
   1.6938878965868611     
   1.6938347395539912     
   1.6937816663033485     
   1.6937286766944049     
   1.6936757705869099     
   1.6936229478408893     
   1.6935702083166446     
   1.6935175518747521     
   1.6934649783760616     
   1.6934124876816981     
   1.6933600796530577     
   1.6933077541518111     
   1.6932555110398975     
   1.6932033501795298     
   1.6931512714331909     
   1.6930992746636317     
   1.6930473597338742     
   1.6929955265072074     
   1.6929437748471887     
   1.6928921046176426     
   1.6928405156826596     
   1.6927890079065968     
   1.6927375811540761     
   1.6926862352899841     
   1.6926349701794712     
   1.6925837856879513     
   1.6925326816811013     
   1.6924816580248589     
   1.6924307145854258     
   1.6923798512292612     
   1.6923290678230871     
   1.6922783642338846     
   1.6922277403288926     
   1.6921771959756100     
   1.6921267310417925     
   1.6920763453954533     
   1.6920260389048614     
   1.6919758114385428     
   1.6919256628652781     
   1.6918755930541034     
   1.6918256018743079     
   1.6917756891954352     
   1.6917258548872820     
   1.6916760988198956     
   1.6916264208635770     
   1.6915768208888777     
   1.6915272987665999     
   1.6914778543677951     
   1.6914284875637648     
   1.6913791982260593     
   1.6913299862264770     
   1.6912808514370639     
   1.6912317937301131     
   1.6911828129781643     
   1.6911339090540025     
   1.6910850818306591     
   1.6910363311814092     
   1.6909876569797724     
   1.6909390590995126     
   1.6908905374146355     
   1.6908420917993903     
   1.6907937221282683     
   1.6907454282760006     
   1.6906972101175610     
   1.6906490675281622     
   1.6906010003832566     
   1.6905530085585365     
   1.6905050919299323     
   1.6904572503736124     
   1.6904094837659827     
   1.6903617919836860     
   1.6903141749036013     
   1.6902666324028432     
   1.6902191643587630     
   1.6901717706489445     
   1.6901244511512070     
   1.6900772057436040     
   1.6900300343044199     
   1.6899829367121739     
   1.6899359128456162     
   1.6898889625837286     
   1.6898420858057235     
   1.6897952823910443     
   1.6897485522193640     
   1.6897018951705853     
   1.6896553111248389     
   1.6896087999624845     
   1.6895623615641093     
   1.6895159958105281     
   1.6894697025827816     
   1.6894234817621376     
   1.6893773332300897     
   1.6893312568683549     
   1.6892852525588777     
   1.6892393201838245     
   1.6891934596255855     
   1.6891476707667756     
   1.6891019534902310     
   1.6890563076790097     
   1.6890107332163926     
   1.6889652299858802     
   1.6889197978711952     
   1.6888744367562785     
   1.6888291465252929     
   1.6887839270626177     
   1.6887387782528531     
   1.6886936999808153     
   1.6886486921315402     
   1.6886037545902797     
   1.6885588872425012     
   1.6885140899738902     
   1.6884693626703473     
   1.6884247052179875     
   1.6883801175031405     
   1.6883355994123515     
   1.6882911508323777     
   1.6882467716501901     
   1.6882024617529727     
   1.6881582210281219     
   1.6881140493632454     
   1.6880699466461617     
   1.6880259127649013     
   1.6879819476077040     
   1.6879380510630202     
   1.6878942230195086     
   1.6878504633660389     
   1.6878067719916867     
   1.6877631487857370     
   1.6877195936376821     
   1.6876761064372214     
   1.6876326870742608     
   1.6875893354389120     
   1.6875460514214931     
   1.6875028349125258     
   1.6874596858027391     
   1.6874166039830638     
   1.6873735893446355     
   1.6873306417787937     
   1.6872877611770800     
   1.6872449474312385     
   1.6872022004332154     
   1.6871595200751595     
   1.6871169062494187     
   1.6870743588485428     
   1.6870318777652824     
   1.6869894628925857     
   1.6869471141236030     
   1.6869048313516810     
   1.6868626144703660     
   1.6868204633734027     
   1.6867783779547323     
   1.6867363581084938     
   1.6866944037290232     
   1.6866525147108513     
   1.6866106909487062     
   1.6865689323375108     
   1.6865272387723822     
   1.6864856101486341     
   1.6864440463617716     
   1.6864025473074959     
   1.6863611128816993     
   1.6863197429804684     
   1.6862784375000814     
   1.6862371963370091     
   1.6861960193879129     
   1.6861549065496462     
   1.6861138577192523     
   1.6860728727939656     
   1.6860319516712097     
   1.6859910942485976     
   1.6859503004239320     
   1.6859095700952031     
   1.6858689031605900     
   1.6858282995184604     
   1.6857877590673671     
   1.6857472817060521     
   1.6857068673334430     
   1.6856665158486526     
   1.6856262271509812     
   1.6855860011399131     
   1.6855458377151185     
   1.6855057367764512     
   1.6854656982239493     
   1.6854257219578357     
   1.6853858078785147     
   1.6853459558865747     
   1.6853061658827866     
   1.6852664377681035     
   1.6852267714436595     
   1.6851871668107701     
   1.6851476237709331     
   1.6851081422258245     
   1.6850687220773026     
   1.6850293632274047     
   1.6849900655783465     
   1.6849508290325241     
   1.6849116534925115     
   1.6848725388610606     
   1.6848334850411022     
   1.6847944919357429     
   1.6847555594482682     
   1.6847166874821382     
   1.6846778759409911     
   1.6846391247286399     
   1.6846004337490741     
   1.6845618029064569     
   1.6845232321051271     
   1.6844847212495988     
   1.6844462702445586     
   1.6844078789948673     
   1.6843695474055584     
   1.6843312753818391     
   1.6842930628290895     
   1.6842549096528605     
   1.6842168157588762     
   1.6841787810530304     
   1.6841408054413898     
   1.6841028888301901     
   1.6840650311258387     
   1.6840272322349124     
   1.6839894920641567     
   1.6839518105204880     
   1.6839141875109904     
   1.6838766229429167     
   1.6838391167236879     
   1.6838016687608928     
   1.6837642789622880     
   1.6837269472357959     
   1.6836896734895075     
   1.6836524576316778     
   1.6836152995707308     
   1.6835781992152530     
   1.6835411564739982     
   1.6835041712558847     
   1.6834672434699955     
   1.6834303730255766     
   1.6833935598320391     
   1.6833568037989586     
   1.6833201048360715     
   1.6832834628532787     
   1.6832468777606433     
   1.6832103494683901     
   1.6831738778869063     
   1.6831374629267402     
   1.6831011044986011     
   1.6830648025133599     
   1.6830285568820469     
   1.6829923675158531     
   1.6829562343261295     
   1.6829201572243857     
   1.6828841361222910     
   1.6828481709316738     
   1.6828122615645196     
   1.6827764079329746     
   1.6827406099493389     
   1.6827048675260734     
   1.6826691805757954     
   1.6826335490112774     
   1.6825979727454501     
   1.6825624516913988     
   1.6825269857623666     
   1.6824915748717499     
   1.6824562189331020     
   1.6824209178601297     
   1.6823856715666947     
   1.6823504799668130     
   1.6823153429746553     
   1.6822802605045437     
   1.6822452324709554     
   1.6822102587885193     
   1.6821753393720180     
   1.6821404741363855     
   1.6821056629967073     
   1.6820709058682219     
   1.6820362026663180     
   1.6820015533065353     
   1.6819669577045651     
   1.6819324157762479     
   1.6818979274375749     
   1.6818634926046867     
   1.6818291111938732     
   1.6817947831215743     
   1.6817605083043778     
   1.6817262866590195     
   1.6816921181023852     
   1.6816580025515069     
   1.6816239399235646     
   1.6815899301358861     
   1.6815559731059451     
   1.6815220687513632     
   1.6814882169899075     
   1.6814544177394910     
   1.6814206709181732     
   1.6813869764441582     
   1.6813533342357965     
   1.6813197442115815     
   1.6812862062901528     
   1.6812527203902938     
   1.6812192864309314     
   1.6811859043311363     
   1.6811525740101234     
   1.6811192953872494     
   1.6810860683820148     
   1.6810528929140611     
   1.6810197689031736     
   1.6809866962692794     
   1.6809536749324461     
   1.6809207048128829     
   1.6808877858309406     
   1.6808549179071099     
   1.6808221009620228     
   1.6807893349164513     
   1.6807566196913066     
   1.6807239552076401     
   1.6806913413866420     
   1.6806587781496420     
   1.6806262654181081     
   1.6805938031136471     
   1.6805613911580042     
   1.6805290294730613     
   1.6804967179808388     
   1.6804644566034943     
   1.6804322452633227     
   1.6804000838827553     
   1.6803679723843596     
   1.6803359106908395     
   1.6803038987250352     
   1.6802719364099219     
   1.6802400236686110     
   1.6802081604243480     
   1.6801763466005144     
   1.6801445821206249     
   1.6801128669083294     
   1.6800812008874115     
   1.6800495839817879     
   1.6800180161155107     
   1.6799864972127629     
   1.6799550271978620     
   1.6799236059952571     
   1.6798922335295301     
   1.6798609097253954     
   1.6798296345076986     
   1.6797984078014172     
   1.6797672295316601     
   1.6797360996236670     
   1.6797050180028084     
   1.6796739845945852     
   1.6796429993246291     
   1.6796120621187014     
   1.6795811729026928     
   1.6795503316026243     
   1.6795195381446457     
   1.6794887924550355     
   1.6794580944602009     
   1.6794274440866779     
   1.6793968412611304     
   1.6793662859103502     
   1.6793357779612572     
   1.6793053173408983     
