   1.0000000000000000     
   1.0822581541774525     
   1.0829840427126569     
   1.0836710082730867     
   1.0843456143675778     
   1.0850084447521886     
   1.0856600422805276     
   1.0863009191895148     
   1.0869315589964015     
   1.0875524182706011     
   1.0881639282910467     
   1.0887664965966399     
   1.0893605084368356     
   1.0899463281289525     
   1.0905243003283474     
   1.0910947512171869     
   1.0916579896171805     
   1.0922143080312547     
   1.0927639836188472     
   1.0933072791091689     
   1.0938444436564969     
   1.0943757136412995     
   1.0949013134207290     
   1.0954214560317956     
   1.0959363438503062     
   1.0964461692084555     
   1.0969511149737576     
   1.0974513550918368     
   1.0979470550954191     
   1.0984383725817239     
   1.0989254576602960     
   1.0994084533731954     
   1.0998874960893266     
   1.1003627158745779     
   1.1008342368393269     
   1.1013021774647709     
   1.1017666509094315     
   1.1022277652971202     
   1.1026856239875333     
   1.1031403258305974     
   1.1035919654055952     
   1.1040406332460422     
   1.1044864160512136     
   1.1049293968851766     
   1.1053696553641053     
   1.1058072678326267     
   1.1062423075298842     
   1.1066748447459616     
   1.1071049469692749     
   1.1075326790254929     
   1.1079581032085164     
   1.1083812794040040     
   1.1088022652059157     
   1.1092211160264924     
   1.1096378852000868     
   1.1100526240812154     
   1.1104653821371899     
   1.1108762070356535     
   1.1112851447273362     
   1.1116922395243161     
   1.1120975341740558     
   1.1125010699294735     
   1.1129028866152806     
   1.1133030226908081     
   1.1137015153095373     
   1.1140984003755205     
   1.1144937125968799     
   1.1148874855365558     
   1.1152797516604633     
   1.1156705423832078     
   1.1160598881115020     
   1.1164478182854136     
   1.1168343614175720     
   1.1172195451304452     
   1.1176033961918028     
   1.1179859405484567     
   1.1183672033583894     
   1.1187472090213491     
   1.1191259812079999     
   1.1195035428877080     
   1.1198799163550373     
   1.1202551232550240     
   1.1206291846072969     
   1.1210021208291066     
   1.1213739517573176     
   1.1217446966694244     
   1.1221143743036384     
   1.1224830028780934     
   1.1228506001092211     
   1.1232171832293338     
   1.1235827690034563     
   1.1239473737454475     
   1.1243110133334444     
   1.1246737032246648     
   1.1250354584695978     
   1.1253962937256161     
   1.1257562232700355     
   1.1261152610126479     
   1.1264734205077580     
   1.1268307149657384     
   1.1271871572641383     
   1.1311963188608956     
   1.1352631223126424     
   1.1393866313814593     
   1.1435670848165154     
   1.1478047512183021     
   1.1520999278147355     
   1.1564529373841195     
   1.1608641366912698     
   1.1653339021926719     
   1.1698626384986686     
   1.1744507755948284     
   1.1790987683650311     
   1.1838070961661589     
   1.1885762624517424     
   1.1934067944410904     
   1.1982992428324439     
   1.2032541815577740     
   1.2082722075769650     
   1.2133539407104017     
   1.2185000235072749     
   1.2237111211489220     
   1.2289879213854671     
   1.2343311345041004     
   1.2397414933287831     
   1.2452197532490534     
   1.2507666922779919     
   1.2563831111378401     
   1.2620698333726708     
   1.2678277054874623     
   1.2736575971124338     
   1.2795604011930253     
   1.2855370342037904     
   1.2915884363867660     
   1.2977155720134932     
   1.3039194296700598     
   1.3102010225658818     
   1.3165613888647067     
   1.3230015920387517     
   1.3295227212454443     
   1.3361258917263534     
   1.3428122452292977     
   1.3495829504524139     
   1.3564392035112300     
   1.3633822284285888     
   1.3704132776470739     
   1.3775336325653160     
   1.3847446040970084     
   1.3920475332540900     
   1.3994437917537841     
   1.4069347826500973     
   1.4145219409902454     
   1.4222067344960214     
   1.4299906642715605     
   1.4378752655367737     
   1.4458621083880303     
   1.4539527985864680     
   1.4621489783739310     
   1.4704523273185841     
   1.4788645631893589     
   1.4873874428612603     
   1.4960227632519756     
   1.5047723622900224     
   1.5136381199168336     
   1.5226219591219978     
   1.5317258470140189     
   1.5409517959272343     
   1.5503018645654232     
   1.5597781591846809     
   1.5693828348151251     
   1.5791180965240779     
   1.5889862007213176     
   1.5989894565080862     
   1.6091302270714922     
   1.6194109311250555     
   1.6298340443985790     
   1.6404021011770935     
   1.6511176958922331     
   1.6619834847672121     
   1.6730021875168921     
   1.6841765891063283     
   1.6955095415681245     
   1.7070039658822247     
   1.7186628539199131     
   1.7304892704537718     
   1.7424863552377867     
   1.7546573251580673     
   1.7670054764586767     
   1.7795341870444812     
   1.7922469188642953     
   1.8051472203775700     
   1.8182387291070439     
   1.8315251742825436     
   1.8450103795772081     
   1.8586982659416522     
   1.8725928545393684     
   1.8866982697866193     
   1.9010187425030121     
   1.9155586131748263     
   1.9303223353376169     
   1.9453144790823262     
   1.9512405533198387     
   1.9571022562299638     
   1.9629386734436334     
   1.9687512298653493     
   1.9745411288869614     
   1.9803095131423025     
   1.9860574686659807     
   1.9917860281771971     
   1.9974961741558730     
   2.0031888417271073     
   2.0088649213663530     
   2.0145252614368996     
   2.0201706705704767     
   2.0258019199010793     
   2.0314197451614615     
   2.0370248486511255     
   2.0426179010840433     
   2.0481995433238196     
   2.0537703880135005     
   2.0593310211067442     
   2.0648820033066562     
   2.0704238714181615     
   2.0759571396194079     
   2.0814823006573335     
   2.0869998269722085     
   2.0925101717556300     
   2.0980137699461707     
   2.1035110391666065     
   2.1090023806063898     
   2.1144881798527968     
   2.1199688076739647     
   2.1254446207568094     
   2.1309159624026419     
   2.1363831631830954     
   2.1418465415588335     
   2.1473064044633241     
   2.1527630478538384     
   2.1582167572316830     
   2.1636678081335416     
   2.1691164665957081     
   2.1745629895928293     
   2.1800076254527294     
   2.1854506142487500     
   2.1908921881709542     
   2.1963325718774698     
   2.2017719828271600     
   2.2072106315947195     
   2.2126487221692583     
   2.2180864522373285     
   2.2235240134513226     
   2.2289615916840928     
   2.2343993672705964     
   2.2398375152373236     
   2.2452762055202045     
   2.2507156031716677     
   2.2561558685574661     
   2.2615971575438469     
   2.2670396216756314     
   2.2724834083456851     
   2.2779286609562974     
   2.2833755190728890     
   2.2888241185704943     
   2.2942745917734051     
   2.2997270675883521     
   2.3051816716315825     
   2.3106385263501497     
   2.3160977511377454     
   2.3215594624453444     
   2.3270237738869559     
   2.3324907963407258     
   2.3379606380456415     
   2.3434334046940641     
   2.3489091995203020     
   2.3543881233854327     
   2.3598702748585638     
   2.3653557502947020     
   2.3708446439094226     
   2.3763370478504715     
   2.3818330522664737     
   2.3873327453728748     
   2.3928362135152614     
   2.3983435412301763     
   2.4038548113035567     
   2.4093701048269023     
   2.4148895012512837     
   2.4204130784392910     
   2.4259409127150189     
   2.4314730789121701     
   2.4370096504203782     
   2.4425506992298196     
   2.4480962959741861     
   2.4536465099721081     
   2.4592014092670800     
   2.4647610606659613     
   2.4703255297761126     
   2.4758948810412233     
   2.4814691777758955     
   2.4870484821990222     
   2.4926328554660211     
   2.4982223576999689     
   2.5038170480216793     
   2.5094169845787664     
   2.5150222245737415     
   2.5206328242911740     
   2.5262488391239573     
   2.5318703235987141     
   2.5374973314003788     
   2.5431299153959790     
   2.5487681276576577     
   2.5544120194849578     
   2.5600616414264019     
   2.5657170433003902     
   2.5713782742154390     
   2.5770453825897985     
   2.5827184161704491     
   2.5883974220515227     
   2.5940824466921546     
   2.5997735359337897     
   2.6054707350169659     
   2.6111740885975916     
   2.6168836407627314     
   2.6225994350459225     
   2.6283215144420309     
   2.6340499214216795     
   2.6397846979452333     
   2.6455258854763946     
   2.6512735249953820     
   2.6570276570117426     
   2.6627883215767829     
   2.6685555582956471     
   2.6743294063390426     
   2.6801099044546426     
   2.6858970909781497     
   2.6916910038440576     
   2.6974916805960985     
   2.7032991583974111     
   2.7091134740404081     
   2.7149346639563787     
   2.7207627642248213     
   2.7265978105825166     
   2.7324398384323523     
   2.7382888828519047     
   2.7441449786017835     
   2.7500081601337505     
   2.7558784615986180     
   2.7617559168539327     
   2.7676405594714493     
   2.7735324227444051     
   2.7794315396946034     
   2.7853379430793002     
   2.7912516653979083     
   2.7971727388985332     
   2.8031011955843179     
   2.8090370672196410     
   2.8149803853361344     
   2.8209311812385529     
   2.8268894860104861     
   2.8328553305199260     
   2.8388287454246828     
   2.8448097611776668     
   2.8507984080320323     
   2.8567947160461875     
   2.8627987150886769     
   2.8688104348429397     
   2.8748299048119468     
   2.8808571543227148     
   2.8868922125307179     
   2.8929351084241750     
   2.8989858708282350     
   2.9050445284090580     
   2.9111111096777944     
   2.9171856429944620     
   2.9232681565717273     
   2.9293586784785943     
   2.9354572366440057     
   2.9415638588603468     
   2.9476785727868728     
   2.9538014059530440     
   2.9599323857617867     
   2.9660715394926700     
   2.9722188943050103     
   2.9783744772408931     
   2.9845383152281335     
   2.9907104350831561     
   2.9968908635138081     
   3.0030796271221072     
   3.0092767524069290     
   3.0154822657666198     
   3.0216961935015565     
   3.0279185618166435     
   3.0341493968237518     
   3.0403887245440990     
   3.0466365709105792     
   3.0528929617700333     
   3.0591579228854711     
   3.0654314799382401     
   3.0717136585301441     
   3.0780044841855165     
   3.0843039823532461     
   3.0906121784087506     
   3.0969290976559165     
   3.1032547653289879     
   3.1095892065944115     
   3.1159324465526512     
   3.1222845102399477     
   3.1286454226300515     
   3.1350152086359127     
   3.1413938931113337     
   3.1477815008525831     
   3.1541780565999846     
   3.1605835850394577     
   3.1669981108040393     
   3.1734216584753594     
   3.1798542525850930     
   3.1862959176163850     
   3.1927466780052316     
   3.1992065581418481     
   3.2056755823719945     
   3.2121537749982840     
   3.2186411602814586     
   3.2251377624416384     
   3.2316436056595479     
   3.2381587140777155     
   3.2446831118016490     
   3.2512168229009841     
   3.2577598714106188     
   3.2643122813318115     
   3.2708740766332718     
   3.2774452812522177     
   3.2840259190954160     
   3.2906160140402063     
   3.2972155899355013     
   3.3038246706027627     
   3.3104432798369690     
   3.3170714414075557     
   3.3237091790593434     
   3.3303565165134410     
   3.3370134774681413     
   3.3436800855997908     
   3.3503563645636500     
   3.3570423379947330     
   3.3637380295086325     
   3.3704434627023341     
   3.3771586611550051     
   3.3838836484287853     
   3.3906184480695436     
   3.3973630836076385     
   3.4041175785586573     
   3.4108819564241371     
   3.4176562406922826     
   3.4244404548386695     
   3.4312346223269277     
   3.4380387666094219     
   3.4448529111279163     
   3.4516770793142273     
   3.4585112945908656     
   3.4653555803716709     
   3.4722099600624303     
   3.4790744570614880     
   3.4859490947603478     
   3.4928338965442651     
   3.4997288857928233     
   3.5066340858805094     
   3.5135495201772735     
   3.5204752120490825     
   3.5274111848584648     
   3.5343574619650457     
   3.5413140667260743     
   3.5482810224969410     
   3.5552583526316912     
   3.5622460804835261     
   3.5692442294052982     
   3.5762528227499968     
   3.5832718838712334     
   3.5903014361237098     
   3.5973415028636877     
   3.6043921074494403     
   3.6114532732417159     
   3.6185250236041742     
   3.6256073819038281     
   3.6327003715114796     
   3.6398040158021412     
   3.6469183381554604     
   3.6540433619561323     
   3.6611791105943094     
   3.6683256074660036     
   3.6754828759734837     
   3.6826509395256699     
   3.6898298215385181     
   3.6970195454354027     
   3.7042201346474908     
   3.7114316126141169     
   3.7186540027831461     
   3.7258873286113392     
   3.7331316135647072     
   3.7403868811188645     
   3.7476531547593783     
   3.7549304579821081     
   3.7622188142935502     
   3.7695182472111668     
   3.7589918240527362     
   3.7482786541982298     
   3.7374588219767348     
   3.7265384527734526     
   3.7155231083268760     
   3.7044181009689203     
   3.6932285080636484     
   3.6819591844364217     
   3.6706147740394743     
   3.6591997209052884     
   3.6477182794363130     
   3.6361745240762264     
   3.6245723583997940     
   3.6129155236638817     
   3.6012076068514598     
   3.5894520482433396     
   3.5776521485479109     
   3.5658110756168715     
   3.5539318707757186     
   3.5420174547900971     
   3.5300706334955310     
   3.5180941031086927     
   3.5060904552417496     
   3.4940621816395323     
   3.4820116786540489     
   3.4699412514764010     
   3.4578531181385102     
   3.4457494132996462     
   3.4336321918326052     
   3.4215034322184810     
   3.4093650397656381     
   3.3972188496605291     
   3.3850666298620173     
   3.3729100838482426     
   3.3607508532244590     
   3.3485905202015496     
   3.3364306099499732     
   3.3242725928400851     
   3.3121178865724179     
   3.2999678582055325     
   3.2878238260883381     
   3.2756870616994127     
   3.2635587914022923     
   3.2514401981184080     
   3.2393324229235998     
   3.2272365665731990     
   3.2151536909570466     
   3.2030848204917231     
   3.1910309434503636     
   3.1789930132348561     
   3.1669719495940298     
   3.1549686397886005     
   3.1429839397082815     
   3.1310186749414375     
   3.1190736418007887     
   3.1071496083072270     
   3.0952473151333475     
   3.0833674765102006     
   3.0715107810964049     
   3.0596778928147339     
   3.0478694516551270     
   3.0360860744468230     
   3.0243283556018086     
   3.0125968678287762     
   3.0008921628217262     
   2.9892147719221662     
   2.9775652067569269     
   2.9659439598536697     
   2.9543515052326597     
   2.9427882989787668     
   2.9312547797924067     
   2.9197513695210300     
   2.9082784736729197     
   2.8968364819118366     
   2.8854257685360474     
   2.8740466929402420     
   2.8626996000620641     
   2.8513848208137844     
   2.8401026724992313     
   2.8288534592178736     
   2.8176374722542645     
   2.8064549904562086     
   2.7953062805998705     
   2.7841915977432441     
   2.7731111855690158     
   2.7620652767154423     
   2.7510540930979870     
   2.7400778462201374     
   2.7291367374747098     
   2.7182309584364401     
   2.7073606911444474     
   2.6965261083772809     
   2.6857273739189087     
   2.6749646375457519     
   2.6642380564681085     
   2.6535477636262224     
   2.6428938893292240     
   2.6322765561092596     
   2.6216958789420377     
   2.6111519654620849     
   2.6090459552131229     
   2.6069834667924807     
   2.6049603724571924     
   2.6029752870920810     
   2.6010268929935787     
   2.5991139352459611     
   2.5972352181816261     
   2.5953896020601603     
   2.5935759999517809     
   2.5917933748119886     
   2.5900407367351033     
   2.5883171403751848     
   2.5866216825235933     
   2.5849534998331456     
   2.5833117666794996     
   2.5816956931509889     
   2.5801045231587381     
   2.5785375326593907     
   2.5769940279833188     
   2.5754733442616198     
   2.5739748439456616     
   2.5724979154133414     
   2.5710419716566015     
   2.5696064490450961     
   2.5681908061612617     
   2.5667945227023052     
   2.5654170984449620     
   2.5640580522691212     
   2.5627169212366701     
   2.5613932597221520     
   2.5600866385920424     
   2.5587966444296697     
   2.5575228788029780     
   2.5562649575725267     
   2.5550225102372845     
   2.5537951793159226     
   2.5525826197614685     
   2.5513844984073222     
   2.5502004934427500     
   2.5490302939161005     
   2.5478735992640940     
   2.5467301188656553     
   2.5455995716188271     
   2.5444816855394272     
   2.5433761973801690     
   2.5422828522690670     
   2.5412014033660042     
   2.5401316115364221     
   2.5390732450411506     
   2.5380260792414653     
   2.5369898963184951     
   2.5359644850061955     
   2.5349496403370995     
   2.5339451634001597     
   2.5329508611099998     
   2.5319665459869434     
   2.5309920359472442     
   2.5300271541029491     
   2.5290717285708846     
   2.5281255922902646     
   2.5271885828484786     
   2.5262605423145983     
   2.5253413170802315     
   2.5244307577073077     
   2.5235287187824551     
   2.5226350587776194     
   2.5217496399166146     
   2.5208723280472904     
   2.5200029925190486     
   2.5191415060654281     
   2.5182877446915177     
   2.5174415875659459     
   2.5166029169172357     
   2.5157716179343099     
   2.5149475786709381     
   2.5141306899539524     
   2.5133208452950355     
   2.5125179408059344     
   2.5117218751169190     
   2.5109325492983467     
   2.5101498667851949     
   2.5093737333044097     
   2.5086040568049683     
   2.5078407473905049     
   2.5070837172544120     
   2.5063328806172955     
   2.5055881536666793     
   2.5048494544988684     
   2.5041167030628784     
   2.5033898211063330     
   2.5026687321232615     
   2.5019533613037028     
   2.5012436354850549     
   2.5005394831050789     
   2.4998408341565166     
   2.4991476201432286     
   2.4984597740378094     
   2.4977772302406187     
   2.4970999245401644     
   2.4964277940747954     
   2.4957607772956441     
   2.4950988139307748     
   2.4944418449504933     
   2.4937898125337683     
   2.4931426600357289     
   2.4925003319561929     
   2.4918627739091885     
   2.4912299325934373     
   2.4906017557637554     
   2.4899781922033486     
   2.4893591916969595     
   2.4887447050048417     
   2.4881346838375364     
   2.4875290808314090     
   2.4869278495249354     
   2.4863309443356947     
   2.4857383205380650     
   2.4851499342415724     
   2.4845657423698948     
   2.4839857026404824     
   2.4834097735447820     
   2.4828379143290387     
   2.4822700849756631     
   2.4817062461851402     
   2.4811463593584562     
   2.4805903865800469     
   2.4800382906012208     
   2.4794900348240705     
   2.4789455832858316     
   2.4784049006436990     
   2.4778679521600608     
   2.4773347036881579     
   2.4768051216581402     
   2.4762791730635212     
   2.4757568254480016     
   2.4752380468926658     
   2.4747228060035305     
   2.4742110718994388     
   2.4737028142002826     
   2.4731980030155563     
   2.4726966089332159     
   2.4721986030088434     
   2.4717039567551105     
   2.4712126421315146     
   2.4707246315344071     
   2.4702398977872804     
   2.4697584141313143     
   2.4692801542161793     
   2.4688050920910820     
   2.4683332021960482     
   2.4678644593534367     
   2.4673988387596770     
   2.4669363159772226     
   2.4664768669267163     
   2.4660204678793591     
   2.4655670954494795     
   2.4651167265872900     
   2.4646693385718379     
   2.4642249090041326     
   2.4637834158004512     
   2.4633448371858151     
   2.4629091516876334     
   2.4624763381295063     
   2.4620463756251874     
   2.4616192435726982     
   2.4611949216485898     
   2.4607733898023478     
   2.4603546282509399     
   2.4599386174734983     
   2.4595253382061326     
   2.4591147714368722     
   2.4587068984007341     
   2.4583017005749110     
   2.4578991596740805     
   2.4574992576458210     
   2.4571019766661499     
   2.4567072991351613     
   2.4563152076727737     
   2.4559256851145772     
   2.4555387145077865     
   2.4551542791072816     
   2.4547723623717506     
   2.4543929479599194     
   2.4540160197268759     
   2.4536415617204730     
   2.4532695581778245     
   2.4528999935218776     
   2.4525328523580674     
   2.4521681194710485     
   2.4518057798215045     
   2.4514458185430272     
   2.4510882209390723     
   2.4507329724799782     
   2.4503800588000608     
   2.4500294656947701     
   2.4496811791179094     
   2.4493351851789229     
   2.4489914701402360     
   2.4486500204146653     
   2.4483108225628794     
   2.4479738632909136     
   2.4476391294477500     
   2.4473066080229424     
   2.4469762861442939     
   2.4466481510755882     
   2.4463221902143717     
   2.4459983910897773     
   2.4456767413604013     
   2.4453572288122238     
   2.4450398413565724     
   2.4447245670281306     
   2.4444113939829908     
   2.4441003104967436     
   2.4437913049626099     
   2.4434843658896157     
   2.4431794819007955     
   2.4428766417314467     
   2.4425758342274047     
   2.4422770483433682     
   2.4419802731412465     
   2.4416854977885509     
   2.4413927115568108     
   2.4411019038200266     
   2.4408130640531533     
   2.4405261818306121     
   2.4402412468248338     
   2.4399582488048313     
   2.4396771776347994     
   2.4393980232727435     
   2.4391207757691324     
   2.4388454252655829     
   2.4385719619935631     
   2.4383003762731255     
   2.4380306585116638     
   2.4377627992026940     
   2.4374967889246548     
   2.4372326183397366     
   2.4369702781927294     
   2.4367097593098919     
   2.4364510525978442     
   2.4361941490424810     
   2.4359390397078982     
   2.4356857157353531     
   2.4354341683422298     
   2.4351843888210318     
   2.4349363685383887     
   2.4346900989340856     
   2.4344455715201061     
   2.4342027778796931     
   2.4339617096664257     
   2.4337223586033190     
   2.4334847164819284     
   2.4332487751614806     
   2.4330145265680119     
   2.4327819626935279     
   2.4325510755951725     
   2.4323218573944168     
   2.4320943002762543     
   2.4318683964884191     
   2.4316441383406096     
   2.4314215182037278     
   2.4312005285091387     
   2.4309811617479267     
   2.4307634104701807     
   2.4305472672842798     
   2.4303327248561959     
   2.4301197759088100     
   2.4299084132212299     
   2.4296986296281333     
   2.4294904180191090     
   2.4292837713380160     
   2.4290786825823507     
   2.4288751448026233     
   2.4286731511017461     
   2.4284726946344315     
   2.4282737686065978     
   2.4280763662747842     
   2.4278804809455781     
   2.4276861059750496     
   2.4274932347681926     
   2.4273018607783765     
   2.4271119775068093     
   2.4269235785020014     
   2.4267366573592479     
   2.4265512077201072     
   2.4263672232718978     
   2.4261846977471957     
   2.4260036249233430     
   2.4258239986219623     
   2.4256458127084795     
   2.4254690610916505     
   2.4252937377231012     
   2.4251198365968669     
   2.4249473517489433     
   2.4247762772568437     
   2.4246066072391583     
   2.4244383358551271     
   2.4242714573042110     
   2.4241059658256758     
   2.4239418556981787     
   2.4237791212393605     
   2.4236177568054442     
   2.4234577567908402     
   2.4232991156277564     
   2.4231418277858121     
   2.4229858877716595     
   2.4228312901286109     
   2.4226780294362653     
   2.4225261003101521     
   2.4223754974013652     
   2.4222262153962109     
   2.4220782490158608     
   2.4219315930160072     
   2.4217862421865193     
   2.4216421913511121     
   2.4214994353670138     
   2.4213579691246392     
   2.4212177875472700     
   2.4210788855907319     
   2.4209412582430865     
   2.4208049005243182     
   2.4206698074860302     
   2.4205359742111425     
   2.4204033958135929     
   2.4202720674380482     
   2.4201419842596059     
   2.4200131414835160     
   2.4198855343448926     
   2.4197591581084388     
   2.4196340080681691     
   2.4195100795471371     
   2.4193873678971678     
   2.4192658684985906     
   2.4191455767599823     
   2.4190264881179022     
   2.4189085980366398     
   2.4187919020079618     
   2.4186763955508632     
   2.4185620742113221     
   2.4184489335620540     
   2.4183369692022745     
   2.4182261767574595     
   2.4181165518791117     
   2.4180080902445322     
   2.4179007875565861     
   2.4177946395434793     
   2.4176896419585376     
   2.4175857905799805     
   2.4174830812107091     
   2.4173815096780862     
   2.4172810718337265     
   2.4171817635532831     
   2.4170835807362421     
   2.4169865193057172     
   2.4168905752082441     
   2.4167957444135819     
   2.4167020229145155     
   2.4166094067266570     
   2.4165178918882519     
   2.4164274744599910     
   2.4163381505248176     
   2.4162499161877395     
   2.4161627675756487     
   2.4160767008371336     
   2.4159917121422998     
   2.4159077976825905     
   2.4158249536706111     
   2.4157431763399533     
   2.4156624619450215     
   2.4155828067608653     
   2.4155042070830017     
   2.4154266592272609     
   2.4153501595296083     
   2.4152747043459892     
   2.4152002900521636     
   2.4151269130435464     
   2.4150545697350503     
   2.4149832565609275     
   2.4149129699746172     
   2.4148437064485919     
   2.4147754624742026     
   2.4147082345615347     
   2.4146420192392539     
   2.4145768130544658     
   2.4145126125725649     
   2.4144494143770947     
   2.4143872150696049     
   2.4143260112695102     
   2.4142657996139523     
   2.4142065767576621     
   2.4141483393728236     
   2.4140910841489398     
   2.4140348077926976     
   2.4139795070278383     
   2.4139251785950266     
   2.4138718192517197     
   2.4138194257720427     
   2.4137679949466602     
   2.4137175235826511     
   2.4136680085033855     
   2.4136194465484020     
   2.4135718345732853     
   2.4135251694495499     
   2.4134794480645159     
   2.4134346673211953     
   2.4133908241381747     
   2.4133479154494997     
   2.4133059382045601     
   2.4132648893679796     
   2.4132247659195003     
   2.4131855648538769     
   2.4131472831807610     
   2.4131099179245985     
   2.4130734661245192     
   2.4130379248342315     
   2.4130032911219157     
   2.4129695620701206     
   2.4129367347756632     
   2.4129048063495224     
   2.4128737739167390     
   2.4128436346163173     
   2.4128143856011235     
   2.4127860240377901     
   2.4127585471066162     
   2.4127319520014723     
   2.4127062359297069     
   2.4126813961120459     
   2.4126574297825085     
   2.4126343341883061     
   2.4126121065897550     
   2.4125907442601835     
   2.4125702444858450     
   2.4125506045658236     
   2.4125318218119522     
   2.4125138935487196     
   2.4124968171131873     
   2.4124805898549013     
   2.4124652091358105     
   2.4124506723301797     
   2.4124369768245053     
   2.4124241200174366     
   2.4124120993196896     
   2.4124009121539700     
   2.4123905559548908     
   2.4123810281688916     
   2.4123723262541614     
   2.4123644476805626     
   2.4123573899295470     
   2.4123511504940875     
   2.4123457268785953     
   2.4123411165988484     
   2.4123373171819154     
   2.4123343261660835     
   2.4123321411007823     
   2.4123307595465140     
   2.4123301790747806     
   2.4123303972680126     
   2.4123314117194954     
   2.4123332200333074     
   2.4123358198242411     
   2.4123392087177402     
   2.4123433843498310     
   2.4123483443670533     
   2.4123540864263924     
   2.4123606081952182     
   2.4123679073512130     
   2.4123759815823096     
   2.4123848285866276     
   2.4123944460724069     
   2.4124048317579474     
   2.4124159833715413     
   2.4124278986514165     
   2.4124405753456708     
   2.4124540112122124     
   2.4124682040186975     
   2.4124831515424736     
   2.4124988515705161     
   2.4125153018993708     
   2.4125325003350953     
   2.4125504446932009     
   2.4125691327985948     
   2.4125885624855221     
   2.4126087315975098     
   2.4126296379873127     
   2.4126512795168540     
   2.4126736540571723     
   2.4126967594883659     
   2.4127205936995400     
   2.4127451545887517     
   2.4127704400629550     
   2.4127964480379518     
   2.4128231764383368     
   2.4128506231974454     
   2.4128787862573011     
   2.4129076635685687     
   2.4129372530904982     
   2.4129675527908780     
   2.4129985606459829     
   2.4130302746405259     
   2.4130626927676087     
   2.4130958130286717     
   2.4131296334334484     
   2.4131641519999154     
   2.4131993667542453     
   2.4132352757307585     
   2.4132718769718791     
   2.4133091685280865     
   2.4133471484578695     
   2.4133858148276799     
   2.4134251657118910     
   2.4134651991927467     
   2.4135059133603223     
   2.4135473063124775     
   2.4135893761548131     
   2.4136321210006280     
   2.4136755389708746     
   2.4137196281941180     
   2.4137643868064922     
   2.4138098129516568     
   2.4138559047807586     
   2.4139026604523868     
   2.4139500781325345     
   2.4139981559945540     
   2.4140468922191207     
   2.4140962849941898     
   2.4141463325149584     
   2.4141970329838238     
   2.4142483846103460     
   2.4143003856112077     
   2.4143530342101767     
   2.4144063286380648     
   2.4144602671326933     
   2.4145148479388530     
   2.4145700693082666     
   2.4146259294995525     
   2.4146824267781870     
   2.4147395594164669     
   2.4147973256934767     
   2.4148557238950463     
   2.4149147523137220     
   2.4149744092487246     
   2.4150346930059183     
   2.4150956018977752     
   2.4151571342433367     
   2.4152192883681836     
   2.4152820626044007     
   2.4153454552905402     
   2.4154094647715909     
   2.4154740893989421     
   2.4155393275303534     
   2.4156051775299181     
   2.4156716377680336     
   2.4157387066213647     
   2.4158063824728164     
   2.4158746637114983     
   2.4159435487326926     
   2.4160130359378247     
   2.4160831237344293     
   2.4161538105361213     
   2.4162250947625630     
   2.4162969748394354     
   2.4163694491984038     
   2.4164425162770935     
   2.4165161745190531     
   2.4165904223737296     
   2.4166652582964341     
   2.4167406807483198     
   2.4168166881963438     
   2.4168932791132431     
   2.4169704519775062     
   2.4170482052733404     
   2.4171265374906472     
   2.4172054471249926     
   2.4172849326775792     
   2.4173649926552185     
   2.4174456255703012     
   2.4175268299407739     
   2.4176086042901059     
   2.4176909471472694     
   2.4177738570467042     
   2.4178573325282975     
   2.4179413721373555     
   2.4180259744245753     
   2.4181111379460209     
   2.4181968612630951     
   2.4182831429425145     
   2.4183699815562840     
   2.4184573756816738     
   2.4185453239011867     
   2.4186338248025407     
   2.4187228769786397     
   2.4188124790275505     
   2.4189026295524765     
   2.4189933271617350     
   2.4190845704687298     
   2.4191763580919319     
   2.4192686886548493     
   2.4193615607860095     
   2.4194549731189299     
   2.4195489242920982     
   2.4196434129489477     
   2.4197384377378328     
   2.4198339973120073     
   2.4199300903296024     
   2.4200267154535999     
   2.4201238713518145     
   2.4202215566968683     
   2.4203197701661670     
   2.4204185104418823     
   2.4205177762109251     
   2.4206175661649256     
   2.4207178790002133     
   2.4208187134177890     
   2.4209200681233121     
   2.4210219418270715     
   2.4211243332439678     
   2.4212272410934923     
   2.4213306640997052     
   2.4214346009912138     
   2.4215390505011536     
   2.4216440113671651     
   2.4217494823313785     
   2.4218554621403867     
   2.4219619495452260     
   2.4220689433013636     
   2.4221764421686669     
   2.4222844449113912     
   2.4223929502981552     
   2.4225019571019257     
   2.4226114640999947     
   2.4227214700739612     
   2.4228319738097110     
   2.4229429740973996     
   2.4230544697314294     
   2.4231664595104356     
   2.4232789422372636     
   2.4233919167189519     
   2.4235053817667116     
   2.4236193361959115     
   2.4237337788260560     
   2.4238487084807687     
   2.4239641239877741     
   2.4240800241788785     
   2.4241964078899527     
   2.4243132739609154     
   2.4244306212357123     
   2.4245484485623017     
   2.4246667547926348     
   2.4247855387826394     
   2.4249047993922028     
   2.4250245354851514     
   2.4251447459292379     
   2.4252654295961236     
   2.4253865853613563     
   2.4255082121043605     
   2.4256303087084161     
   2.4257528740606440     
   2.4258759070519869     
   2.4259994065771950     
   2.4261233715348109     
   2.4262478008271486     
   2.4263726933602818     
   2.4264980480440261     
   2.4266238637919226     
   2.4267501395212219     
   2.4268768741528701     
   2.4270040666114907     
   2.4271317158253689     
   2.4272598207264395     
   2.4273883802502669     
   2.4275173933360321     
   2.4276468589265163     
   2.4277767759680886     
   2.4279071434106867     
   2.4280379602078037     
   2.4281692253164731     
   2.4283009376972537     
   2.4284330963142171     
   2.4285657001349281     
   2.4286987481304334     
   2.4288322392752466     
   2.4289661725473337     
   2.4291005469280988     
   2.4292353614023687     
   2.4293706149583780     
   2.4295063065877587     
   2.4296424352855208     
   2.4297790000500448     
   2.4299159998830588     
   2.4300534337896353     
   2.4301913007781670     
   2.4303295998603605     
   2.4304683300512195     
   2.4306074903690309     
   2.4307470798353541     
   2.4308870974750025     
   2.4310275423160359     
   2.4311684133897424     
   2.4313097097306282     
   2.4314514303764012     
   2.4315935743679646     
   2.4317361407493951     
   2.4318791285679353     
   2.4320225368739803     
   2.4321663647210618     
   2.4323106111658426     
   2.4324552752680928     
   2.4326003560906893     
   2.4327458526995915     
   2.4328917641638390     
   2.4330380895555330     
   2.4331848279498245     
   2.4333319784249068     
   2.4334795400619944     
   2.4336275119453203     
   2.4337758931621165     
   2.4339246828026067     
   2.4340738799599921     
   2.4342234837304386     
   2.4343734932130681     
   2.4345239075099436     
   2.4346747257260590     
   2.4348259469693265     
   2.4349775703505658     
   2.4351295949834921     
   2.4352820199847045     
   2.4354348444736744     
   2.4355880675727333     
   2.4357416884070648     
   2.4358957061046893     
   2.4360501197964548     
   2.4362049286160232     
   2.4363601316998658     
   2.4365157281872420     
   2.4366717172201984     
   2.4368280979435508     
   2.4369848695048764     
   2.4371420310545027     
   2.4372995817454965     
   2.4374575207336515     
   2.4376158471774803     
   2.4377745602382013     
   2.4379336590797309     
   2.4380931428686692     
   2.4382530107742948     
   2.4384132619685466     
   2.4385738956260203     
   2.4387349109239578     
   2.4388963070422305     
   2.4390580831633359     
   2.4392202384723851     
   2.4393827721570900     
   2.4395456834077582     
   2.4397089714172782     
   2.4398726353811124     
   2.4400366744972866     
   2.4402010879663774     
   2.4403658749915085     
   2.4405310347783344     
   2.4406965665350318     
   2.4408624694722945     
   2.4410287428033177     
   2.4411953857437934     
   2.4413623975118970     
   2.4415297773282800     
   2.4416975244160604     
   2.4418656380008108     
   2.4420341173105511     
   2.4422029615757408     
   2.4423721700292660     
   2.4425417419064330     
   2.4427116764449557     
   2.4428819728849511     
   2.4430526304689271     
   2.4432236484417720     
   2.4433950260507502     
   2.4435667625454878     
   2.4437388571779675     
   2.4439113092025173     
   2.4440841178758057     
   2.4442572824568245     
   2.4444308022068886     
   2.4446046763896243     
   2.4447789042709585     
   2.4449534851191119     
   2.4451284182045900     
   2.4453037028001736     
   2.4454793381809150     
   2.4456553236241199     
   2.4458316584093480     
   2.4460083418184015     
   2.4461853731353140     
   2.4463627516463458     
   2.4465404766399739     
   2.4467185474068840     
   2.4468969632399604     
   2.4470757234342830     
   2.4472548272871131     
   2.4474342740978874     
   2.4476140631682104     
   2.4477941938018484     
   2.4479746653047165     
   2.4481554769848728     
   2.4483366281525143     
   2.4485181181199609     
   2.4486999462016557     
   2.4488821117141515     
   2.4490646139761059     
   2.4492474523082719     
   2.4494306260334908     
   2.4496141344766857     
   2.4497979769648497     
   2.4499821528270438     
   2.4501666613943844     
   2.4503515020000393     
   2.4505366739792178     
   2.4507221766691649     
   2.4509080094091509     
   2.4510941715404684     
   2.4512806624064205     
   2.4514674813523154     
   2.4516546277254592     
   2.4518421008751501     
   2.4520299001526653     
   2.4522180249112608     
   2.4524064745061600     
   2.4525952482945463     
   2.4527843456355591     
   2.4529737658902842     
   2.4531635084217460     
   2.4533535725949021     
   2.4535439577766356     
   2.4537346633357489     
   2.4539256886429555     
   2.4541170330708724     
   2.4543086959940155     
   2.4545006767887911     
   2.4546929748334887     
   2.4548855895082764     
   2.4550785201951904     
   2.4552717662781318     
   2.4554653271428570     
   2.4556592021769745     
   2.4558533907699336     
   2.4560478923130211     
   2.4562427061993537     
   2.4564378318238709     
   2.4566332685833290     
   2.4568290158762958     
   2.4570250731031398     
   2.4572214396660295     
   2.4574181149689220     
   2.4576150984175582     
   2.4578123894194586     
   2.4580099873839139     
   2.4582078917219783     
   2.4584061018464674     
   2.4586046171719476     
   2.4588034371147311     
   2.4590025610928694     
   2.4592019885261487     
   2.4594017188360811     
   2.4596017514459003     
   2.4598020857805571     
   2.4600027212667062     
   2.4602036573327091     
   2.4604048934086227     
   2.4606064289261931     
   2.4608082633188526     
   2.4610103960217113     
   2.4612128264715523     
   2.4614155541068241     
   2.4616185783676365     
   2.4618218986957547     
   2.4620255145345911     
   2.4622294253292027     
   2.4624336305262822     
   2.4626381295741551     
   2.4628429219227717     
   2.4630480070237000     
   2.4632533843301263     
   2.4634590532968419     
   2.4636650133802411     
   2.4638712640383167     
   2.4640778047306520     
   2.4642846349184158     
   2.4644917540643561     
   2.4646991616327973     
   2.4649068570896309     
   2.4651148399023142     
   2.4653231095398596     
   2.4655316654728345     
   2.4657405071733507     
   2.4659496341150646     
   2.4661590457731655     
   2.4663687416243758     
   2.4665787211469423     
   2.4667889838206318     
   2.4669995291267273     
   2.4672103565480175     
   2.4674214655687994     
   2.4676328556748661     
   2.4678445263535052     
   2.4680564770934916     
   2.4682687073850871     
   2.4684812167200256     
   2.4686940045915189     
   2.4689070704942435     
   2.4691204139243399     
   2.4693340343794064     
   2.4695479313584912     
   2.4697621043620925     
   2.4699765528921498     
   2.4701912764520402     
   2.4704062745465722     
   2.4706215466819832     
   2.4708370923659326     
   2.4710529111074946     
   2.4712690024171589     
   2.4714853658068221     
   2.4717020007897847     
   2.4719189068807417     
   2.4721360835957849     
   2.4723535304523914     
   2.4725712469694230     
   2.4727892326671221     
   2.4730074870671013     
   2.4732260096923455     
   2.4734448000672011     
   2.4736638577173773     
   2.4738831821699376     
   2.4741027729532936     
   2.4743226295972054     
   2.4745427516327734     
   2.4747631385924329     
   2.4749837900099538     
   2.4752047054204320     
   2.4754258843602863     
   2.4756473263672536     
   2.4758690309803839     
   2.4760909977400392     
   2.4763132261878824     
   2.4765357158668797     
   2.4767584663212925     
   2.4769814770966714     
   2.4772047477398580     
   2.4774282777989729     
   2.4776520668234165     
   2.4778761143638643     
   2.4781004199722583     
   2.4783249832018086     
   2.4785498036069842     
   2.4787748807435124     
   2.4790002141683707     
   2.4792258034397872     
   2.4794516481172324     
   2.4796777477614160     
   2.4799041019342840     
   2.4801307101990133     
   2.4803575721200088     
   2.4805846872628949     
   2.4808120551945199     
   2.4810396754829411     
   2.4812675476974322     
   2.4814956714084686     
   2.4817240461877308     
   2.4819526716080946     
   2.4821815472436333     
   2.4824106726696082     
   2.4826400474624681     
   2.4828696711998437     
   2.4830995434605425     
   2.4833296638245481     
   2.4835600318730133     
   2.4837906471882576     
   2.4840215093537630     
   2.4842526179541693     
   2.4844839725752719     
   2.4847155728040167     
   2.4849474182284950     
   2.4851795084379433     
   2.4854118430227365     
   2.4856444215743845     
   2.4858772436855285     
   2.4861103089499386     
   2.4863436169625084     
   2.4865771673192509     
   2.4868109596172956     
   2.4870449934548877     
   2.4872792684313780     
   2.4875137841472239     
   2.4877485402039845     
   2.4879835362043168     
   2.4882187717519724     
   2.4884542464517936     
   2.4886899599097103     
   2.4889259117327338     
   2.4891621015289580     
   2.4893985289075498     
   2.4896351934787520     
   2.4898720948538755     
   2.4901092326452958     
   2.4903466064664515     
   2.4905842159318388     
   2.4908220606570102     
   2.4910601402585688     
   2.4912984543541667     
   2.4915370025624983     
   2.4917757845033015     
   2.4920147997973507     
   2.4922540480664552     
   2.4924935289334558     
   2.4927332420222177     
   2.4929731869576339     
   2.4932133633656162     
   2.4934537708730935     
   2.4936944091080093     
   2.4939352776993182     
   2.4941763762769802     
   2.4944177044719620     
   2.4946592619162282     
   2.4949010482427427     
   2.4951430630854641     
   2.4953853060793385     
   2.4956277768603039     
   2.4958704750652800     
   2.4961134003321686     
   2.4963565522998490     
   2.4965999306081761     
   2.4968435348979741     
   2.4970873648110392     
   2.4973314199901298     
   2.4975757000789685     
   2.4978202047222338     
   2.4980649335655634     
   2.4983098862555462     
   2.4985550624397206     
   2.4988004617665718     
   2.4990460838855277     
   2.4992919284469579     
   2.4995379951021688     
   2.4997842835033994     
   2.5000307933038224     
   2.5002775241575366     
   2.5005244757195673     
   2.5007716476458621     
   2.5010190395932863     
   2.5012666512196229     
   2.5015144821835675     
   2.5017625321447250     
   2.5020108007636099     
   2.5022592877016399     
   2.5025079926211333     
   2.5027569151853082     
   2.5030060550582776     
   2.5032554119050481     
   2.5035049853915150     
   2.5037547751844613     
   2.5040047809515551     
   2.5042550023613446     
   2.5045054390832564     
   2.5047560907875930     
   2.5050069571455302     
   2.5052580378291132     
   2.5055093325112541     
   2.5057608408657308     
   2.5060125625671827     
   2.5062644972911068     
   2.5065166447138560     
   2.5067690045126394     
   2.5070215763655144     
   2.5072743599513867     
   2.5075273549500072     
   2.5077805610419701     
   2.5080339779087089     
   2.5082876052324945     
   2.5085414426964325     
   2.5087954899844589     
   2.5090497467813409     
   2.5093042127726717     
   2.5095588876448662     
   2.5098137710851649     
   2.5100688627816226     
   2.5103241624231130     
   2.5105796696993217     
   2.5108353843007465     
   2.5110913059186921     
   2.5113474342452706     
   2.5116037689733948     
   2.5118603097967820     
   2.5121170564099433     
   2.5123740085081883     
   2.5126311657876190     
   2.5128885279451270     
   2.5131460946783934     
   2.5134038656858833     
   2.5136618406668467     
   2.5139200193213114     
   2.5141784013500867     
   2.5144369864547564     
   2.5146957743376754     
   2.5149547647019737     
   2.5152139572515440     
   2.5154733516910506     
   2.5157329477259180     
   2.5159927450623329     
   2.5162527434072399     
   2.5165129424683412     
   2.5167733419540932     
   2.5170339415737009     
   2.5172947410371234     
   2.5175557400550628     
   2.5178169383389672     
   2.5180783356010270     
   2.5183399315541730     
   2.5186017259120725     
   2.5188637183891283     
   2.5191259087004774     
   2.5193882965619872     
   2.5196508816902505     
   2.5199136638025919     
   2.5201766426170553     
   2.5204398178524072     
   2.5207031892281360     
   2.5209667564644427     
   2.5212305192822488     
   2.5214944774031838     
   2.5217586305495896     
   2.5220229784445172     
   2.5222875208117217     
   2.5225522573756636     
   2.5228171878615044     
   2.5230823119951062     
   2.5233476295030259     
   2.5236131401125204     
   2.5238788435515338     
   2.5241447395487056     
   2.5244108278333619     
   2.5246771081355162     
   2.5249435801858673     
   2.5252102437157928     
   2.5254770984573551     
   2.5257441441432937     
   2.5260113805070210     
   2.5262788072826288     
   2.5265464242048767     
   2.5268142310091948     
   2.5270822274316838     
   2.5273504132091063     
   2.5276187880788910     
   2.5278873517791283     
   2.5281561040485672     
   2.5284250446266148     
   2.5286941732533350     
   2.5289634896694433     
   2.5292329936163087     
   2.5295026848359479     
   2.5297725630710270     
   2.5300426280648569     
   2.5303128795613929     
   2.5305833173052301     
   2.5308539410416064     
   2.5311247505163950     
   2.5313957454761056     
   2.5316669256678823     
   2.5319382908395021     
   2.5322098407393687     
   2.5324815751165186     
   2.5327534937206102     
   2.5330255963019295     
   2.5332978826113832     
   2.5335703524004995     
   2.5338430054214247     
   2.5341158414269218     
   2.5343888601703686     
   2.5346620614057569     
   2.5349354448876893     
   2.5352090103713771     
   2.5354827576126406     
   2.5357566863679040     
   2.5360307963941966     
   2.5363050874491493     
   2.5365795592909928     
   2.5368542116785582     
   2.5371290443712700     
   2.5374040571291503     
   2.5376792497128129     
   2.5379546218834634     
   2.5382301734028960     
   2.5385059040334927     
   2.5387818135382227     
   2.5390579016806374     
   2.5393341682248733     
   2.5396106129356455     
   2.5398872355782474     
   2.5401640359185520     
   2.5404410137230053     
   2.5407181687586293     
   2.5409955007930169     
   2.5412730095943301     
   2.5415506949313014     
   2.5418285565732299     
   2.5421065942899799     
   2.5423848078519784     
   2.5426631970302136     
   2.5429417615962371     
   2.5432205013221552     
   2.5434994159806332     
   2.5437785053448918     
   2.5440577691887047     
   2.5443372072863966     
   2.5446168194128438     
   2.5448966053434705     
   2.5451765648542484     
   2.5454566977216944     
   2.5457370037228682     
   2.5460174826353725     
   2.5462981342373521     
   2.5465789583074878     
   2.5468599546249995     
   2.5471411229696423     
   2.5474224631217059     
   2.5477039748620132     
   2.5479856579719158     
   2.5482675122332976     
   2.5485495374285687     
   2.5488317333406654     
   2.5491140997530506     
   2.5493966364497092     
   2.5496793432151463     
   2.5499622198343910     
   2.5502452660929875     
   2.5505284817769982     
   2.5508118666730026     
   2.5510954205680929     
   2.5513791432498736     
   2.5516630345064617     
   2.5519470941264819     
   2.5522313218990700     
   2.5525157176138644     
   2.5528002810610118     
   2.5530850120311621     
   2.5533699103154666     
   2.5536549757055784     
   2.5539402079936484     
   2.5542256069723259     
   2.5545111724347564     
   2.5547969041745828     
   2.5550828019859377     
   2.5553688656634495     
   2.5556550950022325     
   2.5559414897978958     
   2.5562280498465313     
   2.5565147749447208     
   2.5568016648895298     
   2.5570887194785059     
   2.5573759385096824     
   2.5576633217815705     
   2.5579508690931609     
   2.5582385802439243     
   2.5585264550338049     
   2.5588144932632262     
   2.5591026947330815     
   2.5593910592447391     
   2.5596795866000379     
   2.5599682766012868     
   2.5602571290512626     
   2.5605461437532084     
   2.5608353205108356     
   2.5611246591283190     
   2.5614141594102935     
   2.5617038211618599     
   2.5619936441885778     
   2.5622836282964645     
   2.5625737732919980     
   2.5628640789821100     
   2.5631545451741902     
   2.5634451716760798     
   2.5637359582960721     
   2.5640269048429141     
   2.5643180111258017     
   2.5646092769543793     
   2.5649007021387376     
   2.5651922864894172     
   2.5654840298173989     
   2.5657759319341098     
   2.5660679926514205     
   2.5663602117816380     
   2.5666525891375147     
   2.5669451245322392     
   2.5672378177794362     
   2.5675306686931667     
   2.5678236770879304     
   2.5681168427786552     
   2.5684101655807061     
   2.5687036453098755     
   2.5689972817823885     
   2.5692910748148963     
   2.5695850242244820     
   2.5698791298286507     
   2.5701733914453335     
   2.5704678088928885     
   2.5707623819900931     
   2.5710571105561471     
   2.5713519944106706     
   2.5716470333737034     
   2.5719422272657040     
   2.5722375759075464     
   2.5725330791205208     
   2.5728287367263318     
   2.5731245485470970     
   2.5734205144053468     
   2.5737166341240227     
   2.5740129075264764     
   2.5743093344364665     
   2.5746059146781599     
   2.5749026480761321     
   2.5751995344553604     
   2.5754965736412294     
   2.5757937654595251     
   2.5760911097364345     
   2.5763886062985488     
   2.5766862549728553     
   2.5769840555867405     
   2.5772820079679919     
   2.5775801119447879     
   2.5778783673457055     
   2.5781767739997163     
   2.5784753317361826     
   2.5787740403848609     
   2.5790728997758969     
   2.5793719097398276     
   2.5796710701075782     
   2.5799703807104599     
   2.5802698413801739     
   2.5805694519488034     
   2.5808692122488184     
   2.5811691221130713     
   2.5814691813747972     
   2.5817693898676115     
   2.5820697474255119     
   2.5823702538828734     
   2.5826709090744493     
   2.5829717128353713     
   2.5832726650011453     
   2.5835737654076545     
   2.5838750138911535     
   2.5841764102882721     
   2.5844779544360112     
   2.5847796461717416     
   2.5850814853332067     
   2.5853834717585156     
   2.5856856052861477     
   2.5859878857549474     
   2.5862903130041262     
   2.5865928868732615     
   2.5868956072022917     
   2.5871984738315206     
   2.5875014866016133     
   2.5878046453535952     
   2.5881079499288520     
   2.5884114001691292     
   2.5887149959165279     
   2.5890187370135087     
   2.5893226233028876     
   2.5896266546278350     
   2.5899308308318760     
   2.5902351517588880     
   2.5905396172531030     
   2.5908442271591006     
   2.5911489813218136     
   2.5914538795865232     
   2.5917589217988590     
   2.5920641078047972     
   2.5923694374506630     
   2.5926749105831246     
   2.5929805270491961     
   2.5932862866962338     
   2.5935921893719391     
   2.5938982349243558     
   2.5942044232018642     
   2.5945107540531893     
   2.5948172273273937     
   2.5951238428738770     
   2.5954306005423775     
   2.5957375001829694     
   2.5960445416460645     
   2.5963517247824042     
   2.5966590494430677     
   2.5969665154794672     
   2.5972741227433449     
   2.5975818710867751     
   2.5978897603621620     
   2.5981977904222382     
   2.5985059611200665     
   2.5988142723090362     
   2.5991227238428629     
   2.5994313155755897     
   2.5997400473615828     
   2.6000489190555309     
   2.6003579305124509     
   2.6006670815876789     
   2.6009763721368722     
   2.6012858020160086     
   2.6015953710813879     
   2.6019050791896263     
   2.6022149261976586     
   2.6025249119627398     
   2.6028350363424355     
   2.6031452991946340     
   2.6034557003775327     
   2.6037662397496444     
   2.6040769171697966     
   2.6043877324971270     
   2.6046986855910861     
   2.6050097763114355     
   2.6053210045182440     
   2.6056323700718917     
   2.6059438728330666     
   2.6062555126627638     
   2.6065672894222849     
   2.6068792029732366     
   2.6071912531775321     
   2.6075034398973869     
   2.6078157629953220     
   2.6081282223341598     
   2.6084408177770229     
   2.6087535491873384     
   2.6090664164288313     
   2.6093794193655251     
   2.6096925578617447     
   2.6100058317821109     
   2.6103192409915423     
   2.6106327853552536     
   2.6109464647387548     
   2.6112602790078516     
   2.6115742280286423     
   2.6118883116675189     
   2.6122025297911682     
   2.6125168822665654     
   2.6128313689609772     
   2.6131459897419620     
   2.6134607444773676     
   2.6137756330353303     
   2.6140906552842731     
   2.6144058110929067     
   2.6147211003302298     
   2.6150365228655246     
   2.6153520785683608     
   2.6156677673085902     
   2.6159835889563499     
   2.6162995433820568     
   2.6166156304564145     
   2.6169318500504040     
   2.6172482020352881     
   2.6175646862826119     
   2.6178813026641961     
   2.6181980510521417     
   2.6185149313188272     
   2.6188319433369074     
   2.6191490869793159     
   2.6194663621192582     
   2.6197837686302190     
   2.6201013063859540     
   2.6204189752604932     
   2.6207367751281403     
   2.6210547058634694     
   2.6213727673413292     
   2.6216909594368363     
   2.6220092820253784     
   2.6223277349826106     
   2.6226463181844615     
   2.6229650315071229     
   2.6232838748270555     
   2.6236028480209890     
   2.6239219509659155     
   2.6242411835390946     
   2.6245605456180487     
   2.6248800370805672     
   2.6251996578047008     
   2.6255194076687616     
   2.6258392865513254     
   2.6261592943312300     
   2.6264794308875721     
   2.6267996960997095     
   2.6271200898472582     
   2.6274406120100955     
   2.6277612624683533     
   2.6280820411024224     
   2.6284029477929520     
   2.6287239824208446     
   2.6290451448672596     
   2.6293664350136110     
   2.6296878527415677     
   2.6300093979330503     
   2.6303310704702345     
   2.6306528702355458     
   2.6309747971116644     
   2.6312968509815189     
   2.6316190317282899     
   2.6319413392354054     
   2.6322637733865459     
   2.6325863340656386     
   2.6329090211568587     
   2.6332318345446284     
   2.6335547741136169     
   2.6338778397487390     
   2.6342010313351563     
   2.6345243487582728     
   2.6348477919037405     
   2.6351713606574512     
   2.6354950549055420     
   2.6358188745343902     
   2.6361428194306189     
   2.6364668894810879     
   2.6367910845728999     
   2.6371154045933984     
   2.6374398494301632     
   2.6377644189710172     
   2.6380891131040176     
   2.6384139317174631     
   2.6387388746998846     
   2.6390639419400550     
   2.6393891333269792     
   2.6397144487498982     
   2.6400398880982894     
   2.6403654512618613     
   2.6406911381305589     
   2.6410169485945598     
   2.6413428825442726     
   2.6416689398703390     
   2.6419951204636316     
   2.6423214242152531     
   2.6426478510165379     
   2.6429744007590501     
   2.6433010733345799     
   2.6436278686351491     
   2.6439547865530075     
   2.6442818269806296     
   2.6446089898107203     
   2.6449362749362053     
   2.6452636822502438     
   2.6455912116462139     
   2.6459188630177213     
   2.6462466362585935     
   2.6465745312628850     
   2.6469025479248702     
   2.6472306861390464     
   2.6475589458001356     
   2.6478873268030783     
   2.6482158290430360     
   2.6485444524153916     
   2.6488731968157477     
   2.6492020621399255     
   2.6495310482839658     
   2.6498601551441268     
   2.6501893826168850     
   2.6505187305989337     
   2.6508481989871822     
   2.6511777876787579     
   2.6515074965710017     
   2.6518373255614711     
   2.6521672745479372     
   2.6524973434283856     
   2.6528275321010142     
   2.6531578404642362     
   2.6534882684166750     
   2.6538188158571683     
   2.6541494826847640     
   2.6544802687987201     
   2.6548111740985072     
   2.6551421984838037     
   2.6554733418544996     
   2.6558046041106920     
   2.6561359851526882     
   2.6564674848810017     
   2.6567991031963545     
   2.6571308399996760     
   2.6574626951921010     
   2.6577946686749723     
   2.6581267603498357     
   2.6584589701184429     
   2.6587912978827521     
   2.6591237435449226     
   2.6594563070073187     
   2.6597889881725085     
   2.6601217869432614     
   2.6604547032225487     
   2.6607877369135466     
   2.6611208879196280     
   2.6614541561443690     
   2.6617875414915466     
   2.6621210438651350     
   2.6624546631693100     
   2.6627883993084454     
   2.6631222521871138     
   2.6634562217100854     
   2.6637903077823273     
   2.6641245103090041     
   2.6644588291954765     
   2.6647932643473027     
   2.6651278156702345     
   2.6654624830702209     
   2.6657972664534029     
   2.6661321657261183     
   2.6664671807948976     
   2.6668023115664647     
   2.6671375579477354     
   2.6674729198458200     
   2.6678083971680193     
   2.6681439898218255     
   2.6684796977149223     
   2.6688155207551834     
   2.6691514588506751     
   2.6694875119096508     
   2.6698236798405537     
   2.6701599625520163     
   2.6704963599528599     
   2.6708328719520931     
   2.6711694984589123     
   2.6715062393827012     
   2.6718430946330294     
   2.6721800641196536     
   2.6725171477525160     
   2.6728543454417446     
   2.6731916570976524     
   2.6735290826307359     
   2.6738666219516762     
   2.6742042749713395     
   2.6745420416007728     
   2.6748799217512076     
   2.6752179153340583     
   2.6755560222609187     
   2.6758942424435670     
   2.6762325757939611     
   2.6765710222242411     
   2.6769095816467257     
   2.6772482539739135     
   2.6775870391184844     
   2.6779259369932955     
   2.6782649475113844     
   2.6786040705859659     
   2.6789433061304320     
   2.6792826540583539     
   2.6796221142834780     
   2.6799616867197291     
   2.6803013712812080     
   2.6806411678821895     
   2.6809810764371260     
   2.6813210968606445     
   2.6816612290675459     
   2.6820014729728063     
   2.6823418284915745     
   2.6826822955391738     
   2.6830228740311006     
   2.6833635638830224     
   2.6837043650107826     
   2.6840452773303918     
   2.6843863007580357     
   2.6847274352100690     
   2.6850686806030195     
   2.6854100368535829     
   2.6857515038786270     
   2.6860930815951871     
   2.6864347699204694     
   2.6867765687718475     
   2.6871184780668642     
   2.6874604977232321     
   2.6878026276588280     
   2.6881448677916997     
   2.6884872180400574     
   2.6888296783222825     
   2.6891722485569201     
   2.6895149286626814     
   2.6898577185584438     
   2.6902006181632490     
   2.6905436273963033     
   2.6908867461769788     
   2.6912299744248105     
   2.6915733120594956     
   2.6919167590008968     
   2.6922603151690399     
   2.6926039804841104     
   2.6929477548664593     
   2.6932916382365972     
   2.6936356305151961     
   2.6939797316230907     
   2.6943239414812754     
   2.6946682600109044     
   2.6950126871332931     
   2.6953572227699163     
   2.6957018668424073     
   2.6960466192725585     
   2.6963914799823216     
   2.6967364488938070     
   2.6970815259292813     
   2.6974267110111696     
   2.6977720040620539     
   2.6981174050046728     
   2.6984629137619232     
   2.6988085302568559     
   2.6991542544126794     
   2.6995000861527552     
   2.6998460254006029     
   2.7001920720798944     
   2.7005382261144582     
   2.7008844874282745     
   2.7012308559454792     
   2.7015773315903604     
   2.7019239142873603     
   2.7022706039610735     
   2.7026174005362464     
   2.7029643039377795     
   2.7033113140907226     
   2.7036584309202776     
   2.7040056543517976     
   2.7043529843107876     
   2.7047004207229026     
   2.7050479635139446     
   2.7053956126098715     
   2.7057433679367850     
   2.7060912294209389     
   2.7064391969887343     
   2.7067872705667217     
   2.7071354500816005     
   2.7074837354602161     
   2.7078321266295622     
   2.7081806235167796     
   2.7085292260491576     
   2.7088779341541289     
   2.7092267477592755     
   2.7095756667923232     
   2.7099246911811448     
   2.7102738208537573     
   2.7106230557383229     
   2.7109723957631502     
   2.7113218408566895     
   2.7116713909475365     
   2.7120210459644301     
   2.7123708058362537     
   2.7127206704920335     
   2.7130706398609368     
   2.7134207138722757     
   2.7137708924555035     
   2.7141211755402153     
   2.7144715630561480     
   2.7148220549331796     
   2.7151726511013292     
   2.7155233514907562     
   2.7158741560317612     
   2.7162250646547847     
   2.7165760772904055     
   2.7169271938693438     
   2.7172784143224584     
   2.7176297385807455     
   2.7179811665753437     
   2.7183326982375249     
   2.7186843334987025     
   2.7190360722904261     
   2.7193879145443849     
   2.7197398601924014     
   2.7200919091664377     
   2.7204440613985921     
   2.7207963168210973     
   2.7211486753663254     
   2.7215011369667814     
   2.7218537015551063     
   2.7222063690640761     
   2.7225591394266027     
   2.7229120125757311     
   2.7232649884446407     
   2.7236180669666465     
   2.7239712480751952     
   2.7243245317038669     
   2.7246779177863765     
   2.7250314062565710     
   2.7253849970484287     
   2.7257386900960618     
   2.7260924853337127     
   2.7264463826957592     
   2.7268003821167048     
   2.7271544835311898     
   2.7275086868739820     
   2.7278629920799800     
   2.7282173990842145     
   2.7285719078218440     
   2.7289265182281590     
   2.7292812302385783     
   2.7296360437886498     
   2.7299909588140507     
   2.7303459752505868     
   2.7307010930341935     
   2.7310563121009310     
   2.7314116323869926     
   2.7317670538286936     
   2.7321225763624803     
   2.7324781999249255     
   2.7328339244527284     
   2.7331897498827145     
   2.7335456761518362     
   2.7339017031971720     
   2.7342578309559249     
   2.7346140593654260     
   2.7349703883631284     
   2.7353268178866128     
   2.7356833478735831     
   2.7360399782618687     
   2.7363967089894219     
   2.7367535399943219     
   2.7371104712147671     
   2.7374675025890838     
   2.7378246340557175     
   2.7381818655532402     
   2.7385391970203448     
   2.7388966283958465     
   2.7392541596186835     
   2.7396117906279147     
   2.7399695213627218     
   2.7403273517624083     
   2.7406852817663978     
   2.7410433113142347     
   2.7414014403455851     
   2.7417596688002344     
   2.7421179966180889     
   2.7424764237391761     
   2.7428349501036404     
   2.7431935756517465     
   2.7435523003238806     
   2.7439111240605460     
   2.7442700468023635     
   2.7446290684900752     
   2.7449881890645398     
   2.7453474084667322     
   2.7457067266377493     
   2.7460661435188030     
   2.7464256590512215     
   2.7467852731764522     
   2.7471449858360573     
   2.7475047969717181     
   2.7478647065252297     
   2.7482247144385039     
   2.7485848206535697     
   2.7489450251125698     
   2.7493053277577642     
   2.7496657285315256     
   2.7500262273763445     
   2.7503868242348246     
   2.7507475190496833     
   2.7511083117637529     
   2.7514692023199800     
   2.7518301906614253     
   2.7521912767312613     
   2.7525524604727760     
   2.7529137418293685     
   2.7532751207445521     
   2.7536365971619516     
   2.7539981710253052     
   2.7543598422784639     
   2.7547216108653871     
   2.7550834767301513     
   2.7554454398169388     
   2.7558075000700479     
   2.7561696574338850     
   2.7565319118529676     
   2.7568942632719255     
   2.7572567116354976     
   2.7576192568885327     
   2.7579818989759901     
   2.7583446378429386     
   2.7587074734345571     
   2.7590704056961317     
   2.7594334345730602     
   2.7597965600108476     
   2.7601597819551071     
   2.7605231003515631     
   2.7608865151460451     
   2.7612500262844901     
   2.7616136337129475     
   2.7619773373775689     
   2.7623411372246154     
   2.7627050332004566     
   2.7630690252515664     
   2.7634331133245267     
   2.7637972973660263     
   2.7641615773228594     
   2.7645259531419262     
   2.7648904247702339     
   2.7652549921548926     
   2.7656196552431211     
   2.7659844139822423     
   2.7663492683196833     
   2.7667142182029774     
   2.7670792635797596     
   2.7674444043977720     
   2.7678096406048605     
   2.7681749721489739     
   2.7685403989781654     
   2.7689059210405929     
   2.7692715382845154     
   2.7696372506582962     
