   1.0000000000000000     
  0.91168606602805102     
  0.91101763286031279     
  0.91038853460597102     
  0.90977160970053794     
  0.90916629070157540     
  0.90857204981387607     
  0.90798838898799805     
  0.90741483807577872     
  0.90685095310760189     
  0.90629631468114491     
  0.90575052645423515     
  0.90521321373492691     
  0.90468402216238386     
  0.90416261647256513     
  0.90364867934312909     
  0.90314191031232971     
  0.90264202476703637     
  0.90214875299532804     
  0.90166183929942001     
  0.90118104116495912     
  0.90070612848299447     
  0.90023688282116621     
  0.89977309674089767     
  0.89931457315757746     
  0.89886112474092794     
  0.89841257335293756     
  0.89796874952090910     
  0.89752949194334142     
  0.89709464702651065     
  0.89666406844975821     
  0.89623761675762648     
  0.89581515897710595     
  0.89539656825837133     
  0.89498172353749206     
  0.89457050921970260     
  0.89416281488191074     
  0.89375853499321112     
  0.89335756865224947     
  0.89295981934036162     
  0.89256519468947992     
  0.89217360626387021     
  0.89178496935481566     
  0.89139920278743090     
  0.89101622873884068     
  0.89063597256699834     
  0.89025836264948510     
  0.88988333023165567     
  0.88951080928354742     
  0.88914073636500657     
  0.88877305049851874     
  0.88840769304926615     
  0.88804460761196291     
  0.88768373990405036     
  0.88732503766486248     
  0.88696845056039231     
  0.88661393009332001     
  0.88626142951797959     
  0.88591090375996595     
  0.88556230934009994     
  0.88521560430249102     
  0.88487074814644961     
  0.88452770176201978     
  0.88418642736891540     
  0.88384688845866022     
  0.88350904973974054     
  0.88317287708559455     
  0.88283833748527085     
  0.88250539899660252     
  0.88217403070175049     
  0.88184420266497687     
  0.88151588589252383     
  0.88118905229447764     
  0.88086367464849891     
  0.88053972656532387     
  0.88021718245592784     
  0.87989601750026236     
  0.87957620761747879     
  0.87925772943755476     
  0.87894056027424594     
  0.87862467809929345     
  0.87831006151781610     
  0.87799668974482425     
  0.87768454258279660     
  0.87737360040026169     
  0.87706384411133043     
  0.87675525515613395     
  0.87644781548211292     
  0.87614150752612008     
  0.87583631419729180     
  0.87553221886064780     
  0.87522920532138615     
  0.87492725780983438     
  0.87462636096702695     
  0.87432649983087685     
  0.87402765982291075     
  0.87372982673554411     
  0.87343298671986580     
  0.87313712627390938     
  0.87284223223138890     
  0.87254829175087689     
  0.87601283313972811     
  0.87953673242749675     
  0.88311931015500900     
  0.88676102592701234     
  0.89046237339922507     
  0.89422387936092940     
  0.89804610343515490     
  0.90192963763697920     
  0.90587510622737333     
  0.90988316525121338     
  0.91395450266266931     
  0.91808983808810185     
  0.92228992267212129     
  0.92655553928174639     
  0.93088750249749619     
  0.93528665867208927     
  0.93975388617523037     
  0.94429009554561794     
  0.94889622971085974     
  0.95357326442557522     
  0.95832220846067351     
  0.96314410415253793     
  0.96804002773205911     
  0.97301108983980311     
  0.97805843608536469     
  0.98318324758714659     
  0.98838674155639072     
  0.99367017212134034     
  0.99903483080867761     
   1.0044820474957683     
   1.0100131910927066     
   1.0156296704480638     
   1.0213329351290994     
   1.0271244766518792     
   1.0330058290422852     
   1.0389785702817282     
   1.0450443231925806     
   1.0512047565671372     
   1.0574615865313275     
   1.0638165775960500     
   1.0702715441796438     
   1.0768283517629991     
   1.0834889184705758     
   1.0902552165384889     
   1.0971292739290139     
   1.1041131757398994     
   1.1112090661885592     
   1.1184191501765604     
   1.1257456952484191     
   1.1331910334954953     
   1.1407575634860576     
   1.1484477524505632     
   1.1562641384066055     
   1.1642093324304783     
   1.1722860210429891     
   1.1804969686073288     
   1.1888450200553242     
   1.1973331033170460     
   1.2059642323315312     
   1.2147415098723517     
   1.2236681304890116     
   1.2327473838095622     
   1.2419826577477693     
   1.2513774419597248     
   1.2609353314092899     
   1.2706600301706259     
   1.2805553551756064     
   1.2906252405276661     
   1.3008737414330394     
   1.3113050389252834     
   1.3219234443332302     
   1.3327334042125725     
   1.3437395052984760     
   1.3549464798652924     
   1.3663592112673619     
   1.3779827395172437     
   1.3898222676492629     
   1.4018831677279091     
   1.4141709876870976     
   1.4266914580850618     
   1.4394504993725583     
   1.4524542296002358     
   1.4657089722391250     
   1.4792212644476865     
   1.4929978660226051     
   1.5070457683000642     
   1.5213722038816950     
   1.5359846567313877     
   1.5508908727176356     
   1.5660988704260073     
   1.5816169533389619     
   1.5974537216490807     
   1.6136180853526683     
   1.6301192775283613     
   1.6469668688916315     
   1.6641707823240608     
   1.6817413091401847     
   1.6996891250858042     
   1.7180253083383723     
   1.7367613575669685     
   1.7428181864700720     
   1.7487170968235026     
   1.7545799007929352     
   1.7604094092585587     
   1.7662072082385414     
   1.7719747931917551     
   1.7777135845045238     
   1.7834249319596225     
   1.7891101188291936     
   1.7947703657111460     
   1.8004068341265582     
   1.8060206298935340     
   1.8116128062919579     
   1.8171843670326211     
   1.8227362690433317     
   1.8282694250837723     
   1.8337847062001131     
   1.8392829440296516     
   1.8447649329650946     
   1.8502314321874516     
   1.8556831675759362     
   1.8611208335027096     
   1.8665450945198026     
   1.8719565869450610     
   1.8773559203535219     
   1.8827436789802066     
   1.8881204230399222     
   1.8934866899693135     
   1.8988429955960471     
   1.9041898352397126     
   1.9095276847487108     
   1.9148570014771313     
   1.9201782252053665     
   1.9254917790079542     
   1.9307980700719285     
   1.9360974904687382     
   1.9413904178825976     
   1.9466772162979558     
   1.9519582366485846     
   1.9572338174306396     
   1.9625042852818904     
   1.9677699555291728     
   1.9730311327059940     
   1.9782881110420865     
   1.9835411749266050     
   1.9887905993465456     
   1.9940366503018574     
   1.9992795851986538     
   2.0045196532217977     
   2.0097570956880961     
   2.0149921463812390     
   2.0202250318695416     
   2.0254559718075109     
   2.0306851792221536     
   2.0359128607849275     
   2.0411392170701412     
   2.0463644428005932     
   2.0515887270811648     
   2.0568122536210609     
   2.0620352009453211     
   2.0672577425962220     
   2.0724800473251133     
   2.0777022792752344     
   2.0829245981559970     
   2.0881471594092069     
   2.0933701143676600     
   2.0985936104065264     
   2.1038177910879101     
   2.1090427962989455     
   2.1142687623837806     
   2.1194958222697591     
   2.1247241055881125     
   2.1299537387894478     
   2.1351848452542894     
   2.1404175453989422     
   2.1456519567769012     
   2.1508881941760443     
   2.1561263697118087     
   2.1613665929165577     
   2.1666089708253220     
   2.1718536080580950     
   2.1771006068988497     
   2.1823500673714338     
   2.1876020873124933     
   2.1928567624415614     
   2.1981141864284575     
   2.2033744509581017     
   2.2086376457928911     
   2.2139038588327216     
   2.2191731761727844     
   2.2244456821592227     
   2.2297214594427599     
   2.2350005890303661     
   2.2402831503350757     
   2.2455692212240166     
   2.2508588780647365     
   2.2561521957698987     
   2.2614492478404191     
   2.2667501064071036     
   2.2720548422708506     
   2.2773635249414843     
   2.2826762226752666     
   2.2879930025111479     
   2.2933139303058008     
   2.2986390707674929     
   2.3039684874888389     
   2.3093022429784789     
   2.3146403986917283     
   2.3199830150602261     
   2.3253301515206397     
   2.3306818665424447     
   2.3360382176548233     
   2.3413992614727137     
   2.3467650537220388     
   2.3521356492641501     
   2.3575111021195090     
   2.3628914654906357     
   2.3682767917843588     
   2.3736671326333791     
   2.3790625389171760     
   2.3844630607822879     
   2.3898687476619789     
   2.3952796482953129     
   2.4006958107456668     
   2.4061172824186841     
   2.4115441100797081     
   2.4169763398706960     
   2.4224140173266409     
   2.4278571873915133     
   2.4333058944337429     
   2.4387601822612468     
   2.4442200941360355     
   2.4496856727883900     
   2.4551569604306405     
   2.4606339987705494     
   2.4661168290243198     
   2.4716054919292318     
   2.4771000277559301     
   2.4826004763203597     
   2.4881068769953738     
   2.4936192687220204     
   2.4991376900205102     
   2.5046621790008876     
   2.5101927733734040     
   2.5157295104586117     
   2.5212724271971751     
   2.5268215601594211     
   2.5323769455546281     
   2.5379386192400619     
   2.5435066167297706     
   2.5490809732031425     
   2.5546617235132336     
   2.5602489021948731     
   2.5658425434725571     
   2.5714426812681244     
   2.5770493492082380     
   2.5826625806316632     
   2.5882824085963598     
   2.5939088658863820     
   2.5995419850186035     
   2.6051817982492640     
   2.6108283375803492     
   2.6164816347658011     
   2.6221417213175724     
   2.6278086285115205     
   2.6334823873931557     
   2.6391630287832388     
   2.6448505832832350     
   2.6505450812806322     
   2.6562465529541242     
   2.6619550282786584     
   2.6676705370303644     
   2.6733931087913509     
   2.6791227729543867     
   2.6848595587274628     
   2.6906034951382449     
   2.6963546110384096     
   2.7021129351078788     
   2.7078784958589441     
   2.7136513216402971     
   2.7194314406409532     
   2.7252188808940847     
   2.7310136702807588     
   2.7368158365335873     
   2.7426254072402800     
   2.7484424098471232     
   2.7542668716623702     
   2.7600988198595462     
   2.7659382814806799     
   2.7717852834394567     
   2.7776398525242962     
   2.7835020154013583     
   2.7893717986174753     
   2.7952492286030211     
   2.8011343316747066     
   2.8070271340383135     
   2.8129276617913672     
   2.8188359409257400     
   2.8247519973302015     
   2.8306758567929071     
   2.8366075450038331     
   2.8425470875571452     
   2.8484945099535328     
   2.8544498376024690     
   2.8604130958244345     
   2.8663843098530855     
   2.8723635048373728     
   2.8783507058436180     
   2.8843459378575345     
   2.8903492257862178     
   2.8963605944600754     
   2.9023800686347303     
   2.9084076729928681     
   2.9144434321460575     
   2.9204873706365193     
   2.9265395129388683     
   2.9325998834618048     
   2.9386685065497855     
   2.9447454064846443     
   2.9508306074871875     
   2.9569241337187520     
   2.9630260092827303     
   2.9691362582260679     
   2.9752549045407206     
   2.9813819721650909     
   2.9875174849854300     
   2.9936614668372119     
   2.9998139415064782     
   3.0059749327311556     
   3.0121444642023496     
   3.0183225595656094     
   3.0245092424221660     
   3.0307045363301484     
   3.0369084648057769     
   3.0431210513245257     
   3.0493423193222711     
   3.0555722921964099     
   3.0618109933069642     
   3.0680584459776541     
   3.0743146734969597     
   3.0805796991191579     
   3.0868535460653357     
   3.0931362375243951     
   3.0994277966540258     
   3.1057282465816698     
   3.1120376104054630     
   3.1183559111951613     
   3.1246831719930466     
   3.1310194158148201     
   3.1373646656504768     
   3.1437189444651614     
   3.1500822752000182     
   3.1564546807730114     
   3.1628361840797452     
   3.1692268079942592     
   3.1756265753698130     
   3.1820355090396584     
   3.1884536318177941     
   3.1948809664997135     
   3.2013175358631338     
   3.2077633626687141     
   3.2142184696607625     
   3.2206828795679305     
   3.2271566151038957     
   3.2336396989680316     
   3.2401321538460675     
   3.2466340024107407     
   3.2531452673224290     
   3.2596659712297837     
   3.2661961367703434     
   3.2727357865711424     
   3.2792849432493085     
   3.2858436294126534     
   3.2924118676602463     
   3.2989896805829875     
   3.3055770907641682     
   3.3121741207800204     
   3.3187807932002626     
   3.3253971305886347     
   3.3320231555034221     
   3.3386588904979764     
   3.3453043581212274     
   3.3519595809181832     
   3.3586245814304276     
   3.3652993821966097     
   3.3719840057529233     
   3.3786784746335807     
   3.3853828113712812     
   3.3920970384976710     
   3.3988211785437983     
   3.4055552540405571     
   3.4122992875191347     
   3.4190533015114397     
   3.4258173185505352     
   3.4325913611710606     
   3.4393754519096484     
   3.4461696133053370     
   3.4529738678999751     
   3.4597882382386200     
   3.4666127468699397     
   3.4477209717962203     
   3.4285540178393887     
   3.4093649328365356     
   3.3901643453708470     
   3.3709601293221052     
   3.3517596565855099     
   3.3325698468266145     
   3.3133971933998847     
   3.2942477893419646     
   3.2751273501950626     
   3.2560412365401126     
   3.2369944741547867     
   3.2179917742741941     
   3.1990375506319513     
   3.1801359370693278     
   3.1612908035764020     
   3.1425057712448341     
   3.1237842260745818     
   3.1051293327497289     
   3.0865440466043932     
   3.0680311254349402     
   3.0495931407734060     
   3.0312324879797994     
   3.0129513959178849     
   2.9947519364806463     
   2.9766360327205925     
   2.9586054676618447     
   2.9406618912555551     
   2.9228068280300388     
   2.9050416838682747     
   2.8873677522672674     
   2.8697862206328466     
   2.8522981758002039     
   2.8349046098093043     
   2.8176064243692283     
   2.8004044363927605     
   2.7832993820152727     
   2.7662919212468178     
   2.7493826419103096     
   2.7325720635368231     
   2.7158606409684944     
   2.6992487680115129     
   2.6827367803856683     
   2.6663249590203417     
   2.6500135331799641     
   2.6338026827397960     
   2.6176925413773411     
   2.6016831987222675     
   2.5857747028744136     
   2.5699670626012781     
   2.5542602494706657     
   2.5386541999966825     
   2.5231488173455485     
   2.5077439733343727     
   2.4924395102138632     
   2.4772352420567967     
   2.4621309567988869     
   2.4471264170766434     
   2.4322213621378941     
   2.4174155090679692     
   2.4027085541355930     
   2.3881001736721998     
   2.3735900257218527     
   2.3591777506691072     
   2.3448629727503603     
   2.3306453006809016     
   2.3165243286420627     
   2.3024996376583946     
   2.2885707955404957     
   2.2747373586806892     
   2.2609988721815282     
   2.2473548708551379     
   2.2338048797946999     
   2.2203484153186395     
   2.2069849851638526     
   2.1937140896063303     
   2.1805352216821072     
   2.1674478678163496     
   2.1544515084277753     
   2.1415456183647290     
   2.1287296673134506     
   2.1160031205027532     
   2.1033654387921854     
   2.0908160794427366     
   2.0783544962086618     
   2.0659801397929796     
   2.0536924583320428     
   2.0414908975454082     
   2.0293749011763609     
   2.0173439114530738     
   2.0053973689447959     
   1.9935347130782324     
   1.9817553827032566     
   1.9700588157150936     
   1.9584444498300355     
   1.9469117225145629     
   1.9354600714135666     
   1.9240889343043031     
   1.9127977494928685     
   1.9015859558243704     
   1.8985630950389929     
   1.8955841070265984     
   1.8926451622422209     
   1.8897449297765680     
   1.8868821421019830     
   1.8840555908310286     
   1.8812641234178260     
   1.8785066400622601     
   1.8757820908037606     
   1.8730894727924436     
   1.8704278277262034     
   1.8677962394431029     
   1.8651938316591123     
   1.8626197658418908     
   1.8600732392119328     
   1.8575534828629630     
   1.8550597599939951     
   1.8525913642459750     
   1.8501476181363792     
   1.8477278715855965     
   1.8453315005292938     
   1.8429579056113772     
   1.8406065109524814     
   1.8382767629892789     
   1.8359681293801802     
   1.8336800979733117     
   1.8314121758328930     
   1.8291638883204175     
   1.8269347782272538     
   1.8247244049555080     
   1.8225323437441936     
   1.8203581849379460     
   1.8182015332956927     
   1.8160620073368565     
   1.8139392387228310     
   1.8118328716716028     
   1.8097425624035364     
   1.8076679786164627     
   1.8056087989883318     
   1.8035647127057950     
   1.8015354190171911     
   1.7995206268085115     
   1.7975200542009895     
   1.7955334281690689     
   1.7935604841775730     
   1.7916009658369627     
   1.7896546245756548     
   1.7877212193284233     
   1.7858005162399806     
   1.7838922883828761     
   1.7819963154889145     
   1.7801123836933379     
   1.7782402852910713     
   1.7763798185043553     
   1.7745307872611589     
   1.7726930009837720     
   1.7708662743870347     
   1.7690504272856902     
   1.7672452844103601     
   1.7654506752317045     
   1.7636664337923185     
   1.7618923985459747     
   1.7601284122038208     
   1.7583743215871794     
   1.7566299774866103     
   1.7548952345269178     
   1.7531699510378012     
   1.7514539889298710     
   1.7497472135757599     
   1.7480494936960764     
   1.7463607012499718     
   1.7446807113300884     
   1.7430094020616820     
   1.7413466545057177     
   1.7396923525657546     
   1.7380463828984354     
   1.7364086348274186     
   1.7347790002605890     
   1.7331573736103996     
   1.7315436517172029     
   1.7299377337754334     
   1.7283395212625154     
   1.7267489178703799     
   1.7251658294394630     
   1.7235901638950950     
   1.7220218311861619     
   1.7204607432259476     
   1.7189068138350669     
   1.7173599586863961     
   1.7158200952519189     
   1.7142871427514081     
   1.7127610221028724     
   1.7112416558746841     
   1.7097289682393342     
   1.7082228849287384     
   1.7067233331910392     
   1.7052302417488368     
   1.7037435407588037     
   1.7022631617726209     
   1.7007890376991837     
   1.6993211027680366     
   1.6978592924939828     
   1.6964035436428266     
   1.6949537941982069     
   1.6935099833294780     
   1.6920720513606069     
   1.6906399397400373     
   1.6892135910114974     
   1.6877929487857077     
   1.6863779577129652     
   1.6849685634565650     
   1.6835647126670310     
   1.6821663529571349     
   1.6807734328776633     
   1.6793859018939177     
   1.6780037103629151     
   1.6766268095112695     
   1.6752551514137299     
   1.6738886889723479     
   1.6725273758962613     
   1.6711711666820690     
   1.6698200165947752     
   1.6684738816492883     
   1.6671327185924545     
   1.6657964848856075     
   1.6644651386876173     
   1.6631386388384253     
   1.6618169448430455     
   1.6605000168560182     
   1.6591878156663042     
   1.6578803026826010     
   1.6565774399190722     
   1.6552791899814725     
   1.6539855160536603     
   1.6526963818844800     
   1.6514117517750118     
   1.6501315905661651     
   1.6488558636266166     
   1.6475845368410733     
   1.6463175765988576     
   1.6450549497828009     
   1.6437966237584329     
   1.6425425663634683     
   1.6412927458975690     
   1.6400471311123823     
   1.6388056912018447     
   1.6375683957927412     
   1.6363352149355133     
   1.6351061190953124     
   1.6338810791432832     
   1.6326600663480781     
   1.6314430523675925     
   1.6302300092409123     
   1.6290209093804733     
   1.6278157255644179     
   1.6266144309291537     
   1.6254169989620970     
   1.6242234034946064     
   1.6230336186950920     
   1.6218476190623019     
   1.6206653794187762     
   1.6194868749044673     
   1.6183120809705180     
   1.6171409733731987     
   1.6159735281679894     
   1.6148097217038158     
   1.6136495306174206     
   1.6124929318278796     
   1.6113399025312478     
   1.6101904201953394     
   1.6090444625546312     
   1.6079020076052957     
   1.6067630336003458     
   1.6056275190449050     
   1.6044954426915869     
   1.6033667835359835     
   1.6022415208122636     
   1.6011196339888765     
   1.6000011027643537     
   1.5988859070632120     
   1.5977740270319534     
   1.5966654430351546     
   1.5955601356516527     
   1.5944580856708144     
   1.5933592740888953     
   1.5922636821054790     
   1.5911712911200027     
   1.5900820827283577     
   1.5889960387195692     
   1.5879131410725491     
   1.5868333719529264     
   1.5857567137099444     
   1.5846831488734296     
   1.5836126601508256     
   1.5825452304242957     
   1.5814808427478901     
   1.5804194803447698     
   1.5793611266044967     
   1.5783057650803811     
   1.5772533794868870     
   1.5762039536970920     
   1.5751574717402030     
   1.5741139177991268     
   1.5730732762080881     
   1.5720355314503025     
   1.5710006681556963     
   1.5699686710986751     
   1.5689395251959390     
   1.5679132155043427     
   1.5668897272188005     
   1.5658690456702358     
   1.5648511563235705     
   1.5638360447757569     
   1.5628236967538502     
   1.5618140981131188     
   1.5608072348351931     
   1.5598030930262525     
   1.5588016589152476     
   1.5578029188521589     
   1.5568068593062871     
   1.5558134668645818     
   1.5548227282299991     
   1.5538346302198938     
   1.5528491597644387     
   1.5518663039050817     
   1.5508860497930257     
   1.5499083846877408     
   1.5489332959555042     
   1.5479607710679699     
   1.5469907976007602     
   1.5460233632320899     
   1.5450584557414122     
   1.5440960630080909     
   1.5431361730100961     
   1.5421787738227279     
   1.5412238536173581     
   1.5402714006601985     
   1.5393214033110889     
   1.5383738500223114     
   1.5374287293374209     
   1.5364860298900993     
   1.5355457404030297     
   1.5346078496867908     
   1.5336723466387692     
   1.5327392202420933     
   1.5318084595645840     
   1.5308800537577234     
   1.5299539920556431     
   1.5290302637741275     
   1.5281088583096367     
   1.5271897651383446     
   1.5262729738151912     
   1.5253584739729567     
   1.5244462553213440     
   1.5235363076460833     
   1.5226286208080451     
   1.5217231847423733     
   1.5208199894576295     
   1.5199190250349521     
   1.5190202816272285     
   1.5181237494582813     
   1.5172294188220696     
   1.5163372800818977     
   1.5154473236696417     
   1.5145595400849867     
   1.5136739198946749     
   1.5127904537317667     
   1.5119091322949134     
   1.5110299463476400     
   1.5101528867176413     
   1.5092779442960862     
   1.5084051100369353     
   1.5075343749562662     
   1.5066657301316111     
   1.5057991667013053     
   1.5049346758638413     
   1.5040722488772365     
   1.5032118770584102     
   1.5023535517825670     
   1.5014972644825919     
   1.5006430066484535     
   1.4997907698266153     
   1.4989405456194569     
   1.4980923256847016     
   1.4972461017348555     
   1.4964018655366504     
   1.4955596089104979     
   1.4947193237299512     
   1.4938810019211717     
   1.4930446354624061     
   1.4922102163834694     
   1.4913777367652359     
   1.4905471887391371     
   1.4897185644866642     
   1.4888918562388826     
   1.4880670562759475     
   1.4872441569266299     
   1.4864231505678482     
   1.4856040296242043     
   1.4847867865675277     
   1.4839714139164273     
   1.4831579042358443     
   1.4823462501366165     
   1.4815364442750449     
   1.4807284793524667     
   1.4799223481148349     
   1.4791180433523032     
   1.4783155578988145     
   1.4775148846316983     
   1.4767160164712676     
   1.4759189463804283     
   1.4751236673642878     
   1.4743301724697715     
   1.4735384547852421     
   1.4727485074401268     
   1.4719603236045451     
   1.4711738964889451     
   1.4703892193437442     
   1.4696062854589684     
   1.4688250881639047     
   1.4680456208267523     
   1.4672678768542791     
   1.4664918496914829     
   1.4657175328212579     
   1.4649449197640620     
   1.4641740040775910     
   1.4634047793564564     
   1.4626372392318663     
   1.4618713773713092     
   1.4611071874782455     
   1.4603446632917974     
   1.4595837985864457     
   1.4588245871717307     
   1.4580670228919543     
   1.4573110996258873     
   1.4565568112864784     
   1.4558041518205704     
   1.4550531152086146     
   1.4543036954643926     
   1.4535558866347393     
   1.4528096827992689     
   1.4520650780701052     
   1.4513220665916151     
   1.4505806425401437     
   1.4498408001237530     
   1.4491025335819647     
   1.4483658371855044     
   1.4476307052360493     
   1.4468971320659789     
   1.4461651120381278     
   1.4454346395455431     
   1.4447057090112407     
   1.4439783148879697     
   1.4432524516579734     
   1.4425281138327588     
   1.4418052959528640     
   1.4410839925876298     
   1.4403641983349762     
   1.4396459078211752     
   1.4389291157006339     
   1.4382138166556739     
   1.4375000053963145     
   1.4367876766600607     
   1.4360768252116904     
   1.4353674458430459     
   1.4346595333728260     
   1.4339530826463811     
   1.4332480885355121     
   1.4325445459382675     
   1.4318424497787472     
   1.4311417950069036     
   1.4304425765983504     
   1.4297447895541673     
   1.4290484289007115     
   1.4283534896894292     
   1.4276599669966688     
   1.4269678559234964     
   1.4262771515955133     
   1.4255878491626761     
   1.4248999437991166     
   1.4242134307029652     
   1.4235283050961769     
   1.4228445622243564     
   1.4221621973565866     
   1.4214812057852586     
   1.4208015828259049     
   1.4201233238170305     
   1.4194464241199505     
   1.4187708791186244     
   1.4180966842194964     
   1.4174238348513346     
   1.4167523264650721     
   1.4160821545336515     
   1.4154133145518677     
   1.4147458020362165     
   1.4140796125247390     
   1.4134147415768750     
   1.4127511847733099     
   1.4120889377158281     
   1.4114279960271678     
   1.4107683553508739     
   1.4101100113511560     
   1.4094529597127456     
   1.4087971961407546     
   1.4081427163605365     
   1.4074895161175476     
   1.4068375911772111     
   1.4061869373247804     
   1.4055375503652054     
   1.4048894261229985     
   1.4042425604421054     
   1.4035969491857707     
   1.4029525882364111     
   1.4023094734954877     
   1.4016676008833771     
   1.4010269663392472     
   1.4003875658209317     
   1.3997493953048072     
   1.3991124507856709     
   1.3984767282766188     
   1.3978422238089276     
   1.3972089334319318     
   1.3965768532129110     
   1.3959459792369686     
   1.3953163076069186     
   1.3946878344431701     
   1.3940605558836141     
   1.3934344680835102     
   1.3928095672153757     
   1.3921858494688744     
   1.3915633110507077     
   1.3909419481845051     
   1.3903217571107171     
   1.3897027340865091     
   1.3890848753856542     
   1.3884681772984289     
   1.3878526361315109     
   1.3872382482078729     
   1.3866250098666839     
   1.3860129174632059     
   1.3854019673686935     
   1.3847921559702958     
   1.3841834796709573     
   1.3835759348893202     
   1.3829695180596273     
   1.3823642256316262     
   1.3817600540704738     
   1.3811569998566426     
   1.3805550594858269     
   1.3799542294688498     
   1.3793545063315709     
   1.3787558866147964     
   1.3781583668741879     
   1.3775619436801723     
   1.3769666136178533     
   1.3763723732869240     
   1.3757792193015781     
   1.3751871482904248     
   1.3745961568964020     
   1.3740062417766907     
   1.3734173996026318     
   1.3728296270596410     
   1.3722429208471261     
   1.3716572776784051     
   1.3710726942806237     
   1.3704891673946755     
   1.3699066937751194     
   1.3693252701901026     
   1.3687448934212798     
   1.3681655602637337     
   1.3675872675259009     
   1.3670100120294899     
   1.3664337906094097     
   1.3658586001136892     
   1.3652844374034054     
   1.3647112993526065     
   1.3641391828482385     
   1.3635680847900722     
   1.3629980020906296     
   1.3624289316751124     
   1.3618608704813282     
   1.3612938154596219     
   1.3607277635728035     
   1.3601627117960786     
   1.3595986571169787     
   1.3590355965352916     
   1.3584735270629946     
   1.3579124457241845     
   1.3573523495550119     
   1.3567932356036136     
   1.3562351009300464     
   1.3556779426062211     
   1.3551217577158376     
   1.3545665433543199     
   1.3540122966287509     
   1.3534590146578109     
   1.3529066945717112     
   1.3523553335121341     
   1.3518049286321685     
   1.3512554770962490     
   1.3507069760800949     
   1.3501594227706466     
   1.3496128143660098     
   1.3490671480753904     
   1.3485224211190390     
   1.3479786307281882     
   1.3474357741449978     
   1.3468938486224924     
   1.3463528514245069     
   1.3458127798256272     
   1.3452736311111333     
   1.3447354025769442     
   1.3441980915295604     
   1.3436616952860079     
   1.3431262111737843     
   1.3425916365308028     
   1.3420579687053378     
   1.3415252050559707     
   1.3409933429515370     
   1.3404623797710720     
   1.3399323129037577     
   1.3394031397488719     
   1.3388748577157330     
   1.3383474642236521     
   1.3378209567018775     
   1.3372953325895471     
   1.3367705893356345     
   1.3362467243989014     
   1.3357237352478459     
   1.3352016193606540     
   1.3346803742251485     
   1.3341599973387424     
   1.3336404862083886     
   1.3331218383505317     
   1.3326040512910611     
   1.3320871225652624     
   1.3315710497177715     
   1.3310558303025253     
   1.3305414618827163     
   1.3300279420307486     
   1.3295152683281870     
   1.3290034383657161     
   1.3284924497430923     
   1.3279823000690993     
   1.3274729869615038     
   1.3269645080470103     
   1.3264568609612182     
   1.3259500433485760     
   1.3254440528623403     
   1.3249388871645305     
   1.3244345439258867     
   1.3239310208258273     
   1.3234283155524058     
   1.3229264258022693     
   1.3224253492806173     
   1.3219250837011578     
   1.3214256267860693     
   1.3209269762659579     
   1.3204291298798161     
   1.3199320853749836     
   1.3194358405071074     
   1.3189403930400998     
   1.3184457407461014     
   1.3179518814054394     
   1.3174588128065903     
   1.3169665327461397     
   1.3164750390287443     
   1.3159843294670934     
   1.3154944018818706     
   1.3150052541017168     
   1.3145168839631904     
   1.3140292893107328     
   1.3135424679966290     
   1.3130564178809714     
   1.3125711368316231     
   1.3120866227241823     
   1.3116028734419443     
   1.3111198868758662     
   1.3106376609245327     
   1.3101561934941182     
   1.3096754824983527     
   1.3091955258584869     
   1.3087163215032556     
   1.3082378673688464     
   1.3077601613988619     
   1.3072832015442870     
   1.3068069857634548     
   1.3063315120220125     
   1.3058567782928878     
   1.3053827825562556     
   1.3049095227995053     
   1.3044369970172069     
   1.3039652032110793     
   1.3034941393899562     
   1.3030238035697548     
   1.3025541937734437     
   1.3020853080310109     
   1.3016171443794307     
   1.3011497008626334     
   1.3006829755314744     
   1.3002169664437013     
   1.2997516716639237     
   1.2992870892635824     
   1.2988232173209191     
   1.2983600539209448     
   1.2978975971554103     
   1.2974358451227759     
   1.2969747959281812     
   1.2965144476834167     
   1.2960547985068913     
   1.2955958465236059     
   1.2951375898651227     
   1.2946800266695360     
   1.2942231550814434     
   1.2937669732519179     
   1.2933114793384779     
   1.2928566715050600     
   1.2924025479219901     
   1.2919491067659554     
   1.2914963462199771     
   1.2910442644733817     
   1.2905928597217740     
   1.2901421301670086     
   1.2896920740171645     
   1.2892426894865170     
   1.2887939747955104     
   1.2883459281707306     
   1.2878985478448808     
   1.2874518320567518     
   1.2870057790511993     
   1.2865603870791140     
   1.2861156543973975     
   1.2856715792689366     
   1.2852281599625763     
   1.2847853947530952     
   1.2843432819211795     
   1.2839018197533987     
   1.2834610065421774     
   1.2830208405857744     
   1.2825813201882543     
   1.2821424436594653     
   1.2817042093150115     
   1.2812666154762322     
   1.2808296604701739     
   1.2803933426295688     
   1.2799576602928089     
   1.2795226118039225     
   1.2790881955125508     
   1.2786544097739241     
   1.2782212529488368     
   1.2777887234036265     
   1.2773568195101486     
   1.2769255396457531     
   1.2764948821932631     
   1.2760648455409505     
   1.2756354280825131     
   1.2752066282170524     
   1.2747784443490517     
   1.2743508748883512     
   1.2739239182501287     
   1.2734975728548750     
   1.2730718371283727     
   1.2726467095016749     
   1.2722221884110818     
   1.2717982722981196     
   1.2713749596095192     
   1.2709522487971945     
   1.2705301383182204     
   1.2701086266348123     
   1.2696877122143042     
   1.2692673935291285     
   1.2688476690567936     
   1.2684285372798647     
   1.2680099966859402     
   1.2675920457676360     
   1.2671746830225594     
   1.2667579069532924     
   1.2663417160673700     
   1.2659261088772600     
   1.2655110839003427     
   1.2650966396588919     
   1.2646827746800529     
   1.2642694874958251     
   1.2638567766430411     
   1.2634446406633466     
   1.2630330781031813     
   1.2626220875137604     
   1.2622116674510533     
   1.2618018164757667     
   1.2613925331533236     
   1.2609838160538445     
   1.2605756637521299     
   1.2601680748276403     
   1.2597610478644765     
   1.2593545814513636     
   1.2589486741816298     
   1.2585433246531892     
   1.2581385314685232     
   1.2577342932346631     
   1.2573306085631699     
   1.2569274760701179     
   1.2565248943760756     
   1.2561228621060896     
   1.2557213778896636     
   1.2553204403607445     
   1.2549200481577016     
   1.2545201999233098     
   1.2541208943047337     
   1.2537221299535077     
   1.2533239055255212     
   1.2529262196809992     
   1.2525290710844863     
   1.2521324584048301     
   1.2517363803151622     
   1.2513408354928843     
   1.2509458226196479     
   1.2505513403813413     
   1.2501573874680694     
   1.2497639625741395     
   1.2493710643980445     
   1.2489786916424448     
   1.2485868430141540     
   1.2481955172241221     
   1.2478047129874188     
   1.2474144290232172     
   1.2470246640547789     
   1.2466354168094371     
   1.2462466860185808     
   1.2458584704176396     
   1.2454707687460675     
   1.2450835797473276     
   1.2446969021688754     
   1.2443107347621454     
   1.2439250762825331     
   1.2435399254893826     
   1.2431552811459681     
   1.2427711420194809     
   1.2423875068810146     
   1.2420043745055476     
   1.2416217436719310     
   1.2412396131628707     
   1.2408579817649157     
   1.2404768482684407     
   1.2400962114676330     
   1.2397160701604770     
   1.2393364231487398     
   1.2389572692379573     
   1.2385786072374185     
   1.2382004359601519     
   1.2378227542229121     
   1.2374455608461639     
   1.2370688546540682     
   1.2366926344744700     
   1.2363168991388815     
   1.2359416474824698     
   1.2355668783440434     
   1.2351925905660370     
   1.2348187829944979     
   1.2344454544790735     
   1.2340726038729959     
   1.2337002300330702     
   1.2333283318196591     
   1.2329569080966709     
   1.2325859577315450     
   1.2322154795952387     
   1.2318454725622154     
   1.2314759355104292     
   1.2311068673213126     
   1.2307382668797633     
   1.2303701330741330     
   1.2300024647962107     
   1.2296352609412120     
   1.2292685204077676     
   1.2289022420979063     
   1.2285364249170470     
   1.2281710677739832     
   1.2278061695808704     
   1.2274417292532136     
   1.2270777457098565     
   1.2267142178729675     
   1.2263511446680262     
   1.2259885250238134     
   1.2256263578723972     
   1.2252646421491220     
   1.2249033767925939     
   1.2245425607446720     
   1.2241821929504531     
   1.2238222723582615     
   1.2234627979196366     
   1.2231037685893207     
   1.2227451833252472     
   1.2223870410885289     
   1.2220293408434464     
   1.2216720815574358     
   1.2213152622010766     
   1.2209588817480830     
   1.2206029391752877     
   1.2202474334626345     
   1.2198923635931642     
   1.2195377285530040     
   1.2191835273313569     
   1.2188297589204899     
   1.2184764223157212     
   1.2181235165154112     
   1.2177710405209503     
   1.2174189933367483     
   1.2170673739702218     
   1.2167161814317851     
   1.2163654147348384     
   1.2160150728957562     
   1.2156651549338773     
   1.2153156598714945     
   1.2149665867338411     
   1.2146179345490846     
   1.2142697023483109     
   1.2139218891655177     
   1.2135744940376021     
   1.2132275160043497     
   1.2128809541084258     
   1.2125348073953626     
   1.2121890749135504     
   1.2118437557142272     
   1.2114988488514671     
   1.2111543533821716     
   1.2108102683660582     
   1.2104665928656506     
   1.2101233259462683     
   1.2097804666760170     
   1.2094380141257777     
   1.2090959673691977     
   1.2087543254826796     
   1.2084130875453725     
   1.2080722526391603     
   1.2077318198486537     
   1.2073917882611793     
   1.2070521569667703     
   1.2067129250581559     
   1.2063740916307537     
   1.2060356557826566     
   1.2056976166146269     
   1.2053599732300837     
   1.2050227247350953     
   1.2046858702383691     
   1.2043494088512419     
   1.2040133396876707     
   1.2036776618642229     
   1.2033423745000678     
   1.2030074767169663     
   1.2026729676392631     
   1.2023388463938756     
   1.2020051121102862     
   1.2016717639205319     
   1.2013388009591965     
   1.2010062223634010     
   1.2006740272727940     
   1.2003422148295433     
   1.2000107841783274     
   1.1996797344663253     
   1.1993490648432079     
   1.1990187744611309     
   1.1986888624747234     
   1.1983593280410809     
   1.1980301703197560     
   1.1977013884727501     
   1.1973729816645033     
   1.1970449490618882     
   1.1967172898341984     
   1.1963900031531427     
   1.1960630881928347     
   1.1957365441297854     
   1.1954103701428935     
   1.1950845654134388     
   1.1947591291250723     
   1.1944340604638077     
   1.1941093586180149     
   1.1937850227784097     
   1.1934610521380464     
   1.1931374458923103     
   1.1928142032389080     
   1.1924913233778600     
   1.1921688055114936     
   1.1918466488444324     
   1.1915248525835909     
   1.1912034159381646     
   1.1908823381196232     
   1.1905616183417012     
   1.1902412558203919     
   1.1899212497739382     
   1.1896015994228248     
   1.1892823039897711     
   1.1889633626997225     
   1.1886447747798436     
   1.1883265394595095     
   1.1880086559702985     
   1.1876911235459851     
   1.1873739414225308     
   1.1870571088380792     
   1.1867406250329446     
   1.1864244892496081     
   1.1861087007327076     
   1.1857932587290319     
   1.1854781624875121     
   1.1851634112592149     
   1.1848490042973350     
   1.1845349408571879     
   1.1842212201962021     
   1.1839078415739119     
   1.1835948042519511     
   1.1832821074940441     
   1.1829697505660000     
   1.1826577327357046     
   1.1823460532731143     
   1.1820347114502483     
   1.1817237065411801     
   1.1814130378220336     
   1.1811027045709726     
   1.1807927060681971     
   1.1804830415959326     
   1.1801737104384280     
   1.1798647118819430     
   1.1795560452147460     
   1.1792477097271044     
   1.1789397047112788     
   1.1786320294615160     
   1.1783246832740422     
   1.1780176654470567     
   1.1777109752807235     
   1.1774046120771673     
   1.1770985751404639     
   1.1767928637766363     
   1.1764874772936453     
   1.1761824150013855     
   1.1758776762116765     
   1.1755732602382580     
   1.1752691663967825     
   1.1749653940048086     
   1.1746619423817952     
   1.1743588108490943     
   1.1740559987299450     
   1.1737535053494679     
   1.1734513300346565     
   1.1731494721143729     
   1.1728479309193407     
   1.1725467057821390     
   1.1722457960371950     
   1.1719452010207805     
   1.1716449200710017     
   1.1713449525277957     
   1.1710452977329249     
   1.1707459550299684     
   1.1704469237643171     
   1.1701482032831683     
   1.1698497929355187     
   1.1695516920721591     
   1.1692539000456663     
   1.1689564162103996     
   1.1686592399224947     
   1.1683623705398554     
   1.1680658074221488     
   1.1677695499308021     
   1.1674735974289923     
   1.1671779492816423     
   1.1668826048554162     
   1.1665875635187111     
   1.1662928246416535     
   1.1659983875960922     
   1.1657042517555929     
   1.1654104164954324     
   1.1651168811925929     
   1.1648236452257561     
   1.1645307079752989     
   1.1642380688232850     
   1.1639457271534621     
   1.1636536823512547     
   1.1633619338037584     
   1.1630704808997356     
   1.1627793230296088     
   1.1624884595854557     
   1.1621978899610026     
   1.1619076135516218     
   1.1616176297543213     
   1.1613279379677444     
   1.1610385375921610     
   1.1607494280294648     
   1.1604606086831635     
   1.1601720789583796     
   1.1598838382618393     
   1.1595958860018714     
   1.1593082215883994     
   1.1590208444329377     
   1.1587337539485847     
   1.1584469495500203     
   1.1581604306534978     
   1.1578741966768402     
   1.1575882470394356     
   1.1573025811622299     
   1.1570171984677242     
   1.1567320983799676     
   1.1564472803245538     
   1.1561627437286144     
   1.1558784880208151     
   1.1555945126313507     
   1.1553108169919386     
   1.1550274005358161     
   1.1547442626977327     
   1.1544614029139475     
   1.1541788206222234     
   1.1538965152618217     
   1.1536144862734981     
   1.1533327330994969     
   1.1530512551835463     
   1.1527700519708555     
   1.1524891229081056     
   1.1522084674434496     
   1.1519280850265048     
   1.1516479751083475     
   1.1513681371415112     
   1.1510885705799787     
   1.1508092748791796     
   1.1505302494959837     
   1.1502514938886983     
   1.1499730075170622     
   1.1496947898422412     
   1.1494168403268237     
   1.1491391584348176     
   1.1488617436316413     
   1.1485845953841243     
   1.1483077131604995     
   1.1480310964303999     
   1.1477547446648528     
   1.1474786573362774     
   1.1472028339184779     
   1.1469272738866407     
   1.1466519767173300     
   1.1463769418884819     
   1.1461021688794011     
   1.1458276571707566     
   1.1455534062445765     
   1.1452794155842443     
   1.1450056846744951     
   1.1447322130014084     
   1.1444590000524082     
   1.1441860453162551     
   1.1439133482830437     
   1.1436409084441970     
   1.1433687252924640     
   1.1430967983219147     
   1.1428251270279344     
   1.1425537109072210     
   1.1422825494577822     
   1.1420116421789275     
   1.1417409885712675     
   1.1414705881367071     
   1.1412004403784444     
   1.1409305448009635     
   1.1406609009100319     
   1.1403915082126974     
   1.1401223662172821     
   1.1398534744333781     
   1.1395848323718463     
   1.1393164395448097     
   1.1390482954656496     
   1.1387803996490038     
   1.1385127516107598     
   1.1382453508680519     
   1.1379781969392586     
   1.1377112893439962     
   1.1374446276031172     
   1.1371782112387048     
   1.1369120397740695     
   1.1366461127337459     
   1.1363804296434872     
   1.1361149900302627     
   1.1358497934222540     
   1.1355848393488506     
   1.1353201273406461     
   1.1350556569294341     
   1.1347914276482058     
   1.1345274390311448     
   1.1342636906136234     
   1.1340001819322008     
   1.1337369125246164     
   1.1334738819297878     
   1.1332110896878071     
   1.1329485353399376     
   1.1326862184286082     
   1.1324241384974121     
   1.1321622950911014     
   1.1319006877555848     
   1.1316393160379228     
   1.1313781794863240     
   1.1311172776501444     
   1.1308566100798791     
   1.1305961763271624     
   1.1303359759447633     
   1.1300760084865804     
   1.1298162735076409     
   1.1295567705640952     
   1.1292974992132145     
   1.1290384590133864     
   1.1287796495241125     
   1.1285210703060029     
   1.1282627209207763     
   1.1280046009312517     
   1.1277467099013510     
   1.1274890473960895     
   1.1272316129815763     
   1.1269744062250102     
   1.1267174266946756     
   1.1264606739599397     
   1.1262041475912485     
   1.1259478471601247     
   1.1256917722391631     
   1.1254359224020289     
   1.1251802972234506     
   1.1249248962792229     
   1.1246697191461974     
   1.1244147654022827     
   1.1241600346264407     
   1.1239055263986826     
   1.1236512403000654     
   1.1233971759126902     
   1.1231433328196978     
   1.1228897106052660     
   1.1226363088546059     
   1.1223831271539588     
   1.1221301650905942     
   1.1218774222528047     
   1.1216248982299042     
   1.1213725926122251     
   1.1211205049911137     
   1.1208686349589283     
   1.1206169821090355     
   1.1203655460358075     
   1.1201143263346194     
   1.1198633226018444     
   1.1196125344348533     
   1.1193619614320087     
   1.1191116031926651     
   1.1188614593171629     
   1.1186115294068264     
   1.1183618130639628     
   1.1181123098918557     
   1.1178630194947645     
   1.1176139414779214     
   1.1173650754475268     
   1.1171164210107487     
   1.1168679777757178     
   1.1166197453515248     
   1.1163717233482193     
   1.1161239113768042     
   1.1158763090492352     
   1.1156289159784163     
   1.1153817317781987     
   1.1151347560633740     
   1.1148879884496776     
   1.1146414285537798     
   1.1143950759932870     
   1.1141489303867371     
   1.1139029913535967     
   1.1136572585142588     
   1.1134117314900396     
   1.1131664099031764     
   1.1129212933768247     
   1.1126763815350538     
   1.1124316740028468     
   1.1121871704060959     
   1.1119428703715994     
   1.1116987735270616     
   1.1114548795010866     
   1.1112111879231783     
   1.1109676984237358     
   1.1107244106340524     
   1.1104813241863121     
   1.1102384387135862     
   1.1099957538498322     
   1.1097532692298901     
   1.1095109844894802     
   1.1092688992651996     
   1.1090270131945217     
   1.1087853259157900     
   1.1085438370682199     
   1.1083025462918930     
   1.1080614532277551     
   1.1078205575176143     
   1.1075798588041381     
   1.1073393567308507     
   1.1070990509421308     
   1.1068589410832081     
   1.1066190268001632     
   1.1063793077399211     
   1.1061397835502533     
   1.1059004538797716     
   1.1056613183779271     
   1.1054223766950080     
   1.1051836284821370     
   1.1049450733912676     
   1.1047067110751838     
   1.1044685411874959     
   1.1042305633826386     
   1.1039927773158684     
   1.1037551826432623     
   1.1035177790217141     
   1.1032805661089315     
   1.1030435435634360     
   1.1028067110445576     
   1.1025700682124355     
   1.1023336147280127     
   1.1020973502530365     
   1.1018612744500533     
   1.1016253869824091     
   1.1013896875142444     
   1.1011541757104941     
   1.1009188512368842     
   1.1006837137599290     
   1.1004487629469306     
   1.1002139984659736     
   1.0999794199859261     
   1.0997450271764353     
   1.0995108197079260     
   1.0992767972515982     
   1.0990429594794244     
   1.0988093060641484     
   1.0985758366792815     
   1.0983425509991025     
   1.0981094486986529     
   1.0978765294537367     
   1.0976437929409166     
   1.0974112388375143     
   1.0971788668216047     
   1.0969466765720166     
   1.0967146677683297     
   1.0964828400908717     
   1.0962511932207173     
   1.0960197268396845     
   1.0957884406303351     
   1.0955573342759692     
   1.0953264074606257     
   1.0950956598690786     
   1.0948650911868358     
   1.0946347011001369     
   1.0944044892959504     
   1.0941744554619721     
   1.0939445992866235     
   1.0937149204590482     
   1.0934854186691121     
   1.0932560936073985     
   1.0930269449652090     
   1.0927979724345591     
   1.0925691757081779     
   1.0923405544795037     
   1.0921121084426850     
   1.0918838372925765     
   1.0916557407247374     
   1.0914278184354294     
   1.0912000701216149     
   1.0909724954809550     
   1.0907450942118073     
   1.0905178660132249     
   1.0902908105849516     
   1.0900639276274238     
   1.0898372168417654     
   1.0896106779297878     
   1.0893843105939867     
   1.0891581145375411     
   1.0889320894643100     
   1.0887062350788324     
   1.0884805510863238     
   1.0882550371926751     
   1.0880296931044500     
   1.0878045185288840     
   1.0875795131738819     
   1.0873546767480153     
   1.0871300089605227     
   1.0869055095213049     
   1.0866811781409256     
   1.0864570145306081     
   1.0862330184022340     
   1.0860091894683408     
   1.0857855274421209     
   1.0855620320374189     
   1.0853387029687303     
   1.0851155399511996     
   1.0848925427006186     
   1.0846697109334233     
   1.0844470443666943     
   1.0842245427181534     
   1.0840022057061622     
   1.0837800330497207     
   1.0835580244684646     
   1.0833361796826644     
   1.0831144984132233     
   1.0828929803816754     
   1.0826716253101836     
   1.0824504329215390     
   1.0822294029391581     
   1.0820085350870805     
   1.0817878290899690     
   1.0815672846731061     
   1.0813469015623940     
   1.0811266794843502     
   1.0809066181661091     
   1.0806867173354175     
   1.0804669767206352     
   1.0802473960507313     
   1.0800279750552830     
   1.0798087134644754     
   1.0795896110090974     
   1.0793706674205428     
   1.0791518824308057     
   1.0789332557724807     
   1.0787147871787612     
   1.0784964763834373     
   1.0782783231208932     
   1.0780603271261080     
   1.0778424881346513     
   1.0776248058826843     
   1.0774072801069550     
   1.0771899105447997     
   1.0769726969341393     
   1.0767556390134789     
   1.0765387365219052     
   1.0763219891990854     
   1.0761053967852663     
   1.0758889590212708     
   1.0756726756484989     
   1.0754565464089234     
   1.0752405710450903     
   1.0750247493001170     
   1.0748090809176896     
   1.0745935656420622     
   1.0743782032180553     
   1.0741629933910546     
   1.0739479359070083     
   1.0737330305124266     
   1.0735182769543794     
   1.0733036749804965     
   1.0730892243389629     
   1.0728749247785210     
   1.0726607760484663     
   1.0724467778986466     
   1.0722329300794615     
   1.0720192323418596     
   1.0718056844373378     
   1.0715922861179394     
   1.0713790371362530     
   1.0711659372454103     
   1.0709529861990861     
   1.0707401837514943     
   1.0705275296573897     
   1.0703150236720638     
   1.0701026655513446     
   1.0698904550515951     
   1.0696783919297115     
   1.0694664759431216     
   1.0692547068497844     
   1.0690430844081877     
   1.0688316083773468     
   1.0686202785168029     
   1.0684090945866229     
   1.0681980563473967     
   1.0679871635602354     
   1.0677764159867720     
   1.0675658133891577     
   1.0673553555300617     
   1.0671450421726703     
   1.0669348730806834     
   1.0667248480183158     
   1.0665149667502942     
   1.0663052290418558     
   1.0660956346587478     
   1.0658861833672253     
   1.0656768749340497     
   1.0654677091264892     
   1.0652586857123150     
   1.0650498044598011     
   1.0648410651377231     
   1.0646324675153567     
   1.0644240113624761     
   1.0642156964493532     
   1.0640075225467562     
   1.0637994894259470     
   1.0635915968586822     
   1.0633838446172095     
   1.0631762324742686     
   1.0629687602030875     
   1.0627614275773831     
   1.0625542343713592     
   1.0623471803597051     
   1.0621402653175940     
   1.0619334890206833     
   1.0617268512451110     
   1.0615203517674963     
   1.0613139903649378     
   1.0611077668150117     
   1.0609016808957705     
   1.0606957323857431     
   1.0604899210639320     
   1.0602842467098130     
   1.0600787091033332     
   1.0598733080249110     
   1.0596680432554328     
   1.0594629145762542     
   1.0592579217691962     
   1.0590530646165472     
   1.0588483429010584     
   1.0586437564059450     
   1.0584393049148830     
   1.0582349882120106     
   1.0580308060819239     
   1.0578267583096788     
   1.0576228446807874     
   1.0574190649812172     
   1.0572154189973919     
   1.0570119065161874     
   1.0568085273249319     
   1.0566052812114064     
   1.0564021679638391     
   1.0561991873709098     
   1.0559963392217442     
   1.0557936233059149     
   1.0555910394134396     
   1.0553885873347810     
   1.0551862668608436     
   1.0549840777829746     
   1.0547820198929614     
   1.0545800929830316     
   1.0543782968458499     
   1.0541766312745200     
   1.0539750960625804     
   1.0537736910040052     
   1.0535724158932025     
   1.0533712705250124     
   1.0531702546947077     
   1.0529693681979908     
   1.0527686108309946     
   1.0525679823902792     
   1.0523674826728326     
   1.0521671114760682     
   1.0519668685978254     
   1.0517667538363669     
   1.0515667669903785     
   1.0513669078589674     
   1.0511671762416621     
   1.0509675719384100     
   1.0507680947495768     
   1.0505687444759466     
   1.0503695209187196     
   1.0501704238795107     
   1.0499714531603492     
   1.0497726085636783     
   1.0495738898923523     
   1.0493752969496375     
   1.0491768295392097     
   1.0489784874651533     
   1.0487802705319615     
   1.0485821785445342     
   1.0483842113081761     
   1.0481863686285982     
   1.0479886503119140     
   1.0477910561646411     
   1.0475935859936971     
   1.0473962396064023     
   1.0471990168104752     
   1.0470019174140333     
   1.0468049412255924     
   1.0466080880540640     
   1.0464113577087564     
   1.0462147499993710     
   1.0460182647360048     
   1.0458219017291457     
   1.0456256607896743     
   1.0454295417288608     
   1.0452335443583671     
   1.0450376684902420     
   1.0448419139369221     
   1.0446462805112318     
   1.0444507680263801     
   1.0442553762959621     
   1.0440601051339553     
   1.0438649543547216     
   1.0436699237730032     
   1.0434750132039243     
   1.0432802224629889     
   1.0430855513660799     
   1.0428909997294586     
   1.0426965673697628     
   1.0425022541040068     
   1.0423080597495806     
   1.0421139841242477     
   1.0419200270461453     
   1.0417261883337836     
   1.0415324678060434     
   1.0413388652821767     
   1.0411453805818047     
   1.0409520135249180     
   1.0407587639318743     
   1.0405656316233984     
   1.0403726164205809     
   1.0401797181448784     
   1.0399869366181109     
   1.0397942716624615     
   1.0396017231004757     
   1.0394092907550612     
   1.0392169744494852     
   1.0390247740073750     
   1.0388326892527173     
   1.0386407200098557     
   1.0384488661034912     
   1.0382571273586811     
   1.0380655036008375     
   1.0378739946557278     
   1.0376826003494710     
   1.0374913205085408     
   1.0373001549597611     
   1.0371091035303077     
   1.0369181660477058     
   1.0367273423398298     
   1.0365366322349021     
   1.0363460355614940     
   1.0361555521485213     
   1.0359651818252469     
   1.0357749244212775     
   1.0355847797665647     
   1.0353947476914036     
   1.0352048280264299     
   1.0350150206026230     
   1.0348253252513009     
   1.0346357418041232     
   1.0344462700930870     
   1.0342569099505281     
   1.0340676612091204     
   1.0338785237018731     
   1.0336894972621318     
   1.0335005817235763     
   1.0333117769202214     
   1.0331230826864144     
   1.0329344988568354     
   1.0327460252664957     
   1.0325576617507375     
   1.0323694081452333     
   1.0321812642859851     
   1.0319932300093217     
   1.0318053051519014     
   1.0316174895507082     
   1.0314297830430519     
   1.0312421854665688     
   1.0310546966592180     
   1.0308673164592839     
   1.0306800447053726     
   1.0304928812364118     
   1.0303058258916520     
   1.0301188785106632     
   1.0299320389333353     
   1.0297453069998772     
   1.0295586825508163     
   1.0293721654269972     
   1.0291857554695805     
   1.0289994525200439     
   1.0288132564201797     
   1.0286271670120939     
   1.0284411841382073     
   1.0282553076412531     
   1.0280695373642759     
   1.0278838731506328     
   1.0276983148439911     
   1.0275128622883276     
   1.0273275153279284     
   1.0271422738073883     
   1.0269571375716096     
   1.0267721064658013     
   1.0265871803354787     
   1.0264023590264628     
   1.0262176423848786     
   1.0260330302571559     
   1.0258485224900276     
   1.0256641189305287     
   1.0254798194259962     
   1.0252956238240682     
   1.0251115319726836     
   1.0249275437200800     
   1.0247436589147949     
   1.0245598774056635     
   1.0243761990418192     
   1.0241926236726910     
   1.0240091511480049     
   1.0238257813177820     
   1.0236425140323386     
   1.0234593491422845     
   1.0232762864985230     
   1.0230933259522499     
   1.0229104673549525     
   1.0227277105584105     
   1.0225450554146929     
   1.0223625017761595     
   1.0221800494954587     
   1.0219976984255275     
   1.0218154484195907     
   1.0216332993311605     
   1.0214512510140352     
   1.0212693033222988     
   1.0210874561103211     
   1.0209057092327556     
   1.0207240625445393     
   1.0205425159008936     
   1.0203610691573211     
   1.0201797221696061     
   1.0199984747938151     
   1.0198173268862942     
   1.0196362783036697     
   1.0194553289028465     
   1.0192744785410084     
   1.0190937270756169     
   1.0189130743644106     
   1.0187325202654045     
   1.0185520646368897     
   1.0183717073374332     
   1.0181914482258749     
   1.0180112871613303     
   1.0178312240031868     
   1.0176512586111057     
   1.0174713908450195     
   1.0172916205651328     
   1.0171119476319204     
   1.0169323719061270     
   1.0167528932487677     
   1.0165735115211254     
   1.0163942265847525     
   1.0162150383014681     
   1.0160359465333579     
   1.0158569511427760     
   1.0156780519923396     
   1.0154992489449328     
   1.0153205418637046     
   1.0151419306120659     
   1.0149634150536928     
   1.0147849950525232     
   1.0146066704727574     
   1.0144284411788576     
   1.0142503070355455     
   1.0140722679078047     
   1.0138943236608773     
   1.0137164741602658     
   1.0135387192717296     
   1.0133610588612871     
   1.0131834927952132     
   1.0130060209400407     
   1.0128286431625568     
   1.0126513593298063     
   1.0124741693090868     
   1.0122970729679521     
   1.0121200701742084     
   1.0119431607959157     
   1.0117663447013872     
   1.0115896217591864     
   1.0114129918381298     
   1.0112364548072845     
   1.0110600105359675     
   1.0108836588937455     
   1.0107073997504348     
   1.0105312329761000     
   1.0103551584410533     
   1.0101791760158556     
   1.0100032855713132     
   1.0098274869784798     
   1.0096517801086544     
   1.0094761648333810     
   1.0093006410244485     
   1.0091252085538902     
   1.0089498672939823     
   1.0087746171172447     
   1.0085994578964388     
   1.0084243895045684     
   1.0082494118148790     
   1.0080745247008560     
   1.0078997280362256     
   1.0077250216949540     
   1.0075504055512456     
   1.0073758794795438     
   1.0072014433545302     
   1.0070270970511244     
   1.0068528404444819     
   1.0066786734099953     
   1.0065045958232930     
   1.0063306075602392     
   1.0061567084969314     
   1.0059828985097037     
   1.0058091774751223     
   1.0056355452699868     
   1.0054620017713305     
   1.0052885468564181     
   1.0051151804027461     
   1.0049419022880426     
   1.0047687123902656     
   1.0045956105876035     
   1.0044225967584748     
   1.0042496707815269     
   1.0040768325356348     
   1.0039040818999030     
   1.0037314187536628     
   1.0035588429764726     
   1.0033863544481174     
   1.0032139530486082     
   1.0030416386581815     
   1.0028694111572987     
   1.0026972704266464     
   1.0025252163471343     
   1.0023532487998956     
   1.0021813676662878     
   1.0020095728278893     
   1.0018378641665016     
   1.0016662415641471     
   1.0014947049030696     
   1.0013232540657335     
   1.0011518889348228     
   1.0009806093932410     
   1.0008094153241118     
   1.0006383066107760     
   1.0004672831367936     
   1.0002963447859416     
   1.0001254914422142     
  0.99995472298982224     
  0.99978403931319315     
  0.99961344029696952     
  0.99944292582600902     
  0.99927249578538491     
  0.99910215006038394     
  0.99893188853650683     
  0.99876171109946776     
  0.99859161763519344     
  0.99842160802982338     
  0.99825168216970850     
  0.99808183994141142     
  0.99791208123170572     
  0.99774240592757535     
  0.99757281391621477     
  0.99740330508502706     
  0.99723387932162533     
  0.99706453651383087     
  0.99689527654967314     
  0.99672609931738965     
  0.99655700470542485     
  0.99638799260243038     
  0.99621906289726359     
  0.99605021547898853     
  0.99588145023687413     
  0.99571276706039469     
  0.99554416583922856     
  0.99537564646325905     
  0.99520720882257252     
  0.99503885280745830     
  0.99487057830840930     
  0.99470238521611987     
  0.99453427342148693     
  0.99436624281560837     
  0.99419829328978382     
  0.99403042473551229     
  0.99386263704449407     
  0.99369493010862886     
  0.99352730382001464     
  0.99335975807094978     
  0.99319229275392984     
  0.99302490776164887     
  0.99285760298699821     
  0.99269037832306684     
  0.99252323366313933     
  0.99235616890069767     
  0.99218918392941879     
  0.99202227864317560     
  0.99185545293603572     
  0.99168870670226095     
  0.99152203983630793     
  0.99135545223282651     
  0.99118894378665989     
  0.99102251439284450     
  0.99085616394660847     
  0.99068989234337279     
  0.99052369947874941     
  0.99035758524854156     
  0.99019154954874400     
  0.99002559227554077     
  0.98985971332530664     
  0.98969391259460548     
  0.98952818998019076     
  0.98936254537900414     
  0.98919697868817602     
  0.98903148980502431     
  0.98886607862705533     
  0.98870074505196137     
  0.98853548897762200     
  0.98837031030210343     
  0.98820520892365704     
  0.98804018474071986     
  0.98787523765191487     
  0.98771036755604857     
  0.98754557435211299     
  0.98738085793928287     
  0.98721621821691730     
  0.98705165508455806     
  0.98688716844193003     
  0.98672275818894040     
  0.98655842422567797     
  0.98639416645241340     
  0.98622998476959856     
  0.98606587907786580     
  0.98590184927802849     
  0.98573789527107936     
  0.98557401695819091     
  0.98541021424071529     
  0.98524648702018336     
  0.98508283519830409     
  0.98491925867696484     
  0.98475575735823095     
  0.98459233114434519     
  0.98442897993772638     
  0.98426570364097066     
  0.98410250215685069     
  0.98393937538831433     
  0.98377632323848530     
  0.98361334561066216     
  0.98345044240831836     
  0.98328761353510186     
  0.98312485889483425     
  0.98296217839151101     
  0.98279957192930101     
  0.98263703941254543     
  0.98247458074575877     
  0.98231219583362717     
  0.98214988458100838     
  0.98198764689293205     
  0.98182548267459857     
  0.98166339183137952     
  0.98150137426881601     
  0.98133942989262013     
  0.98117755860867262     
  0.98101576032302407     
  0.98085403494189416     
  0.98069238237167022     
  0.98053080251890901     
  0.98036929529033401     
  0.98020786059283704     
  0.98004649833347646     
  0.97988520841947802     
  0.97972399075823313     
  0.97956284525730020     
  0.97940177182440247     
  0.97924077036742929     
  0.97907984079443455     
  0.97891898301363733     
  0.97875819693342070     
  0.97859748246233169     
  0.97843683950908145     
  0.97827626798254363     
  0.97811576779175591     
  0.97795533884591790     
  0.97779498105439155     
  0.97763469432670125     
  0.97747447857253233     
  0.97731433370173204     
  0.97715425962430813     
  0.97699425625042879     
  0.97683432349042332     
  0.97667446125477997     
  0.97651466945414778     
  0.97635494799933364     
  0.97619529680130479     
  0.97603571577118586     
  0.97587620482026072     
  0.97571676385997030     
  0.97555739280191400     
  0.97539809155784818     
  0.97523886003968607     
  0.97507969815949735     
  0.97492060582950857     
  0.97476158296210214     
  0.97460262946981580     
  0.97444374526534272     
  0.97428493026153151     
  0.97412618437138510     
  0.97396750750806060     
  0.97380889958486971     
  0.97365036051527765     
  0.97349189021290305     
  0.97333348859151758     
  0.97317515556504586     
  0.97301689104756495     
  0.97285869495330402     
  0.97270056719664411     
  0.97254250769211736     
  0.97238451635440815     
  0.97222659309835069     
  0.97206873783893077     
  0.97191095049128373     
  0.97175323097069510     
  0.97159557919260009     
  0.97143799507258333     
  0.97128047852637855     
  0.97112302946986806     
  0.97096564781908290     
  0.97080833349020157     
