   1.0000000000000000     
  0.91029145207452289     
  0.90962261178402681     
  0.90899310266662647     
  0.90837577580767459     
  0.90777006337367627     
  0.90717543718837090     
  0.90659139884271012     
  0.90601747784904663     
  0.90545322991715682     
  0.90489823534182601     
  0.90435209749461620     
  0.90381444141292522     
  0.90328491247991693     
  0.90276317518931737     
  0.90224891198948465     
  0.90174182220152599     
  0.90124162100658711     
  0.90074803849776330     
  0.90026081879238729     
  0.89977971920072497     
  0.89930450944738438     
  0.89883497094198150     
  0.89837089609583831     
  0.89791208768170427     
  0.89745835823369347     
  0.89700952948481094     
  0.89656543183962178     
  0.89612590387977753     
  0.89569079190026313     
  0.89525994947437049     
  0.89483323704554274     
  0.89441052154434453     
  0.89399167602893925     
  0.89357657934755697     
  0.89316511582153624     
  0.89275717494761930     
  0.89235265111826301     
  0.89195144335881438     
  0.89155345508047223     
  0.89115859384802687     
  0.89076677116143754     
  0.89037790225037161     
  0.88999190588087795     
  0.88960870417343396     
  0.88922822243164212     
  0.88885038898091306     
  0.88847513501650055     
  0.88810239446030892     
  0.88773210382592116     
  0.88736420209133948     
  0.88699863057895323     
  0.88663533284229545     
  0.88627425455916020     
  0.88591534343069445     
  0.88555854908609755     
  0.88520382299258271     
  0.88485111837028396     
  0.88450039011180381     
  0.88415159470612492     
  0.88380469016662011     
  0.88345963596291543     
  0.88311639295637601     
  0.88277492333899965     
  0.88243519057551401     
  0.88209715934848987     
  0.88176079550629261     
  0.88142606601370599     
  0.88109293890507190     
  0.88076138323980113     
  0.88043136906011732     
  0.88010286735090637     
  0.87977585000155167     
  0.87945028976964079     
  0.87912616024644008     
  0.87880343582403342     
  0.87848209166403968     
  0.87816210366781200     
  0.87784344844804540     
  0.87752610330170844     
  0.87721004618423193     
  0.87689525568488336     
  0.87658171100326387     
  0.87626939192686881     
  0.87595827880965371     
  0.87564835255155316     
  0.87533959457890098     
  0.87503198682571104     
  0.87472551171576252     
  0.87442015214546098     
  0.87411589146742696     
  0.87381271347477762     
  0.87351060238606804     
  0.87320954283085950     
  0.87290951983587750     
  0.87261051881174201     
  0.87231252554022953     
  0.87201552616205025     
  0.87171950716511104     
  0.87142445537324376     
  0.87113035793537308     
  0.87460306087773509     
  0.87813514466860843     
  0.88172593042658898     
  0.88537587941412432     
  0.88908548689295652     
  0.89285528130153280     
  0.89668582145163533     
  0.90057770569227469     
  0.90453155746956315     
  0.90854803448595634     
  0.91262782621763783     
  0.91677165381478254     
  0.92098027005784777     
  0.92525445936828654     
  0.92959503787083442     
  0.93400285350689116     
  0.93847878619746783     
  0.94302374805416100     
  0.94763868363817227     
  0.95232457026541928     
  0.95708241835797370     
  0.96191327184097930     
  0.96681820858420875     
  0.97179834088905559     
  0.97685481601945634     
  0.98198881677780725     
  0.98720156212533383     
  0.99249430784731585     
  0.99786834726352625     
   1.0033250119838011     
   1.0088656727102854     
   1.0144917400856788     
   1.0202046655892740     
   1.0260059424811865     
   1.0318971067953844     
   1.0378797383836209     
   1.0439554620100808     
   1.0501259484991232     
   1.0563929159371130     
   1.0627581309294019     
   1.0692234099152857     
   1.0757906205412264     
   1.0824616830953082     
   1.0892385720047222     
   1.0961233173976690     
   1.1031180067334898     
   1.1102247865017072     
   1.1174458639939469     
   1.1247835091507463     
   1.1322400564863586     
   1.1398179070948424     
   1.1475195307399890     
   1.1553474680337927     
   1.1633043327056030     
   1.1713928139669543     
   1.1796156789758918     
   1.1879757754042544     
   1.1964760341141718     
   1.2051194719465541     
   1.2139091946281746     
   1.2228483998021897     
   1.2319403801870303     
   1.2411885268713010     
   1.2505963327489318     
   1.2601673961028430     
   1.2699054243435657     
   1.2798142379095452     
   1.2898977743387030     
   1.3001600925173724     
   1.3106053771171275     
   1.3212379432278152     
   1.3320622411968122     
   1.3430828616851811     
   1.3543045409506027     
   1.3657321663706019     
   1.3773707822160461     
   1.3892255956897523     
   1.4013019832432174     
   1.4136054971855267     
   1.4261418726015496     
   1.4389170345937332     
   1.4519371058665356     
   1.4652084146715156     
   1.4787375031317023     
   1.4925311359682614     
   1.5065963096488717     
   1.5209402619836225     
   1.5355704821921130     
   1.5504947214687739     
   1.5657210040750005     
   1.5812576389869597     
   1.5971132321335804     
   1.6132966992559226     
   1.6298172794267274     
   1.6466845492682103     
   1.6639084379084550     
   1.6814992427233675     
   1.6994676459081128     
   1.7178247319310844     
   1.7365820059235528     
   1.7426386793419508     
   1.7485374636794351     
   1.7544001412671155     
   1.7602295206148708     
   1.7660271877580647     
   1.7717946382138863     
   1.7775332924255396     
   1.7832445002307244     
   1.7889295449546279     
   1.7945896472464029     
   1.8002259686766453     
   1.8058396151113223     
   1.8114316398765908     
   1.8170030467279936     
   1.8225547926366259     
   1.8280877904040538     
   1.8336029111169785     
   1.8391009864519345     
   1.8445828108396165     
   1.8500491434978232     
   1.8555007103414027     
   1.8609382057770416     
   1.8663622943902254     
   1.8717736125312259     
   1.8771727698065144     
   1.8825603504815898     
   1.8879369148008158     
   1.8933030002295046     
   1.8986591226231355     
   1.9040057773282826     
   1.9093434402195313     
   1.9146725686763886     
   1.9199936025039190     
   1.9253069648006140     
   1.9306130627767670     
   1.9359122885264157     
   1.9412050197557142     
   1.9464916204704252     
   1.9517724416250275     
   1.9570478217357963     
   1.9623180874600543     
   1.9675835541436408     
   1.9728445263385335     
   1.9781012982924226     
   1.9833541544119213     
   1.9886033697009990     
   1.9938492101761149     
   1.9990919332594341     
   2.0043317881514353     
   2.0095690161841144     
   2.0148038511559361     
   2.0200365196495915     
   2.0252672413335739     
   2.0304962292485018     
   2.0357236900790761     
   2.0409498244124955     
   2.0461748269841027     
   2.0513988869109925     
   2.0566221879142557     
   2.0618449085305044     
   2.0670672223132800     
   2.0722892980249012     
   2.0775112998192888     
   2.0827333874162539     
   2.0879557162677296     
   2.0931784377163738     
   2.0984016991469630     
   2.1036256441309553     
   2.1088504125645984     
   2.1140761408009143     
   2.1193029617758929     
   2.1245310051291888     
   2.1297603973196129     
   2.1349912617356832     
   2.1402237188014901     
   2.1454578860781179     
   2.1506938783608360     
   2.1559318077722844     
   2.1611717838518434     
   2.1664139136413842     
   2.1716583017675619     
   2.1769050505208449     
   2.1821542599314085     
   2.1874060278420639     
   2.1926604499783546     
   2.1979176200159554     
   2.2031776296454946     
   2.2084405686349298     
   2.2137065248895769     
   2.2189755845099111     
   2.2242478318472232     
   2.2295233495572533     
   2.2348022186518617     
   2.2400845185488478     
   2.2453703271199830     
   2.2506597207373402     
   2.2559527743179957     
   2.2612495613671615     
   2.2665501540198330     
   2.2718546230809888     
   2.2771630380644323     
   2.2824754672303023     
   2.2877919776213238     
   2.2931126350978506     
   2.2984375043717358     
   2.3037666490390873     
   2.3091001316119497     
   2.3144380135489526     
   2.3197803552849674     
   2.3251272162598071     
   2.3304786549460133     
   2.3358347288757533     
   2.3411954946668732     
   2.3465610080481278     
   2.3519313238836261     
   2.3573064961965149     
   2.3626865781919300     
   2.3680716222792455     
   2.3734616800936377     
   2.3788568025170003     
   2.3842570396982188     
   2.3896624410728422     
   2.3950730553821571     
   2.4004889306917034     
   2.4059101144092296     
   2.4113366533021243     
   2.4167685935143357     
   2.4222059805827931     
   2.4276488594533485     
   2.4330972744962600     
   2.4385512695212248     
   2.4440108877919791     
   2.4494761720404834     
   2.4549471644806977     
   2.4604239068219687     
   2.4659064402820352     
   2.4713948055996720     
   2.4768890430469699     
   2.4823891924412793     
   2.4878952931568175     
   2.4934073841359519     
   2.4989255039001748     
   2.5044496905607732     
   2.5099799818291992     
   2.5155164150271698     
   2.5210590270964777     
   2.5266078546085384     
   2.5321629337736864     
   2.5377243004502072     
   2.5432919901531341     
   2.5488660380628074     
   2.5544464790332020     
   2.5600333476000339     
   2.5656266779886541     
   2.5712265041217242     
   2.5768328596267005     
   2.5824457778431142     
   2.5880652918296563     
   2.5936914343710886     
   2.5993242379849604     
   2.6049637349281620     
   2.6106099572033017     
   2.6162629365649166     
   2.6219227045255300     
   2.6275892923615425     
   2.6332627311189847     
   2.6389430516191101     
   2.6446302844638554     
   2.6503244600411535     
   2.6560256085301215     
   2.6617337599061064     
   2.6674489439456153     
   2.6731711902311122     
   2.6789005281556979     
   2.6846369869276772     
   2.6903805955750055     
   2.6961313829496305     
   2.7018893777317228     
   2.7076546084338049     
   2.7134271034047788     
   2.7192068908338505     
   2.7249939987543650     
   2.7307884550475436     
   2.7365902874461301     
   2.7423995235379541     
   2.7482161907694023     
   2.7540403164488074     
   2.7598719277497596     
   2.7657110517143355     
   2.7715577152562525     
   2.7774119451639447     
   2.7832737681035686     
   2.7891432106219423     
   2.7950202991494035     
   2.8009050600026182     
   2.8067975193873029     
   2.8126977034009042     
   2.8186056380352014     
   2.8245213491788572     
   2.8304448626199048     
   2.8363762040481837     
   2.8423153990577115     
   2.8482624731490125     
   2.8542174517313836     
   2.8601803601251161     
   2.8661512235636617     
   2.8721300671957550     
   2.8781169160874893     
   2.8841117952243369     
   2.8901147295131380     
   2.8961257437840349     
   2.9021448627923720     
   2.9081721112205448     
   2.9142075136798211     
   2.9202510947121088     
   2.9263028787916952     
   2.9323628903269485     
   2.9384311536619752     
   2.9445076930782532     
   2.9505925327962190     
   2.9566856969768285     
   2.9627872097230861     
   2.9688970950815352     
   2.9750153770437211     
   2.9811420795476251     
   2.9872772264790677     
   2.9934208416730810     
   2.9995729489152554     
   3.0057335719430567     
   3.0119027344471210     
   3.0180804600725168     
   3.0242667724199852     
   3.0304616950471597     
   3.0366652514697501     
   3.0428774651627135     
   3.0490983595614014     
   3.0553279580626782     
   3.0615662840260192     
   3.0678133607745939     
   3.0740692115963220     
   3.0803338597449108     
   3.0866073284408699     
   3.0928896408725151     
   3.0991808201969429     
   3.1054808895409924     
   3.1117898720021899     
   3.1181077906496735     
   3.1244346685250974     
   3.1307705286435294     
   3.1371153939943222     
   3.1434692875419734     
   3.1498322322269670     
   3.1562042509666055     
   3.1625853666558204     
   3.1689756021679711     
   3.1753749803556302     
   3.1817835240513568     
   3.1882012560684494     
   3.1946281992016918     
   3.2010643762280853     
   3.2075098099075685     
   3.2139645229837188     
   3.2204285381844522     
   3.2269018782227041     
   3.2333845657970977     
   3.2398766235926066     
   3.2463780742812047     
   3.2528889405225012     
   3.2594092449643690     
   3.2659390102435659     
   3.2724782589863377     
   3.2790270138090167     
   3.2855852973186130     
   3.2921531321133872     
   3.2987305407834273     
   3.3053175459112016     
   3.3119141700721175     
   3.3185204358350613     
   3.3251363657629329     
   3.3317619824131754     
   3.3383973083382874     
   3.3450423660863446     
   3.3516971782014915     
   3.3583617672244457     
   3.3650361556929806     
   3.3717203661424109     
   3.3784144211060640     
   3.3851183431157481     
   3.3918321547022137     
   3.3985558783956056     
   3.4052895367259124     
   3.4120331522234064     
   3.4187867474190781     
   3.4255503448450675     
   3.4323239670350834     
   3.4391076365248248     
   3.4459013758523889     
   3.4527052075586782     
   3.4595191541878014     
   3.4663432382874690     
   3.4474075325752263     
   3.4281969624961834     
   3.4089645246242575     
   3.3897208495354905     
   3.3704738168299588     
   3.3512308044070878     
   3.3319987369848669     
   3.3127841131060891     
   3.2935930302678798     
   3.2744312084545024     
   3.2553040121856127     
   3.2362164711822841     
   3.2171732997393905     
   3.1981789148974165     
   3.1792374534893129     
   3.1603527881398357     
   3.1415285422865349     
   3.1227681042861302     
   3.1040746406692978     
   3.0854511085948841     
   3.0669002675615040     
   3.0484246904201346     
   3.0300267737350128     
   3.0117087475357183     
   2.9934726844959778     
   2.9753205085802321     
   2.9572540031881944     
   2.9392748188302233     
   2.9213844803647158     
   2.9035843938207999     
   2.8858758528370978     
   2.8682600447362603     
   2.8507380562598454     
   2.8333108789837236     
   2.8159794144328987     
   2.7987444789160700     
   2.7816068080928562     
   2.7645670612944482     
   2.7476258256086483     
   2.7307836197446078     
   2.7140408976915755     
   2.6973980521802030     
   2.6808554179622948     
   2.6644132749159457     
   2.6480718509875314     
   2.6318313249810990     
   2.6156918292004048     
   2.5996534519563164     
   2.5837162399435001     
   2.5678802004953694     
   2.5521453037247008     
   2.5365114845537495     
   2.5209786446431672     
   2.5055466542225560     
   2.4902153538294147     
   2.4749845559611079     
   2.4598540466440117     
   2.4448235869259261     
   2.4298929142926178     
   2.4150617440165556     
   2.4003297704379714     
   2.3856966681833258     
   2.3711620933251116     
   2.3567256844834965     
   2.3423870638760298     
   2.3281458383154625     
   2.3140016001592789     
   2.2999539282143329     
   2.2860023885963310     
   2.2721465355494068     
   2.2583859122255374     
   2.2447200514265027     
   2.2311484763111680     
   2.2176707010674468     
   2.2042862315535476     
   2.1909945659077139     
   2.1777951951290766     
   2.1646876036307727     
   2.1516712697662701     
   2.1387456663315132     
   2.1259102610414993     
   2.1131645169855542     
   2.1005078930598851     
   2.0879398443794059     
   2.0754598226705299     
   2.0630672766437872     
   2.0507616523497441     
   2.0385423935168601     
   2.0264089418730613     
   2.0143607374523835     
   2.0023972188853558     
   1.9905178236765000     
   1.9787219884673344     
   1.9670091441001827     
   1.9553787367462809     
   1.9438301965776921     
   1.9323629591635914     
   1.9209764603443968     
   1.9096701364238851     
   1.8984434243526145     
   1.8954236103228352     
   1.8924476263713499     
   1.8895116422107081     
   1.8866143283639074     
   1.8837544186691770     
   1.8809307060423794     
   1.8781420391817971     
   1.8753873194755730     
   1.8726654980985316     
   1.8699755732861740     
   1.8673165877744533     
   1.8646876263946899     
   1.8620878138136758     
   1.8595163124096898     
   1.8569723202757389     
   1.8544550693419291     
   1.8519638236093787     
   1.8494978774886095     
   1.8470565542357962     
   1.8446392044806936     
   1.8422452048404676     
   1.8398739566140290     
   1.8375248845518266     
   1.8351974356963778     
   1.8328910782891272     
   1.8306053007395100     
   1.8283396106523633     
   1.8260935339100783     
   1.8238666138061164     
   1.8216584102267428     
   1.8194684988780174     
   1.8172964705552830     
   1.8151419304525702     
   1.8130044975094954     
   1.8108838037933956     
   1.8087794939145712     
   1.8066912244726616     
   1.8046186635322974     
   1.8025614901262756     
   1.8005193937846522     
   1.7984920740882038     
   1.7964792402448437     
   1.7944806106876450     
   1.7924959126932183     
   1.7905248820192663     
   1.7885672625602158     
   1.7866228060198845     
   1.7846912716002199     
   1.7827724257051971     
   1.7808660416590221     
   1.7789718994378390     
   1.7770897854141892     
   1.7752194921135160     
   1.7733608179820544     
   1.7715135671654774     
   1.7696775492977201     
   1.7678525792994297     
   1.7660384771855204     
   1.7642350678813561     
   1.7624421810470938     
   1.7606596509097694     
   1.7588873161027112     
   1.7571250195119055     
   1.7553726081289567     
   1.7536299329103027     
   1.7518968486423707     
   1.7501732138123682     
   1.7484588904844347     
   1.7467537441808805     
   1.7450576437682708     
   1.7433704613481051     
   1.7416920721518865     
   1.7400223544403512     
   1.7383611894066724     
   1.7367084610834469     
   1.7350640562532831     
   1.7334278643628269     
   1.7317997774400644     
   1.7301796900147517     
   1.7285674990418298     
   1.7269631038276887     
   1.7253664059591549     
   1.7237773092350808     
   1.7221957196004209     
   1.7206215450826863     
   1.7190546957306765     
   1.7174950835553875     
   1.7159426224730081     
   1.7143972282499094     
   1.7128588184495506     
   1.7113273123812209     
   1.7098026310505345     
   1.7082846971116197     
   1.7067734348209189     
   1.7052687699925477     
   1.7037706299551427     
   1.7022789435101424     
   1.7007936408914437     
   1.6993146537263815     
   1.6978419149979807     
   1.6963753590084263     
   1.6949149213437171     
   1.6934605388394444     
   1.6920121495476597     
   1.6905696927047993     
   1.6891331087006078     
   1.6877023390480408     
   1.6862773263541035     
   1.6848580142915923     
   1.6834443475717076     
   1.6820362719175042     
   1.6806337340381547     
   1.6792366816039939     
   1.6778450632223127     
   1.6764588284138875     
   1.6750779275902024     
   1.6737023120313588     
   1.6723319338646345     
   1.6709667460436797     
   1.6696067023283168     
   1.6682517572649427     
   1.6669018661674921     
   1.6655569850989580     
   1.6642170708534452     
   1.6628820809387386     
   1.6615519735593742     
   1.6602267076001898     
   1.6589062426103449     
   1.6575905387877932     
   1.6562795569641924     
   1.6549732585902386     
   1.6536716057214094     
   1.6523745610041067     
   1.6510820876621846     
   1.6497941494838448     
   1.6485107108089028     
   1.6472317365163938     
   1.6459571920125244     
   1.6446870432189513     
   1.6434212565613762     
   1.6421597989584524     
   1.6409026378109914     
   1.6396497409914532     
   1.6384010768337256     
   1.6371566141231739     
   1.6359163220869519     
   1.6346801703845761     
   1.6334481290987422     
   1.6322201687263871     
   1.6309962601699857     
   1.6297763747290726     
   1.6285604840919869     
   1.6273485603278288     
   1.6261405758786300     
   1.6249365035517158     
   1.6237363165122738     
   1.6225399882761073     
   1.6213474927025737     
   1.6201588039877033     
   1.6189738966574936     
   1.6177927455613705     
   1.6166153258658158     
   1.6154416130481517     
   1.6142715828904857     
   1.6131052114738000     
   1.6119424751721925     
   1.6107833506472560     
   1.6096278148425984     
   1.6084758449784986     
   1.6073274185466886     
   1.6061825133052647     
   1.6050411072737254     
   1.6039031787281244     
   1.6027687061963416     
   1.6016376684534701     
   1.6005100445173104     
   1.5993858136439738     
   1.5982649553235893     
   1.5971474492761122     
   1.5960332754472293     
   1.5949224140043659     
   1.5938148453327787     
   1.5927105500317449     
   1.5916095089108380     
   1.5905117029862883     
   1.5894171134774298     
   1.5883257218032252     
   1.5872375095788742     
   1.5861524586124935     
   1.5850705509018794     
   1.5839917686313332     
   1.5829160941685689     
   1.5818435100616828     
   1.5807739990361911     
   1.5797075439921364     
   1.5786441280012558     
   1.5775837343042112     
   1.5765263463078805     
   1.5754719475827095     
   1.5744205218601175     
   1.5733720530299631     
   1.5723265251380618     
   1.5712839223837582     
   1.5702442291175478     
   1.5692074298387535     
   1.5681735091932452     
   1.5671424519712143     
   1.5661142431049884     
   1.5650888676668953     
   1.5640663108671724     
   1.5630465580519133     
   1.5620295947010647     
   1.5610154064264583     
   1.5600039789698843     
   1.5589952982012070     
   1.5579893501165121     
   1.5569861208363001     
   1.5559855966037048     
   1.5549877637827592     
   1.5539926088566858     
   1.5530001184262261     
   1.5520102792080019     
   1.5510230780329073     
   1.5500385018445328     
   1.5490565376976211     
   1.5480771727565501     
   1.5471003942938468     
   1.5461261896887295     
   1.5451545464256768     
   1.5441854520930232     
   1.5432188943815845     
   1.5422548610833029     
   1.5412933400899242     
   1.5403343193916923     
   1.5393777870760756     
   1.5384237313265094     
   1.5374721404211660     
   1.5365230027317451     
   1.5355763067222876     
   1.5346320409480083     
   1.5336901940541505     
   1.5327507547748638     
   1.5318137119320978     
   1.5308790544345159     
   1.5299467712764303     
   1.5290168515367544     
   1.5280892843779728     
   1.5271640590451294     
   1.5262411648648351     
   1.5253205912442866     
   1.5244023276703096     
   1.5234863637084126     
   1.5225726890018576     
   1.5216612932707496     
   1.5207521663111372     
   1.5198452979941290     
   1.5189406782650279     
   1.5180382971424748     
   1.5171381447176093     
   1.5162402111532445     
   1.5153444866830521     
   1.5144509616107633     
   1.5135596263093836     
   1.5126704712204146     
   1.5117834868530957     
   1.5108986637836503     
   1.5100159926545509     
   1.5091354641737891     
   1.5082570691141630     
   1.5073807983125700     
   1.5065066426693159     
   1.5056345931474300     
   1.5047646407719926     
   1.5038967766294751     
   1.5030309918670841     
   1.5021672776921222     
   1.5013056253713521     
   1.5004460262303776     
   1.4995884716530241     
   1.4987329530807376     
   1.4978794620119864     
   1.4970279900016741     
   1.4961785286605611     
   1.4953310696546944     
   1.4944856047048436     
   1.4936421255859480     
   1.4928006241265703     
   1.4919610922083577     
   1.4911235217655106     
   1.4902879047842603     
   1.4894542333023519     
   1.4886224994085355     
   1.4877926952420650     
   1.4869648129922028     
   1.4861388448977317     
   1.4853147832464741     
   1.4844926203748163     
   1.4836723486672416     
   1.4828539605558670     
   1.4820374485199876     
   1.4812228050856284     
   1.4804100228250989     
   1.4795990943565569     
   1.4787900123435758     
   1.4779827694947181     
   1.4771773585631163     
   1.4763737723460557     
   1.4755720036845661     
   1.4747720454630182     
   1.4739738906087232     
   1.4731775320915386     
   1.4723829629234808     
   1.4715901761583392     
   1.4707991648912992     
   1.4700099222585674     
   1.4692224414369994     
   1.4684367156437392     
   1.4676527381358568     
   1.4668705022099915     
   1.4660900012020017     
   1.4653112284866181     
   1.4645341774771001     
   1.4637588416248974     
   1.4629852144193167     
   1.4622132893871902     
   1.4614430600925483     
   1.4606745201363005     
   1.4599076631559140     
   1.4591424828251001     
   1.4583789728535033     
   1.4576171269863936     
   1.4568569390043646     
   1.4560984027230317     
   1.4553415119927362     
   1.4545862606982540     
   1.4538326427585029     
   1.4530806521262605     
   1.4523302827878775     
   1.4515815287630016     
   1.4508343841042994     
   1.4500888428971823     
   1.4493448992595408     
   1.4486025473414725     
   1.4478617813250216     
   1.4471225954239171     
   1.4463849838833152     
   1.4456489409795437     
   1.4449144610198508     
   1.4441815383421559     
   1.4434501673148021     
   1.4427203423363142     
   1.4419920578351548     
   1.4412653082694904     
   1.4405400881269506     
   1.4398163919244000     
   1.4390942142077030     
   1.4383735495514998     
   1.4376543925589786     
   1.4369367378616515     
   1.4362205801191388     
   1.4355059140189432     
   1.4347927342762412     
   1.4340810356336642     
   1.4333708128610902     
   1.4326620607554335     
   1.4319547741404377     
   1.4312489478664725     
   1.4305445768103291     
   1.4298416558750215     
   1.4291401799895871     
   1.4284401441088921     
   1.4277415432134353     
   1.4270443723091581     
   1.4263486264272525     
   1.4256543006239748     
   1.4249613899804581     
   1.4242698896025281     
   1.4235797946205226     
   1.4228911001891074     
   1.4222038014871017     
   1.4215178937172983     
   1.4208333721062898     
   1.4201502319042953     
   1.4194684683849892     
   1.4187880768453309     
   1.4181090526053959     
   1.4174313910082117     
   1.4167550874195909     
   1.4160801372279697     
   1.4154065358442447     
   1.4147342787016157     
   1.4140633612554239     
   1.4133937789829993     
   1.4127255273835013     
   1.4120586019777683     
   1.4113929983081646     
   1.4107287119384286     
   1.4100657384535253     
   1.4094040734594981     
   1.4087437125833215     
   1.4080846514727570     
   1.4074268857962104     
   1.4067704112425883     
   1.4061152235211574     
   1.4054613183614064     
   1.4048086915129070     
   1.4041573387451773     
   1.4035072558475459     
   1.4028584386290186     
   1.4022108829181448     
   1.4015645845628868     
   1.4009195394304867     
   1.4002757434073416     
   1.3996331923988714     
   1.3989918823293950     
   1.3983518091420017     
   1.3977129687984313     
   1.3970753572789454     
   1.3964389705822087     
   1.3958038047251675     
   1.3951698557429286     
   1.3945371196886427     
   1.3939055926333834     
   1.3932752706660334     
   1.3926461498931679     
   1.3920182264389389     
   1.3913914964449645     
   1.3907659560702130     
   1.3901416014908943     
   1.3895184289003475     
   1.3888964345089325     
   1.3882756145439210     
   1.3876559652493885     
   1.3870374828861094     
   1.3864201637314493     
   1.3858040040792614     
   1.3851890002397833     
   1.3845751485395328     
   1.3839624453212063     
   1.3833508869435782     
   1.3827404697814010     
   1.3821311902253044     
   1.3815230446816988     
   1.3809160295726770     
   1.3803101413359167     
   1.3797053764245850     
   1.3791017313072442     
   1.3784992024677571     
   1.3778977864051922     
   1.3772974796337327     
   1.3766982786825845     
   1.3761001800958839     
   1.3755031804326090     
   1.3749072762664882     
   1.3743124641859139     
   1.3737187407938516     
   1.3731261027077548     
   1.3725345465594774     
   1.3719440689951885     
   1.3713546666752865     
   1.3707663362743157     
   1.3701790744808815     
   1.3695928779975679     
   1.3690077435408554     
   1.3684236678410397     
   1.3678406476421487     
   1.3672586797018649     
   1.3666777607914442     
   1.3660978876956369     
   1.3655190572126101     
   1.3649412661538689     
   1.3643645113441809     
   1.3637887896214977     
   1.3632140978368812     
   1.3626404328544264     
   1.3620677915511883     
   1.3614961708171067     
   1.3609255675549343     
   1.3603559786801618     
   1.3597874011209472     
   1.3592198318180433     
   1.3586532677247274     
   1.3580877058067302     
   1.3575231430421653     
   1.3569595764214604     
   1.3563970029472878     
   1.3558354196344986     
   1.3552748235100498     
   1.3547152116129417     
   1.3541565809941492     
   1.3535989287165549     
   1.3530422518548850     
   1.3524865474956425     
   1.3519318127370434     
   1.3513780446889523     
   1.3508252404728185     
   1.3502733972216123     
   1.3497225120797633     
   1.3491725822030973     
   1.3486236047587743     
   1.3480755769252279     
   1.3475284958921032     
   1.3469823588601986     
   1.3464371630414029     
   1.3458929056586377     
   1.3453495839457981     
   1.3448071951476934     
   1.3442657365199893     
   1.3437252053291502     
   1.3431855988523815     
   1.3426469143775730     
   1.3421091492032420     
   1.3415723006384783     
   1.3410363660028870     
   1.3405013426265338     
   1.3399672278498906     
   1.3394340190237808     
   1.3389017135093249     
   1.3383703086778869     
   1.3378398019110214     
   1.3373101906004197     
   1.3367814721478595     
   1.3362536439651498     
   1.3357267034740818     
   1.3352006481063752     
   1.3346754753036290     
   1.3341511825172692     
   1.3336277672085000     
   1.3331052268482539     
   1.3325835589171393     
   1.3320627609053957     
   1.3315428303128409     
   1.3310237646488243     
   1.3305055614321786     
   1.3299882181911711     
   1.3294717324634577     
   1.3289561017960336     
   1.3284413237451882     
   1.3279273958764566     
   1.3274143157645764     
   1.3269020809934384     
   1.3263906891560435     
   1.3258801378544560     
   1.3253704246997582     
   1.3248615473120078     
   1.3243535033201914     
   1.3238462903621815     
   1.3233399060846933     
   1.3228343481432383     
   1.3223296142020853     
   1.3218257019342141     
   1.3213226090212746     
   1.3208203331535444     
   1.3203188720298857     
   1.3198182233577043     
   1.3193183848529084     
   1.3188193542398672     
   1.3183211292513690     
   1.3178237076285821     
   1.3173270871210134     
   1.3168312654864676     
   1.3163362404910088     
   1.3158420099089214     
   1.3153485715226680     
   1.3148559231228525     
   1.3143640625081803     
   1.3138729874854209     
   1.3133826958693682     
   1.3128931854828030     
   1.3124044541564552     
   1.3119164997289656     
   1.3114293200468499     
   1.3109429129644603     
   1.3104572763439486     
   1.3099724080552302     
   1.3094883059759477     
   1.3090049679914337     
   1.3085223919946769     
   1.3080405758862832     
   1.3075595175744439     
   1.3070792149748967     
   1.3065996660108938     
   1.3061208686131656     
   1.3056428207198856     
   1.3051655202766363     
   1.3046889652363769     
   1.3042131535594050     
   1.3037380832133281     
   1.3032637521730257     
   1.3027901584206187     
   1.3023172999454344     
   1.3018451747439748     
   1.3013737808198835     
   1.3009031161839120     
   1.3004331788538896     
   1.2999639668546896     
   1.2994954782181976     
   1.2990277109832791     
   1.2985606631957503     
   1.2980943329083436     
   1.2976287181806789     
   1.2971638170792308     
   1.2966996276772986     
   1.2962361480549764     
   1.2957733762991213     
   1.2953113105033229     
   1.2948499487678751     
   1.2943892891997446     
   1.2939293299125409     
   1.2934700690264882     
   1.2930115046683952     
   1.2925536349716251     
   1.2920964580760677     
   1.2916399721281102     
   1.2911841752806084     
   1.2907290656928583     
   1.2902746415305668     
   1.2898209009658250     
   1.2893678421770789     
   1.2889154633491025     
   1.2884637626729689     
   1.2880127383460231     
   1.2875623885718566     
   1.2871127115602767     
   1.2866637055272809     
   1.2862153686950313     
   1.2857676992918263     
   1.2853206955520733     
   1.2848743557162645     
   1.2844286780309491     
   1.2839836607487052     
   1.2835393021281187     
   1.2830956004337530     
   1.2826525539361251     
   1.2822101609116785     
   1.2817684196427601     
   1.2813273284175937     
   1.2808868855302535     
   1.2804470892806417     
   1.2800079379744616     
   1.2795694299231919     
   1.2791315634440668     
   1.2786943368600447     
   1.2782577484997906     
   1.2778217966976457     
   1.2773864797936088     
   1.2769517961333077     
   1.2765177440679789     
   1.2760843219544422     
   1.2756515281550767     
   1.2752193610377986     
   1.2747878189760371     
   1.2743569003487107     
   1.2739266035402066     
   1.2734969269403544     
   1.2730678689444055     
   1.2726394279530095     
   1.2722116023721919     
   1.2717843906133315     
   1.2713577910931386     
   1.2709318022336318     
   1.2705064224621165     
   1.2700816502111636     
   1.2696574839185859     
   1.2692339220274176     
   1.2688109629858928     
   1.2683886052474231     
   1.2679668472705765     
   1.2675456875190572     
   1.2671251244616817     
   1.2667051565723610     
   1.2662857823300784     
   1.2658670002188666     
   1.2654488087277895     
   1.2650312063509219     
   1.2646141915873259     
   1.2641977629410337     
   1.2637819189210251     
   1.2633666580412086     
   1.2629519788204013     
   1.2625378797823075     
   1.2621243594554998     
   1.2617114163733996     
   1.2612990490742566     
   1.2608872561011299     
   1.2604760360018679     
   1.2600653873290890     
   1.2596553086401634     
   1.2592457984971914     
   1.2588368554669869     
   1.2584284781210573     
   1.2580206650355832     
   1.2576134147914035     
   1.2572067259739912     
   1.2568005971734399     
   1.2563950269844419     
   1.2559900140062710     
   1.2555855568427641     
   1.2551816541023035     
   1.2547783043977969     
   1.2543755063466606     
   1.2539732585708028     
   1.2535715596966028     
   1.2531704083548951     
   1.2527698031809509     
   1.2523697428144613     
   1.2519702258995187     
   1.2515712510846007     
   1.2511728170225507     
   1.2507749223705626     
   1.2503775657901619     
   1.2499807459471906     
   1.2495844615117877     
   1.2491887111583744     
   1.2487934935656355     
   1.2483988074165040     
   1.2480046513981433     
   1.2476110242019318     
   1.2472179245234447     
   1.2468253510624390     
   1.2464333025228360     
   1.2460417776127060     
   1.2456507750442509     
   1.2452602935337891     
   1.2448703318017393     
   1.2444808885726029     
   1.2440919625749507     
   1.2437035525414053     
   1.2433156572086252     
   1.2429282753172899     
   1.2425414056120843     
   1.2421550468416822     
   1.2417691977587315     
   1.2413838571198390     
   1.2409990236855550     
   1.2406146962203568     
   1.2402308734926351     
   1.2398475542746783     
   1.2394647373426577     
   1.2390824214766119     
   1.2387006054604315     
   1.2383192880818465     
   1.2379384681324088     
   1.2375581444074788     
   1.2371783157062115     
   1.2367989808315405     
   1.2364201385901643     
   1.2360417877925312     
   1.2356639272528256     
   1.2352865557889541     
   1.2349096722225306     
   1.2345332753788607     
   1.2341573640869312     
   1.2337819371793926     
   1.2334069934925469     
   1.2330325318663340     
   1.2326585511443151     
   1.2322850501736635     
   1.2319120278051470     
   1.2315394828931157     
   1.2311674142954880     
   1.2307958208737380     
   1.2304247014928813     
   1.2300540550214611     
   1.2296838803315364     
   1.2293141762986670     
   1.2289449418019009     
   1.2285761757237630     
   1.2282078769502369     
   1.2278400443707589     
   1.2274726768781992     
   1.2271057733688517     
   1.2267393327424199     
   1.2263733539020056     
   1.2260078357540951     
   1.2256427772085461     
   1.2252781771785757     
   1.2249140345807485     
   1.2245503483349629     
   1.2241871173644383     
   1.2238243405957046     
   1.2234620169585881     
   1.2231001453861998     
   1.2227387248149224     
   1.2223777541844001     
   1.2220172324375242     
   1.2216571585204228     
   1.2212975313824461     
   1.2209383499761588     
   1.2205796132573234     
   1.2202213201848922     
   1.2198634697209927     
   1.2195060608309176     
   1.2191490924831112     
   1.2187925636491612     
   1.2184364733037827     
   1.2180808204248095     
   1.2177256039931819     
   1.2173708229929356     
   1.2170164764111890     
   1.2166625632381329     
   1.2163090824670200     
   1.2159560330941510     
   1.2156034141188663     
   1.2152512245435325     
   1.2148994633735335     
   1.2145481296172571     
   1.2141972222860848     
   1.2138467403943827     
   1.2134966829594880     
   1.2131470490016991     
   1.2127978375442650     
   1.2124490476133742     
   1.2121006782381440     
   1.2117527284506098     
   1.2114051972857147     
   1.2110580837812981     
   1.2107113869780872     
   1.2103651059196834     
   1.2100192396525535     
   1.2096737872260210     
   1.2093287476922521     
   1.2089841201062481     
   1.2086399035258337     
   1.2082960970116476     
   1.2079526996271328     
   1.2076097104385237     
   1.2072671285148393     
   1.2069249529278721     
   1.2065831827521758     
   1.2062418170650600     
   1.2059008549465748     
   1.2055602954795051     
   1.2052201377493583     
   1.2048803808443569     
   1.2045410238554255     
   1.2042020658761832     
   1.2038635060029346     
   1.2035253433346573     
   1.2031875769729956     
   1.2028502060222483     
   1.2025132295893606     
   1.2021766467839141     
   1.2018404567181180     
   1.2015046585067977     
   1.2011692512673890     
   1.2008342341199243     
   1.2004996061870281     
   1.2001653665939025     
   1.1998315144683234     
   1.1994980489406273     
   1.1991649691437036     
   1.1988322742129864     
   1.1984999632864428     
   1.1981680355045674     
   1.1978364900103697     
   1.1975053259493689     
   1.1971745424695808     
   1.1968441387215132     
   1.1965141138581532     
   1.1961844670349611     
   1.1958551974098606     
   1.1955263041432307     
   1.1951977863978958     
   1.1948696433391168     
   1.1945418741345857     
   1.1942144779544133     
   1.1938874539711215     
   1.1935608013596368     
   1.1932345192972793     
   1.1929086069637553     
   1.1925830635411498     
   1.1922578882139165     
   1.1919330801688701     
   1.1916086385951781     
   1.1912845626843531     
   1.1909608516302435     
   1.1906375046290245     
   1.1903145208791943     
   1.1899918995815590     
   1.1896696399392317     
   1.1893477411576185     
   1.1890262024444147     
   1.1887050230095941     
   1.1883842020654023     
   1.1880637388263489     
   1.1877436325091979     
   1.1874238823329624     
   1.1871044875188952     
   1.1867854472904802     
   1.1864667608734272     
   1.1861484274956611     
   1.1858304463873166     
   1.1855128167807290     
   1.1851955379104278     
   1.1848786090131271     
   1.1845620293277210     
   1.1842457980952725     
   1.1839299145590096     
   1.1836143779643145     
   1.1832991875587182     
   1.1829843425918924     
   1.1826698423156417     
   1.1823556859838975     
   1.1820418728527100     
   1.1817284021802388     
   1.1814152732267491     
   1.1811024852546026     
   1.1807900375282503     
   1.1804779293142249     
   1.1801661598811353     
   1.1798547284996577     
   1.1795436344425285     
   1.1792328769845393     
   1.1789224554025266     
   1.1786123689753678     
   1.1783026169839721     
   1.1779931987112751     
   1.1776841134422307     
   1.1773753604638035     
   1.1770669390649653     
   1.1767588485366833     
   1.1764510881719175     
   1.1761436572656110     
   1.1758365551146854     
   1.1755297810180334     
   1.1752233342765102     
   1.1749172141929292     
   1.1746114200720543     
   1.1743059512205936     
   1.1740008069471926     
   1.1736959865624266     
   1.1733914893787956     
   1.1730873147107179     
   1.1727834618745221     
   1.1724799301884414     
   1.1721767189726073     
   1.1718738275490426     
   1.1715712552416560     
   1.1712690013762346     
   1.1709670652804378     
   1.1706654462837911     
   1.1703641437176806     
   1.1700631569153443     
   1.1697624852118695     
   1.1694621279441826     
   1.1691620844510457     
   1.1688623540730492     
   1.1685629361526060     
   1.1682638300339445     
   1.1679650350631048     
   1.1676665505879291     
   1.1673683759580586     
   1.1670705105249262     
   1.1667729536417506     
   1.1664757046635301     
   1.1661787629470368     
   1.1658821278508111     
   1.1655857987351546     
   1.1652897749621258     
   1.1649940558955327     
   1.1646986409009277     
   1.1644035293456012     
   1.1641087205985772     
   1.1638142140306051     
   1.1635200090141566     
   1.1632261049234183     
   1.1629325011342855     
   1.1626391970243575     
   1.1623461919729330     
   1.1620534853610014     
   1.1617610765712403     
   1.1614689649880074     
   1.1611771499973365     
   1.1608856309869313     
   1.1605944073461598     
   1.1603034784660495     
   1.1600128437392798     
   1.1597225025601801     
   1.1594324543247203     
   1.1591426984305080     
   1.1588532342767823     
   1.1585640612644086     
   1.1582751787958729     
   1.1579865862752765     
   1.1576982831083305     
   1.1574102687023509     
   1.1571225424662530     
   1.1568351038105462     
   1.1565479521473285     
   1.1562610868902818     
   1.1559745074546666     
   1.1556882132573159     
   1.1554022037166307     
   1.1551164782525749     
   1.1548310362866707     
   1.1545458772419916     
   1.1542610005431593     
   1.1539764056163377     
   1.1536920918892279     
   1.1534080587910629     
   1.1531243057526037     
   1.1528408322061323     
   1.1525576375854485     
   1.1522747213258642     
   1.1519920828641987     
   1.1517097216387735     
   1.1514276370894072     
   1.1511458286574117     
   1.1508642957855852     
   1.1505830379182098     
   1.1503020545010449     
   1.1500213449813235     
   1.1497409088077462     
   1.1494607454304775     
   1.1491808543011406     
   1.1489012348728129     
   1.1486218866000206     
   1.1483428089387342     
   1.1480640013463645     
   1.1477854632817579     
   1.1475071942051904     
   1.1472291935783643     
   1.1469514608644031     
   1.1466739955278462     
   1.1463967970346463     
   1.1461198648521629     
   1.1458431984491577     
   1.1455667972957926     
   1.1452906608636211     
   1.1450147886255875     
   1.1447391800560198     
   1.1444638346306277     
   1.1441887518264964     
   1.1439139311220818     
   1.1436393719972073     
   1.1433650739330592     
   1.1430910364121820     
   1.1428172589184733     
   1.1425437409371815     
   1.1422704819548990     
   1.1419974814595597     
   1.1417247389404344     
   1.1414522538881251     
   1.1411800257945626     
   1.1409080541530012     
   1.1406363384580149     
   1.1403648782054923     
   1.1400936728926336     
   1.1398227220179458     
   1.1395520250812392     
   1.1392815815836208     
   1.1390113910274937     
   1.1387414529165509     
   1.1384717667557709     
   1.1382023320514141     
   1.1379331483110202     
   1.1376642150434011     
   1.1373955317586393     
   1.1371270979680834     
   1.1368589131843430     
   1.1365909769212854     
   1.1363232886940324     
   1.1360558480189547     
   1.1357886544136695     
   1.1355217073970350     
   1.1352550064891478     
   1.1349885512113391     
   1.1347223410861680     
   1.1344563756374226     
   1.1341906543901101     
   1.1339251768704599     
   1.1336599426059122     
   1.1333949511251207     
   1.1331302019579439     
   1.1328656946354452     
   1.1326014286898864     
   1.1323374036547245     
   1.1320736190646088     
   1.1318100744553770     
   1.1315467693640493     
   1.1312837033288285     
   1.1310208758890932     
   1.1307582865853947     
   1.1304959349594550     
   1.1302338205541607     
   1.1299719429135611     
   1.1297103015828636     
   1.1294488961084306     
   1.1291877260377761     
   1.1289267909195611     
   1.1286660903035908     
   1.1284056237408115     
   1.1281453907833050     
   1.1278853909842879     
   1.1276256238981053     
   1.1273660890802297     
   1.1271067860872557     
   1.1268477144768971     
   1.1265888738079841     
   1.1263302636404580     
   1.1260718835353705     
   1.1258137330548772     
   1.1255558117622366     
   1.1252981192218057     
   1.1250406549990355     
   1.1247834186604708     
   1.1245264097737422     
   1.1242696279075675     
   1.1240130726317443     
   1.1237567435171498     
   1.1235006401357359     
   1.1232447620605250     
   1.1229891088656085     
   1.1227336801261434     
   1.1224784754183474     
   1.1222234943194973     
   1.1219687364079240     
   1.1217142012630117     
   1.1214598884651918     
   1.1212057975959422     
   1.1209519282377827     
   1.1206982799742715     
   1.1204448523900039     
   1.1201916450706062     
   1.1199386576027353     
   1.1196858895740738     
   1.1194333405733281     
   1.1191810101902233     
   1.1189288980155028     
   1.1186770036409228     
   1.1184253266592508     
   1.1181738666642611     
   1.1179226232507333     
   1.1176715960144477     
   1.1174207845521831     
   1.1171701884617138     
   1.1169198073418067     
   1.1166696407922172     
   1.1164196884136866     
   1.1161699498079409     
   1.1159204245776848     
   1.1156711123266010     
   1.1154220126593468     
   1.1151731251815493     
   1.1149244494998061     
   1.1146759852216783     
   1.1144277319556908     
   1.1141796893113272     
   1.1139318568990277     
   1.1136842343301867     
   1.1134368212171497     
   1.1131896171732096     
   1.1129426218126051     
   1.1126958347505163     
   1.1124492556030627     
   1.1122028839873017     
   1.1119567195212228     
   1.1117107618237476     
   1.1114650105147252     
   1.1112194652149301     
   1.1109741255460595     
   1.1107289911307303     
   1.1104840615924767     
   1.1102393365557466     
   1.1099948156458996     
   1.1097504984892044     
   1.1095063847128346     
   1.1092624739448691     
   1.1090187658142854     
   1.1087752599509597     
   1.1085319559856639     
   1.1082888535500617     
   1.1080459522767068     
   1.1078032517990404     
   1.1075607517513879     
   1.1073184517689574     
   1.1070763514878348     
   1.1068344505449841     
   1.1065927485782421     
   1.1063512452263187     
   1.1061099401287904     
   1.1058688329261017     
   1.1056279232595605     
   1.1053872107713352     
   1.1051466951044531     
   1.1049063759027977     
   1.1046662528111049     
   1.1044263254749631     
   1.1041865935408088     
   1.1039470566559226     
   1.1037077144684306     
   1.1034685666272992     
   1.1032296127823322     
   1.1029908525841707     
   1.1027522856842886     
   1.1025139117349902     
   1.1022757303894093     
   1.1020377413015057     
   1.1017999441260622     
   1.1015623385186832     
   1.1013249241357921     
   1.1010877006346278     
   1.1008506676732444     
   1.1006138249105073     
   1.1003771720060904     
   1.1001407086204749     
   1.0999044344149465     
   1.0996683490515931     
   1.0994324521933019     
   1.0991967435037582     
   1.0989612226474412     
   1.0987258892896246     
   1.0984907430963711     
   1.0982557837345317     
   1.0980210108717436     
   1.0977864241764277     
   1.0975520233177851     
   1.0973178079657970     
   1.0970837777912208     
   1.0968499324655880     
   1.0966162716612029     
   1.0963827950511391     
   1.0961495023092382     
   1.0959163931101072     
   1.0956834671291167     
   1.0954507240423967     
   1.0952181635268385     
   1.0949857852600875     
   1.0947535889205455     
   1.0945215741873653     
   1.0942897407404497     
   1.0940580882604498     
   1.0938266164287622     
   1.0935953249275279     
   1.0933642134396273     
   1.0931332816486818     
   1.0929025292390495     
   1.0926719558958229     
   1.0924415613048282     
   1.0922113451526214     
   1.0919813071264877     
   1.0917514469144391     
   1.0915217642052115     
   1.0912922586882636     
   1.0910629300537737     
   1.0908337779926394     
   1.0906048021964734     
   1.0903760023576032     
   1.0901473781690685     
   1.0899189293246183     
   1.0896906555187100     
   1.0894625564465070     
   1.0892346318038764     
   1.0890068812873877     
   1.0887793045943095     
   1.0885519014226090     
   1.0883246714709500     
   1.0880976144386880     
   1.0878707300258728     
   1.0876440179332429     
   1.0874174778622254     
   1.0871911095149331     
   1.0869649125941632     
   1.0867388868033947     
   1.0865130318467875     
   1.0862873474291790     
   1.0860618332560832     
   1.0858364890336891     
   1.0856113144688582     
   1.0853863092691214     
   1.0851614731426802     
   1.0849368057984010     
   1.0847123069458169     
   1.0844879762951229     
   1.0842638135571760     
   1.0840398184434923     
   1.0838159906662448     
   1.0835923299382626     
   1.0833688359730287     
   1.0831455084846779     
   1.0829223471879956     
   1.0826993517984140     
   1.0824765220320134     
   1.0822538576055174     
   1.0820313582362939     
   1.0818090236423508     
   1.0815868535423345     
   1.0813648476555309     
   1.0811430057018594     
   1.0809213274018745     
   1.0806998124767626     
   1.0804784606483402     
   1.0802572716390524     
   1.0800362451719709     
   1.0798153809707929     
   1.0795946787598385     
   1.0793741382640498     
   1.0791537592089875     
   1.0789335413208321     
   1.0787134843263795     
   1.0784935879530402     
   1.0782738519288382     
   1.0780542759824081     
   1.0778348598429945     
   1.0776156032404494     
   1.0773965059052319     
   1.0771775675684039     
   1.0769587879616320     
   1.0767401668171828     
   1.0765217038679218     
   1.0763033988473145     
   1.0760852514894199     
   1.0758672615288938     
   1.0756494287009828     
   1.0754317527415267     
   1.0752142333869532     
   1.0749968703742792     
   1.0747796634411071     
   1.0745626123256244     
   1.0743457167666017     
   1.0741289765033912     
   1.0739123912759245     
   1.0736959608247125     
   1.0734796848908417     
   1.0732635632159746     
   1.0730475955423464     
   1.0728317816127655     
   1.0726161211706096     
   1.0724006139598257     
   1.0721852597249286     
   1.0719700582109979     
   1.0717550091636774     
   1.0715401123291752     
   1.0713253674542580     
   1.0711107742862545     
   1.0708963325730498     
   1.0706820420630860     
   1.0704679025053609     
   1.0702539136494242     
   1.0700400752453800     
   1.0698263870438804     
   1.0696128487961283     
   1.0693994602538730     
   1.0691862211694105     
   1.0689731312955812     
   1.0687601903857680     
   1.0685473981938960     
   1.0683347544744308     
   1.0681222589823756     
   1.0679099114732711     
   1.0676977117031947     
   1.0674856594287565     
   1.0672737544071009     
   1.0670619963959032     
   1.0668503851533682     
   1.0666389204382298     
   1.0664276020097487     
   1.0662164296277117     
   1.0660054030524295     
   1.0657945220447358     
   1.0655837863659861     
   1.0653731957780550     
   1.0651627500433372     
   1.0649524489247431     
   1.0647422921857002     
   1.0645322795901502     
   1.0643224109025473     
   1.0641126858878582     
   1.0639031043115599     
   1.0636936659396379     
   1.0634843705385855     
   1.0632752178754030     
   1.0630662077175945     
   1.0628573398331684     
   1.0626486139906355     
   1.0624400299590071     
   1.0622315875077939     
   1.0620232864070052     
   1.0618151264271471     
   1.0616071073392217     
   1.0613992289147245     
   1.0611914909256444     
   1.0609838931444622     
   1.0607764353441484     
   1.0605691172981639     
   1.0603619387804553     
   1.0601548995654571     
   1.0599479994280885     
   1.0597412381437528     
   1.0595346154883356     
   1.0593281312382044     
   1.0591217851702053     
   1.0589155770616652     
   1.0587095066903867     
   1.0585035738346495     
   1.0582977782732086     
   1.0580921197852928     
   1.0578865981506018     
   1.0576812131493081     
   1.0574759645620542     
   1.0572708521699505     
   1.0570658757545754     
   1.0568610350979744     
   1.0566563299826561     
   1.0564517601915950     
   1.0562473255082276     
   1.0560430257164506     
   1.0558388606006233     
   1.0556348299455618     
   1.0554309335365408     
   1.0552271711592929     
   1.0550235426000036     
   1.0548200476453151     
   1.0546166860823210     
   1.0544134576985669     
   1.0542103622820507     
   1.0540073996212180     
   1.0538045695049632     
   1.0536018717226288     
   1.0533993060640017     
   1.0531968723193152     
   1.0529945702792456     
   1.0527923997349116     
   1.0525903604778737     
   1.0523884523001326     
   1.0521866749941275     
   1.0519850283527366     
   1.0517835121692738     
   1.0515821262374898     
   1.0513808703515690     
   1.0511797443061301     
   1.0509787478962236     
   1.0507778809173309     
   1.0505771431653639     
   1.0503765344366638     
   1.0501760545279994     
   1.0499757032365662     
   1.0497754803599859     
   1.0495753856963033     
   1.0493754190439888     
   1.0491755802019336     
   1.0489758689694511     
   1.0487762851462743     
   1.0485768285325561     
   1.0483774989288670     
   1.0481782961361945     
   1.0479792199559423     
   1.0477802701899286     
   1.0475814466403859     
   1.0473827491099594     
   1.0471841774017057     
   1.0469857313190918     
   1.0467874106659951     
   1.0465892152467013     
   1.0463911448659031     
   1.0461931993286999     
   1.0459953784405973     
   1.0457976820075043     
   1.0456001098357341     
   1.0454026617320016     
   1.0452053375034231     
   1.0450081369575153     
   1.0448110599021951     
   1.0446141061457761     
   1.0444172754969703     
   1.0442205677648853     
   1.0440239827590243     
   1.0438275202892850     
   1.0436311801659579     
   1.0434349621997256     
   1.0432388662016634     
   1.0430428919832346     
   1.0428470393562936     
   1.0426513081330824     
   1.0424556981262305     
   1.0422602091487536     
   1.0420648410140529     
   1.0418695935359144     
   1.0416744665285065     
   1.0414794598063812     
   1.0412845731844718     
   1.0410898064780911     
   1.0408951595029330     
   1.0407006320750694     
   1.0405062240109497     
   1.0403119351273997     
   1.0401177652416227     
   1.0399237141711950     
   1.0397297817340676     
   1.0395359677485647     
   1.0393422720333825     
   1.0391486944075874     
   1.0389552346906170     
   1.0387618927022786     
   1.0385686682627464     
   1.0383755611925636     
   1.0381825713126385     
   1.0379896984442463     
   1.0377969424090256     
   1.0376043030289801     
   1.0374117801264757     
   1.0372193735242399     
   1.0370270830453623     
   1.0368349085132920     
   1.0366428497518376     
   1.0364509065851657     
   1.0362590788378010     
   1.0360673663346249     
   1.0358757689008737     
   1.0356842863621403     
   1.0354929185443691     
   1.0353016652738596     
   1.0351105263772629     
   1.0349195016815813     
   1.0347285910141681     
   1.0345377942027256     
   1.0343471110753053     
   1.0341565414603067     
   1.0339660851864760     
   1.0337757420829063     
   1.0335855119790349     
   1.0333953947046448     
   1.0332053900898621     
   1.0330154979651556     
   1.0328257181613365     
   1.0326360505095566     
   1.0324464948413088     
   1.0322570509884244     
   1.0320677187830745     
   1.0318784980577673     
   1.0316893886453475     
   1.0315003903789974     
   1.0313115030922337     
   1.0311227266189074     
   1.0309340607932036     
   1.0307455054496408     
   1.0305570604230685     
   1.0303687255486682     
   1.0301805006619511     
   1.0299923855987594     
   1.0298043801952632     
   1.0296164842879605     
   1.0294286977136773     
   1.0292410203095657     
   1.0290534519131025     
   1.0288659923620913     
   1.0286786414946587     
   1.0284913991492541     
   1.0283042651646508     
   1.0281172393799423     
   1.0279303216345446     
   1.0277435117681923     
   1.0275568096209409     
   1.0273702150331641     
   1.0271837278455520     
   1.0269973478991143     
   1.0268110750351755     
   1.0266249090953758     
   1.0264388499216708     
   1.0262528973563290     
   1.0260670512419336     
   1.0258813114213796     
   1.0256956777378736     
   1.0255101500349344     
   1.0253247281563895     
   1.0251394119463768     
   1.0249542012493433     
   1.0247690959100435     
   1.0245840957735395     
   1.0243992006851999     
   1.0242144104906992     
   1.0240297250360173     
   1.0238451441674379     
   1.0236606677315492     
   1.0234762955752412     
   1.0232920275457071     
   1.0231078634904422     
   1.0229238032572407     
   1.0227398466941982     
   1.0225559936497091     
   1.0223722439724672     
   1.0221885975114628     
   1.0220050541159857     
   1.0218216136356197     
   1.0216382759202460     
   1.0214550408200405     
   1.0212719081854733     
   1.0210888778673084     
   1.0209059497166033     
   1.0207231235847067     
   1.0205403993232600     
   1.0203577767841945     
   1.0201752558197335     
   1.0199928362823873     
   1.0198105180249570     
   1.0196283009005318     
   1.0194461847624876     
   1.0192641694644875     
   1.0190822548604808     
   1.0189004408047024     
   1.0187187271516718     
   1.0185371137561923     
   1.0183556004733521     
   1.0181741871585199     
   1.0179928736673489     
   1.0178116598557720     
   1.0176305455800043     
   1.0174495306965394     
   1.0172686150621522     
   1.0170877985338953     
   1.0169070809690999     
   1.0167264622253744     
   1.0165459421606047     
   1.0163655206329520     
   1.0161851975008542     
   1.0160049726230236     
   1.0158248458584465     
   1.0156448170663830     
   1.0154648861063669     
   1.0152850528382034     
   1.0151053171219706     
   1.0149256788180163     
   1.0147461377869602     
   1.0145666938896907     
   1.0143873469873663     
   1.0142080969414136     
   1.0140289436135272     
   1.0138498868656693     
   1.0136709265600687     
   1.0134920625592208     
   1.0133132947258852     
   1.0131346229230873     
   1.0129560470141175     
   1.0127775668625285     
   1.0125991823321363     
   1.0124208932870202     
   1.0122426995915201     
   1.0120646011102385     
   1.0118865977080373     
   1.0117086892500395     
   1.0115308756016264     
   1.0113531566284386     
   1.0111755321963756     
   1.0109980021715934     
   1.0108205664205054     
   1.0106432248097823     
   1.0104659772063493     
   1.0102888234773881     
   1.0101117634903340     
   1.0099347971128774     
   1.0097579242129611     
   1.0095811446587817     
   1.0094044583187878     
   1.0092278650616799     
   1.0090513647564099     
   1.0088749572721798     
   1.0086986424784419     
   1.0085224202448977     
   1.0083462904414984     
   1.0081702529384424     
   1.0079943076061775     
   1.0078184543153963     
   1.0076426929370403     
   1.0074670233422958     
   1.0072914454025947     
   1.0071159589896148     
   1.0069405639752773     
   1.0067652602317474     
   1.0065900476314340     
   1.0064149260469877     
   1.0062398953513030     
   1.0060649554175141     
   1.0058901061189982     
   1.0057153473293712     
   1.0055406789224899     
   1.0053661007724510     
   1.0051916127535891     
   1.0050172147404779     
   1.0048429066079281     
   1.0046686882309888     
   1.0044945594849444     
   1.0043205202453174     
   1.0041465703878640     
   1.0039727097885767     
   1.0037989383236825     
   1.0036252558696419     
   1.0034516623031500     
   1.0032781575011336     
   1.0031047413407530     
   1.0029314136994003     
   1.0027581744546983     
   1.0025850234845017     
   1.0024119606668953     
   1.0022389858801934     
   1.0020660990029404     
   1.0018932999139090     
   1.0017205884920997     
   1.0015479646167427     
   1.0013754281672931     
   1.0012029790234351     
   1.0010306170650776     
   1.0008583421723558     
   1.0006861542256305     
   1.0005140531054868     
   1.0003420386927344     
   1.0001701108684069     
  0.99999826951376036     
  0.99982651451027482     
  0.99965484573965202     
  0.99948326308381508     
  0.99931176642490915     
  0.99914035564529935     
  0.99896903062757225     
  0.99879779125453338     
  0.99862663740920776     
  0.99845556897483922     
  0.99828458583489010     
  0.99811368787304100     
  0.99794287497318879     
  0.99777214701944827     
  0.99760150389615032     
  0.99743094548784139     
  0.99726047167928400     
  0.99709008235545560     
  0.99691977740154780     
  0.99674955670296650     
  0.99657942014533074     
  0.99640936761447318     
  0.99623939899643910     
  0.99606951417748535     
  0.99589971304408109     
  0.99572999548290642     
  0.99556036138085202     
  0.99539081062501888     
  0.99522134310271837     
  0.99505195870147034     
  0.99488265730900460     
  0.99471343881325813     
  0.99454430310237685     
  0.99437525006471372     
  0.99420627958882901     
  0.99403739156348980     
  0.99386858587766846     
  0.99369986242054420     
  0.99353122108150016     
  0.99336266175012577     
  0.99319418431621376     
  0.99302578866976088     
  0.99285747470096808     
  0.99268924230023792     
  0.99252109135817701     
  0.99235302176559304     
  0.99218503341349595     
  0.99201712619309668     
  0.99184929999580707     
  0.99168155471323904     
  0.99151389023720493     
  0.99134630645971622     
  0.99117880327298324     
  0.99101138056941573     
  0.99084403824162059     
  0.99067677618240357     
  0.99050959428476670     
  0.99034249244190908     
  0.99017547054722699     
  0.99000852849431265     
  0.98984166617695291     
  0.98967488348913069     
  0.98950818032502352     
  0.98934155657900313     
  0.98917501214563497     
  0.98900854691967865     
  0.98884216079608600     
  0.98867585367000244     
  0.98850962543676479     
  0.98834347599190209     
  0.98817740523113506     
  0.98801141305037476     
  0.98784549934572352     
  0.98767966401347340     
  0.98751390695010621     
  0.98734822805229339     
  0.98718262721689531     
  0.98701710434096035     
  0.98685165932172614     
  0.98668629205661662     
  0.98652100244324403     
  0.98635579037940735     
  0.98619065576309195     
  0.98602559849246940     
  0.98586061846589690     
  0.98569571558191704     
  0.98553088973925740     
  0.98536614083682961     
  0.98520146877373027     
  0.98503687344923874     
  0.98487235476281887     
  0.98470791261411639     
  0.98454354690295975     
  0.98437925752936040     
  0.98421504439351049     
  0.98405090739578427     
  0.98388684643673685     
  0.98372286141710352     
  0.98355895223780054     
  0.98339511879992336     
  0.98323136100474684     
  0.98306767875372569     
  0.98290407194849272     
  0.98274054049085868     
  0.98257708428281332     
  0.98241370322652266     
  0.98225039722433116     
  0.98208716617875935     
  0.98192400999250362     
  0.98176092856843800     
  0.98159792180961103     
  0.98143498961924669     
  0.98127213190074369     
  0.98110934855767584     
  0.98094663949379068     
  0.98078400461300996     
  0.98062144381942873     
  0.98045895701731500     
  0.98029654411110934     
  0.98013420500542503     
  0.97997193960504703     
  0.97980974781493235     
  0.97964762954020856     
  0.97948558468617453     
  0.97932361315829997     
  0.97916171486222425     
  0.97899988970375662     
  0.97883813758887583     
  0.97867645842373019     
  0.97851485211463618     
  0.97835331856807861     
  0.97819185769071060     
  0.97803046938935245     
  0.97786915357099324     
  0.97770791014278713     
  0.97754673901205613     
  0.97738564008628792     
  0.97722461327313648     
  0.97706365848042120     
  0.97690277561612637     
  0.97674196458840201     
  0.97658122530556146     
  0.97642055767608371     
  0.97625996160860973     
  0.97609943701194590     
  0.97593898379506083     
  0.97577860186708565     
  0.97561829113731457     
  0.97545805151520348     
  0.97529788291037034     
  0.97513778523259487     
  0.97497775839181666     
  0.97481780229813775     
  0.97465791686181946     
  0.97449810199328346     
  0.97433835760311183     
  0.97417868360204518     
  0.97401907990098346     
  0.97385954641098593     
  0.97370008304326972     
  0.97354068970921070     
  0.97338136632034156     
  0.97322211278835313     
  0.97306292902509361     
  0.97290381494256706     
  0.97274477045293517     
  0.97258579546851509     
  0.97242688990177972     
  0.97226805366535796     
  0.97210928667203356     
  0.97195058883474517     
  0.97179196006658575     
  0.97163340028080314     
  0.97147490939079850     
  0.97131648731012687     
  0.97115813395249628     
  0.97099984923176841     
  0.97084163306195626     
  0.97068348535722637     
  0.97052540603189696     
  0.97036739500043767     
  0.97020945217746946     
  0.97005157747776494     
  0.96989377081624717     
  0.96973603210798898     
  0.96957836126821439     
  0.96942075821229701     
  0.96926322285575939     
  0.96910575511427355     
  0.96894835490366071     
  0.96879102213989055     
  0.96863375673908070     
  0.96847655861749726     
