   1.0000000000000000     
   1.0000005354236574     
   1.0000005399871488     
   1.0000005441404713     
   1.0000005482164744     
   1.0000005522189306     
   1.0000005561512046     
   1.0000005600164730     
   1.0000005638177325     
   1.0000005675578141     
   1.0000005712393913     
   1.0000005748649914     
   1.0000005784370027     
   1.0000005819576847     
   1.0000005854291738     
   1.0000005888534935     
   1.0000005922325583     
   1.0000005955681828     
   1.0000005988620853     
   1.0000006021158958     
   1.0000006053311599     
   1.0000006085093434     
   1.0000006116518385     
   1.0000006147599665     
   1.0000006178349832     
   1.0000006208780818     
   1.0000006238903971     
   1.0000006268730086     
   1.0000006298269435     
   1.0000006327531796     
   1.0000006356526485     
   1.0000006385262385     
   1.0000006413747959     
   1.0000006441991283     
   1.0000006470000058     
   1.0000006497781644     
   1.0000006525343066     
   1.0000006552691039     
   1.0000006579831979     
   1.0000006606772029     
   1.0000006633517060     
   1.0000006660072698     
   1.0000006686444329     
   1.0000006712637113     
   1.0000006738655993     
   1.0000006764505720     
   1.0000006790190836     
   1.0000006815715716     
   1.0000006841084552     
   1.0000006866301372     
   1.0000006891370052     
   1.0000006916294311     
   1.0000006941077730     
   1.0000006965723758     
   1.0000006990235706     
   1.0000007014616772     
   1.0000007038870029     
   1.0000007062998442     
   1.0000007087004872     
   1.0000007110892075     
   1.0000007134662707     
   1.0000007158319340     
   1.0000007181864445     
   1.0000007205300423     
   1.0000007228629579     
   1.0000007251854153     
   1.0000007274976304     
   1.0000007297998121     
   1.0000007320921627     
   1.0000007343748774     
   1.0000007366481460     
   1.0000007389121517     
   1.0000007411670717     
   1.0000007434130787     
   1.0000007456503388     
   1.0000007478790143     
   1.0000007500992618     
   1.0000007523112331     
   1.0000007545150760     
   1.0000007567109335     
   1.0000007588989446     
   1.0000007610792445     
   1.0000007632519639     
   1.0000007654172305     
   1.0000007675751679     
   1.0000007697258964     
   1.0000007718695327     
   1.0000007740061907     
   1.0000007761359808     
   1.0000007782590110     
   1.0000007803753856     
   1.0000007824852064     
   1.0000007845885728     
   1.0000007866855813     
   1.0000007887763260     
   1.0000007908608981     
   1.0000007929393875     
   1.0000007950118803     
   1.0000007970784621     
   1.0000007991392148     
   1.0000008011942196     
   1.0029193873266800     
   1.0058800787461590     
   1.0088811322193205     
   1.0119226157900019     
   1.0150046194339204     
   1.0181272532783661     
   1.0212906467853795     
   1.0244949482773806     
   1.0277403240977834     
   1.0310269584381122     
   1.0343550525077962     
   1.0377248242184518     
   1.0411365078644219     
   1.0445903534091312     
   1.0480866265220032     
   1.0516256080722279     
   1.0552075937799961     
   1.0588328941395637     
   1.0625018340662380     
   1.0662147525974954     
   1.0699720029104309     
   1.0737739521527496     
   1.0776209810969561     
   1.0815134842201832     
   1.0854518696223334     
   1.0894365586558870     
   1.0934679863770556     
   1.0975466010366186     
   1.1016728642524827     
   1.1058472511456676     
   1.1100702499673192     
   1.1143423624750630     
   1.1186641038678142     
   1.1230360028202417     
   1.1274586014276169     
   1.1319324556026056     
   1.1364581348511189     
   1.1410362223933110     
   1.1456673156887893     
   1.1503520259936642     
   1.1550909788925614     
   1.1598848143523655     
   1.1647341867545880     
   1.1696397653635744     
   1.1746022342038480     
   1.1796222924715352     
   1.1847006546279393     
   1.1898380507538762     
   1.1950352264750741     
   1.2002929437127259     
   1.2056119804754004     
   1.2109931313490438     
   1.2164372077366599     
   1.2219450381216896     
   1.2275174684637924     
   1.2331553622995570     
   1.2388596013656552     
   1.2446310857178950     
   1.2504707340526626     
   1.2563794843398279     
   1.2623582938494888     
   1.2684081397680909     
   1.2745300195729654     
   1.2807249513424357     
   1.2869939743293961     
   1.2933381492286715     
   1.2997585587098706     
   1.3062563080601506     
   1.3128325254351909     
   1.3194883623027938     
   1.3262249942356619     
   1.3330436213403971     
   1.3399454685723868     
   1.3469317867006607     
   1.3540038525297464     
   1.3611629697132055     
   1.3684104692665851     
   1.3757477103542137     
   1.3831760807264399     
   1.3906969975810908     
   1.3983119081361477     
   1.4060222904162738     
   1.4138296541000699     
   1.4217355408389896     
   1.4297415258259747     
   1.4378492178243043     
   1.4460602603553387     
   1.4543763327039438     
   1.4627991504598157     
   1.4713304666912017     
   1.4799720728416443     
   1.4887257995824521     
   1.4975935179207809     
   1.5065771403430870     
   1.5156786215790072     
   1.5248999599155550     
   1.5342431984832712     
   1.5437104258738101     
   1.5533037780618992     
   1.5630254391300937     
   1.5664438220083139     
   1.5698076474123290     
   1.5731508630154147     
   1.5764745039394117     
   1.5797793881406297     
   1.5830662918156628     
   1.5863359526855443     
   1.5895890722223007     
   1.5928263177320365     
   1.5960483243083243     
   1.5992556966643048     
   1.6024490108513518     
   1.6056288158716081     
   1.6087956351912447     
   1.6119499681608289     
   1.6150922913487729     
   1.6182230597934413     
   1.6213427081791330     
   1.6244516519408032     
   1.6275502883020834     
   1.6306389972508444     
   1.6337181424562908     
   1.6367880721312846     
   1.6398491198433889     
   1.6429016052778622     
   1.6459458349556511     
   1.6489821029092040     
   1.6520106913187735     
   1.6550318711116727     
   1.6580459025268142     
   1.6610530356466944     
   1.6640535108988563     
   1.6670475595287189     
   1.6700354040455549     
   1.6730172586432754     
   1.6759933295975684     
   1.6789638156408480     
   1.6819289083163762     
   1.6848887923128206     
   1.6878436457804478     
   1.6907936406300585     
   1.6937389428157159     
   1.6966797126022335     
   1.6996161048183474     
   1.7025482690964207     
   1.7054763500994878     
   1.7084004877363854     
   1.7113208173656766     
   1.7142374699890275     
   1.7171505724346507     
   1.7200602475314022     
   1.7229666142740636     
   1.7258697879803291     
   1.7287698804399683     
   1.7316670000566128     
   1.7345612519825924     
   1.7374527382472018     
   1.7403415578787840     
   1.7432278070209628     
   1.7461115790433581     
   1.7489929646470883     
   1.7518720519653441     
   1.7547489266593062     
   1.7576236720096614     
   1.7604963690039490     
   1.7633670964199706     
   1.7662359309054620     
   1.7691029470542396     
   1.7719682174789921     
   1.7748318128809051     
   1.7776938021162745     
   1.7805542522602711     
   1.7834132286679951     
   1.7862707950329666     
   1.7891270134431700     
   1.7919819444347911     
   1.7948356470437439     
   1.7976881788551085     
   1.8005395960505779     
   1.8033899534540103     
   1.8062393045751786     
   1.8090877016518050     
   1.8119351956899574     
   1.8147818365028898     
   1.8176276727483973     
   1.8204727519647528     
   1.8233171206052921     
   1.8261608240717098     
   1.8290039067461215     
   1.8318464120219504     
   1.8346883823336875     
   1.8375298591855773     
   1.8403708831792760     
   1.8432114940405222     
   1.8460517306448709     
   1.8488916310425194     
   1.8517312324822761     
   1.8545705714346976     
   1.8574096836144305     
   1.8602486040017991     
   1.8630873668636547     
   1.8659260057735334     
   1.8687645536311339     
   1.8716030426811545     
   1.8744415045315077     
   1.8772799701709415     
   1.8801184699860842     
   1.8829570337779422     
   1.8857956907778657     
   1.8886344696630046     
   1.8914733985712768     
   1.8943125051158605     
   1.8971518163992345     
   1.8999913590267787     
   1.9028311591199549     
   1.9056712423290778     
   1.9085116338456953     
   1.9113523584145926     
   1.9141934403454264     
   1.9170349035240135     
   1.9198767714232750     
   1.9227190671138537     
   1.9255618132744181     
   1.9284050322016535     
   1.9312487458199685     
   1.9340929756909047     
   1.9369377430222798     
   1.9397830686770576     
   1.9426289731819664     
   1.9454754767358637     
   1.9483225992178608     
   1.9511703601952173     
   1.9540187789310053     
   1.9568678743915606     
   1.9597176652537183     
   1.9625681699118473     
   1.9654194064846839     
   1.9682713928219782     
   1.9711241465109479     
   1.9739776848825610     
   1.9768320250176372     
   1.9796871837527836     
   1.9825431776861677     
   1.9854000231831304     
   1.9882577363816445     
   1.9911163331976285     
   1.9939758293301109     
   1.9968362402662585     
   1.9996975812862654     
   2.0025598674681149     
   2.0054231136922094     
   2.0082873346458774     
   2.0111525448277643     
   2.0140187585520986     
   2.0168859899528537     
   2.0197542529877950     
   2.0226235614424199     
   2.0254939289337961     
   2.0283653689143000     
   2.0312378946752538     
   2.0341115193504762     
   2.0369862559197287     
   2.0398621172120861     
   2.0427391159092072     
   2.0456172645485333     
   2.0484965755263955     
   2.0513770611010500     
   2.0542587333956281     
   2.0571416044010187     
   2.0600256859786734     
   2.0629109898633433     
   2.0657975276657443     
   2.0686853108751566     
   2.0715743508619617     
   2.0744646588801130     
   2.0773562460695425     
   2.0802491234585179     
   2.0831433019659267     
   2.0860387924035209     
   2.0889356054780892     
   2.0918337517935912     
   2.0947332418532278     
   2.0976340860614706     
   2.1005362947260338     
   2.1034398780598051     
   2.1063448461827274     
   2.1092512091236308     
   2.1121589768220321     
   2.1150681591298790     
   2.1179787658132589     
   2.1208908065540690     
   2.1238042909516430     
   2.1267192285243368     
   2.1296356287110885     
   2.1325535008729286     
   2.1354728542944619     
   2.1383936981853151     
   2.1413160416815487     
   2.1442398938470371     
   2.1471652636748164     
   2.1500921600884038     
   2.1530205919430818     
   2.1559505680271585     
   2.1588820970631977     
   2.1618151877092164     
   2.1647498485598664     
   2.1676860881475752     
   2.1706239149436737     
   2.1735633373594925     
   2.1765043637474326     
   2.1794470024020183     
   2.1823912615609213     
   2.1853371494059664     
   2.1882846740641106     
   2.1912338436084067     
   2.1941846660589404     
   2.1971371493837513     
   2.2000913014997314     
   2.2030471302735055     
   2.2060046435222924     
   2.2089638490147503     
   2.2119247544717981     
   2.2148873675674259     
   2.2178516959294843     
   2.2208177471404618     
   2.2237855287382371     
   2.2267550482168277     
   2.2297263130271130     
   2.2326993305775464     
   2.2356741082348557     
   2.2386506533247239     
   2.2416289731324577     
   2.2446090749036456     
   2.2475909658447986     
   2.2505746531239810     
   2.2535601438714261     
   2.2565474451801419     
   2.2595365641065044     
   2.2625275076708373     
   2.2655202828579815     
   2.2685148966178543     
   2.2715113558659983     
   2.2745096674841156     
   2.2775098383205967     
   2.2805118751910358     
   2.2835157848787366     
   2.2865215741352127     
   2.2895292496806698     
   2.2925388182044903     
   2.2955502863656969     
   2.2985636607934161     
   2.3015789480873314     
   2.3045961548181211     
   2.3076152875279035     
   2.3106363527306542     
   2.3136593569126322     
   2.3166843065327889     
   2.3197112080231745     
   2.3227400677893337     
   2.3257708922106968     
   2.3288036876409617     
   2.3318384604084721     
   2.3348752168165858     
   2.3379139631440360     
   2.3409547056452928     
   2.3439974505509102     
   2.3470422040678720     
   2.3500889723799276     
   2.3531377616479299     
   2.3561885780101584     
   2.3592414275826403     
   2.3622963164594690     
   2.3653532507131136     
   2.3684122363947244     
   2.3714732795344315     
   2.3745363861416440     
   2.3776015622053368     
   2.3806688136943381     
   2.3837381465576089     
   2.3868095667245228     
   2.3898830801051325     
   2.3929586925904438     
   2.3960364100526710     
   2.3991162383455040     
   2.4021981833043577     
   2.4052822507466249     
   2.4083684464719219     
   2.4114567762623329     
   2.4145472458826491     
   2.4176398610806027     
   2.4207346275871000     
   2.4238315511164501     
   2.4269306373665862     
   2.4300318920192918     
   2.4331353207404161     
   2.4362409291800873     
   2.4393487229729267     
   2.4424587077382554     
   2.4455708890803001     
   2.4486852725883939     
   2.4418100738007458     
   2.4348300425268432     
   2.4278005013166997     
   2.4207246271160083     
   2.4136051962686667     
   2.4064448584644644     
   2.3992461456616923     
   2.3920114781417796     
   2.3847431700546702     
   2.3774434354370024     
   2.3701143932423197     
   2.3627580720545320     
   2.3553764148707250     
   2.3479712834998638     
   2.3405444621982539     
   2.3330976620589183     
   2.3256325243815610     
   2.3181506234676115     
   2.3106534711073161     
   2.3031425183039356     
   2.2956191588344277     
   2.2880847317562467     
   2.2805405238204508     
   2.2729877720624705     
   2.2654276657452845     
   2.2578613488555073     
   2.2502899218659396     
   2.2427144438175999     
   2.2351359337588512     
   2.2275553730591131     
   2.2199737063501153     
   2.2123918434442098     
   2.2048106609669214     
   2.1972310032617370     
   2.1896536837859895     
   2.1820794867515620     
   2.1745091680115678     
   2.1669434560435734     
   2.1593830533113785     
   2.1518286370304365     
   2.1442808603038053     
   2.1367403530894507     
   2.1292077226801376     
   2.1216835551320976     
   2.1141684156002229     
   2.1066628491389654     
   2.0991673818024745     
   2.0916825208297833     
   2.0842087556692892     
   2.0767465584460636     
   2.0692963846138284     
   2.0618586736040463     
   2.0544338489900924     
   2.0470223198229451     
   2.0396244802666086     
   2.0322407106155156     
   2.0248713775321283     
   2.0175168347037906     
   2.0101774229020952     
   2.0028534709366523     
   1.9955452955498370     
   1.9882532020258585     
   1.9809774847360220     
   1.9737184268089849     
   1.9664763014701081     
   1.9592513716639866     
   1.9520438903342838     
   1.9448541012845530     
   1.9376822389192649     
   1.9305285287329208     
   1.9233931876167458     
   1.9162764243049932     
   1.9091784390083348     
   1.9020994243251685     
   1.8950395652347285     
   1.8879990389767072     
   1.8809780160921876     
   1.8739766597517615     
   1.8669951264714326     
   1.8600335662902752     
   1.8530921226225883     
   1.8461709328083047     
   1.8392701283133546     
   1.8323898345575813     
   1.8255301712442318     
   1.8186912527336490     
   1.8118731878857357     
   1.8050760803196022     
   1.7983000288892477     
   1.7915451271563909     
   1.7848114641028729     
   1.7780991240915114     
   1.7714081867480325     
   1.7647387276666389     
   1.7580908178959587     
   1.7514645244938796     
   1.7448599103685503     
   1.7382770346146423     
   1.7317159524518297     
   1.7251767154996380     
   1.7236614917801172     
   1.7221728911159202     
   1.7207069798915096     
   1.7192629730475379     
   1.7178401250302957     
   1.7164377257282264     
   1.7150550984730524     
   1.7136915981654843     
   1.7123466095163309     
   1.7110195453955634     
   1.7097098452823720     
   1.7084169738097144     
   1.7071404193972910     
   1.7058796929672702     
   1.7046343267374686     
   1.7034038730870380     
   1.7021879034900307     
   1.7009860075125314     
   1.6997977918693090     
   1.6986228795362206     
   1.6974609089148438     
   1.6963115330460368     
   1.6951744188693527     
   1.6940492465254255     
   1.6929357086986321     
   1.6918335099975268     
   1.6907423663706842     
   1.6896620045557502     
   1.6885921615596557     
   1.6875325841680555     
   1.6864830284821990     
   1.6854432594815496     
   1.6844130506105763     
   1.6833921833882410     
   1.6823804470388095     
   1.6813776381426861     
   1.6803835603060728     
   1.6793980238483153     
   1.6784208455058813     
   1.6774518481519760     
   1.6764908605308708     
   1.6755377170060690     
   1.6745922573215015     
   1.6736543263749835     
   1.6727237740032170     
   1.6718004547776726     
   1.6708842278107201     
   1.6699749565714144     
   1.6690725087103935     
   1.6681767558933593     
   1.6672875736426667     
   1.6664048411865544     
   1.6655284413155937     
   1.6646582602459583     
   1.6637941874891267     
   1.6629361157276761     
   1.6620839406968213     
   1.6612375610714007     
   1.6603968783580021     
   1.6595617967919605     
   1.6587322232389670     
   1.6579080671010411     
   1.6570892402266435     
   1.6562756568247035     
   1.6554672333823686     
   1.6546638885862763     
   1.6538655432471749     
   1.6530721202277152     
   1.6522835443732591     
   1.6514997424455566     
   1.6507206430591412     
   1.6499461766203134     
   1.6491762752685917     
   1.6484108728204974     
   1.6476499047155775     
   1.6468933079645478     
   1.6461410210994560     
   1.6453929841257788     
   1.6446491384763524     
   1.6439094269670571     
   1.6431737937541770     
   1.6424421842933548     
   1.6417145453000692     
   1.6409908247115745     
   1.6402709716502271     
   1.6395549363881465     
   1.6388426703131460     
   1.6381341258958857     
   1.6374292566581850     
   1.6367280171424583     
   1.6360303628822139     
   1.6353362503735800     
   1.6346456370478117     
   1.6339584812447401     
   1.6332747421871239     
   1.6325943799558682     
   1.6319173554660735     
   1.6312436304438842     
   1.6305731674041051     
   1.6299059296285525     
   1.6292418811451164     
   1.6285809867075001     
   1.6279232117756202     
   1.6272685224966277     
   1.6266168856865466     
   1.6259682688124855     
   1.6253226399754184     
   1.6246799678935027     
   1.6240402218859180     
   1.6234033718572123     
   1.6227693882821241     
   1.6221382421908805     
   1.6215099051549373     
   1.6208843492731582     
   1.6202615471584103     
   1.6196414719245673     
   1.6190240971738978     
   1.6184093969848352     
   1.6177973459001072     
   1.6171879189152203     
   1.6165810914672825     
   1.6159768394241532     
   1.6153751390739095     
   1.6147759671146229     
   1.6141793006444276     
   1.6135851171518776     
   1.6129933945065806     
   1.6124041109501011     
   1.6118172450871202     
   1.6112327758768501     
   1.6106506826246867     
   1.6100709449741020     
   1.6094935428987620     
   1.6089184566948640     
   1.6083456669736906     
   1.6077751546543677     
   1.6072069009568217     
   1.6066408873949347     
   1.6060770957698862     
   1.6055155081636736     
   1.6049561069328144     
   1.6043988747022171     
   1.6038437943592163     
   1.6032908490477731     
   1.6027400221628274     
   1.6021912973448034     
   1.6016446584742616     
   1.6011000896666934     
   1.6005575752674521     
   1.6000170998468208     
   1.5994786481952072     
   1.5989422053184676     
   1.5984077564333492     
   1.5978752869630557     
   1.5973447825329248     
   1.5968162289662198     
   1.5962896122800281     
   1.5957649186812670     
   1.5952421345627907     
   1.5947212464995961     
   1.5942022412451278     
   1.5936851057276740     
   1.5931698270468555     
   1.5926563924702024     
   1.5921447894298169     
   1.5916350055191200     
   1.5911270284896784     
   1.5906208462481120     
   1.5901164468530760     
   1.5896138185123201     
   1.5891129495798164     
   1.5886138285529618     
   1.5881164440698452     
   1.5876207849065842     
   1.5871268399747251     
   1.5866345983187036     
   1.5861440491133718     
   1.5856551816615798     
   1.5851679853918172     
   1.5846824498559111     
   1.5841985647267767     
   1.5837163197962250     
   1.5832357049728172     
   1.5827567102797744     
   1.5822793258529311     
   1.5818035419387431     
   1.5813293488923330     
   1.5808567371755893     
   1.5803856973553037     
   1.5799162201013535     
   1.5794482961849252     
   1.5789819164767787     
   1.5785170719455506     
   1.5780537536560941     
   1.5775919527678606     
   1.5771316605333148     
   1.5766728682963822     
   1.5762155674909384     
   1.5757597496393250     
   1.5753054063509024     
   1.5748525293206321     
   1.5744011103276909     
   1.5739511412341169     
   1.5735026139834802     
   1.5730555205995880     
   1.5726098531852142     
   1.5721656039208554     
   1.5717227650635170     
   1.5712813289455221     
   1.5708412879733462     
   1.5704026346264768     
   1.5699653614562974     
   1.5695294610849935     
   1.5690949262044831     
   1.5686617495753659     
   1.5682299240258990     
   1.5677994424509900     
   1.5673702978112121     
   1.5669424831318373     
   1.5665159915018927     
   1.5660908160732334     
   1.5656669500596325     
   1.5652443867358943     
   1.5648231194369782     
   1.5644031415571469     
   1.5639844465491257     
   1.5635670279232818     
   1.5631508792468194     
   1.5627359941429866     
   1.5623223662903034     
   1.5619099894217991     
   1.5614988573242696     
   1.5610889638375431     
   1.5606803028537648     
   1.5602728683166909     
   1.5598666542210009     
   1.5594616546116158     
   1.5590578635830361     
   1.5586552752786880     
   1.5582538838902806     
   1.5578536836571795     
   1.5574546688657869     
   1.5570568338489368     
   1.5566601729852976     
   1.5562646806987892     
   1.5558703514580068     
   1.5554771797756581     
   1.5550851602080082     
   1.5546942873543355     
   1.5543045558563966     
   1.5539159603979016     
   1.5535284957039961     
   1.5531421565407553     
   1.5527569377146846     
   1.5523728340722285     
   1.5519898404992909     
   1.5516079519207577     
   1.5512271633000365     
   1.5508474696385930     
   1.5504688659755046     
   1.5500913473870153     
   1.5497149089861024     
   1.5493395459220460     
   1.5489652533800098     
   1.5485920265806250     
   1.5482198607795832     
   1.5478487512672361     
   1.5474786933681992     
   1.5471096824409649     
   1.5467417138775199     
   1.5463747831029688     
   1.5460088855751639     
   1.5456440167843419     
   1.5452801722527634     
   1.5449173475343612     
   1.5445555382143916     
   1.5441947399090941     
   1.5438349482653513     
   1.5434761589603596     
   1.5431183677013014     
   1.5427615702250221     
   1.5424057622977152     
   1.5420509397146076     
   1.5416970982996536     
   1.5413442339052317     
   1.5409923424118448     
   1.5406414197278266     
   1.5402914617890515     
   1.5399424645586497     
   1.5395944240267241     
   1.5392473362100738     
   1.5389011971519202     
   1.5385560029216379     
   1.5382117496144874     
   1.5378684333513544     
   1.5375260502784924     
   1.5371845965672657     
   1.5368440684138993     
   1.5365044620392316     
   1.5361657736884702     
   1.5358279996309501     
   1.5354911361598975     
   1.5351551795921943     
   1.5348201262681478     
   1.5344859725512634     
   1.5341527148280183     
   1.5338203495076401     
   1.5334888730218883     
   1.5331582818248393     
   1.5328285723926705     
   1.5324997412234533     
   1.5321717848369443     
   1.5318446997743793     
   1.5315184825982739     
   1.5311931298922219     
   1.5308686382606989     
   1.5305450043288698     
   1.5302222247423942     
   1.5299002961672383     
   1.5295792152894898     
   1.5292589788151703     
   1.5289395834700548     
   1.5286210259994923     
   1.5283033031682272     
   1.5279864117602240     
   1.5276703485784944     
   1.5273551104449263     
   1.5270406942001151     
   1.5267270967031967     
   1.5264143148316811     
   1.5261023454812932     
   1.5257911855658093     
   1.5254808320168984     
   1.5251712817839673     
   1.5248625318340023     
   1.5245545791514197     
   1.5242474207379124     
   1.5239410536123006     
   1.5236354748103846     
   1.5233306813847998     
   1.5230266704048696     
   1.5227234389564659     
   1.5224209841418672     
   1.5221193030796192     
   1.5218183929043969     
   1.5215182507668699     
   1.5212188738335670     
   1.5209202592867439     
   1.5206224043242522     
   1.5203253061594082     
   1.5200289620208665     
   1.5197333691524919     
   1.5194385248132347     
   1.5191444262770062     
   1.5188510708325573     
   1.5185584557833558     
   1.5182665784474674     
   1.5179754361574376     
   1.5176850262601733     
   1.5173953461168290     
   1.5171063931026902     
   1.5168181646070620     
   1.5165306580331546     
   1.5162438707979748     
   1.5159578003322167     
   1.5156724440801512     
   1.5153877994995197     
   1.5151038640614289     
   1.5148206352502447     
   1.5145381105634903     
   1.5142562875117411     
   1.5139751636185246     
   1.5136947364202205     
   1.5134150034659597     
   1.5131359623175284     
   1.5128576105492682     
   1.5125799457479814     
   1.5123029655128357     
   1.5120266674552698     
   1.5117510491989004     
   1.5114761083794288     
   1.5112018426445515     
   1.5109282496538694     
   1.5106553270787968     
   1.5103830726024754     
   1.5101114839196845     
   1.5098405587367565     
   1.5095702947714889     
   1.5093006897530619     
   1.5090317414219516     
   1.5087634475298501     
   1.5084958058395803     
   1.5082288141250162     
   1.5079624701710015     
   1.5076967717732705     
   1.5074317167383677     
   1.5071673028835719     
   1.5069035280368166     
   1.5066403900366137     
   1.5063778867319781     
   1.5061160159823530     
   1.5058547756575358     
   1.5055941636376018     
   1.5053341778128351     
   1.5050748160836516     
   1.5048160763605336     
   1.5045579565639540     
   1.5043004546243075     
   1.5040435684818427     
   1.5037872960865915     
   1.5035316353983021     
   1.5032765843863705     
   1.5030221410297759     
   1.5027683033170125     
   1.5025150692460230     
   1.5022624368241373     
   1.5020104040680060     
   1.5017589690035360     
   1.5015081296658299     
   1.5012578840991211     
   1.5010082303567138     
   1.5007591665009203     
   1.5005106906030012     
   1.5002628007431054     
   1.5000154950102103     
   1.4997687715020618     
   1.4995226283251182     
   1.4992770635944896     
   1.4990320754338824     
   1.4987876619755420     
   1.4985438213601965     
   1.4983005517370001     
   1.4980578512634797     
   1.4978157181054770     
   1.4975741504370981     
   1.4973331464406576     
   1.4970927043066240     
   1.4968528222335702     
   1.4966134984281185     
   1.4963747311048901     
   1.4961365184864519     
   1.4958988588032698     
   1.4956617502936524     
   1.4954251912037058     
   1.4951891797872814     
   1.4949537143059284     
   1.4947187930288433     
   1.4944844142328235     
   1.4942505762022185     
   1.4940172772288820     
   1.4937845156121261     
   1.4935522896586746     
   1.4933205976826156     
   1.4930894380053568     
   1.4928588089555803     
   1.4926287088691965     
   1.4923991360893012     
   1.4921700889661293     
   1.4919415658570128     
   1.4917135651263367     
   1.4914860851454961     
   1.4912591242928528     
   1.4910326809536942     
   1.4908067535201903     
   1.4905813403913526     
   1.4903564399729925     
   1.4901320506776807     
   1.4899081709247068     
   1.4896847991400386     
   1.4894619337562824     
   1.4892395732126442     
   1.4890177159548890     
   1.4887963604353034     
   1.4885755051126555     
   1.4883551484521589     
   1.4881352889254318     
   1.4879159250104625     
   1.4876970551915703     
   1.4874786779593681     
   1.4872607918107270     
   1.4870433952487396     
   1.4868264867826835     
   1.4866100649279854     
   1.4863941282061863     
   1.4861786751449060     
   1.4859637042778078     
   1.4857492141445645     
   1.4855352032908231     
   1.4853216702681724     
   1.4851086136341065     
   1.4848960319519944     
   1.4846839237910436     
   1.4844722877262706     
   1.4842611223384647     
   1.4840504262141581     
   1.4838401979455913     
   1.4836304361306833     
   1.4834211393729995     
   1.4832123062817186     
   1.4830039354716036     
   1.4827960255629693     
   1.4825885751816514     
   1.4823815829589777     
   1.4821750475317361     
   1.4819689675421450     
   1.4817633416378249     
   1.4815581684717665     
   1.4813534467023024     
   1.4811491749930790     
   1.4809453520130269     
   1.4807419764363299     
   1.4805390469424013     
   1.4803365622158520     
   1.4801345209464638     
   1.4799329218291599     
   1.4797317635639813     
   1.4795310448560544     
   1.4793307644155673     
   1.4791309209577426     
   1.4789315132028080     
   1.4787325398759739     
   1.4785339997074014     
   1.4783358914321822     
   1.4781382137903090     
   1.4779409655266496     
   1.4777441453909232     
   1.4775477521376730     
   1.4773517845262425     
   1.4771562413207500     
   1.4769611212900624     
   1.4767664232077735     
   1.4765721458521761     
   1.4763782880062399     
   1.4761848484575868     
   1.4759918259984670     
   1.4757992194257341     
   1.4756070275408231     
   1.4754152491497265     
   1.4752238830629696     
   1.4750329280955889     
   1.4748423830671098     
   1.4746522468015213     
   1.4744625181272553     
   1.4742731958771635     
   1.4740842788884956     
   1.4738957660028758     
   1.4737076560662823     
   1.4735199479290242     
   1.4733326404457219     
   1.4731457324752817     
   1.4729592228808785     
   1.4727731105299324     
   1.4725873942940877     
   1.4724020730491922     
   1.4722171456752768     
   1.4720326110565340     
   1.4718484680812978     
   1.4716647156420231     
   1.4714813526352664     
   1.4712983779616637     
   1.4711157905259129     
   1.4709335892367514     
   1.4707517730069393     
   1.4705703407532369     
   1.4703892913963874     
   1.4702086238610965     
   1.4700283370760141     
   1.4698484299737133     
   1.4696689014906741     
   1.4694897505672626     
   1.4693109761477134     
   1.4691325771801103     
   1.4689545526163681     
   1.4687769014122150     
   1.4685996225271731     
   1.4684227149245417     
   1.4682461775713780     
   1.4680700094384802     
   1.4678942095003698     
   1.4677187767352726     
   1.4675437101251034     
   1.4673690086554472     
   1.4671946713155419     
   1.4670206970982616     
   1.4668470850000990     
   1.4666738340211500     
   1.4665009431650939     
   1.4663284114391804     
   1.4661562378542099     
   1.4659844214245177     
   1.4658129611679596     
   1.4656418561058928     
   1.4654711052631613     
   1.4653007076680797     
   1.4651306623524158     
   1.4649609683513769     
   1.4647916247035924     
   1.4646226304510988     
   1.4644539846393236     
   1.4642856863170706     
   1.4641177345365037     
   1.4639501283531311     
   1.4637828668257917     
   1.4636159490166389     
   1.4634493739911261     
   1.4632831408179898     
   1.4631172485692385     
   1.4629516963201337     
   1.4627864831491788     
   1.4626216081381025     
   1.4624570703718442     
   1.4622928689385408     
   1.4621290029295118     
   1.4619654714392447     
   1.4618022735653811     
   1.4616394084087032     
   1.4614768750731182     
   1.4613146726656472     
   1.4611528002964080     
   1.4609912570786034     
   1.4608300421285079     
   1.4606691545654531     
   1.4605085935118134     
   1.4603483580929959     
   1.4601884474374223     
   1.4600288606765199     
   1.4598695969447062     
   1.4597106553793764     
   1.4595520351208897     
   1.4593937353125574     
   1.4592357551006292     
   1.4590780936342811     
   1.4589207500656023     
   1.4587637235495818     
   1.4586070132440971     
   1.4584506183099011     
   1.4582945379106096     
   1.4581387712126885     
   1.4579833173854428     
   1.4578281756010032     
   1.4576733450343138     
   1.4575188248631217     
   1.4573646142679619     
   1.4572107124321494     
   1.4570571185417638     
   1.4569038317856382     
   1.4567508513553493     
   1.4565981764452052     
   1.4564458062522303     
   1.4562937399761586     
   1.4561419768194190     
   1.4559905159871258     
   1.4558393566870658     
   1.4556884981296876     
   1.4555379395280910     
   1.4553876800980143     
   1.4552377190578252     
   1.4550880556285071     
   1.4549386890336509     
   1.4547896184994431     
   1.4546408432546527     
   1.4544923625306239     
   1.4543441755612627     
   1.4541962815830276     
   1.4540486798349197     
   1.4539013695584688     
   1.4537543499977261     
   1.4536076203992527     
   1.4534611800121087     
   1.4533150280878440     
   1.4531691638804860     
   1.4530235866465320     
   1.4528782956449360     
   1.4527332901371013     
   1.4525885693868690     
   1.4524441326605078     
   1.4522999792267044     
   1.4521561083565540     
   1.4520125193235498     
   1.4518692114035732     
   1.4517261838748834     
   1.4515834360181106     
   1.4514409671162416     
   1.4512987764546144     
   1.4511568633209060     
   1.4510152270051249     
   1.4508738667995993     
   1.4507327819989695     
   1.4505919719001779     
   1.4504514358024594     
   1.4503111730073330     
   1.4501711828185919     
   1.4500314645422927     
   1.4498920174867505     
   1.4497528409625258     
   1.4496139342824166     
   1.4494752967614506     
   1.4493369277168746     
   1.4491988264681470     
   1.4490609923369271     
   1.4489234246470684     
   1.4487861227246086     
   1.4486490858977610     
   1.4485123134969056     
   1.4483758048545812     
   1.4482395593054762     
   1.4481035761864209     
   1.4479678548363761     
   1.4478323945964298     
   1.4476971948097834     
   1.4475622548217464     
   1.4474275739797275     
   1.4472931516332259     
   1.4471589871338235     
   1.4470250798351760     
   1.4468914290930055     
   1.4467580342650925     
   1.4466248947112654     
   1.4464920097933969     
   1.4463593788753903     
   1.4462270013231775     
   1.4460948765047068     
   1.4459630037899363     
   1.4458313825508260     
   1.4457000121613302     
   1.4455688919973899     
   1.4454380214369240     
   1.4453073998598227     
   1.4451770266479396     
   1.4450469011850826     
   1.4449170228570090     
   1.4447873910514155     
   1.4446580051579319     
   1.4445288645681136     
   1.4443999686754330     
   1.4442713168752741     
   1.4441429085649224     
   1.4440147431435608     
   1.4438868200122590     
   1.4437591385739683     
   1.4436316982335138     
   1.4435044983975875     
   1.4433775384747403     
   1.4432508178753758     
   1.4431243360117421     
   1.4429980922979255     
   1.4428720861498436     
   1.4427463169852377     
   1.4426207842236662     
   1.4424954872864975     
   1.4423704255969025     
   1.4422455985798499     
   1.4421210056620957     
   1.4419966462721798     
   1.4418725198404170     
   1.4417486257988927     
   1.4416249635814520     
   1.4415015326236977     
   1.4413783323629801     
   1.4412553622383930     
   1.4411326216907647     
   1.4410101101626531     
   1.4408878270983387     
   1.4407657719438176     
   1.4406439441467958     
   1.4405223431566823     
   1.4404009684245822     
   1.4402798194032918     
   1.4401588955472904     
   1.4400381963127349     
   1.4399177211574541     
   1.4397974695409408     
   1.4396774409243478     
   1.4395576347704790     
   1.4394380505437847     
   1.4393186877103568     
   1.4391995457379188     
   1.4390806240958240     
   1.4389619222550465     
   1.4388434396881766     
   1.4387251758694131     
   1.4386071302745607     
   1.4384893023810199     
   1.4383716916677827     
   1.4382542976154284     
   1.4381371197061159     
   1.4380201574235767     
   1.4379034102531123     
   1.4377868776815854     
   1.4376705591974159     
   1.4375544542905749     
   1.4374385624525767     
   1.4373228831764773     
   1.4372074159568646     
   1.4370921602898556     
   1.4369771156730899     
   1.4368622816057224     
   1.4367476575884202     
   1.4366332431233562     
   1.4365190377142025     
   1.4364050408661262     
   1.4362912520857840     
   1.4361776708813152     
   1.4360642967623372     
   1.4359511292399414     
   1.4358381678266854     
   1.4357254120365890     
   1.4356128613851282     
   1.4355005153892308     
   1.4353883735672706     
   1.4352764354390615     
   1.4351647005258537     
   1.4350531683503265     
   1.4349418384365846     
   1.4348307103101532     
   1.4347197834979708     
   1.4346090575283861     
   1.4344985319311527     
   1.4343882062374222     
   1.4342780799797412     
   1.4341681526920449     
   1.4340584239096534     
   1.4339488931692643     
   1.4338395600089511     
   1.4337304239681550     
   1.4336214845876816     
   1.4335127414096962     
   1.4334041939777182     
   1.4332958418366164     
   1.4331876845326035     
   1.4330797216132329     
   1.4329719526273925     
   1.4328643771252998     
   1.4327569946584979     
   1.4326498047798513     
   1.4325428070435386     
   1.4324360010050510     
   1.4323293862211846     
   1.4322229622500384     
   1.4321167286510077     
   1.4320106849847805     
   1.4319048308133324     
   1.4317991656999220     
   1.4316936892090872     
   1.4315884009066382     
   1.4314833003596563     
   1.4313783871364874     
   1.4312736608067369     
   1.4311691209412662     
   1.4310647671121894     
   1.4309605988928671     
   1.4308566158579006     
   1.4307528175831323     
   1.4306492036456362     
   1.4305457736237166     
   1.4304425270969023     
   1.4303394636459426     
   1.4302365828528039     
   1.4301338843006641     
   1.4300313675739087     
   1.4299290322581271     
   1.4298268779401073     
   1.4297249042078328     
   1.4296231106504775     
   1.4295214968584022     
   1.4294200624231501     
   1.4293188069374416     
   1.4292177299951725     
   1.4291168311914078     
   1.4290161101223786     
   1.4289155663854771     
   1.4288151995792537     
   1.4287150093034124     
   1.4286149951588065     
   1.4285151567474341     
   1.4284154936724365     
   1.4283160055380906     
   1.4282166919498076     
   1.4281175525141290     
   1.4280185868387205     
   1.4279197945323698     
   1.4278211752049832     
   1.4277227284675800     
   1.4276244539322889     
   1.4275263512123462     
   1.4274284199220890     
   1.4273306596769539     
   1.4272330700934706     
   1.4271356507892612     
   1.4270384013830337     
   1.4269413214945792     
   1.4268444107447698     
   1.4267476687555503     
   1.4266510951499405     
   1.4265546895520262     
   1.4264584515869596     
   1.4263623808809516     
   1.4262664770612723     
   1.4261707397562440     
   1.4260751685952395     
   1.4259797632086773     
   1.4258845232280193     
   1.4257894482857654     
   1.4256945380154522     
   1.4255997920516472     
   1.4255052100299461     
   1.4254107915869709     
   1.4253165363603628     
   1.4252224439887820     
   1.4251285141119030     
   1.4250347463704105     
   1.4249411404059968     
   1.4248476958613581     
   1.4247544123801905     
   1.4246612896071884     
   1.4245683271880378     
   1.4244755247694165     
   1.4243828819989881     
   1.4242903985254001     
   1.4241980739982798     
   1.4241059080682312     
   1.4240139003868322     
   1.4239220506066299     
   1.4238303583811383     
   1.4237388233648351     
   1.4236474452131580     
   1.4235562235825019     
   1.4234651581302149     
   1.4233742485145955     
   1.4232834943948895     
   1.4231928954312867     
   1.4231024512849175     
   1.4230121616178497     
   1.4229220260930857     
   1.4228320443745592     
   1.4227422161271317     
   1.4226525410165891     
   1.4225630187096407     
   1.4224736488739120     
   1.4223844311779468     
   1.4222953652911987     
   1.4222064508840329     
   1.4221176876277193     
   1.4220290751944318     
   1.4219406132572443     
   1.4218523014901279     
   1.4217641395679479     
   1.4216761271664611     
   1.4215882639623114     
   1.4215005496330289     
   1.4214129838570249     
   1.4213255663135911     
   1.4212382966828945     
   1.4211511746459760     
   1.4210641998847464     
   1.4209773720819840     
   1.4208906909213330     
   1.4208041560872970     
   1.4207177672652402     
   1.4206315241413821     
   1.4205454264027950     
   1.4204594737374019     
   1.4203736658339730     
   1.4202880023821227     
   1.4202024830723083     
   1.4201171075958245     
   1.4200318756448032     
   1.4199467869122095     
   1.4198618410918384     
   1.4197770378783132     
   1.4196923769670824     
   1.4196078580544165     
   1.4195234808374066     
   1.4194392450139588     
   1.4193551502827950     
   1.4192711963434479     
   1.4191873828962587     
   1.4191037096423758     
   1.4190201762837495     
   1.4189367825231323     
   1.4188535280640739     
   1.4187704126109200     
   1.4186874358688089     
   1.4186045975436690     
   1.4185218973422167     
   1.4184393349719531     
   1.4183569101411622     
   1.4182746225589073     
   1.4181924719350298     
   1.4181104579801451     
   1.4180285804056409     
   1.4179468389236751     
   1.4178652332471726     
   1.4177837630898216     
   1.4177024281660744     
   1.4176212281911420     
   1.4175401628809920     
   1.4174592319523480     
   1.4173784351226844     
   1.4172977721102256     
   1.4172172426339442     
   1.4171368464135565     
   1.4170565831695217     
   1.4169764526230386     
   1.4168964544960438     
   1.4168165885112094     
   1.4167368543919399     
   1.4166572518623699     
   1.4165777806473618     
   1.4164984404725045     
   1.4164192310641091     
   1.4163401521492087     
   1.4162612034555542     
   1.4161823847116124     
   1.4161036956465642     
   1.4160251359903033     
   1.4159467054734312     
   1.4158684038272566     
   1.4157902307837928     
   1.4157121860757564     
   1.4156342694365633     
   1.4155564806003273     
   1.4154788193018579     
   1.4154012852766580     
   1.4153238782609212     
   1.4152465979915312     
   1.4151694442060565     
   1.4150924166427514     
   1.4150155150405519     
   1.4149387391390749     
   1.4148620886786136     
   1.4147855634001383     
   1.4147091630452913     
   1.4146328873563880     
   1.4145567360764120     
   1.4144807089490135     
   1.4144048057185084     
   1.4143290261298751     
   1.4142533699287521     
   1.4141778368614377     
   1.4141024266748849     
   1.4140271391167025     
   1.4139519739351507     
   1.4138769308791395     
   1.4138020096982276     
   1.4137272101426199     
   1.4136525319631645     
   1.4135779749113522     
   1.4135035387393122     
   1.4134292231998127     
   1.4133550280462570     
   1.4132809530326831     
   1.4132069979137594     
   1.4131331624447845     
   1.4130594463816852     
   1.4129858494810135     
   1.4129123714999448     
   1.4128390121962764     
   1.4127657713284265     
   1.4126926486554292     
   1.4126196439369358     
   1.4125467569332111     
   1.4124739874051313     
   1.4124013351141835     
   1.4123287998224627     
   1.4122563812926692     
   1.4121840792881089     
   1.4121118935726884     
   1.4120398239109164     
   1.4119678700678988     
   1.4118960318093394     
   1.4118243089015357     
   1.4117527011113782     
   1.4116812082063490     
   1.4116098299545194     
   1.4115385661245472     
   1.4114674164856762     
   1.4113963808077346     
   1.4113254588611310     
   1.4112546504168548     
   1.4111839552464740     
   1.4111133731221310     
   1.4110429038165455     
   1.4109725471030079     
   1.4109023027553802     
   1.4108321705480937     
   1.4107621502561478     
   1.4106922416551058     
   1.4106224445210958     
   1.4105527586308082     
   1.4104831837614940     
   1.4104137196909616     
   1.4103443661975776     
   1.4102751230602633     
   1.4102059900584927     
   1.4101369669722921     
   1.4100680535822381     
   1.4099992496694551     
   1.4099305550156136     
   1.4098619694029304     
   1.4097934926141640     
   1.4097251244326146     
   1.4096568646421233     
   1.4095887130270681     
   1.4095206693723645     
   1.4094527334634619     
   1.4093849050863430     
   1.4093171840275232     
   1.4092495700740455     
   1.4091820630134835     
   1.4091146626339366     
   1.4090473687240284     
   1.4089801810729063     
   1.4089130994702401     
   1.4088461237062191     
   1.4087792535715515     
   1.4087124888574618     
   1.4086458293556907     
   1.4085792748584924     
   1.4085128251586330     
   1.4084464800493897     
   1.4083802393245484     
   1.4083141027784025     
   1.4082480702057523     
   1.4081821414019007     
   1.4081163161626553     
   1.4080505942843238     
   1.4079849755637142     
   1.4079194597981328     
   1.4078540467853828     
   1.4077887363237618     
   1.4077235282120624     
   1.4076584222495681     
   1.4075934182360543     
   1.4075285159717847     
   1.4074637152575113     
   1.4073990158944722     
   1.4073344176843903     
   1.4072699204294712     
   1.4072055239324035     
   1.4071412279963558     
   1.4070770324249748     
   1.4070129370223854     
   1.4069489415931884     
   1.4068850459424596     
   1.4068212498757469     
   1.4067575531990704     
   1.4066939557189211     
   1.4066304572422581     
   1.4065670575765084     
   1.4065037565295648     
   1.4064405539097848     
   1.4063774495259893     
   1.4063144431874606     
   1.4062515347039413     
   1.4061887238856343     
   1.4061260105431992     
   1.4060633944877514     
   1.4060008755308631     
   1.4059384534845574     
   1.4058761281613124     
   1.4058138993740550     
   1.4057517669361626     
   1.4056897306614604     
   1.4056277903642203     
   1.4055659458591601     
   1.4055041969614412     
   1.4054425434866689     
   1.4053809852508883     
   1.4053195220705863     
   1.4052581537626871     
   1.4051968801445542     
   1.4051357010339864     
   1.4050746162492169     
   1.4050136256089134     
   1.4049527289321762     
   1.4048919260385355     
   1.4048312167479522     
   1.4047706008808154     
   1.4047100782579420     
   1.4046496487005737     
   1.4045893120303781     
   1.4045290680694458     
   1.4044689166402891     
   1.4044088575658424     
   1.4043488906694588     
   1.4042890157749097     
   1.4042292327063850     
   1.4041695412884896     
   1.4041099413462432     
   1.4040504327050791     
   1.4039910151908439     
   1.4039316886297930     
   1.4038724528485942     
   1.4038133076743224     
   1.4037542529344611     
   1.4036952884568992     
   1.4036364140699304     
   1.4035776296022537     
   1.4035189348829693     
   1.4034603297415804     
   1.4034018140079891     
   1.4033433875124974     
   1.4032850500858056     
   1.4032268015590104     
   1.4031686417636040     
   1.4031105705314744     
   1.4030525876949012     
   1.4029946930865564     
   1.4029368865395053     
   1.4028791678872001     
   1.4028215369634842     
   1.4027639936025871     
   1.4027065376391259     
   1.4026491689081029     
   1.4025918872449037     
   1.4025346924852984     
   1.4024775844654380     
   1.4024205630218565     
   1.4023636279914649     
   1.4023067792115544     
   1.4022500165197942     
   1.4021933397542297     
   1.4021367487532816     
   1.4020802433557451     
   1.4020238234007882     
   1.4019674887279527     
   1.4019112391771493     
   1.4018550745886604     
   1.4017989948031369     
   1.4017429996615971     
   1.4016870890054269     
   1.4016312626763778     
   1.4015755205165663     
   1.4015198623684721     
   1.4014642880749375     
   1.4014087974791676     
   1.4013533904247264     
   1.4012980667555386     
   1.4012428263158867     
   1.4011876689504115     
   1.4011325945041095     
   1.4010776028223328     
   1.4010226937507886     
   1.4009678671355363     
   1.4009131228229887     
   1.4008584606599097     
   1.4008038804934133     
   1.4007493821709631     
   1.4006949655403713     
   1.4006406304497971     
   1.4005863767477460     
   1.4005322042830701     
   1.4004781129049639     
   1.4004241024629671     
   1.4003701728069617     
   1.4003163237871696     
   1.4002625552541552     
   1.4002088670588215     
   1.4001552590524102     
   1.4001017310865005     
   1.4000482830130088     
   1.3999949146841859     
   1.3999416259526196     
   1.3998884166712298     
   1.3998352866932697     
   1.3997822358723249     
   1.3997292640623109     
   1.3996763711174749     
   1.3996235568923920     
   1.3995708212419657     
   1.3995181640214271     
   1.3994655850863329     
   1.3994130842925667     
   1.3993606614963356     
   1.3993083165541709     
   1.3992560493229256     
   1.3992038596597753     
   1.3991517474222168     
   1.3990997124680655     
   1.3990477546554578     
   1.3989958738428472     
   1.3989440698890037     
   1.3988923426530160     
   1.3988406919942866     
   1.3987891177725336     
   1.3987376198477877     
   1.3986861980803935     
   1.3986348523310075     
   1.3985835824605968     
   1.3985323883304397     
   1.3984812698021236     
   1.3984302267375437     
   1.3983792589989046     
   1.3983283664487158     
   1.3982775489497943     
   1.3982268063652614     
   1.3981761385585432     
   1.3981255453933688     
   1.3980750267337703     
   1.3980245824440811     
   1.3979742123889369     
   1.3979239164332717     
   1.3978736944423202     
   1.3978235462816146     
   1.3977734718169856     
   1.3977234709145594     
   1.3976735434407599     
   1.3976236892623048     
   1.3975739082462071     
   1.3975242002597725     
   1.3974745651706000     
   1.3974250028465807     
   1.3973755131558965     
   1.3973260959670195     
   1.3972767511487119     
   1.3972274785700236     
   1.3971782781002937     
   1.3971291496091478     
   1.3970800929664982     
   1.3970311080425422     
   1.3969821947077627     
   1.3969333528329255     
   1.3968845822890807     
   1.3968358829475611     
   1.3967872546799800     
   1.3967386973582330     
   1.3966902108544943     
   1.3966417950412189     
   1.3965934497911396     
   1.3965451749772679     
   1.3964969704728918     
   1.3964488361515759     
   1.3964007718871603     
   1.3963527775537601     
   1.3963048530257645     
   1.3962569981778357     
   1.3962092128849095     
   1.3961614970221929     
   1.3961138504651638     
   1.3960662730895717     
   1.3960187647714348     
   1.3959713253870405     
   1.3959239548129443     
   1.3958766529259696     
   1.3958294196032064     
   1.3957822547220111     
   1.3957351581600048     
   1.3956881297950741     
   1.3956411695053690     
   1.3955942771693026     
   1.3955474526655509     
   1.3955006958730516     
   1.3954540066710035     
   1.3954073849388660     
   1.3953608305563576     
   1.3953143434034567     
   1.3952679233603993     
   1.3952215703076796     
   1.3951752841260481     
   1.3951290646965120     
   1.3950829119003345     
   1.3950368256190329     
   1.3949908057343783     
   1.3949448521283969     
   1.3948989646833669     
   1.3948531432818179     
   1.3948073878065328     
   1.3947616981405431     
   1.3947160741671329     
   1.3946705157698336     
   1.3946250228324268     
   1.3945795952389421     
   1.3945342328736565     
   1.3944889356210934     
   1.3944437033660231     
   1.3943985359934614     
   1.3943534333886682     
   1.3943083954371487     
   1.3942634220246510     
   1.3942185130371667     
   1.3941736683609292     
   1.3941288878824145     
   1.3940841714883381     
   1.3940395190656574     
   1.3939949305015689     
   1.3939504056835084     
   1.3939059444991497     
   1.3938615468364062     
   1.3938172125834261     
   1.3937729416285960     
   1.3937287338605384     
   1.3936845891681098     
   1.3936405074404035     
   1.3935964885667458     
   1.3935525324366966     
   1.3935086389400484     
   1.3934648079668270     
   1.3934210394072899     
   1.3933773331519248     
   1.3933336890914503     
   1.3932901071168153     
   1.3932465871191972     
   1.3932031289900035     
   1.3931597326208685     
   1.3931163979036545     
   1.3930731247304506     
   1.3930299129935726     
   1.3929867625855619     
   1.3929436733991851     
   1.3929006453274329     
   1.3928576782635207     
   1.3928147721008874     
   1.3927719267331935     
   1.3927291420543240     
   1.3926864179583824     
   1.3926437543396966     
   1.3926011510928129     
   1.3925586081124988     
   1.3925161252937408     
   1.3924737025317433     
   1.3924313397219301     
   1.3923890367599432     
   1.3923467935416398     
   1.3923046099630958     
   1.3922624859206016     
   1.3922204213106641     
   1.3921784160300046     
   1.3921364699755590     
   1.3920945830444760     
   1.3920527551341195     
   1.3920109861420649     
   1.3919692759660993     
   1.3919276245042234     
   1.3918860316546466     
   1.3918444973157911     
   1.3918030213862866     
   1.3917616037649747     
   1.3917202443509045     
   1.3916789430433343     
   1.3916376997417292     
   1.3915965143457631     
   1.3915553867553161     
   1.3915143168704738     
   1.3914733045915284     
   1.3914323498189780     
   1.3913914524535238     
   1.3913506123960726     
   1.3913098295477333     
   1.3912691038098202     
   1.3912284350838489     
   1.3911878232715367     
   1.3911472682748038     
   1.3911067699957700     
   1.3910663283367573     
   1.3910259432002867     
   1.3909856144890795     
   1.3909453421060554     
   1.3909051259543335     
   1.3908649659372301     
   1.3908248619582597     
   1.3907848139211334     
   1.3907448217297593     
   1.3907048852882422     
   1.3906650045008808     
   1.3906251792721709     
   1.3905854095068015     
   1.3905456951096564     
   1.3905060359858121     
   1.3904664320405400     
   1.3904268831793027     
   1.3903873893077558     
   1.3903479503317460     
   1.3903085661573114     
   1.3902692366906815     
   1.3902299618382754     
   1.3901907415067023     
   1.3901515756027605     
   1.3901124640334370     
   1.3900734067059082     
   1.3900344035275369     
   1.3899954544058750     
   1.3899565592486596     
   1.3899177179638160     
   1.3898789304594548     
   1.3898401966438716     
   1.3898015164255488     
   1.3897628897131513     
   1.3897243164155295     
   1.3896857964417182     
   1.3896473297009340     
   1.3896089161025775     
   1.3895705555562308     
   1.3895322479716588     
   1.3894939932588071     
   1.3894557913278036     
   1.3894176420889552     
   1.3893795454527491     
   1.3893415013298545     
   1.3893035096311168     
   1.3892655702675629     
   1.3892276831503954     
   1.3891898481909970     
   1.3891520653009271     
   1.3891143343919228     
   1.3890766553758964     
   1.3890390281649379     
   1.3890014526713119     
   1.3889639288074598     
   1.3889264564859964     
   1.3888890356197114     
   1.3888516661215697     
   1.3888143479047081     
   1.3887770808824380     
   1.3887398649682425     
   1.3887027000757783     
   1.3886655861188728     
   1.3886285230115250     
   1.3885915106679070     
   1.3885545490023585     
   1.3885176379293918     
   1.3884807773636882     
   1.3884439672200983     
   1.3884072074136427     
   1.3883704978595091     
   1.3883338384730548     
   1.3882972291698037     
   1.3882606698654485     
   1.3882241604758478     
   1.3881877009170269     
   1.3881512911051779     
   1.3881149309566578     
   1.3880786203879902     
   1.3880423593158624     
   1.3880061476571273     
   1.3879699853288012     
   1.3879338722480652     
   1.3878978083322622     
   1.3878617934988999     
   1.3878258276656470     
   1.3877899107503358     
   1.3877540426709600     
   1.3877182233456742     
   1.3876824526927944     
   1.3876467306307974     
   1.3876110570783204     
   1.3875754319541600     
   1.3875398551772726     
   1.3875043266667744     
   1.3874688463419389     
   1.3874334141221993     
   1.3873980299271462     
   1.3873626936765275     
   1.3873274052902491     
   1.3872921646883736     
   1.3872569717911194     
   1.3872218265188616     
   1.3871867287921313     
   1.3871516785316147     
   1.3871166756581523     
   1.3870817200927406     
   1.3870468117565291     
   1.3870119505708223     
   1.3869771364570775     
   1.3869423693369054     
   1.3869076491320693     
   1.3868729757644853     
   1.3868383491562213     
   1.3868037692294970     
   1.3867692359066841     
   1.3867347491103041     
   1.3867003087630299     
   1.3866659147876850     
   1.3866315671072420     
   1.3865972656448236     
   1.3865630103237017     
   1.3865288010672976     
   1.3864946377991798     
   1.3864605204430660     
   1.3864264489228215     
   1.3863924231624594     
   1.3863584430861393     
   1.3863245086181677     
   1.3862906196829983     
   1.3862567762052300     
   1.3862229781096087     
   1.3861892253210240     
   1.3861555177645117     
   1.3861218553652517     
   1.3860882380485697     
   1.3860546657399337     
   1.3860211383649568     
   1.3859876558493944     
   1.3859542181191453     
   1.3859208251002519     
   1.3858874767188978     
   1.3858541729014093     
   1.3858209135742543     
   1.3857876986640423     
   1.3857545280975234     
   1.3857214018015886     
   1.3856883197032697     
   1.3856552817297381     
   1.3856222878083053     
   1.3855893378664224     
   1.3855564318316786     
   1.3855235696318036     
   1.3854907511946637     
   1.3854579764482651     
   1.3854252453207501     
   1.3853925577404000     
   1.3853599136356332     
   1.3853273129350034     
   1.3852947555672031     
   1.3852622414610591     
   1.3852297705455356     
   1.3851973427497311     
   1.3851649580028806     
   1.3851326162343534     
   1.3851003173736540     
   1.3850680613504203     
   1.3850358480944256     
   1.3850036775355759     
   1.3849715496039112     
   1.3849394642296047     
   1.3849074213429615     
   1.3848754208744209     
   1.3848434627545534     
   1.3848115469140607     
   1.3847796732837778     
   1.3847478417946704     
   1.3847160523778350     
   1.3846843049644986     
   1.3846525994860184     
   1.3846209358738832     
   1.3845893140597103     
   1.3845577339752471     
   1.3845261955523698     
   1.3844946987230839     
   1.3844632434195243     
   1.3844318295739522     
   1.3844004571187589     
   1.3843691259864626     
   1.3843378361097090     
   1.3843065874212714     
   1.3842753798540501     
   1.3842442133410708     
   1.3842130878154868     
   1.3841820032105772     
   1.3841509594597468     
   1.3841199564965261     
   1.3840889942545700     
   1.3840580726676590     
   1.3840271916696982     
   1.3839963511947171     
   1.3839655511768694     
   1.3839347915504321     
   1.3839040722498053     
   1.3838733932095142     
   1.3838427543642049     
   1.3838121556486476     
   1.3837815969977343     
   1.3837510783464788     
   1.3837205996300177     
   1.3836901607836081     
   1.3836597617426292     
   1.3836294024425813     
   1.3835990828190849     
   1.3835688028078814     
   1.3835385623448324     
   1.3835083613659194     
   1.3834781998072434     
   1.3834480776050255     
   1.3834179946956047     
   1.3833879510154405     
   1.3833579465011099     
   1.3833279810893084     
   1.3832980547168501     
   1.3832681673206662     
   1.3832383188378059     
   1.3832085092054363     
   1.3831787383608400     
   1.3831490062414185     
   1.3831193127846879     
   1.3830896579282812     
   1.3830600416099483     
   1.3830304637675541     
   1.3830009243390786     
   1.3829714232626176     
   1.3829419604763822     
   1.3829125359186969     
   1.3828831495280027     
   1.3828538012428528     
   1.3828244910019158     
   1.3827952187439738     
   1.3827659844079219     
   1.3827367879327681     
   1.3827076292576348     
   1.3826785083217557     
   1.3826494250644776     
   1.3826203794252598     
   1.3825913713436730     
   1.3825624007594000     
   1.3825334676122347     
   1.3825045718420830     
   1.3824757133889611     
   1.3824468921929958     
   1.3824181081944256     
   1.3823893613335976     
   1.3823606515509703     
   1.3823319787871120     
   1.3823033429826990     
   1.3822747440785188     
   1.3822461820154666     
   1.3822176567345474     
   1.3821891681768741     
   1.3821607162836682     
   1.3821323009962598     
   1.3821039222560860     
   1.3820755800046922     
   1.3820472741837313     
   1.3820190047349623     
   1.3819907716002526     
   1.3819625747215758     
   1.3819344140410115     
   1.3819062895007455     
   1.3818782010430708     
   1.3818501486103849     
   1.3818221321451918     
   1.3817941515901004     
   1.3817662068878243     
   1.3817382979811830     
   1.3817104248130998     
   1.3816825873266023     
   1.3816547854648236     
   1.3816270191709989     
   1.3815992883884687     
   1.3815715930606765     
   1.3815439331311685     
   1.3815163085435951     
   1.3814887192417085     
   1.3814611651693642     
   1.3814336462705203     
   1.3814061624892366     
   1.3813787137696747     
   1.3813513000560982     
   1.3813239212928725     
   1.3812965774244643     
   1.3812692683954408     
   1.3812419941504710     
   1.3812147546343236     
   1.3811875497918686     
   1.3811603795680756     
   1.3811332439080140     
   1.3811061427568543     
   1.3810790760598655     
   1.3810520437624159     
   1.3810250458099738     
   1.3809980821481060     
   1.3809711527224775     
   1.3809442574788524     
   1.3809173963630941     
   1.3808905693211617     
   1.3808637762991143     
   1.3808370172431079     
   1.3808102920993961     
   1.3807836008143295     
   1.3807569433343563     
   1.3807303196060219     
   1.3807037295759663     
   1.3806771731909286     
   1.3806506503977425     
   1.3806241611433383     
   1.3805977053747422     
   1.3805712830390755     
   1.3805448940835561     
   1.3805185384554954     
   1.3804922161023017     
   1.3804659269714761     
   1.3804396710106164     
   1.3804134481674142     
   1.3803872583896537     
   1.3803611016252155     
   1.3803349778220728     
   1.3803088869282929     
   1.3802828288920357     
   1.3802568036615548     
   1.3802308111851980     
   1.3802048514114040     
   1.3801789242887057     
   1.3801530297657267     
   1.3801271677911853     
   1.3801013383138903     
   1.3800755412827419     
   1.3800497766467337     
   1.3800240443549492     
   1.3799983443565638     
   1.3799726766008444     
   1.3799470410371484     
   1.3799214376149238     
   1.3798958662837091     
   1.3798703269931338     
   1.3798448196929172     
   1.3798193443328683     
   1.3797939008628859     
   1.3797684892329594     
   1.3797431093931656     
   1.3797177612936724     
   1.3796924448847361     
   1.3796671601167017     
   1.3796419069400030     
   1.3796166853051619     
   1.3795914951627894     
   1.3795663364635846     
   1.3795412091583328     
   1.3795161131979095     
   1.3794910485332756     
   1.3794660151154816     
   1.3794410128956631     
   1.3794160418250438     
   1.3793911018549345     
   1.3793661929367320     
   1.3793413150219189     
   1.3793164680620666     
   1.3792916520088294     
   1.3792668668139507     
   1.3792421124292571     
   1.3792173888066621     
   1.3791926958981644     
   1.3791680336558476     
   1.3791434020318811     
   1.3791188009785185     
   1.3790942304480986     
   1.3790696903930439     
   1.3790451807658624     
   1.3790207015191454     
   1.3789962526055688     
   1.3789718339778916     
   1.3789474455889574     
   1.3789230873916929     
   1.3788987593391080     
   1.3788744613842958     
   1.3788501934804320     
   1.3788259555807758     
   1.3788017476386694     
   1.3787775696075362     
   1.3787534214408823     
   1.3787293030922969     
   1.3787052145154504     
   1.3786811556640943     
   1.3786571264920631     
   1.3786331269532721     
   1.3786091570017183     
   1.3785852165914791     
   1.3785613056767132     
   1.3785374242116601     
   1.3785135721506410     
   1.3784897494480552     
   1.3784659560583845     
   1.3784421919361902     
   1.3784184570361129     
   1.3783947513128738     
   1.3783710747212734     
   1.3783474272161920     
   1.3783238087525891     
   1.3783002192855032     
   1.3782766587700519     
   1.3782531271614322     
   1.3782296244149186     
   1.3782061504858651     
   1.3781827053297038     
   1.3781592889019447     
   1.3781359011581769     
   1.3781125420540663     
   1.3780892115453562     
   1.3780659095878696     
   1.3780426361375047     
   1.3780193911502376     
   1.3779961745821225     
   1.3779729863892891     
   1.3779498265279448     
   1.3779266949543734     
   1.3779035916249351     
   1.3778805164960670     
   1.3778574695242818     
   1.3778344506661679     
   1.3778114598783906     
   1.3777884971176904     
   1.3777655623408829     
   1.3777426555048602     
   1.3777197765665887     
   1.3776969254831104     
   1.3776741022115422     
   1.3776513067090752     
   1.3776285389329770     
   1.3776057988405874     
   1.3775830863893221     
   1.3775604015366705     
   1.3775377442401964     
   1.3775151144575366     
