   1.0000000000000000     
   1.0000005354084478     
   1.0000005399516039     
   1.0000005440848230     
   1.0000005481407956     
   1.0000005521232913     
   1.0000005560356731     
   1.0000005598811150     
   1.0000005636626130     
   1.0000005673829955     
   1.0000005710449353     
   1.0000005746509575     
   1.0000005782034489     
   1.0000005817046675     
   1.0000005851567491     
   1.0000005885617147     
   1.0000005919214785     
   1.0000005952378532     
   1.0000005985125562     
   1.0000006017472167     
   1.0000006049433787     
   1.0000006081025075     
   1.0000006112259936     
   1.0000006143151579     
   1.0000006173712552     
   1.0000006203954781     
   1.0000006233889598     
   1.0000006263527796     
   1.0000006292879640     
   1.0000006321954900     
   1.0000006350762884     
   1.0000006379312472     
   1.0000006407612116     
   1.0000006435669895     
   1.0000006463493496     
   1.0000006491090276     
   1.0000006518467257     
   1.0000006545631150     
   1.0000006572588367     
   1.0000006599345044     
   1.0000006625907050     
   1.0000006652280009     
   1.0000006678469300     
   1.0000006704480084     
   1.0000006730317301     
   1.0000006755985693     
   1.0000006781489814     
   1.0000006806834023     
   1.0000006832022514     
   1.0000006857059318     
   1.0000006881948300     
   1.0000006906693186     
   1.0000006931297554     
   1.0000006955764849     
   1.0000006980098382     
   1.0000007004301350     
   1.0000007028376829     
   1.0000007052327780     
   1.0000007076157065     
   1.0000007099867436     
   1.0000007123461554     
   1.0000007146941983     
   1.0000007170311205     
   1.0000007193571612     
   1.0000007216725513     
   1.0000007239775148     
   1.0000007262722677     
   1.0000007285570185     
   1.0000007308319696     
   1.0000007330973169     
   1.0000007353532498     
   1.0000007375999516     
   1.0000007398375999     
   1.0000007420663668     
   1.0000007442864194     
   1.0000007464979190     
   1.0000007487010227     
   1.0000007508958828     
   1.0000007530826467     
   1.0000007552614580     
   1.0000007574324554     
   1.0000007595957741     
   1.0000007617515456     
   1.0000007638998971     
   1.0000007660409520     
   1.0000007681748315     
   1.0000007703016522     
   1.0000007724215281     
   1.0000007745345694     
   1.0000007766408845     
   1.0000007787405778     
   1.0000007808337514     
   1.0000007829205044     
   1.0000007850009338     
   1.0000007870751335     
   1.0000007891431952     
   1.0000007912052087     
   1.0000007932612607     
   1.0000007953114358     
   1.0000007973558176     
   1.0000007993944859     
   1.0029275043465178     
   1.0058963422641094     
   1.0089055726517999     
   1.0119552640386962     
   1.0150455069130671     
   1.0181764118502994     
   1.0213481088266427     
   1.0245607465845412     
   1.0278144920468106     
   1.0311095297759167     
   1.0344460614762738     
   1.0378243055369780     
   1.0412444966123127     
   1.0447068852385886     
   1.0482117374844617     
   1.0517593346335441     
   1.0553499728973117     
   1.0589839631563829     
   1.0626616307294490     
   1.0663833151674720     
   1.0701493700726143     
   1.0739601629404021     
   1.0778160750237200     
   1.0817175012183138     
   1.0856648499679369     
   1.0896585431889789     
   1.0936990162133329     
   1.0977867177488656     
   1.1019221098568672     
   1.1061056679454577     
   1.1103378807790634     
   1.1146192505025201     
   1.1189502926800201     
   1.1233315363482024     
   1.1277635240826172     
   1.1322468120780114     
   1.1367819702410946     
   1.1413695822963041     
   1.1460102459038783     
   1.1507045727899072     
   1.1554531888887474     
   1.1602567344967094     
   1.1651158644376722     
   1.1700312482401865     
   1.1750035703256045     
   1.1800335302080831     
   1.1851218427052586     
   1.1902692381604882     
   1.1954764626761667     
   1.2007442783582138     
   1.2060734635719843     
   1.2114648132090451     
   1.2169191389659075     
   1.2224372696336079     
   1.2280200513991599     
   1.2336683481587338     
   1.2393830418421830     
   1.2451650327502266     
   1.2510152399031356     
   1.2569346014020826     
   1.2629240748030723     
   1.2689846375032661     
   1.2751172871409320     
   1.2813230420080322     
   1.2876029414767411     
   1.2939580464398557     
   1.3003894397649456     
   1.3068982267636220     
   1.3134855356750639     
   1.3201525181651466     
   1.3269003498409886     
   1.3337302307815451     
   1.3406433860847899     
   1.3476410664313050     
   1.3547245486659556     
   1.3618951363966858     
   1.3691541606120530     
   1.3765029803177014     
   1.3839429831917587     
   1.3914755862610342     
   1.3991022365970507     
   1.4068244120338051     
   1.4146436219073821     
   1.4225614078177320     
   1.4305793444144634     
   1.4386990402059379     
   1.4469221383936217     
   1.4552503177318465     
   1.4636852934140339     
   1.4722288179863690     
   1.4808826822892098     
   1.4896487164283667     
   1.4985287907757585     
   1.5075248170016364     
   1.5166387491390376     
   1.5258725846809935     
   1.5352283657130006     
   1.5447081800803053     
   1.5543141625925454     
   1.5640484962665082     
   1.5674673101197785     
   1.5708316888294673     
   1.5741754553558798     
   1.5774996432312420     
   1.5808050704488306     
   1.5840925132544441     
   1.5873627094169638     
   1.5906163604548567     
   1.5938541337193126     
   1.5970766643476744     
   1.6002845570955886     
   1.6034783880557053     
   1.6066587062702615     
   1.6098260352443747     
   1.6129808743664504     
   1.6161237002416637     
   1.6192549679441048     
   1.6223751121927905     
   1.6254845484564204     
   1.6285836739914248     
   1.6316728688175595     
   1.6347524966350253     
   1.6378229056868239     
   1.6408844295698211     
   1.6439373879977717     
   1.6469820875193337     
   1.6500188221939065     
   1.6530478742279551     
   1.6560695145742892     
   1.6590840034966226     
   1.6620915911015792     
   1.6650925178401712     
   1.6680870149806530     
   1.6710753050545157     
   1.6740576022772853     
   1.6770341129456845     
   1.6800050358125964     
   1.6829705624411986     
   1.6859308775395432     
   1.6888861592767586     
   1.6918365795820054     
   1.6947823044272132     
   1.6977234940945860     
   1.7006603034297869     
   1.7035928820816550     
   1.7065213747292614     
   1.7094459212970532     
   1.7123666571587894     
   1.7152837133309289     
   1.7181972166560848     
   1.7211072899771311     
   1.7240140523024952     
   1.7269176189631597     
   1.7298181017618259     
   1.7327156091147200     
   1.7356102461864291     
   1.7385021150181839     
   1.7413913146499471     
   1.7442779412366554     
   1.7471620881589425     
   1.7500438461286494     
   1.7529233032894067     
   1.7558005453125598     
   1.7586756554886895     
   1.7615487148149698     
   1.7644198020785797     
   1.7672889939363869     
   1.7701563649910954     
   1.7730219878640481     
   1.7758859332648533     
   1.7787482700580086     
   1.7816090653266659     
   1.7844683844336957     
   1.7873262910801804     
   1.7901828473614669     
   1.7930381138209048     
   1.7958921495013809     
   1.7987450119947619     
   1.8015967574893441     
   1.8044474408154116     
   1.8072971154889912     
   1.8101458337538872     
   1.8129936466220873     
   1.8158406039126032     
   1.8186867542888312     
   1.8215321452944919     
   1.8243768233882198     
   1.8272208339768621     
   1.8300642214475444     
   1.8329070291985621     
   1.8357492996691418     
   1.8385910743681309     
   1.8414323939016592     
   1.8442732979998149     
   1.8471138255423756     
   1.8499540145836437     
   1.8527939023764142     
   1.8556335253951142     
   1.8584729193581500     
   1.8613121192494950     
   1.8641511593395428     
   1.8669900732052664     
   1.8698288937496992     
   1.8726676532207731     
   1.8755063832295384     
   1.8783451147677832     
   1.8811838782250827     
   1.8840227034052985     
   1.8868616195425458     
   1.8897006553166527     
   1.8925398388681283     
   1.8953791978126593     
   1.8982187592551494     
   1.9010585498033241     
   1.9038985955809105     
   1.9067389222404127     
   1.9095795549754917     
   1.9124205185329715     
   1.9152618372244767     
   1.9181035349377189     
   1.9209456351474448     
   1.9237881609260559     
   1.9266311349539094     
   1.9294745795293187     
   1.9323185165782506     
   1.9351629676637463     
   1.9380079539950572     
   1.9408534964365254     
   1.9436996155161932     
   1.9465463314341755     
   1.9493936640707850     
   1.9522416329944234     
   1.9550902574692532     
   1.9579395564626449     
   1.9607895486524147     
   1.9636402524338603     
   1.9664916859265966     
   1.9693438669812009     
   1.9721968131856693     
   1.9750505418716997     
   1.9779050701207923     
   1.9807604147701900     
   1.9836165924186493     
   1.9864736194320527     
   1.9893315119488735     
   1.9921902858854839     
   1.9950499569413243     
   1.9979105406039306     
   2.0007720521538248     
   2.0036345066692758     
   2.0064979190309318     
   2.0093623039263284     
   2.0122276758542763     
   2.0150940491291345     
   2.0179614378849662     
   2.0208298560795885     
   2.0236993174985165     
   2.0265698357587962     
   2.0294414243127488     
   2.0323140964516067     
   2.0351878653090614     
   2.0380627438647156     
   2.0409387449474483     
   2.0438158812386935     
   2.0466941652756314     
   2.0495736094543031     
   2.0524542260326379     
   2.0553360271334142     
   2.0582190247471330     
   2.0611032307348292     
   2.0639886568308072     
   2.0668753146453049     
   2.0697632156670971     
   2.0726523712660301     
   2.0755427926954915     
   2.0784344910948223     
   2.0813274774916688     
   2.0842217628042716     
   2.0871173578437054     
   2.0900142733160592     
   2.0929125198245608     
   2.0958121078716583     
   2.0987130478610405     
   2.1016153500996153     
   2.1045190247994383     
   2.1074240820795933     
   2.1103305319680308     
   2.1132383844033584     
   2.1161476492365927     
   2.1190583362328677     
   2.1219704550731002     
   2.1248840153556205     
   2.1277990265977613     
   2.1307154982374104     
   2.1336334396345258     
   2.1365528600726202     
   2.1394737687602032     
   2.1423961748321969     
   2.1453200873513145     
   2.1482455153094113     
   2.1511724676288000     
   2.1541009531635393     
   2.1570309807006907     
   2.1599625589615519     
   2.1628956966028530     
   2.1658304022179373     
   2.1687666843379056     
   2.1717045514327400     
   2.1746440119124029     
   2.1775850741279079     
   2.1805277463723729     
   2.1834720368820433     
   2.1864179538372959     
   2.1893655053636256     
   2.1923146995325999     
   2.1952655443628024     
   2.1982180478207525     
   2.2011722178218025     
   2.2041280622310193     
   2.2070855888640466     
   2.2100448054879478     
   2.2130057198220312     
   2.2159683395386574     
   2.2189326722640299     
   2.2218987255789724     
   2.2248665070196831     
   2.2278360240784809     
   2.2308072842045275     
   2.2337802948045464     
   2.2367550632435145     
   2.2397315968453482     
   2.2427099028935729     
   2.2456899886319768     
   2.2486718612652554     
   2.2516555279596426     
   2.2546409958435225     
   2.2576282720080405     
   2.2606173635076923     
   2.2636082773609059     
   2.2666010205506111     
   2.2695956000247999     
   2.2725920226970722     
   2.2755902954471714     
   2.2785904251215165     
   2.2815924185337129     
   2.2845962824650621     
   2.2876020236650580     
   2.2906096488518757     
   2.2936191647128474     
   2.2966305779049345     
   2.2996438950551874     
   2.3026591227611943     
   2.3056762675915317     
   2.3086953360861941     
   2.3117163347570231     
   2.3147392700881286     
   2.3177641485362988     
   2.3207909765314061     
   2.3238197604768045     
   2.3268505067497176     
   2.3298832217016252     
   2.3329179116586376     
   2.3359545829218651     
   2.3389932417677821     
   2.3420338944485843     
   2.3450765471925377     
   2.3481212062043246     
   2.3511678776653828     
   2.3542165677342339     
   2.3572672825468195     
   2.3603200282168113     
   2.3633748108359369     
   2.3664316364742843     
   2.3694905111806102     
   2.3725514409826398     
   2.3756144318873615     
   2.3786794898813204     
   2.3817466209308980     
   2.3848158309826006     
   2.3878871259633292     
   2.3909605117806554     
   2.3940359943230880     
   2.3971135794603375     
   2.4001932730435720     
   2.4032750809056722     
   2.4063590088614872     
   2.4094450627080777     
   2.4125332482249577     
   2.4156235711743363     
   2.4187160373013517     
   2.4218106523343059     
   2.4249074219848890     
   2.4280063519484059     
   2.4311074479039969     
   2.4342107155148573     
   2.4373161604284510     
   2.4404237882767217     
   2.4435336046763010     
   2.4466456152287148     
   2.4497598255205841     
   2.4428674287116259     
   2.4358704435972744     
   2.4288239833313519     
   2.4217312226992136     
   2.4145949379382756     
   2.4074177792515248     
   2.4002022788365984     
   2.3929508571696481     
   2.3856658288986932     
   2.3783494083763834     
   2.3710037148567338     
   2.3636307773787237     
   2.3562325393554318     
   2.3488108628902933     
   2.3413675328364545     
   2.3339042606168960     
   2.3264226878206209     
   2.3189243895890597     
   2.3114108778072993     
   2.3038836041107214     
   2.2963439627211453     
   2.2887932931215960     
   2.2812328825804751     
   2.2736639685355593     
   2.2660877408445841     
   2.2585053439132579     
   2.2509178787064004     
   2.2433264046502708     
   2.2357319414333627     
   2.2281354707101824     
   2.2205379377162480     
   2.2129402527977717     
   2.2053432928622509     
   2.1977479027544686     
   2.1901548965620927     
   2.1825650588559826     
   2.1749791458674301     
   2.1673978866080938     
   2.1598219839342532     
   2.1522521155593544     
   2.1446889350184026     
   2.1371330725853155     
   2.1295851361480009     
   2.1220457120418521     
   2.1145153658447122     
   2.1069946431360256     
   2.0994840702204094     
   2.0919841548199201     
   2.0844953867348126     
   2.0770182384752798     
   2.0695531658662532     
   2.0621006086251361     
   2.0546609909159304     
   2.0472347218792373     
   2.0398221961404372     
   2.0324237942967724     
   2.0250398833842773     
   2.0176708173264073     
   2.0103169373636707     
   2.0029785724671894     
   1.9956560397354028     
   1.9883496447753195     
   1.9810596820696040     
   1.9737864353288408     
   1.9665301778311985     
   1.9592911727490177     
   1.9520696734631795     
   1.9448659238664983     
   1.9376801586551489     
   1.9305126036105111     
   1.9233634758703877     
   1.9162329841906327     
   1.9091213291980715     
   1.9020287036338495     
   1.8949552925891378     
   1.8879012737323038     
   1.8808668175285406     
   1.8738520874521392     
   1.8668572401914654     
   1.8598824258476436     
   1.8529277881259678     
   1.8459934645218290     
   1.8390795865001544     
   1.8321862796690991     
   1.8253136639486924     
   1.8184618537332971     
   1.8116309580498193     
   1.8048210807104632     
   1.7980323204607798     
   1.7912647711235909     
   1.7845185217377613     
   1.7777936566935337     
   1.7710902558632375     
   1.7644083947281810     
   1.7577481445021110     
   1.7511095722503049     
   1.7444927410060078     
   1.7378977098825670     
   1.7313245341830581     
   1.7247732655062653     
   1.7232588420798081     
   1.7217710264637487     
   1.7203058899349546     
   1.7188626477605462     
   1.7174405546890059     
   1.7160389008977770     
   1.7146570099951002     
   1.7132942371463862     
   1.7119499673159480     
   1.7106236136166475     
   1.7093146157605050     
   1.7080224386037641     
   1.7067465707803529     
   1.7054865234180705     
   1.7042418289321983     
   1.7030120398915936     
   1.7017967279526427     
   1.7005954828567480     
   1.6994079114873266     
   1.6982336369825348     
   1.6970722979002018     
   1.6959235474316812     
   1.6947870526615327     
   1.6936624938701628     
   1.6925495638767334     
   1.6914479674198215     
   1.6903574205734768     
   1.6892776501964826     
   1.6882083934127572     
   1.6871493971209779     
   1.6861004175316285     
   1.6850612197297785     
   1.6840315772620322     
   1.6830112717461652     
   1.6820000925020711     
   1.6809978362027367     
   1.6800043065440196     
   1.6790193139321195     
   1.6780426751876660     
   1.6770742132654479     
   1.6761137569888385     
   1.6751611407980644     
   1.6742162045114919     
   1.6732787930991730     
   1.6723487564679327     
   1.6714259492573298     
   1.6705102306458666     
   1.6696014641668457     
   1.6686995175333406     
   1.6678042624717404     
   1.6669155745634037     
   1.6660333330939492     
   1.6651574209097662     
   1.6642877242813341     
   1.6634241327729826     
   1.6625665391187339     
   1.6617148391038921     
   1.6608689314520735     
   1.6600287177173791     
   1.6591941021814336     
   1.6583649917550365     
   1.6575412958841722     
   1.6567229264601611     
   1.6559097977337243     
   1.6551018262327657     
   1.6542989306836793     
   1.6535010319360002     
   1.6527080528902269     
   1.6519199184286626     
   1.6511365553491177     
   1.6503578923013313     
   1.6495838597259860     
   1.6488143897961767     
   1.6480494163612291     
   1.6472888748927383     
   1.6465327024327372     
   1.6457808375438834     
   1.6450332202615743     
   1.6442897920478992     
   1.6435504957473428     
   1.6428152755441652     
   1.6420840769213727     
   1.6413568466212156     
   1.6406335326071408     
   1.6399140840271396     
   1.6391984511784201     
   1.6384865854733557     
   1.6377784394066515     
   1.6370739665236727     
   1.6363731213898924     
   1.6356758595614045     
   1.6349821375564626     
   1.6342919128280002     
   1.6336051437370913     
   1.6329217895273123     
   1.6322418102999747     
   1.6315651669901834     
   1.6308918213436963     
   1.6302217358945503     
   1.6295548739434245     
   1.6288911995367097     
   1.6282306774462587     
   1.6275732731497934     
   1.6269189528119394     
   1.6262676832658662     
   1.6256194319955135     
   1.6249741671183764     
   1.6243318573688317     
   1.6236924720819856     
   1.6230559811780247     
   1.6224223551470494     
   1.6217915650343728     
   1.6211635824262742     
   1.6205383794361792     
   1.6199159286912646     
   1.6192962033194676     
   1.6186791769368780     
   1.6180648236355164     
   1.6174531179714680     
   1.6168440349533726     
   1.6162375500312522     
   1.6156336390856676     
   1.6150322784171876     
   1.6144334447361726     
   1.6138371151528459     
   1.6132432671676558     
   1.6126518786619159     
   1.6120629278887098     
   1.6114763934640561     
   1.6108922543583273     
   1.6103104898879066     
   1.6097310797070838     
   1.6091540038001766     
   1.6085792424738738     
   1.6080067763497883     
   1.6074365863572224     
   1.6068686537261283     
   1.6063029599802658     
   1.6057394869305457     
   1.6051782166685553     
   1.6046191315602631     
   1.6040622142398930     
   1.6035074476039626     
   1.6029548148054844     
   1.6024042992483234     
   1.6018558845817035     
   1.6013095546948626     
   1.6007652937118504     
   1.6002230859864606     
   1.5996829160973030     
   1.5991447688429987     
   1.5986086292375070     
   1.5980744825055706     
   1.5975423140782827     
   1.5970121095887682     
   1.5964838548679738     
   1.5959575359405720     
   1.5954331390209675     
   1.5949106505094055     
   1.5943900569881804     
   1.5938713452179427     
   1.5933545021340956     
   1.5928395148432872     
   1.5923263706199868     
   1.5918150569031511     
   1.5913055612929727     
   1.5907978715477067     
   1.5902919755805827     
   1.5897878614567846     
   1.5892855173905132     
   1.5887849317421177     
   1.5882860930152951     
   1.5877889898543622     
   1.5872936110415923     
   1.5867999454946160     
   1.5863079822638850     
   1.5858177105301978     
   1.5853291196022850     
   1.5848421989144494     
   1.5843569380242675     
   1.5838733266103406     
   1.5833913544701028     
   1.5829110115176763     
   1.5824322877817838     
   1.5819551734037023     
   1.5814796586352702     
   1.5810057338369363     
   1.5805333894758589     
   1.5800626161240436     
   1.5795934044565281     
   1.5791257452496037     
   1.5786596293790840     
   1.5781950478186060     
   1.5777319916379737     
   1.5772704520015377     
   1.5768104201666129     
   1.5763518874819262     
   1.5758948453861072     
   1.5754392854062036     
   1.5749851991562354     
   1.5745325783357778     
   1.5740814147285778     
   1.5736317002011975     
   1.5731834267016884     
   1.5727365862582960     
   1.5722911709781890     
   1.5718471730462189     
   1.5714045847237039     
   1.5709633983472400     
   1.5705236063275338     
   1.5700852011482680     
   1.5696481753649791     
   1.5692125216039703     
   1.5687782325612369     
   1.5683453010014217     
   1.5679137197567861     
   1.5674834817262073     
   1.5670545798741913     
   1.5666270072299098     
   1.5662007568862535     
   1.5657758219989075     
   1.5653521957854415     
   1.5649298715244220     
   1.5645088425545408     
   1.5640891022737580     
   1.5636706441384656     
   1.5632534616626670     
   1.5628375484171699     
   1.5624228980287960     
   1.5620095041796094     
   1.5615973606061544     
   1.5611864610987098     
   1.5607767995005608     
   1.5603683697072790     
   1.5599611656660197     
   1.5595551813748338     
   1.5591504108819860     
   1.5587468482852933     
   1.5583444877314705     
   1.5579433234154911     
   1.5575433495799569     
   1.5571445605144831     
   1.5567469505550873     
   1.5563505140836005     
   1.5559552455270762     
   1.5555611393572228     
   1.5551681900898344     
   1.5547763922842388     
   1.5543857405427535     
   1.5539962295101519     
   1.5536078538731364     
   1.5532206083598221     
   1.5528344877392330     
   1.5524494868207979     
   1.5520656004538660     
   1.5516828235272211     
   1.5513011509686105     
   1.5509205777442792     
   1.5505410988585098     
   1.5501627093531773     
   1.5497854043073023     
   1.5494091788366162     
   1.5490340280931365     
   1.5486599472647418     
   1.5482869315747589     
   1.5479149762815574     
   1.5475440766781452     
   1.5471742280917768     
   1.5468054258835648     
   1.5464376654480967     
   1.5460709422130594     
   1.5457052516388705     
   1.5453405892183116     
   1.5449769504761739     
   1.5446143309689002     
   1.5442527262842414     
   1.5438921320409125     
   1.5435325438882563     
   1.5431739575059111     
   1.5428163686034853     
   1.5424597729202332     
   1.5421041662247419     
   1.5417495443146152     
   1.5413959030161684     
   1.5410432381841241     
   1.5406915457013144     
   1.5403408214783876     
   1.5399910614535157     
   1.5396422615921124     
   1.5392944178865480     
   1.5389475263558758     
   1.5386015830455542     
   1.5382565840271822     
   1.5379125253982304     
   1.5375694032817790     
   1.5372272138262619     
   1.5368859532052104     
   1.5365456176170023     
   1.5362062032846155     
   1.5358677064553818     
   1.5355301234007492     
   1.5351934504160423     
   1.5348576838202281     
   1.5345228199556860     
   1.5341888551879808     
   1.5338557859056354     
   1.5335236085199120     
   1.5331923194645902     
   1.5328619151957543     
   1.5325323921915797     
   1.5322037469521197     
   1.5318759759991027     
   1.5315490758757249     
   1.5312230431464489     
   1.5308978743968036     
   1.5305735662331896     
   1.5302501152826835     
   1.5299275181928460     
   1.5296057716315334     
   1.5292848722867101     
   1.5289648168662657     
   1.5286456020978316     
   1.5283272247286008     
   1.5280096815251512     
   1.5276929692732708     
   1.5273770847777843     
   1.5270620248623816     
   1.5267477863694485     
   1.5264343661599022     
   1.5261217611130233     
   1.5258099681262971     
   1.5254989841152491     
   1.5251888060132897     
   1.5248794307715539     
   1.5245708553587498     
   1.5242630767610037     
   1.5239560919817081     
   1.5236498980413762     
   1.5233444919774881     
   1.5230398708443511     
   1.5227360317129519     
   1.5224329716708154     
   1.5221306878218632     
   1.5218291772862766     
   1.5215284372003561     
   1.5212284647163878     
   1.5209292570025090     
   1.5206308112425733     
   1.5203331246360223     
   1.5200361943977538     
   1.5197400177579956     
   1.5194445919621760     
   1.5191499142708014     
   1.5188559819593297     
   1.5185627923180507     
   1.5182703426519628     
   1.5179786302806531     
   1.5176876525381824     
   1.5173974067729634     
   1.5171078903476476     
   1.5168191006390108     
   1.5165310350378400     
   1.5162436909488199     
   1.5159570657904242     
   1.5156711569948040     
   1.5153859620076824     
   1.5151014782882435     
   1.5148177033090300     
   1.5145346345558366     
   1.5142522695276068     
   1.5139706057363291     
   1.5136896407069378     
   1.5134093719772115     
   1.5131297970976729     
   1.5128509136314920     
   1.5125727191543878     
   1.5122952112545343     
   1.5120183875324613     
   1.5117422456009648     
   1.5114667830850097     
   1.5111919976216417     
   1.5109178868598927     
   1.5106444484606918     
   1.5103716800967772     
   1.5100995794526060     
   1.5098281442242667     
   1.5095573721193942     
   1.5092872608570831     
   1.5090178081678023     
   1.5087490117933127     
   1.5084808694865823     
   1.5082133790117058     
   1.5079465381438208     
   1.5076803446690303     
   1.5074147963843203     
   1.5071498910974819     
   1.5068856266270325     
   1.5066220008021403     
   1.5063590114625454     
   1.5060966564584846     
   1.5058349336506174     
   1.5055738409099506     
   1.5053133761177653     
   1.5050535371655420     
   1.5047943219548923     
   1.5045357283974841     
   1.5042777544149715     
   1.5040203979389264     
   1.5037636569107669     
   1.5035075292816888     
   1.5032520130126013     
   1.5029971060740541     
   1.5027428064461736     
   1.5024891121185964     
   1.5022360210904049     
   1.5019835313700607     
   1.5017316409753403     
   1.5014803479332741     
   1.5012296502800797     
   1.5009795460611033     
   1.5007300333307541     
   1.5004811101524460     
   1.5002327745985358     
   1.4999850247502637     
   1.4997378586976924     
   1.4994912745396500     
   1.4992452703836698     
   1.4989998443459334     
   1.4987549945512146     
   1.4985107191328186     
   1.4982670162325307     
   1.4980238840005580     
   1.4977813205954726     
   1.4975393241841608     
   1.4972978929417655     
   1.4970570250516337     
   1.4968167187052643     
   1.4965769721022519     
   1.4963377834502398     
   1.4960991509648625     
   1.4958610728696986     
   1.4956235473962185     
   1.4953865727837328     
   1.4951501472793445     
   1.4949142691378972     
   1.4946789366219286     
   1.4944441480016188     
   1.4942099015547450     
   1.4939761955666313     
   1.4937430283301032     
   1.4935103981454387     
   1.4932783033203245     
   1.4930467421698070     
   1.4928157130162476     
   1.4925852141892793     
   1.4923552440257573     
   1.4921258008697202     
   1.4918968830723405     
   1.4916684889918836     
   1.4914406169936654     
   1.4912132654500052     
   1.4909864327401876     
   1.4907601172504175     
   1.4905343173737793     
   1.4903090315101939     
   1.4900842580663798     
   1.4898599954558100     
   1.4896362420986724     
   1.4894129964218294     
   1.4891902568587785     
   1.4889680218496131     
   1.4887462898409818     
   1.4885250592860506     
   1.4883043286444644     
   1.4880840963823090     
   1.4878643609720714     
   1.4876451208926056     
   1.4874263746290914     
   1.4872081206730010     
   1.4869903575220595     
   1.4867730836802109     
   1.4865562976575797     
   1.4863399979704370     
   1.4861241831411642     
   1.4859088516982180     
   1.4856940021760954     
   1.4854796331152997     
   1.4852657430623044     
   1.4850523305695216     
   1.4848393941952656     
   1.4846269325037222     
   1.4844149440649130     
   1.4842034274546636     
   1.4839923812545703     
   1.4837818040519690     
   1.4835716944399007     
   1.4833620510170817     
   1.4831528723878709     
   1.4829441571622379     
   1.4827359039557328     
   1.4825281113894553     
   1.4823207780900225     
   1.4821139026895396     
   1.4819074838255701     
   1.4817015201411043     
   1.4814960102845316     
   1.4812909529096074     
   1.4810863466754285     
   1.4808821902464011     
   1.4806784822922108     
   1.4804752214877972     
   1.4802724065133235     
   1.4800700360541479     
   1.4798681088007972     
   1.4796666234489382     
   1.4794655786993485     
   1.4792649732578920     
   1.4790648058354907     
   1.4788650751480965     
   1.4786657799166654     
   1.4784669188671316     
   1.4782684907303794     
   1.4780704942422187     
   1.4778729281433585     
   1.4776757911793812     
   1.4774790821007153     
   1.4772827996626130     
   1.4770869426251227     
   1.4768915097530653     
   1.4766964998160093     
   1.4765019115882427     
   1.4763077438487555     
   1.4761139953812079     
   1.4759206649739118     
   1.4757277514198031     
   1.4755352535164201     
   1.4753431700658788     
   1.4751514998748505     
   1.4749602417545371     
   1.4747693945206493     
   1.4745789569933823     
   1.4743889279973943     
   1.4741993063617829     
   1.4740100909200640     
   1.4738212805101478     
   1.4736328739743167     
   1.4734448701592060     
   1.4732572679157772     
   1.4730700660993021     
   1.4728832635693367     
   1.4726968591897012     
   1.4725108518284604     
   1.4723252403578988     
   1.4721400236545046     
   1.4719552005989440     
   1.4717707700760452     
   1.4715867309747725     
   1.4714030821882125     
   1.4712198226135469     
   1.4710369511520380     
   1.4708544667090055     
   1.4706723681938085     
   1.4704906545198235     
   1.4703093246044270     
   1.4701283773689773     
   1.4699478117387896     
   1.4697676266431228     
   1.4695878210151576     
   1.4694083937919782     
   1.4692293439145532     
   1.4690506703277173     
   1.4688723719801513     
   1.4686944478243678     
   1.4685168968166871     
   1.4683397179172233     
   1.4681629100898645     
   1.4679864723022555     
   1.4678104035257795     
   1.4676347027355403     
   1.4674593689103457     
   1.4672844010326882     
   1.4671097980887295     
   1.4669355590682827     
   1.4667616829647931     
   1.4665881687753253     
   1.4664150155005422     
   1.4662422221446907     
   1.4660697877155839     
   1.4658977112245846     
   1.4657259916865888     
   1.4655546281200100     
   1.4653836195467622     
   1.4652129649922427     
   1.4650426634853189     
   1.4648727140583091     
   1.4647031157469694     
   1.4645338675904747     
   1.4643649686314069     
   1.4641964179157350     
   1.4640282144928043     
   1.4638603574153166     
   1.4636928457393175     
   1.4635256785241813     
   1.4633588548325935     
   1.4631923737305386     
   1.4630262342872833     
   1.4628604355753621     
   1.4626949766705637     
   1.4625298566519143     
   1.4623650746016639     
   1.4622006296052734     
   1.4620365207513972     
   1.4618727471318715     
   1.4617093078416978     
   1.4615462019790311     
   1.4613834286451639     
   1.4612209869445136     
   1.4610588759846082     
   1.4608970948760711     
   1.4607356427326099     
   1.4605745186710004     
   1.4604137218110749     
   1.4602532512757074     
   1.4600931061908007     
   1.4599332856852725     
   1.4597737888910436     
   1.4596146149430236     
   1.4594557629790974     
   1.4592972321401128     
   1.4591390215698683     
   1.4589811304150984     
   1.4588235578254631     
   1.4586663029535325     
   1.4585093649547765     
   1.4583527429875511     
   1.4581964362130859     
   1.4580404437954713     
   1.4578847649016484     
   1.4577293987013931     
   1.4575743443673066     
   1.4574196010748022     
   1.4572651680020934     
   1.4571110443301822     
   1.4569572292428465     
   1.4568037219266283     
   1.4566505215708228     
   1.4564976273674655     
   1.4563450385113208     
   1.4561927541998716     
   1.4560407736333048     
   1.4558890960145039     
   1.4557377205490341     
   1.4555866464451324     
   1.4554358729136960     
   1.4552853991682717     
   1.4551352244250437     
   1.4549853479028230     
   1.4548357688230367     
   1.4546864864097162     
   1.4545374998894869     
   1.4543888084915575     
   1.4542404114477077     
   1.4540923079922792     
   1.4539444973621651     
   1.4537969787967968     
   1.4536497515381364     
   1.4535028148306650     
   1.4533561679213705     
   1.4532098100597408     
   1.4530637404977498     
   1.4529179584898495     
   1.4527724632929588     
   1.4526272541664538     
   1.4524823303721566     
   1.4523376911743267     
   1.4521933358396490     
   1.4520492636372271     
   1.4519054738385690     
   1.4517619657175811     
   1.4516187385505555     
   1.4514757916161629     
   1.4513331241954401     
   1.4511907355717828     
   1.4510486250309340     
   1.4509067918609762     
   1.4507652353523199     
   1.4506239547976965     
   1.4504829494921461     
   1.4503422187330111     
   1.4502017618199241     
   1.4500615780548010     
   1.4499216667418291     
   1.4497820271874620     
   1.4496426587004052     
   1.4495035605916120     
   1.4493647321742700     
   1.4492261727637967     
   1.4490878816778261     
   1.4489498582362030     
   1.4488121017609723     
   1.4486746115763716     
   1.4485373870088216     
   1.4484004273869162     
   1.4482637320414165     
   1.4481273003052402     
   1.4479911315134535     
   1.4478552250032628     
   1.4477195801140055     
   1.4475841961871425     
   1.4474490725662490     
   1.4473142085970061     
   1.4471796036271927     
   1.4470452570066783     
   1.4469111680874129     
   1.4467773362234186     
   1.4466437607707840     
   1.4465104410876535     
   1.4463773765342196     
   1.4462445664727168     
   1.4461120102674110     
   1.4459797072845928     
   1.4458476568925698     
   1.4457158584616578     
   1.4455843113641733     
   1.4454530149744269     
   1.4453219686687133     
   1.4451911718253043     
   1.4450606238244426     
   1.4449303240483329     
   1.4448002718811330     
   1.4446704667089483     
   1.4445409079198246     
   1.4444115949037368     
   1.4442825270525861     
   1.4441537037601899     
   1.4440251244222748     
   1.4438967884364691     
   1.4437686952022957     
   1.4436408441211654     
   1.4435132345963682     
   1.4433858660330676     
   1.4432587378382919     
   1.4431318494209275     
   1.4430052001917133     
   1.4428787895632305     
   1.4427526169498985     
   1.4426266817679665     
   1.4425009834355063     
   1.4423755213724057     
   1.4422502950003613     
   1.4421253037428725     
   1.4420005470252326     
   1.4418760242745248     
   1.4417517349196127     
   1.4416276783911353     
   1.4415038541214984     
   1.4413802615448708     
   1.4412569000971740     
   1.4411337692160784     
   1.4410108683409961     
   1.4408881969130729     
   1.4407657543751831     
   1.4406435401719224     
   1.4405215537496017     
   1.4403997945562403     
   1.4402782620415595     
   1.4401569556569762     
   1.4400358748555968     
   1.4399150190922114     
   1.4397943878232848     
   1.4396739805069534     
   1.4395537966030176     
   1.4394338355729346     
   1.4393140968798146     
   1.4391945799884112     
   1.4390752843651187     
   1.4389562094779647     
   1.4388373547966011     
   1.4387187197923041     
   1.4386003039379629     
   1.4384821067080746     
   1.4383641275787411     
   1.4382463660276594     
   1.4381288215341184     
   1.4380114935789909     
   1.4378943816447298     
   1.4377774852153598     
   1.4376608037764746     
   1.4375443368152283     
   1.4374280838203306     
   1.4373120442820415     
   1.4371962176921660     
   1.4370806035440453     
   1.4369652013325558     
   1.4368500105541002     
   1.4367350307066018     
   1.4366202612895007     
   1.4365057018037479     
   1.4363913517517979     
   1.4362772106376047     
   1.4361632779666162     
   1.4360495532457689     
   1.4359360359834812     
   1.4358227256896496     
   1.4357096218756416     
   1.4355967240542913     
   1.4354840317398958     
   1.4353715444482045     
   1.4352592616964199     
   1.4351471830031890     
   1.4350353078885985     
   1.4349236358741690     
   1.4348121664828524     
   1.4347008992390220     
   1.4345898336684726     
   1.4344789692984117     
   1.4343683056574545     
   1.4342578422756225     
   1.4341475786843323     
   1.4340375144163959     
   1.4339276490060127     
   1.4338179819887671     
   1.4337085129016194     
   1.4335992412829046     
   1.4334901666723256     
   1.4333812886109487     
   1.4332726066411985     
   1.4331641203068537     
   1.4330558291530406     
   1.4329477327262299     
   1.4328398305742316     
   1.4327321222461891     
   1.4326246072925759     
   1.4325172852651886     
   1.4324101557171456     
   1.4323032182028788     
   1.4321964722781300     
   1.4320899174999491     
   1.4319835534266836     
   1.4318773796179800     
   1.4317713956347751     
   1.4316656010392927     
   1.4315599953950398     
   1.4314545782667998     
   1.4313493492206304     
   1.4312443078238584     
   1.4311394536450741     
   1.4310347862541275     
   1.4309303052221229     
   1.4308260101214179     
   1.4307219005256129     
   1.4306179760095534     
   1.4305142361493204     
   1.4304106805222281     
   1.4303073087068199     
   1.4302041202828633     
   1.4301011148313454     
   1.4299982919344698     
   1.4298956511756500     
   1.4297931921395084     
   1.4296909144118681     
   1.4295888175797520     
   1.4294869012313776     
   1.4293851649561515     
   1.4292836083446674     
   1.4291822309886981     
   1.4290810324811971     
   1.4289800124162892     
   1.4288791703892698     
   1.4287785059965983     
   1.4286780188358956     
   1.4285777085059395     
   1.4284775746066614     
   1.4283776167391400     
   1.4282778345056004     
   1.4281782275094073     
   1.4280787953550633     
   1.4279795376482034     
   1.4278804539955905     
   1.4277815440051143     
   1.4276828072857846     
   1.4275842434477273     
   1.4274858521021829     
   1.4273876328615003     
   1.4272895853391354     
   1.4271917091496436     
   1.4270940039086788     
   1.4269964692329888     
   1.4268991047404123     
   1.4268019100498739     
   1.4267048847813795     
   1.4266080285560163     
   1.4265113409959440     
   1.4264148217243955     
   1.4263184703656699     
   1.4262222865451319     
   1.4261262698892048     
   1.4260304200253686     
   1.4259347365821575     
   1.4258392191891536     
   1.4257438674769858     
   1.4256486810773241     
   1.4255536596228773     
   1.4254588027473893     
   1.4253641100856345     
   1.4252695812734166     
   1.4251752159475610     
   1.4250810137459167     
   1.4249869743073478     
   1.4248930972717329     
   1.4247993822799603     
   1.4247058289739256     
   1.4246124369965274     
   1.4245192059916640     
   1.4244261356042303     
   1.4243332254801144     
   1.4242404752661932     
   1.4241478846103313     
   1.4240554531613738     
   1.4239631805691477     
   1.4238710664844543     
   1.4237791105590694     
   1.4236873124457365     
   1.4235956717981664     
   1.4235041882710322     
   1.4234128615199677     
   1.4233216912015618     
   1.4232306769733571     
   1.4231398184938453     
   1.4230491154224656     
   1.4229585674196004     
   1.4228681741465721     
   1.4227779352656400     
   1.4226878504399973     
   1.4225979193337679     
   1.4225081416120038     
   1.4224185169406804     
   1.4223290449866948     
   1.4222397254178623     
   1.4221505579029126     
   1.4220615421114882     
   1.4219726777141406     
   1.4218839643823258     
   1.4217954017884036     
   1.4217069896056331     
   1.4216187275081702     
   1.4215306151710645     
   1.4214426522702555     
   1.4213548384825714     
   1.4212671734857243     
   1.4211796569583088     
   1.4210922885797974     
   1.4210050680305382     
   1.4209179949917532     
   1.4208310691455335     
   1.4207442901748373     
   1.4206576577634866     
   1.4205711715961651     
   1.4204848313584149     
   1.4203986367366330     
   1.4203125874180698     
   1.4202266830908243     
   1.4201409234438429     
   1.4200553081669167     
   1.4199698369506770     
   1.4198845094865946     
   1.4197993254669750     
   1.4197142845849573     
   1.4196293865345104     
   1.4195446310104303     
   1.4194600177083383     
   1.4193755463246767     
   1.4192912165567080     
   1.4192070281025093     
   1.4191229806609733     
   1.4190390739318035     
   1.4189553076155110     
   1.4188716814134117     
   1.4187881950276264     
   1.4187048481610751     
   1.4186216405174759     
   1.4185385718013415     
   1.4184556417179777     
   1.4183728499734785     
   1.4182901962747272     
   1.4182076803293906     
   1.4181253018459181     
   1.4180430605335372     
   1.4179609561022533     
   1.4178789882628464     
   1.4177971567268677     
   1.4177154612066378     
   1.4176339014152430     
   1.4175524770665364     
   1.4174711878751300     
   1.4173900335563963     
   1.4173090138264643     
   1.4172281284022170     
   1.4171473770012899     
   1.4170667593420665     
   1.4169862751436781     
   1.4169059241260002     
   1.4168257060096505     
   1.4167456205159852     
   1.4166656673670990     
   1.4165858462858201     
   1.4165061569957103     
   1.4164265992210601     
   1.4163471726868877     
   1.4162678771189374     
   1.4161887122436758     
   1.4161096777882896     
   1.4160307734806843     
   1.4159519990494804     
   1.4158733542240129     
   1.4157948387343269     
   1.4157164523111772     
   1.4156381946860244     
   1.4155600655910345     
   1.4154820647590745     
   1.4154041919237106     
   1.4153264468192086     
   1.4152488291805272     
   1.4151713387433196     
   1.4150939752439280     
   1.4150167384193852     
   1.4149396280074091     
   1.4148626437464016     
   1.4147857853754464     
   1.4147090526343076     
   1.4146324452634262     
   1.4145559630039182     
   1.4144796055975730     
   1.4144033727868515     
   1.4143272643148821     
   1.4142512799254612     
   1.4141754193630494     
   1.4140996823727685     
   1.4140240687004015     
   1.4139485780923904     
   1.4138732102958311     
   1.4137979650584753     
   1.4137228421287262     
   1.4136478412556357     
   1.4135729621889044     
   1.4134982046788778     
   1.4134235684765462     
   1.4133490533335393     
   1.4132746590021281     
   1.4132003852352206     
   1.4131262317863598     
   1.4130521984097215     
   1.4129782848601140     
   1.4129044908929751     
   1.4128308162643686     
   1.4127572607309844     
   1.4126838240501358     
   1.4126105059797569     
   1.4125373062784021     
   1.4124642247052430     
   1.4123912610200662     
   1.4123184149832724     
   1.4122456863558726     
   1.4121730748994896     
   1.4121005803763524     
   1.4120282025492961     
   1.4119559411817595     
   1.4118837960377844     
   1.4118117668820118     
   1.4117398534796810     
   1.4116680555966272     
   1.4115963729992813     
   1.4115248054546654     
   1.4114533527303936     
   1.4113820145946678     
   1.4113107908162770     
   1.4112396811645955     
   1.4111686854095811     
   1.4110978033217734     
   1.4110270346722911     
   1.4109563792328303     
   1.4108858367756640     
   1.4108154070736396     
   1.4107450899001761     
   1.4106748850292632     
   1.4106047922354596     
   1.4105348112938925     
   1.4104649419802513     
   1.4103951840707920     
   1.4103255373423309     
   1.4102560015722445     
   1.4101865765384674     
   1.4101172620194911     
   1.4100480577943622     
   1.4099789636426800     
   1.4099099793445948     
   1.4098411046808070     
   1.4097723394325652     
   1.4097036833816639     
   1.4096351363104416     
   1.4095666980017809     
   1.4094983682391049     
   1.4094301468063759     
   1.4093620334880945     
   1.4092940280692976     
   1.4092261303355562     
   1.4091583400729739     
   1.4090906570681869     
   1.4090230811083591     
   1.4089556119811835     
   1.4088882494748798     
   1.4088209933781908     
   1.4087538434803832     
   1.4086867995712464     
   1.4086198614410881     
   1.4085530288807340     
   1.4084863016815279     
   1.4084196796353277     
   1.4083531625345052     
   1.4082867501719434     
   1.4082204423410367     
   1.4081542388356880     
   1.4080881394503066     
   1.4080221439798084     
   1.4079562522196132     
   1.4078904639656431     
   1.4078247790143221     
   1.4077591971625718     
   1.4076937182078140     
   1.4076283419479658     
   1.4075630681814388     
   1.4074978967071397     
   1.4074328273244656     
   1.4073678598333044     
   1.4073029940340340     
   1.4072382297275179     
   1.4071735667151073     
   1.4071090047986370     
   1.4070445437804244     
   1.4069801834632698     
   1.4069159236504525     
   1.4068517641457310     
   1.4067877047533408     
   1.4067237452779930     
   1.4066598855248735     
   1.4065961252996406     
   1.4065324644084241     
   1.4064689026578241     
   1.4064054398549091     
   1.4063420758072145     
   1.4062788103227422     
   1.4062156432099577     
   1.4061525742777894     
   1.4060896033356287     
   1.4060267301933260     
   1.4059639546611900     
   1.4059012765499881     
   1.4058386956709432     
   1.4057762118357329     
   1.4057138248564871     
   1.4056515345457898     
   1.4055893407166737     
   1.4055272431826218     
   1.4054652417575637     
   1.4054033362558780     
   1.4053415264923861     
   1.4052798122823542     
   1.4052181934414913     
   1.4051566697859479     
   1.4050952411323125     
   1.4050339072976148     
   1.4049726680993204     
   1.4049115233553315     
   1.4048504728839839     
   1.4047895165040478     
   1.4047286540347255     
   1.4046678852956498     
   1.4046072101068832     
   1.4045466282889163     
   1.4044861396626669     
   1.4044257440494783     
   1.4043654412711186     
   1.4043052311497792     
   1.4042451135080727     
   1.4041850881690332     
   1.4041251549561138     
   1.4040653136931862     
   1.4040055642045388     
   1.4039459063148756     
   1.4038863398493160     
   1.4038268646333918     
   1.4037674804930462     
   1.4037081872546353     
   1.4036489847449241     
   1.4035898727910849     
   1.4035308512206985     
   1.4034719198617516     
   1.4034130785426344     
   1.4033543270921429     
   1.4032956653394746     
   1.4032370931142280     
   1.4031786102464021     
   1.4031202165663945     
   1.4030619119050012     
   1.4030036960934147     
   1.4029455689632215     
   1.4028875303464052     
   1.4028295800753401     
   1.4027717179827934     
   1.4027139439019232     
   1.4026562576662778     
   1.4025986591097932     
   1.4025411480667926     
   1.4024837243719874     
   1.4024263878604721     
   1.4023691383677257     
   1.4023119757296110     
   1.4022548997823723     
   1.4021979103626343     
   1.4021410073074021     
   1.4020841904540580     
   1.4020274596403630     
   1.4019708147044541     
   1.4019142554848427     
   1.4018577818204159     
   1.4018013935504323     
   1.4017450905145239     
   1.4016888725526921     
   1.4016327395053092     
   1.4015766912131178     
   1.4015207275172239     
   1.4014648482591046     
   1.4014090532806001     
   1.4013533424239162     
   1.4012977155316213     
   1.4012421724466473     
   1.4011867130122864     
   1.4011313370721921     
   1.4010760444703776     
   1.4010208350512126     
   1.4009657086594256     
   1.4009106651401013     
   1.4008557043386789     
   1.4008008261009521     
   1.4007460302730685     
   1.4006913167015269     
   1.4006366852331782     
   1.4005821357152217     
   1.4005276679952088     
   1.4004732819210368     
   1.4004189773409508     
   1.4003647541035418     
   1.4003106120577462     
   1.4002565510528462     
   1.4002025709384642     
   1.4001486715645679     
   1.4000948527814638     
   1.4000411144398008     
   1.3999874563905663     
   1.3999338784850852     
   1.3998803805750213     
   1.3998269625123738     
   1.3997736241494791     
   1.3997203653390058     
   1.3996671859339582     
   1.3996140857876718     
   1.3995610647538146     
   1.3995081226863857     
   1.3994552594397138     
   1.3994024748684561     
   1.3993497688275982     
   1.3992971411724535     
   1.3992445917586600     
   1.3991921204421827     
   1.3991397270793098     
   1.3990874115266527     
   1.3990351736411470     
   1.3989830132800478     
   1.3989309303009327     
   1.3988789245616975     
   1.3988269959205586     
   1.3987751442360494     
   1.3987233693670207     
   1.3986716711726388     
   1.3986200495123868     
   1.3985685042460618     
   1.3985170352337737     
   1.3984656423359458     
   1.3984143254133128     
   1.3983630843269221     
   1.3983119189381283     
   1.3982608291085976     
   1.3982098147003037     
   1.3981588755755285     
   1.3981080115968596     
   1.3980572226271906     
   1.3980065085297206     
   1.3979558691679528     
   1.3979053044056937     
   1.3978548141070513     
   1.3978043981364376     
   1.3977540563585618     
   1.3977037886384363     
   1.3976535948413704     
   1.3976034748329735     
   1.3975534284791515     
   1.3975034556461068     
   1.3974535562003376     
   1.3974037300086377     
   1.3973539769380949     
   1.3973042968560903     
   1.3972546896302966     
   1.3972051551286808     
   1.3971556932194980     
   1.3971063037712950     
   1.3970569866529083     
   1.3970077417334621     
   1.3969585688823687     
   1.3969094679693275     
   1.3968604388643238     
   1.3968114814376282     
   1.3967625955597978     
   1.3967137811016705     
   1.3966650379343697     
   1.3966163659292998     
   1.3965677649581478     
   1.3965192348928803     
   1.3964707756057451     
   1.3964223869692685     
   1.3963740688562556     
   1.3963258211397886     
   1.3962776436932278     
   1.3962295363902093     
   1.3961814991046435     
   1.3961335317107173     
   1.3960856340828913     
   1.3960378060958973     
   1.3959900476247424     
   1.3959423585447042     
   1.3958947387313303     
   1.3958471880604406     
   1.3957997064081233     
   1.3957522936507354     
   1.3957049496649025     
   1.3956576743275177     
   1.3956104675157399     
   1.3955633291069947     
   1.3955162589789727     
   1.3954692570096294     
   1.3954223230771829     
   1.3953754570601156     
   1.3953286588371718     
   1.3952819282873572     
   1.3952352652899394     
   1.3951886697244451     
   1.3951421414706615     
   1.3950956804086343     
   1.3950492864186672     
   1.3950029593813216     
   1.3949566991774154     
   1.3949105056880242     
   1.3948643787944759     
   1.3948183183783553     
   1.3947723243215024     
   1.3947263965060079     
   1.3946805348142166     
   1.3946347391287250     
   1.3945890093323814     
   1.3945433453082843     
   1.3944977469397826     
   1.3944522141104740     
   1.3944067467042067     
   1.3943613446050742     
   1.3943160076974188     
   1.3942707358658302     
   1.3942255289951428     
   1.3941803869704377     
   1.3941353096770395     
   1.3940902970005182     
   1.3940453488266860     
   1.3940004650415989     
   1.3939556455315545     
   1.3939108901830930     
   1.3938661988829939     
   1.3938215715182785     
   1.3937770079762068     
   1.3937325081442775     
   1.3936880719102291     
   1.3936436991620369     
   1.3935993897879129     
   1.3935551436763067     
   1.3935109607159033     
   1.3934668407956228     
   1.3934227838046200     
   1.3933787896322838     
   1.3933348581682365     
   1.3932909893023340     
   1.3932471829246631     
   1.3932034389255421     
   1.3931597571955225     
   1.3931161376253842     
   1.3930725801061365     
   1.3930290845290192     
   1.3929856507855005     
   1.3929422787672761     
   1.3928989683662691     
   1.3928557194746298     
   1.3928125319847351     
   1.3927694057891862     
   1.3927263407808099     
   1.3926833368526590     
   1.3926403938980076     
   1.3925975118103551     
   1.3925546904834225     
   1.3925119298111532     
   1.3924692296877130     
   1.3924265900074875     
   1.3923840106650829     
   1.3923414915553263     
   1.3922990325732625     
   1.3922566336141562     
   1.3922142945734901     
   1.3921720153469637     
   1.3921297958304950     
   1.3920876359202172     
   1.3920455355124792     
   1.3920034945038473     
   1.3919615127910996     
   1.3919195902712311     
   1.3918777268414488     
   1.3918359223991741     
   1.3917941768420397     
   1.3917524900678915     
   1.3917108619747862     
   1.3916692924609919     
   1.3916277814249871     
   1.3915863287654597     
   1.3915449343813080     
   1.3915035981716377     
   1.3914623200357643     
   1.3914210998732095     
   1.3913799375837035     
   1.3913388330671832     
   1.3912977862237905     
   1.3912567969538747     
   1.3912158651579882     
   1.3911749907368893     
   1.3911341735915403     
   1.3910934136231072     
   1.3910527107329584     
   1.3910120648226654     
   1.3909714757940013     
   1.3909309435489414     
   1.3908904679896608     
   1.3908500490185365     
   1.3908096865381445     
   1.3907693804512609     
   1.3907291306608605     
   1.3906889370701165     
   1.3906487995824000     
   1.3906087181012801     
   1.3905686925305221     
   1.3905287227740888     
   1.3904888087361376     
   1.3904489503210227     
   1.3904091474332927     
   1.3903693999776912     
   1.3903297078591548     
   1.3902900709828145     
   1.3902504892539946     
   1.3902109625782109     
   1.3901714908611722     
   1.3901320740087786     
   1.3900927119271214     
   1.3900534045224824     
   1.3900141517013338     
   1.3899749533703372     
   1.3899358094363436     
   1.3898967198063930     
   1.3898576843877131     
   1.3898187030877196     
   1.3897797758140162     
   1.3897409024743925     
   1.3897020829768254     
   1.3896633172294774     
   1.3896246051406960     
   1.3895859466190141     
   1.3895473415731499     
   1.3895087899120049     
   1.3894702915446635     
   1.3894318463803954     
   1.3893934543286504     
   1.3893551152990637     
   1.3893168292014504     
   1.3892785959458058     
   1.3892404154423090     
   1.3892022876013179     
   1.3891642123333710     
   1.3891261895491860     
   1.3890882191596596     
   1.3890503010758684     
   1.3890124352090658     
   1.3889746214706837     
   1.3889368597723319     
   1.3888991500257972     
   1.3888614921430409     
   1.3888238860362037     
   1.3887863316175990     
   1.3887488287997174     
   1.3887113774952233     
   1.3886739776169561     
   1.3886366290779282     
   1.3885993317913268     
   1.3885620856705114     
   1.3885248906290146     
   1.3884877465805412     
   1.3884506534389676     
   1.3884136111183414     
   1.3883766195328817     
   1.3883396785969782     
   1.3883027882251906     
   1.3882659483322481     
   1.3882291588330509     
   1.3881924196426652     
   1.3881557306763279     
   1.3881190918494435     
   1.3880825030775839     
   1.3880459642764891     
   1.3880094753620651     
   1.3879730362503848     
   1.3879366468576875     
   1.3879003071003773     
   1.3878640168950245     
   1.3878277761583639     
   1.3877915848072950     
   1.3877554427588812     
   1.3877193499303495     
   1.3876833062390903     
   1.3876473116026573     
   1.3876113659387659     
   1.3875754691652948     
   1.3875396212002831     
   1.3875038219619324     
   1.3874680713686043     
   1.3874323693388222     
   1.3873967157912683     
   1.3873611106447856     
   1.3873255538183760     
   1.3872900452312011     
   1.3872545848025801     
   1.3872191724519913     
   1.3871838080990710     
   1.3871484916636123     
   1.3871132230655665     
   1.3870780022250409     
   1.3870428290622987     
   1.3870077034977604     
   1.3869726254520014     
   1.3869375948457525     
   1.3869026115998999     
   1.3868676756354834     
   1.3868327868736978     
   1.3867979452358914     
   1.3867631506435656     
   1.3867284030183757     
   1.3866937022821293     
   1.3866590483567860     
   1.3866244411644582     
   1.3865898806274093     
   1.3865553666680539     
   1.3865208992089586     
   1.3864864781728385     
   1.3864521034825614     
   1.3864177750611435     
   1.3863834928317507     
   1.3863492567176974     
   1.3863150666424482     
   1.3862809225296155     
   1.3862468243029600     
   1.3862127718863888     
   1.3861787652039590     
   1.3861448041798721     
   1.3861108887384779     
   1.3860770188042721     
   1.3860431943018972     
   1.3860094151561395     
   1.3859756812919326     
   1.3859419926343537     
   1.3859083491086259     
   1.3858747506401159     
   1.3858411971543343     
   1.3858076885769359     
   1.3857742248337179     
   1.3857408058506213     
   1.3857074315537297     
   1.3856741018692680     
   1.3856408167236050     
   1.3856075760432496     
   1.3855743797548523     
   1.3855412277852046     
   1.3855081200612389     
   1.3854750565100278     
   1.3854420370587848     
   1.3854090616348611     
   1.3853761301657490     
   1.3853432425790790     
   1.3853103988026210     
   1.3852775987642825     
   1.3852448423921093     
   1.3852121296142854     
   1.3851794603591321     
   1.3851468345551072     
   1.3851142521308060     
   1.3850817130149606     
   1.3850492171364375     
   1.3850167644242413     
   1.3849843548075109     
   1.3849519882155206     
   1.3849196645776796     
   1.3848873838235320     
   1.3848551458827560     
   1.3848229506851639     
   1.3847907981607011     
   1.3847586882394474     
   1.3847266208516149     
   1.3846945959275490     
   1.3846626133977271     
   1.3846306731927591     
   1.3845987752433861     
   1.3845669194804817     
   1.3845351058350504     
   1.3845033342382271     
   1.3844716046212788     
   1.3844399169156014     
   1.3844082710527208     
   1.3843766669642938     
   1.3843451045821065     
   1.3843135838380729     
   1.3842821046642373     
   1.3842506669927719     
   1.3842192707559771     
   1.3841879158862824     
   1.3841566023162430     
   1.3841253299785434     
   1.3840940988059947     
   1.3840629087315339     
   1.3840317596882261     
   1.3840006516092616     
   1.3839695844279569     
   1.3839385580777541     
   1.3839075724922214     
   1.3838766276050511     
   1.3838457233500616     
   1.3838148596611948     
   1.3837840364725169     
   1.3837532537182184     
   1.3837225113326144     
   1.3836918092501420     
   1.3836611474053624     
   1.3836305257329593     
   1.3835999441677387     
   1.3835694026446301     
   1.3835389010986834     
   1.3835084394650725     
   1.3834780176790908     
   1.3834476356761534     
   1.3834172933917972     
   1.3833869907616787     
   1.3833567277215757     
   1.3833265042073861     
   1.3832963201551272     
   1.3832661755009363     
   1.3832360701810700     
   1.3832060041319036     
   1.3831759772899324     
   1.3831459895917684     
   1.3831160409741434     
   1.3830861313739073     
   1.3830562607280263     
   1.3830264289735854     
   1.3829966360477870     
   1.3829668818879495     
   1.3829371664315089     
   1.3829074896160165     
   1.3828778513791413     
   1.3828482516586673     
   1.3828186903924944     
   1.3827891675186379     
   1.3827596829752291     
   1.3827302367005130     
   1.3827008286328495     
   1.3826714587107134     
   1.3826421268726936     
   1.3826128330574923     
   1.3825835772039263     
   1.3825543592509255     
   1.3825251791375324     
   1.3824960368029029     
   1.3824669321863059     
   1.3824378652271214     
   1.3824088358648432     
   1.3823798440390760     
   1.3823508896895371     
   1.3823219727560536     
   1.3822930931785651     
   1.3822642508971226     
   1.3822354458518855     
   1.3822066779831268     
   1.3821779472312268     
   1.3821492535366779     
   1.3821205968400809     
   1.3820919770821469     
   1.3820633942036959     
   1.3820348481456568     
   1.3820063388490671     
   1.3819778662550739     
   1.3819494303049311     
   1.3819210309400016     
   1.3818926681017563     
   1.3818643417317729     
   1.3818360517717372     
   1.3818077981634416     
   1.3817795808487856     
   1.3817513997697752     
   1.3817232548685234     
   1.3816951460872491     
   1.3816670733682765     
   1.3816390366540365     
   1.3816110358870644     
   1.3815830710100023     
   1.3815551419655956     
   1.3815272486966965     
   1.3814993911462596     
   1.3814715692573460     
   1.3814437829731192     
   1.3814160322368478     
   1.3813883169919032     
   1.3813606371817611     
   1.3813329927499995     
   1.3813053836403004     
   1.3812778097964482     
   1.3812502711623298     
   1.3812227676819346     
   1.3811952992993535     
   1.3811678659587803     
   1.3811404676045100     
   1.3811131041809388     
   1.3810857756325654     
   1.3810584819039875     
   1.3810312229399051     
   1.3810039986851190     
   1.3809768090845294     
   1.3809496540831372     
   1.3809225336260429     
   1.3808954476584476     
   1.3808683961256509     
   1.3808413789730525     
   1.3808143961461516     
   1.3807874475905442     
   1.3807605332519273     
   1.3807336530760956     
   1.3807068070089417     
   1.3806799949964559     
   1.3806532169847279     
   1.3806264729199440     
   1.3805997627483875     
   1.3805730864164403     
   1.3805464438705792     
   1.3805198350573804     
   1.3804932599235151     
   1.3804667184157506     
   1.3804402104809521     
   1.3804137360660782     
   1.3803872951181857     
   1.3803608875844264     
   1.3803345134120468     
   1.3803081725483883     
   1.3802818649408888     
   1.3802555905370797     
   1.3802293492845872     
   1.3802031411311331     
   1.3801769660245307     
   1.3801508239126901     
   1.3801247147436135     
   1.3800986384653979     
   1.3800725950262320     
   1.3800465843743990     
   1.3800206064582752     
   1.3799946612263285     
   1.3799687486271206     
   1.3799428686093054     
   1.3799170211216283     
   1.3798912061129274     
   1.3798654235321319     
   1.3798396733282641     
   1.3798139554504363     
   1.3797882698478523     
   1.3797626164698078     
   1.3797369952656884     
   1.3797114061849707     
   1.3796858491772219     
   1.3796603241920997     
   1.3796348311793512     
   1.3796093700888139     
   1.3795839408704154     
   1.3795585434741724     
   1.3795331778501909     
   1.3795078439486661     
   1.3794825417198822     
   1.3794572711142121     
   1.3794320320821181     
   1.3794068245741498     
   1.3793816485409458     
   1.3793565039332321     
   1.3793313907018239     
   1.3793063087976225     
   1.3792812581716172     
   1.3792562387748852     
   1.3792312505585909     
   1.3792062934739848     
   1.3791813674724052     
   1.3791564725052754     
   1.3791316085241072     
   1.3791067754804969     
   1.3790819733261286     
   1.3790572020127705     
   1.3790324614922780     
   1.3790077517165911     
   1.3789830726377355     
   1.3789584242078217     
   1.3789338063790462     
   1.3789092191036894     
   1.3788846623341164     
   1.3788601360227777     
   1.3788356401222068     
   1.3788111745850227     
   1.3787867393639270     
   1.3787623344117061     
   1.3787379596812299     
   1.3787136151254511     
   1.3786893006974068     
   1.3786650163502159     
   1.3786407620370813     
   1.3786165377112878     
   1.3785923433262035     
   1.3785681788352784     
   1.3785440441920458     
   1.3785199393501197     
   1.3784958642631966     
   1.3784718188850551     
   1.3784478031695553     
   1.3784238170706375     
   1.3783998605423256     
   1.3783759335387225     
   1.3783520360140127     
   1.3783281679224615     
   1.3783043292184154     
   1.3782805198563004     
   1.3782567397906231     
   1.3782329889759706     
   1.3782092673670090     
   1.3781855749184853     
   1.3781619115852251     
   1.3781382773221342     
   1.3781146720841972     
   1.3780910958264780     
   1.3780675485041205     
   1.3780440300723449     
   1.3780205404864532     
   1.3779970797018222     
   1.3779736476739111     
   1.3779502443582536     
   1.3779268697104645     
   1.3779035236862340     
   1.3778802062413313     
   1.3778569173316035     
   1.3778336569129741     
   1.3778104249414436     
   1.3777872213730906     
   1.3777640461640703     
   1.3777408992706144     
   1.3777177806490313     
   1.3776946902557059     
   1.3776716280470991     
   1.3776485939797489     
   1.3776255880102684     
   1.3776026100953467     
   1.3775796601917483     
   1.3775567382563141     
   1.3775338442459595     
   1.3775109781176758     
   1.3774881398285288     
   1.3774653293356596     
   1.3774425465962845     
   1.3774197915676929     
   1.3773970642072502     
   1.3773743644723959     
   1.3773516923206426     
   1.3773290477095788     
   1.3773064305968652     
