   1.0000000000000000     
   1.0000004028361711     
   1.0000004243057417     
   1.0000004286453366     
   1.0000004323758385     
   1.0000004361814039     
   1.0000004398499691     
   1.0000004435714813     
   1.0000004470567689     
   1.0000004506300004     
   1.0000004540847072     
   1.0000004574790222     
   1.0000004609035980     
   1.0000004641503830     
   1.0000004675136025     
   1.0000004707174612     
   1.0000004739096471     
   1.0000004770652575     
   1.0000004802079996     
   1.0000004832488112     
   1.0000004863254346     
   1.0000004893160370     
   1.0000004922382222     
   1.0000004952574781     
   1.0000004981474797     
   1.0000005010773068     
   1.0000005038847979     
   1.0000005067728670     
   1.0000005095403044     
   1.0000005122775812     
   1.0000005150766493     
   1.0000005177772353     
   1.0000005204950970     
   1.0000005231482654     
   1.0000005258449665     
   1.0000005284259954     
   1.0000005311049986     
   1.0000005336455402     
   1.0000005363280051     
   1.0000005388285054     
   1.0000005413611426     
   1.0000005438720279     
   1.0000005464060302     
   1.0000005488870376     
   1.0000005513400669     
   1.0000005538113292     
   1.0000005562552945     
   1.0000005587309397     
   1.0000005611017475     
   1.0000005635289502     
   1.0000005659201938     
   1.0000005682816500     
   1.0000005706184045     
   1.0000005730072106     
   1.0000005753281578     
   1.0000005776276466     
   1.0000005799726153     
   1.0000005822012319     
   1.0000005845575717     
   1.0000005868231323     
   1.0000005890842711     
   1.0000005913560899     
   1.0000005935878895     
   1.0000005958297937     
   1.0000005980184570     
   1.0000006002736708     
   1.0000006024554073     
   1.0000006046706513     
   1.0000006068397727     
   1.0000006089407516     
   1.0000006111904920     
   1.0000006133234671     
   1.0000006155319974     
   1.0000006176178715     
   1.0000006198493798     
   1.0000006219601021     
   1.0000006240891490     
   1.0000006262349082     
   1.0000006283587473     
   1.0000006304118534     
   1.0000006325296225     
   1.0000006345960113     
   1.0000006367002201     
   1.0000006387374833     
   1.0000006408140307     
   1.0000006428661208     
   1.0000006449373577     
   1.0000006469119631     
   1.0000006489874260     
   1.0000006510404960     
   1.0000006530216301     
   1.0000006550995373     
   1.0000006570654234     
   1.0000006591332222     
   1.0000006610755974     
   1.0000006630946334     
   1.0000006650645381     
   1.0000006671035859     
   1.0000006690412535     
   1.0000006710258231     
   1.0000006729804252     
   1.0027959552257073     
   1.0056453283971671     
   1.0085445707505301     
   1.0114953038764491     
   1.0144982241211005     
   1.0175538775521260     
   1.0206628165692706     
   1.0238256208730587     
   1.0270428999108170     
   1.0303152931866966     
   1.0336434702351953     
   1.0370281306393170     
   1.0404700041518891     
   1.0439698509129771     
   1.0475284615103460     
   1.0511466574034318     
   1.0548252910938904     
   1.0585652464182553     
   1.0623674390737960     
   1.0662328171294795     
   1.0701623612804685     
   1.0741570856123737     
   1.0782180380371988     
   1.0823463010086520     
   1.0865429922203997     
   1.0908092653384864     
   1.0951463107232344     
   1.0995553563526708     
   1.1040376685986169     
   1.1085945533349015     
   1.1132273568433133     
   1.1179374667785515     
   1.1227263134290064     
   1.1275953707690936     
   1.1325461578053706     
   1.1375802397255950     
   1.1426992294046174     
   1.1479047885608196     
   1.1531986295624299     
   1.1585825168515682     
   1.1640582685124929     
   1.1696277580267864     
   1.1752929160962917     
   1.1810557324720508     
   1.1869182579402386     
   1.1928826064527940     
   1.1989509570264110     
   1.2051255561453580     
   1.2114087202883439     
   1.2178028379889940     
   1.2243103728292404     
   1.2309338656622746     
   1.2376759378502098     
   1.2445392939889772     
   1.2515267250628597     
   1.2586411115782963     
   1.2658854270571105     
   1.2732627414371693     
   1.2807762248701651     
   1.2884291517095625     
   1.2962249043185541     
   1.3041669774937203     
   1.3122589829876632     
   1.3205046539036733     
   1.3289078501105323     
   1.3374725628568955     
   1.3462029206338761     
   1.3551031945277725     
   1.3641778044563906     
   1.3734313252130550     
   1.3828684931747603     
   1.3924942133946834     
   1.4023135665516011     
   1.4123318168439916     
   1.4225544200075748     
   1.4329870320281097     
   1.4436355176756708     
   1.4545059602204340     
   1.4656046714954778     
   1.4769382020304405     
   1.4885133525833849     
   1.5003371852316203     
   1.5124170363561045     
   1.5247605292572257     
   1.5373755882024183     
   1.5502704526600337     
   1.5634536930140528     
   1.5769342267918627     
   1.5907213357879493     
   1.6048246847852190     
   1.6192543404640523     
   1.6340207922815719     
   1.6491349741487502     
   1.6646082877339259     
   1.6804526270222890     
   1.6966804044618846     
   1.7133045789227093     
   1.7303386851305207     
   1.7477968651711340     
   1.7656939023137308     
   1.7716312843255424     
   1.7773350554025826     
   1.7830095398697390     
   1.7886554324455084     
   1.7942729663554169     
   1.7998632750640084     
   1.8054276303936871     
   1.8109672770035532     
   1.8164834042972891     
   1.8219771442316905     
   1.8274495745325474     
   1.8329017203656939     
   1.8383345585093553     
   1.8437490193187474     
   1.8491459895996432     
   1.8545263149198536     
   1.8598908022185834     
   1.8652402216187922     
   1.8705753085365058     
   1.8758967657202552     
   1.8812052648358335     
   1.8865014483066593     
   1.8917859308765785     
   1.8970593007027325     
   1.9023221214376287     
   1.9075749330977567     
   1.9128182534210745     
   1.9180525787938227     
   1.9232783857548330     
   1.9284961316261280     
   1.9337062556105651     
   1.9389091800987206     
   1.9441053104955892     
   1.9492950374750890     
   1.9544787363186600     
   1.9596567689869311     
   1.9648294835334161     
   1.9699972155421364     
   1.9751602883199868     
   1.9803190139710918     
   1.9854736934069166     
   1.9906246170591260     
   1.9957720655391236     
   2.0009163097092815     
   2.0060576114853941     
   2.0111962240169232     
   2.0163323922265377     
   2.0214663530411956     
   2.0265983354640582     
   2.0317285618669034     
   2.0368572474412860     
   2.0419846006995757     
   2.0471108235091258     
   2.0522361118950423     
   2.0573606561496822     
   2.0624846404476718     
   2.0676082441147656     
   2.0727316410310888     
   2.0778549999819869     
   2.0829784853658539     
   2.0881022567752536     
   2.0932264692797613     
   2.0983512739087127     
   2.1034768174570195     
   2.1086032428936301     
   2.1137306895576833     
   2.1188592927631151     
   2.1239891846336807     
   2.1291204939828194     
   2.1342533460883373     
   2.1393878630460028     
   2.1445241644488622     
   2.1496623663345868     
   2.1548025824185641     
   2.1599449234617101     
   2.1650894975105466     
   2.1702364104183767     
   2.1753857652388375     
   2.1805376627875641     
   2.1856922018330813     
   2.1908494783170900     
   2.1960095868147596     
   2.2011726192025884     
   2.2063386658508972     
   2.2115078146629918     
   2.2166801520693209     
   2.2218557625697839     
   2.2270347290535160     
   2.2322171323076914     
   2.2374030519887649     
   2.2425925657558290     
   2.2477857498195011     
   2.2529826788585079     
   2.2581834264353819     
   2.2633880641655209     
   2.2685966627496805     
   2.2738092913106644     
   2.2790260177127628     
   2.2842469085153931     
   2.2894720293688007     
   2.2947014443987799     
   2.2999352168514928     
   2.3051734084280402     
   2.3104160804869696     
   2.3156632924727827     
   2.3209151036439701     
   2.3261715715876843     
   2.3314327534819954     
   2.3366987050950740     
   2.3419694815774017     
   2.3472451372280450     
   2.3525257253055356     
   2.3578112982593726     
   2.3631019079516102     
   2.3683976052866473     
   2.3736984403595334     
   2.3790044627255931     
   2.3843157208223649     
   2.3896322628168702     
   2.3949541360718380     
   2.4002813871583752     
   2.4056140618719764     
   2.4109522059889854     
   2.4162958638538958     
   2.4216450799067291     
   2.4269998975295541     
   2.4323603598909762     
   2.4377265094362626     
   2.4430983878194761     
   2.4484760368446885     
   2.4538594970896219     
   2.4592488091173879     
   2.4646440128047740     
   2.4700451476215073     
   2.4754522524638114     
   2.4808653659612183     
   2.4862845262734057     
   2.4917097709140013     
   2.4971411371999093     
   2.5025786623379744     
   2.5080223823651413     
   2.5134723337342697     
   2.5189285518081830     
   2.5243910723712419     
   2.5298599302206943     
   2.5353351601093310     
   2.5408167962321122     
   2.5463048729024242     
   2.5517994235601673     
   2.5573004817768816     
   2.5628080805364997     
   2.5683222526362313     
   2.5738430306846825     
   2.5793704468182899     
   2.5849045329832947     
   2.5904453210303116     
   2.5959928422323784     
   2.6015471279486846     
   2.6071082088475803     
   2.6126761157813001     
   2.6182508793943775     
   2.6238325296902296     
   2.6294210966791050     
   2.6350166100572050     
   2.6406190999171208     
   2.6462285950068880     
   2.6518451249373882     
   2.6574687182500334     
   2.6630994042391336     
   2.6687372113384691     
   2.6743821678403834     
   2.6800343020540920     
   2.6856936419377959     
   2.6913602156824878     
   2.6970340508935284     
   2.7027151750054879     
   2.7084036154870246     
   2.7140993997283172     
   2.7198025547146991     
   2.7255131073545087     
   2.7312310846763217     
   2.7369565132436353     
   2.7426894196650413     
   2.7484298303525101     
   2.7541777715931115     
   2.7599332693305318     
   2.7656963501649332     
   2.7714670395176091     
   2.7772453633021179     
   2.7830313472310553     
   2.7888250173000935     
   2.7946263983212920     
   2.8004355158880383     
   2.8062523955508718     
   2.8120770622577460     
   2.8179095411469266     
   2.8237498570347404     
   2.8295980347973657     
   2.8354540995187012     
   2.8413180755456677     
   2.8471899877342581     
   2.8530698607444256     
   2.8589577188209523     
   2.8648535861830675     
   2.8707574876367152     
   2.8766694469134322     
   2.8825894882795575     
   2.8885176360247682     
   2.8944539138251923     
   2.9003983456433806     
   2.9063509556169156     
   2.9123117674623442     
   2.9182808048580124     
   2.9242580915830674     
   2.9302436511897954     
   2.9362375072254308     
   2.9422396830654587     
   2.9482502024789810     
   2.9542690886454412     
   2.9602963648651297     
   2.9663320545778493     
   2.9723761810280207     
   2.9784287672651502     
   2.9844898364629984     
   2.9905594119194934     
   2.9966375166401527     
   3.0027241735064178     
   3.0088194055481901     
   3.0149232356720210     
   3.0210356868227013     
   3.0271567819085838     
   3.0332865436841727     
   3.0394249949333645     
   3.0455721584307227     
   3.0517280568187930     
   3.0578927129582079     
   3.0640661493950008     
   3.0702483885067444     
   3.0764394535807611     
   3.0826393665024678     
   3.0888481497957483     
   3.0950658263764126     
   3.1012924185977679     
   3.1075279488136962     
   3.1137724393567932     
   3.1200259130376731     
   3.1262883918970914     
   3.1325598986048644     
   3.1388404551601523     
   3.1451300842154080     
   3.1514288079340789     
   3.1577366483091347     
   3.1640536275200764     
   3.1703797685642723     
   3.1767150932615706     
   3.1830596237258724     
   3.1894133824071025     
   3.1957763913429096     
   3.2021486728689914     
   3.2085302487842275     
   3.2149211416692092     
   3.2213213733427448     
   3.2277309661264497     
   3.2341499422318165     
   3.2405783233340628     
   3.2470161319962516     
   3.2534633900113086     
   3.2599201195842866     
   3.2663863428855304     
   3.2728620820090897     
   3.2793473586938955     
   3.2858421952863326     
   3.2923466136526507     
   3.2988606359978263     
   3.3053842843996066     
   3.3119175806155052     
   3.3184605470539266     
   3.3250132053922306     
   3.3315755779661407     
   3.3381476867529916     
   3.3447295535013613     
   3.3513212005431083     
   3.3579226497473957     
   3.3645339233675724     
   3.3711550430980424     
   3.3777860312332280     
   3.3844269098380200     
   3.3910777005499044     
   3.3977384258597558     
   3.4044091076102085     
   3.4110897677731615     
   3.4177804284780491     
   3.4244811118655663     
   3.4311918395935592     
   3.4379126344441335     
   3.4446435178354555     
   3.4513845120184268     
   3.4581356392166001     
   3.4648969213042942     
   3.4716683806115176     
   3.4541240287882271     
   3.4362747118445869     
   3.4185136792423205     
   3.4008357853501865     
   3.3832415037779238     
   3.3657341650042145     
   3.3483173676675984     
   3.3309944710248747     
   3.3137685261231380     
   3.2966422817510397     
   3.2796182039368871     
   3.2626984956759459     
   3.2458851159869990     
   3.2291797977206946     
   3.2125840633621108     
   3.1960992411134197     
   3.1797264782314780     
   3.1634667548299964     
   3.1473208957638481     
   3.1312895821291007     
   3.1153733618731643     
   3.0995726595153599     
   3.0838877856175451     
   3.0683189449841128     
   3.0528662448151103     
   3.0375297017957914     
   3.0223092497936488     
   3.0072047446671686     
   2.9922159723196735     
   2.9773426524802229     
   2.9625844448991874     
   2.9479409536578558     
   2.9334117320917432     
   2.9189962863355619     
   2.9046940802200583     
   2.8905045375090861     
   2.8764270467908184     
   2.8624609635641853     
   2.8486056134248212     
   2.8348602955483653     
   2.8212242835689709     
   2.8076968297488456     
   2.7942771663940160     
   2.7809645075142506     
   2.7677580515116427     
   2.7546569824518752     
   2.7416604720444591     
   2.7287676811071764     
   2.7159777606104178     
   2.7032898539336645     
   2.6907030970488757     
   2.6782166203608333     
   2.6658295495834849     
   2.6535410067826986     
   2.6413501113322546     
   2.6292559805875331     
   2.6172577310561720     
   2.6053544787253027     
   2.5935453401140318     
   2.5818294326173650     
   2.5702058752276558     
   2.5586737893208351     
   2.5472322986489235     
   2.5358805302712342     
   2.5246176148375552     
   2.5134426866605155     
   2.5023548846661852     
   2.4913533524091274     
   2.4804372383190305     
   2.4696056960834842     
   2.4588578848810503     
   2.4481929698109619     
   2.4376101216641466     
   2.4271085174409821     
   2.4166873406509799     
   2.4063457810534388     
   2.3960830352768507     
   2.3858983064050450     
   2.3757908046731746     
   2.3657597471116762     
   2.3558043576973651     
   2.3459238677994589     
   2.3361175158321235     
   2.3263845474211435     
   2.3167242155266958     
   2.3071357803940096     
   2.2976185096590513     
   2.2881716783709845     
   2.2787945689042011     
   2.2694864709423621     
   2.2602466816449978     
   2.2510745056465229     
   2.2419692547188226     
   2.2329302482631617     
   2.2239568128086962     
   2.2150482823181212     
   2.2062039979802579     
   2.1974233081987378     
   2.1887055687509838     
   2.1800501424512366     
   2.1776408818815947     
   2.1752700072630811     
   2.1729299245864775     
   2.1706226727619327     
   2.1683476921086591     
   2.1661040061970689     
   2.1638906252452745     
   2.1617065974237000     
   2.1595510127219129     
   2.1574230019177527     
   2.1553217337739792     
   2.1532464135053200     
   2.1511962807520888     
   2.1491706074871693     
   2.1471686966556027     
   2.1451898804126257     
   2.1432335185549798     
   2.1412989972079890     
   2.1393857273346955     
   2.1374931436818478     
   2.1356207033895753     
   2.1337678850246884     
   2.1319341873479281     
   2.1301191284710250     
   2.1283222449213657     
   2.1265430905575178     
   2.1247812360186868     
   2.1230362677529984     
   2.1213077871896728     
   2.1195954103182739     
   2.1178987667809519     
   2.1162174994448151     
   2.1145512633423844     
   2.1128997259060798     
   2.1112625655923516     
   2.1096394719506799     
   2.1080301449708196     
   2.1064342945156707     
   2.1048516400587225     
   2.1032819102625018     
   2.1017248424024588     
   2.1001801822903525     
   2.0986476836447197     
   2.0971271080059588     
   2.0956182241717318     
   2.0941208081949050     
   2.0926346429244251     
   2.0911595176161120     
   2.0896952279300640     
   2.0882415755727379     
   2.0867983679869608     
   2.0853654182526071     
   2.0839425447880990     
   2.0825295714157854     
   2.0811263264581008     
   2.0797326435369183     
   2.0783483607008755     
   2.0769733203666072     
   2.0756073693739436     
   2.0742503586342242     
   2.0729021432384505     
   2.0715625817570413     
   2.0702315370878965     
   2.0689088750330908     
   2.0675944653433671     
   2.0662881810187277     
   2.0649898982384971     
   2.0636994964309583     
   2.0624168579130724     
   2.0611418680810734     
   2.0598744149679709     
   2.0586143897294553     
   2.0573616858537687     
   2.0561161994660146     
   2.0548778292567267     
   2.0536464762189910     
   2.0524220439455556     
   2.0512044379028156     
   2.0499935661441144     
   2.0487893386187723     
   2.0475916674063290     
   2.0464004666437057     
   2.0452156523723168     
   2.0440371423980181     
   2.0428648566659291     
   2.0416987166259526     
   2.0405386455241823     
   2.0393845683257354     
   2.0382364116335632     
   2.0370941035680179     
   2.0359575739081794     
   2.0348267537109006     
   2.0337015757281351     
   2.0325819739998456     
   2.0314678838831615     
   2.0303592421501078     
   2.0292559869700408     
   2.0281580575708267     
   2.0270653945163906     
   2.0259779395520199     
   2.0248956357175221     
   2.0238184268138402     
   2.0227462581006610     
   2.0216790758018015     
   2.0206168272138818     
   2.0195594605665059     
   2.0185069251151466     
   2.0174591710848118     
   2.0164161496972079     
   2.0153778130395619     
   2.0143441140563478     
   2.0133150066132099     
   2.0122904453836674     
   2.0112703859308207     
   2.0102547845559391     
   2.0092435983743226     
   2.0082367853097365     
   2.0072343039096698     
   2.0062361135850537     
   2.0052421744062983     
   2.0042524471316208     
   2.0032668931519142     
   2.0022854746272802     
   2.0013081542738771     
   2.0003348954890265     
   1.9993656622625691     
   1.9984004190649771     
   1.9974391312634441     
   1.9964817644797823     
   1.9955282849915619     
   1.9945786597204120     
   1.9936328560053633     
   1.9926908417578648     
   1.9917525854808620     
   1.9908180558559703     
   1.9898872226030937     
   1.9889600552193973     
   1.9880365243740501     
   1.9871166005689069     
   1.9862002553038469     
   1.9852874599867159     
   1.9843781869021937     
   1.9834724084841879     
   1.9825700976607594     
   1.9816712276777790     
   1.9807757722974106     
   1.9798837055930947     
   1.9789950019978342     
   1.9781096362690676     
   1.9772275837151159     
   1.9763488197703762     
   1.9754733202533705     
   1.9746010614570924     
   1.9737320198383506     
   1.9728661722413872     
   1.9720034958919244     
   1.9711439680978500     
   1.9702875668585051     
   1.9694342700918512     
   1.9685840561518844     
   1.9677369037053263     
   1.9668927916383130     
   1.9660516992530761     
   1.9652136058469574     
   1.9643784911971238     
   1.9635463353457352     
   1.9627171184730767     
   1.9618908209730415     
   1.9610674236991732     
   1.9602469074678361     
   1.9594292535554916     
   1.9586144434282331     
   1.9578024586482838     
   1.9569932810078547     
   1.9561868927704080     
   1.9553832760215815     
   1.9545824133738183     
   1.9537842875523235     
   1.9529888814473515     
   1.9521961780706183     
   1.9514061608085060     
   1.9506188131356303     
   1.9498341186121788     
   1.9490520612625231     
   1.9482726250320006     
   1.9474957941107087     
   1.9467215529653870     
   1.9459498860935245     
   1.9451807781559305     
   1.9444142141869234     
   1.9436501791600396     
   1.9428886583101397     
   1.9421296369237804     
   1.9413731007074029     
   1.9406190351305426     
   1.9398674261745046     
   1.9391182597394900     
   1.9383715219235573     
   1.9376271990486980     
   1.9368852774155907     
   1.9361457436770140     
   1.9354085843943687     
   1.9346737865401753     
   1.9339413368633109     
   1.9332112224729836     
   1.9324834306471583     
   1.9317579485629943     
   1.9310347638153369     
   1.9303138638951651     
   1.9295952364625339     
   1.9288788693184213     
   1.9281647503722410     
   1.9274528677241456     
   1.9267432093946932     
   1.9260357637617989     
   1.9253305190722581     
   1.9246274638683483     
   1.9239265866808180     
   1.9232278762442585     
   1.9225313212740738     
   1.9218369106447872     
   1.9211446333624926     
   1.9204544785771993     
   1.9197664354011605     
   1.9190804930684888     
   1.9183966410267248     
   1.9177148686267400     
   1.9170351655317874     
   1.9163575213824653     
   1.9156819257903153     
   1.9150083686742327     
   1.9143368399590928     
   1.9136673296085065     
   1.9129998276532785     
   1.9123343243882371     
   1.9116708098446127     
   1.9110092744222746     
   1.9103497087187451     
   1.9096921030012870     
   1.9090364478538950     
   1.9083827339756181     
   1.9077309520788654     
   1.9070810929037338     
   1.9064331473854801     
   1.9057871063780158     
   1.9051429609705002     
   1.9045007021822322     
   1.9038603211993048     
   1.9032218092523512     
   1.9025851576093133     
   1.9019503576094927     
   1.9013174007711369     
   1.9006862784315142     
   1.9000569822367819     
   1.8994295038103681     
   1.8988038348675516     
   1.8981799671207409     
   1.8975578923181349     
   1.8969376024192159     
   1.8963190893805808     
   1.8957023450889006     
   1.8950873617572217     
   1.8944741313377322     
   1.8938626459938188     
   1.8932528980803160     
   1.8926448797976780     
   1.8920385836144225     
   1.8914340016982614     
   1.8908311266722873     
   1.8902299510461393     
   1.8896304673108788     
   1.8890326680611418     
   1.8884365460876511     
   1.8878420938875782     
   1.8872493045147314     
   1.8866581705598469     
   1.8860686849982642     
   1.8854808407041723     
   1.8848946307025103     
   1.8843100479312560     
   1.8837270855437860     
   1.8831457366062121     
   1.8825659942501149     
   1.8819878516957642     
   1.8814113022893759     
   1.8808363392642506     
   1.8802629558634631     
   1.8796911456927408     
   1.8791209019919293     
   1.8785522183652850     
   1.8779850881766289     
   1.8774195051424218     
   1.8768554628344001     
   1.8762929548923857     
   1.8757319749835824     
   1.8751725168886910     
   1.8746145743119489     
   1.8740581410243982     
   1.8735032110607412     
   1.8729497781763034     
   1.8723978363002232     
   1.8718473794429156     
   1.8712984016042271     
   1.8707508968056843     
   1.8702048591588363     
   1.8696602827537563     
   1.8691171617797222     
   1.8685754904632337     
   1.8680352629938475     
   1.8674964736114426     
   1.8669591165813166     
   1.8664231863949143     
   1.8658886773716681     
   1.8653555837671680     
   1.8648239001918638     
   1.8642936210905481     
   1.8637647409728184     
   1.8632372542985212     
   1.8627111557446647     
   1.8621864398543613     
   1.8616631013268323     
   1.8611411347436624     
   1.8606205348954430     
   1.8601012965064816     
   1.8595834142844316     
   1.8590668830659842     
   1.8585516976954310     
   1.8580378530595789     
   1.8575253439575579     
   1.8570141653862806     
   1.8565043122216784     
   1.8559957795374842     
   1.8554885622450836     
   1.8549826554404365     
   1.8544780541882642     
   1.8539747535373439     
   1.8534727486316496     
   1.8529720347025371     
   1.8524726068264434     
   1.8519744602039783     
   1.8514775900764060     
   1.8509819917334762     
   1.8504876604753133     
   1.8499945915392979     
   1.8495027803017448     
   1.8490122221797431     
   1.8485229124471032     
   1.8480348466628898     
   1.8475480201617454     
   1.8470624284172328     
   1.8465780669424756     
   1.8460949312857213     
   1.8456130168562239     
   1.8451323194560949     
   1.8446528343677129     
   1.8441745574567157     
   1.8436974842654399     
   1.8432216104145054     
   1.8427469316524272     
   1.8422734436450585     
   1.8418011421093046     
   1.8413300228920837     
   1.8408600816474334     
   1.8403913141699899     
   1.8399237163700608     
   1.8394572840598915     
   1.8389920130895998     
   1.8385278993037750     
   1.8380649386465606     
   1.8376031270947251     
   1.8371424605167288     
   1.8366829349239664     
   1.8362245462570455     
   1.8357672905832660     
   1.8353111638908404     
   1.8348561623184092     
   1.8344022818275865     
   1.8339495185685946     
   1.8334978686317447     
   1.8330473281918240     
   1.8325978933448814     
   1.8321495603195048     
   1.8317023252945630     
   1.8312561844125721     
   1.8308111339328943     
   1.8303671701489370     
   1.8299242893076442     
   1.8294824876299174     
   1.8290417615578205     
   1.8286021073143939     
   1.8281635211784959     
   1.8277259996628210     
   1.8272895390956205     
   1.8268541358029204     
   1.8264197861682063     
   1.8259864868045892     
   1.8255542340015891     
   1.8251230242641898     
   1.8246928540762912     
   1.8242637199561718     
   1.8238356183702593     
   1.8234085458641964     
   1.8229824990296606     
   1.8225574743915283     
   1.8221334685519159     
   1.8217104781380469     
   1.8212884997016059     
   1.8208675299368129     
   1.8204475653824965     
   1.8200286028050181     
   1.8196106388725610     
   1.8191936702448381     
   1.8187776936567235     
   1.8183627058193927     
   1.8179487034659685     
   1.8175356833843774     
   1.8171236423346713     
   1.8167125770476040     
   1.8163024843982067     
   1.8158933611606876     
   1.8154852042109733     
   1.8150780102887474     
   1.8146717764485141     
   1.8142664993283475     
   1.8138621760299540     
   1.8134588032970145     
   1.8130563780700792     
   1.8126548973562073     
   1.8122543580947748     
   1.8118547572133008     
   1.8114560915617868     
   1.8110583584249702     
   1.8106615545155709     
   1.8102656769608463     
   1.8098707227949542     
   1.8094766890878562     
   1.8090835727944028     
   1.8086913710982668     
   1.8083000809651812     
   1.8079096995726389     
   1.8075202239793584     
   1.8071316513557534     
   1.8067439787747079     
   1.8063572033509265     
   1.8059713223749796     
   1.8055863328759241     
   1.8052022321748464     
   1.8048190172963916     
   1.8044366855664222     
   1.8040552341604159     
   1.8036746603241929     
   1.8032949613091920     
   1.8029161343419411     
   1.8025381766862330     
   1.8021610856778538     
   1.8017848585261451     
   1.8014094925560322     
   1.8010349851690832     
   1.8006613335424388     
   1.8002885351382507     
   1.7999165872178655     
   1.7995454872250258     
   1.7991752324207768     
   1.7988058202797506     
   1.7984372481364768     
   1.7980695134068709     
   1.7977026135648937     
   1.7973365459683148     
   1.7969713080713914     
   1.7966068973612255     
   1.7962433112060907     
   1.7958805471257775     
   1.7955186025792547     
   1.7951574751013681     
   1.7947971621496106     
   1.7944376612828121     
   1.7940789699510269     
   1.7937210857775268     
   1.7933640061367528     
   1.7930077287940382     
   1.7926522512119900     
   1.7922975709208893     
   1.7919436855417108     
   1.7915905926885687     
   1.7912382899105235     
   1.7908867748591391     
   1.7905360451412964     
   1.7901860983960760     
   1.7898369322407315     
   1.7894885443972797     
   1.7891409323462493     
   1.7887940939686056     
   1.7884480267989851     
   1.7881027286168496     
   1.7877581970853016     
   1.7874144299270707     
   1.7870714247640618     
   1.7867291794580384     
   1.7863876916968300     
   1.7860469591641217     
   1.7857069796421399     
   1.7853677509404626     
   1.7850292707543882     
   1.7846915369675291     
   1.7843545472352176     
   1.7840182994522049     
   1.7836827913783782     
   1.7833480207860370     
   1.7830139855856275     
   1.7826806836586770     
   1.7823481126391763     
   1.7820162705598741     
   1.7816851551806412     
   1.7813547644037753     
   1.7810250961200629     
   1.7806961481856642     
   1.7803679184203700     
   1.7800404048815195     
   1.7797136053894405     
   1.7793875178046301     
   1.7790621400938988     
   1.7787374702434933     
   1.7784135061471500     
   1.7780902456957757     
   1.7777676869220262     
   1.7774458277734551     
   1.7771246661458782     
   1.7768042001561080     
   1.7764844276356859     
   1.7761653466705258     
   1.7758469552614677     
   1.7755292514626237     
   1.7752122331874771     
   1.7748958984871710     
   1.7745802453918715     
   1.7742652719400951     
   1.7739509762290748     
   1.7736373562974470     
   1.7733244101524894     
   1.7730121359304043     
   1.7727005316186277     
   1.7723895953818181     
   1.7720793252843707     
   1.7717697194331579     
   1.7714607759157808     
   1.7711524928026154     
   1.7708448683246751     
   1.7705379005131365     
   1.7702315875462782     
   1.7699259275062849     
   1.7696209185573739     
   1.7693165589502557     
   1.7690128467628181     
   1.7687097801097953     
   1.7684073573021097     
   1.7681055763514557     
   1.7678044355725180     
   1.7675039331879356     
   1.7672040672056357     
   1.7669048359861885     
   1.7666062378410339     
   1.7663082707404421     
   1.7660109331146325     
   1.7657142231168999     
   1.7654181389454022     
   1.7651226789434018     
   1.7648278413197711     
   1.7645336242617891     
   1.7642400261603273     
   1.7639470452254598     
   1.7636546797209491     
   1.7633629279507612     
   1.7630717882365567     
   1.7627812587942580     
   1.7624913380347877     
   1.7622020241104588     
   1.7619133155508244     
   1.7616252105156052     
   1.7613377073799761     
   1.7610508044483462     
   1.7607645000976102     
   1.7604787927160959     
   1.7601936805044489     
   1.7599091619829759     
   1.7596252354502169     
   1.7593418992560086     
   1.7590591517877063     
   1.7587769914589053     
   1.7584954166183688     
   1.7582144256322372     
   1.7579340169914257     
   1.7576541890220496     
   1.7573749401461636     
   1.7570962688170351     
   1.7568181734034516     
   1.7565406523827924     
   1.7562637041205624     
   1.7559873270628608     
   1.7557115197773467     
   1.7554362805031420     
   1.7551616079388634     
   1.7548875003452458     
   1.7546139561981464     
   1.7543409741384126     
   1.7540685524529276     
   1.7537966896351196     
   1.7535253843076137     
   1.7532546348794531     
   1.7529844398799099     
   1.7527147977201867     
   1.7524457070526385     
   1.7521771661929826     
   1.7519091738876358     
   1.7516417285243358     
   1.7513748285887751     
   1.7511084727663244     
   1.7508426594450861     
   1.7505773871929091     
   1.7503126546653573     
   1.7500484603191055     
   1.7497848027460761     
   1.7495216804732678     
   1.7492590921045263     
   1.7489970362220197     
   1.7487355113719953     
   1.7484745161128010     
   1.7482140491387597     
   1.7479541089168880     
   1.7476946941182341     
   1.7474358033489663     
   1.7471774351450908     
   1.7469195882431057     
   1.7466622611609532     
   1.7464054524369879     
   1.7461491609120912     
   1.7458933850767586     
   1.7456381235818350     
   1.7453833750484056     
   1.7451291381894589     
   1.7448754116461711     
   1.7446221940191522     
   1.7443694839709507     
   1.7441172801967606     
   1.7438655813107868     
   1.7436143860970317     
   1.7433636931547487     
   1.7431135010905332     
   1.7428638087428114     
   1.7426146146637618     
   1.7423659176391881     
   1.7421177163621384     
   1.7418700094488777     
   1.7416227957233317     
   1.7413760737594570     
   1.7411298424623936     
   1.7408841003534761     
   1.7406388462973759     
   1.7403940789340182     
   1.7401497970102873     
   1.7399059993240482     
   1.7396626846186363     
   1.7394198515335724     
   1.7391774989267925     
   1.7389356254498405     
   1.7386942299711248     
   1.7384533111620324     
   1.7382128678631434     
   1.7379728988205212     
   1.7377334027433737     
   1.7374943784965919     
   1.7372558248179317     
   1.7370177405057770     
   1.7367801243027667     
   1.7365429751057899     
   1.7363062916637459     
   1.7360700727281673     
   1.7358343171613129     
   1.7355990237109724     
   1.7353641913128488     
   1.7351298187067437     
   1.7348959046642332     
   1.7346624480803587     
   1.7344294477733273     
   1.7341969025916546     
   1.7339648113059654     
   1.7337331728127761     
   1.7335019860009406     
   1.7332712496387241     
   1.7330409625425363     
   1.7328111237081947     
   1.7325817319148875     
   1.7323527860119716     
   1.7321242848067571     
   1.7318962273214424     
   1.7316686123061169     
   1.7314414387039021     
   1.7312147053836999     
   1.7309884112278335     
   1.7307625550944232     
   1.7305371359415749     
   1.7303121526242293     
   1.7300876040061297     
   1.7298634890071236     
   1.7296398066546539     
   1.7294165556728589     
   1.7291937350806608     
   1.7289713438277801     
   1.7287493806699870     
   1.7285278447161518     
   1.7283067348025321     
   1.7280860498651829     
   1.7278657888738786     
   1.7276459507307180     
   1.7274265343807667     
   1.7272075387828520     
   1.7269889628736612     
   1.7267708055934317     
   1.7265530659494850     
   1.7263357428428763     
   1.7261188352450580     
   1.7259023421179547     
   1.7256862624487626     
   1.7254705952233444     
   1.7252553393571293     
   1.7250404938764279     
   1.7248260577347003     
   1.7246120299440331     
   1.7243984094298472     
   1.7241851952840728     
   1.7239723863985557     
   1.7237599818527043     
   1.7235479805944778     
   1.7233363816054816     
   1.7231251839958075     
   1.7229143866415186     
   1.7227039886617577     
   1.7224939890180391     
   1.7222843867397768     
   1.7220751808314387     
   1.7218663703592596     
   1.7216579543127919     
   1.7214499317702721     
   1.7212423016778855     
   1.7210350632040710     
   1.7208282152193544     
   1.7206217569434303     
   1.7204156872333607     
   1.7202100053047324     
   1.7200047101436984     
   1.7197998007384356     
   1.7195952762936431     
   1.7193911357743825     
   1.7191873782534066     
   1.7189840027945678     
   1.7187810084998321     
   1.7185783944280959     
   1.7183761595916585     
   1.7181743031319194     
   1.7179728241550882     
   1.7177717217104445     
   1.7175709948466178     
   1.7173706426761184     
   1.7171706642895161     
   1.7169710588434786     
   1.7167718253945918     
   1.7165729630265516     
   1.7163744707989996     
   1.7161763479406202     
   1.7159785934404046     
   1.7157812064261151     
   1.7155841860827368     
   1.7153875314898599     
   1.7151912418095092     
   1.7149953160756843     
   1.7147997534582231     
   1.7146045530718463     
   1.7144097140424825     
   1.7142152355471900     
   1.7140211166786123     
   1.7138273565758217     
   1.7136339544177792     
   1.7134409093429226     
   1.7132482204468968     
   1.7130558869444572     
   1.7128639078643841     
   1.7126722824716238     
   1.7124810099510244     
   1.7122900893705024     
   1.7120995199729721     
   1.7119093008404782     
   1.7117194311406208     
   1.7115299101044816     
   1.7113407368590288     
   1.7111519106910520     
   1.7109634305845700     
   1.7107752957962163     
   1.7105875056005806     
   1.7104000590722910     
   1.7102129554400038     
   1.7100261938939432     
   1.7098397736195736     
   1.7096536937724514     
   1.7094679535937041     
   1.7092825523097259     
   1.7090974890267796     
   1.7089127630794445     
   1.7087283735093217     
   1.7085443196858354     
   1.7083606006948961     
   1.7081772158111688     
   1.7079941643022485     
   1.7078114452733415     
   1.7076290579838496     
   1.7074470016684491     
   1.7072652755743822     
   1.7070838789042626     
   1.7069028108557469     
   1.7067220707118453     
   1.7065416576943526     
   1.7063615709821214     
   1.7061818098856500     
   1.7060023736481356     
   1.7058232614185920     
   1.7056444725999174     
   1.7054660062655884     
   1.7052878618180394     
   1.7051100383894342     
   1.7049325352309372     
   1.7047553517411025     
   1.7045784870586531     
   1.7044019404000477     
   1.7042257111879171     
   1.7040497985767071     
   1.7038742018848556     
   1.7036989202761017     
   1.7035239530767070     
   1.7033492996622246     
   1.7031749591734047     
   1.7030009309632497     
   1.7028272142693881     
   1.7026538083784890     
   1.7024807126476480     
   1.7023079262569367     
   1.7021354485120548     
   1.7019632787847117     
   1.7017914162624312     
   1.7016198603498660     
   1.7014486102535089     
   1.7012776652895074     
   1.7011070247790574     
   1.7009366880084174     
   1.7007666543046835     
   1.7005969229879829     
   1.7004274932744017     
   1.7002583645299449     
   1.7000895361280253     
   1.6999210073343520     
   1.6997527773733772     
   1.6995848457628291     
   1.6994172116356130     
   1.6992498744457118     
   1.6990828333938002     
   1.6989160878682177     
   1.6987496372724977     
   1.6985834808477240     
   1.6984176179299308     
   1.6982520478881060     
   1.6980867699859237     
   1.6979217836154481     
   1.6977570882088728     
   1.6975926829192618     
   1.6974285671750309     
   1.6972647404268224     
   1.6971012018302984     
   1.6969379508654909     
   1.6967749868629067     
   1.6966123091334515     
   1.6964499171074401     
   1.6962878100307890     
   1.6961259873535666     
   1.6959644483822807     
   1.6958031925134229     
   1.6956422190889933     
   1.6954815275648529     
   1.6953211171432916     
   1.6951609872910278     
   1.6950011373925755     
   1.6948415668059902     
   1.6946822748562145     
   1.6945232609941594     
   1.6943645245728740     
   1.6942060649037498     
   1.6940478814920013     
   1.6938899735997714     
   1.6937323406867639     
   1.6935749821558921     
   1.6934178973113265     
   1.6932610856401817     
   1.6931045464941517     
   1.6929482791907047     
   1.6927922832385454     
   1.6926365579915075     
   1.6924811028531308     
   1.6923259172080773     
   1.6921710004863686     
   1.6920163520851923     
   1.6918619713701957     
   1.6917078578021252     
   1.6915540107648215     
   1.6914004296379197     
   1.6912471138980703     
   1.6910940629306861     
   1.6909412760876368     
   1.6907887529150005     
   1.6906364927728974     
   1.6904844950808999     
   1.6903327591966135     
   1.6901812846543161     
   1.6900300707667277     
   1.6898791170282990     
   1.6897284229385701     
   1.6895779877459192     
   1.6894278110196299     
   1.6892778921903666     
   1.6891282306160749     
   1.6889788257511968     
   1.6888296771193609     
   1.6886807840557827     
   1.6885321460740896     
   1.6883837625683356     
   1.6882356330318629     
   1.6880877568442698     
   1.6879401335085991     
   1.6877927624670663     
   1.6876456431429490     
   1.6874987749926258     
   1.6873521574974579     
   1.6872057901004216     
   1.6870596721765529     
   1.6869138033619060     
   1.6867681829757895     
   1.6866228104948804     
   1.6864776854297459     
   1.6863328071667367     
   1.6861881752261594     
   1.6860437890839095     
   1.6858996482305988     
   1.6857557520906767     
   1.6856121000752675     
   1.6854686918401502     
   1.6853255266234961     
   1.6851826040679632     
   1.6850399235333615     
   1.6848974846772520     
   1.6847552868312494     
   1.6846133295048826     
   1.6844716121910683     
   1.6843301343818602     
   1.6841888955209192     
   1.6840478951869828     
   1.6839071327504676     
   1.6837666077630651     
   1.6836263196990973     
   1.6834862681450620     
   1.6833464524125392     
   1.6832068721480780     
   1.6830675267952222     
   1.6829284158525946     
   1.6827895387649370     
   1.6826508951152239     
   1.6825124844279142     
   1.6823743060781591     
   1.6822363597066423     
   1.6820986447548651     
   1.6819611606546729     
   1.6818239070648497     
   1.6816868834213015     
   1.6815500892584436     
   1.6814135240223258     
   1.6812771872745698     
   1.6811410785579093     
   1.6810051973215656     
   1.6808695431410037     
   1.6807341155005107     
   1.6805989139344479     
   1.6804639379677566     
   1.6803291871183654     
   1.6801946609466454     
   1.6800603589025980     
   1.6799262805231820     
   1.6797924253863912     
   1.6796587930632669     
   1.6795253829703229     
   1.6793921946767891     
   1.6792592277200558     
   1.6791264817094997     
   1.6789939560281977     
   1.6788616503513478     
   1.6787295641492841     
   1.6785976969609171     
   1.6784660483821212     
   1.6783346178540544     
   1.6782034050306285     
   1.6780724093769097     
   1.6779416304548029     
   1.6778110677878131     
   1.6776807210612499     
   1.6775505896363239     
   1.6774206731570120     
   1.6772909711230393     
   1.6771614831694062     
   1.6770322087998739     
   1.6769031475439622     
   1.6767742990613586     
   1.6766456627754374     
   1.6765172382611793     
   1.6763890251510509     
   1.6762610230198784     
   1.6761332313245803     
   1.6760056497409770     
   1.6758782777022385     
   1.6757511149566768     
   1.6756241608639608     
   1.6754974151335429     
   1.6753708772381952     
   1.6752445468829635     
   1.6751184234780694     
   1.6749925066912903     
   1.6748667961008066     
   1.6747412912997981     
   1.6746159917221226     
   1.6744908970821606     
   1.6743660069176476     
   1.6742413207984730     
   1.6741168383410998     
   1.6739925590061198     
   1.6738684825425980     
   1.6737446084521417     
   1.6736209363193046     
   1.6734974657270125     
   1.6733741962331643     
   1.6732511274993611     
   1.6731282590623007     
   1.6730055904662051     
   1.6728831214212745     
   1.6727608514096521     
   1.6726387800840512     
   1.6725169070095751     
   1.6723952318086686     
   1.6722737540592392     
   1.6721524733587678     
   1.6720313892811118     
   1.6719105014236026     
   1.6717898094623100     
   1.6716693129131954     
   1.6715490114070015     
   1.6714289045547672     
   1.6713089920133326     
   1.6711892732478475     
   1.6710697479346472     
   1.6709504157510235     
   1.6708312762552362     
   1.6707123290053558     
   1.6705935736285276     
   1.6704750097688652     
   1.6703566369811260     
   1.6702384549799476     
   1.6701204632834885     
   1.6700026615502734     
   1.6698850494647726     
   1.6697676265348829     
   1.6696503923879547     
   1.6695333466590720     
   1.6694164889654561     
   1.6692998189815196     
   1.6691833363025541     
   1.6690670404389105     
   1.6689509311455668     
   1.6688350080793934     
   1.6687192707220928     
   1.6686037187619696     
   1.6684883518804372     
   1.6683731696165354     
   1.6682581716614553     
   1.6681433576286206     
   1.6680287271751872     
   1.6679142798787359     
   1.6678000154216148     
   1.6676859333773559     
   1.6675720334539714     
   1.6674583152040103     
   1.6673447783415645     
   1.6672314224841647     
   1.6671182472550234     
   1.6670052522236343     
   1.6668924372636802     
   1.6667798017178912     
   1.6666673453834047     
   1.6665550679619106     
   1.6664429688937128     
   1.6663310480557028     
   1.6662193049569534     
   1.6661077392615353     
   1.6659963506232378     
   1.6658851387219415     
   1.6657741031649362     
   1.6656632435964362     
   1.6655525597225078     
   1.6654420511205181     
   1.6653317175779878     
   1.6652215585339176     
   1.6651115738067470     
   1.6650017630202831     
   1.6648921257620390     
   1.6647826617805954     
   1.6646733707127295     
   1.6645642521208335     
   1.6644553058073481     
   1.6643465313970061     
   1.6642379284548796     
   1.6641294967247997     
   1.6640212358723989     
   1.6639131455548442     
   1.6638052253302595     
   1.6636974750663005     
   1.6635898942375515     
   1.6634824826103616     
   1.6633752398843042     
   1.6632681656624762     
   1.6631612595437693     
   1.6630545213609531     
   1.6629479507012148     
   1.6628415472027815     
   1.6627353105905986     
   1.6626292405429526     
   1.6625233366919687     
   1.6624175987263903     
   1.6623120263485858     
   1.6622066192239715     
   1.6621013769653086     
   1.6619962993506960     
   1.6618913859944517     
   1.6617866366356351     
   1.6616820508610637     
   1.6615776283914048     
   1.6614733689623584     
   1.6613692722691948     
   1.6612653378275193     
   1.6611615655353802     
   1.6610579548867577     
   1.6609545057511401     
   1.6608512176368162     
   1.6607480903752503     
   1.6606451235457658     
   1.6605423169143596     
   1.6604396701171757     
   1.6603371828772659     
   1.6602348549106831     
   1.6601326858049670     
   1.6600306753972456     
   1.6599288233142266     
   1.6598271291248368     
   1.6597255927762808     
   1.6596242137447770     
   1.6595229917976178     
   1.6594219267298136     
   1.6593210181165490     
   1.6592202656267496     
   1.6591196690863108     
   1.6590192280927560     
   1.6589189424301702     
   1.6588188117918099     
   1.6587188357302991     
   1.6586190141621702     
   1.6585193466266279     
   1.6584198329192863     
   1.6583204726582192     
   1.6582212656682382     
   1.6581222116135659     
   1.6580233101210948     
   1.6579245609932998     
   1.6578259639197648     
   1.6577275185471021     
   1.6576292246419904     
   1.6575310819166567     
   1.6574330900403988     
   1.6573352488114867     
   1.6572375578123422     
   1.6571400168217085     
   1.6570426256006328     
   1.6569453838363439     
   1.6568482911895865     
   1.6567513474118463     
   1.6566545522243623     
   1.6565579053665269     
   1.6564614065268288     
   1.6563650554045832     
   1.6562688517688282     
   1.6561727952710217     
   1.6560768856813048     
   1.6559811227375048     
   1.6558855061391604     
   1.6557900355694311     
   1.6556947108351148     
   1.6555995315823244     
   1.6555044975370485     
   1.6554096084670906     
   1.6553148640865625     
   1.6552202641359777     
   1.6551258083121634     
   1.6550314963069241     
   1.6549373279815844     
   1.6548433029128389     
   1.6547494209308717     
   1.6546556816856590     
   1.6545620849443683     
   1.6544686304851537     
   1.6543753180198932     
   1.6542821471875220     
   1.6541891178412049     
   1.6540962296796433     
   1.6540034823715666     
   1.6539108757814298     
   1.6538184095061679     
   1.6537260833719349     
   1.6536338970899445     
   1.6535418503466401     
   1.6534499429859579     
   1.6533581746973933     
   1.6532665451621331     
   1.6531750542012591     
   1.6530837014552560     
   1.6529924868097021     
   1.6529014099419266     
   1.6528104705152638     
   1.6527196683762075     
   1.6526290032242534     
   1.6525384748284617     
   1.6524480829155885     
   1.6523578272252908     
   1.6522677074592502     
   1.6521777234525090     
   1.6520878749024270     
   1.6519981615544155     
   1.6519085832299387     
   1.6518191395719024     
   1.6517298303316008     
   1.6516406553268062     
   1.6515516142849735     
   1.6514627070047996     
   1.6513739331478492     
   1.6512852924586165     
   1.6511967847712627     
   1.6511084098387130     
   1.6510201672957041     
   1.6509320570554991     
   1.6508440787736305     
   1.6507562322076348     
   1.6506685171418281     
   1.6505809333052603     
   1.6504934805263329     
   1.6504061585064471     
   1.6503189669755738     
   1.6502319057376418     
   1.6501449745373304     
   1.6500581731193344     
   1.6499715013007803     
   1.6498849587834217     
   1.6497985453359161     
   1.6497122607541153     
   1.6496261047228384     
   1.6495400771766193     
   1.6494541776621801     
   1.6493684060911606     
   1.6492827621680979     
   1.6491972456569233     
   1.6491118563585871     
   1.6490265939972750     
   1.6489414583994255     
   1.6488564492755717     
   1.6487715663728573     
   1.6486868095317129     
   1.6486021785009113     
   1.6485176729948625     
   1.6484332928884076     
   1.6483490378682117     
   1.6482649076556428     
   1.6481809021506768     
   1.6480970210684158     
   1.6480132641628211     
   1.6479296312779663     
   1.6478461220521718     
   1.6477627363681586     
   1.6476794739826519     
   1.6475963346447455     
   1.6475133181662400     
   1.6474304243394651     
   1.6473476528033419     
   1.6472650035154417     
   1.6471824761105933     
   1.6471000704538319     
   1.6470177863192150     
   1.6469356234545338     
   1.6468535816043040     
   1.6467716606495229     
   1.6466898603201860     
   1.6466081803574917     
   1.6465266205514184     
   1.6464451807326732     
   1.6463638606776789     
   1.6462826601890583     
   1.6462015789549289     
   1.6461206168327249     
   1.6460397735570687     
   1.6459590490054665     
   1.6458784428417079     
   1.6457979549125303     
   1.6457175850475310     
   1.6456373329802090     
   1.6455571984678685     
   1.6454771813863245     
   1.6453972814640696     
   1.6453174984821644     
   1.6452378322794254     
   1.6451582825841888     
   1.6450788492132089     
   1.6449995319765593     
   1.6449203306502478     
   1.6448412449498209     
   1.6447622747981243     
   1.6446834199577212     
   1.6446046801376193     
   1.6445260552239853     
   1.6444475449425500     
   1.6443691491647492     
   1.6442908675986125     
   1.6442127001207041     
   1.6441346464130702     
   1.6440567063576361     
   1.6439788797636488     
   1.6439011663585668     
   1.6438235660355227     
   1.6437460784610771     
   1.6436687035910138     
   1.6435914410728274     
   1.6435142907808866     
   1.6434372525540404     
   1.6433603261132914     
   1.6432835112507513     
   1.6432068078559923     
   1.6431302156420609     
   1.6430537344865970     
   1.6429773641049632     
   1.6429011043910364     
   1.6428249550843379     
   1.6427489160145843     
   1.6426729869967986     
   1.6425971677402238     
   1.6425214581848673     
   1.6424458581084043     
   1.6423703672244216     
   1.6422949853939204     
   1.6422197124331530     
   1.6421445481663235     
   1.6420694923314292     
   1.6419945448001343     
   1.6419197053868819     
   1.6418449738551257     
   1.6417703499783491     
   1.6416958336968253     
   1.6416214247078207     
   1.6415471228483671     
   1.6414729279876692     
   1.6413988398050030     
   1.6413248581900695     
   1.6412509829854582     
   1.6411772139578067     
   1.6411035509121112     
   1.6410299936984007     
   1.6409565421796786     
   1.6408831960278476     
   1.6408099551640203     
   1.6407368193233469     
   1.6406637883784185     
   1.6405908621540717     
   1.6405180404114448     
   1.6404453230189153     
   1.6403727097843925     
   1.6403002004998255     
   1.6402277950243278     
   1.6401554930880493     
   1.6400832945862522     
   1.6400111993166651     
   1.6399392071052536     
   1.6398673177377292     
   1.6397955310717487     
   1.6397238469428470     
   1.6396522650976004     
   1.6395807853842719     
   1.6395094077093955     
   1.6394381318304352     
   1.6393669574589111     
   1.6392958845964978     
   1.6392249129828091     
   1.6391540424147402     
   1.6390832727455564     
   1.6390126038011641     
   1.6389420354796349     
   1.6388715674607031     
   1.6388011996573688     
   1.6387309318341476     
   1.6386607639254271     
   1.6385906956183629     
   1.6385207268416049     
   1.6384508574542318     
   1.6383810871707332     
   1.6383114158020093     
   1.6382418432782102     
   1.6381723693863695     
   1.6381029939793941     
   1.6380337167868566     
   1.6379645378205521     
   1.6378954567697277     
   1.6378264734025982     
   1.6377575876624599     
   1.6376887994463654     
   1.6376201084507702     
   1.6375515145249306     
   1.6374830175999091     
   1.6374146173763817     
   1.6373463137394628     
   1.6372781065721140     
   1.6372099956371740     
   1.6371419807736558     
   1.6370740618848942     
   1.6370062387428934     
   1.6369385111334593     
   1.6368708789761355     
   1.6368033421050137     
   1.6367359003130848     
   1.6366685534262326     
   1.6366013013180112     
   1.6365341438660423     
   1.6364670808302528     
   1.6364001120694298     
   1.6363332374018413     
   1.6362664566319460     
   1.6361997697571771     
   1.6361331764151568     
   1.6360666766174008     
   1.6360002700817333     
   1.6359339567022884     
   1.6358677362731187     
   1.6358016086943916     
   1.6357355738261015     
   1.6356696313443833     
   1.6356037812912203     
   1.6355380234097079     
   1.6354723575227181     
   1.6354067835115678     
   1.6353413012223299     
   1.6352759104580896     
   1.6352106111389597     
   1.6351454029910264     
   1.6350802859976576     
   1.6350152599248871     
   1.6349503245570074     
   1.6348854798363033     
   1.6348207255558265     
   1.6347560615449996     
   1.6346914877499077     
   1.6346270039217115     
   1.6345626099660842     
   1.6344983056271247     
   1.6344340908501060     
   1.6343699654444641     
   1.6343059292991917     
   1.6342419821805221     
   1.6341781240035091     
   1.6341143545609378     
   1.6340506737924376     
   1.6339870814835744     
   1.6339235774625342     
   1.6338601615792285     
   1.6337968337440110     
   1.6337335937529112     
   1.6336704414414975     
   1.6336073767671784     
   1.6335443995085779     
   1.6334815094539712     
   1.6334187065190373     
   1.6333559905922561     
   1.6332933615102077     
   1.6332308190333040     
   1.6331683630886551     
   1.6331059935450090     
   1.6330437102363193     
   1.6329815130031600     
   1.6329194016955837     
   1.6328573761796021     
   1.6327954363273038     
   1.6327335820076463     
   1.6326718129678086     
   1.6326101291504571     
   1.6325485304722349     
   1.6324870166585741     
   1.6324255876183980     
   1.6323642432529000     
   1.6323029833363836     
   1.6322418077937517     
   1.6321807164232807     
   1.6321197091649622     
   1.6320587857918958     
   1.6319979461952379     
   1.6319371902450390     
   1.6318765178067758     
   1.6318159287099694     
   1.6317554228317330     
   1.6316950000255055     
   1.6316346601236555     
   1.6315744030622255     
   1.6315142286669677     
   1.6314541367164148     
   1.6313941271919670     
   1.6313341998490656     
   1.6312743546548378     
   1.6312145913965201     
   1.6311549099802716     
   1.6310953102179244     
   1.6310357920364695     
   1.6309763552541992     
   1.6309169997134436     
   1.6308577253504735     
   1.6307985319407394     
   1.6307394193682740     
   1.6306803875840372     
   1.6306214364107638     
   1.6305625656471583     
   1.6305037752000913     
   1.6304450649702109     
   1.6303864347340797     
   1.6303278844909128     
   1.6302694139626772     
   1.6302110231561766     
   1.6301527118360828     
   1.6300944798720183     
   1.6300363271808236     
   1.6299782535961125     
   1.6299202589584776     
   1.6298623432327812     
   1.6298045061847444     
   1.6297467477347658     
   1.6296890677839109     
   1.6296314661085733     
   1.6295739426702807     
   1.6295164972671281     
   1.6294591297622856     
   1.6294018401339847     
   1.6293446281587873     
   1.6292874936992963     
   1.6292304366476054     
   1.6291734569716660     
   1.6291165543852413     
   1.6290597288014110     
   1.6290029801693029     
   1.6289463082872906     
   1.6288897130320037     
   1.6288331942839249     
   1.6287767519636995     
   1.6287203859228432     
   1.6286640959647709     
   1.6286078820358578     
   1.6285517439903363     
   1.6284956816867866     
   1.6284396950177698     
   1.6283837839237987     
   1.6283279480830082     
   1.6282721875901969     
   1.6282165022275625     
   1.6281608918240833     
   1.6281053563155612     
   1.6280498955569997     
   1.6279945094397181     
   1.6279391978292157     
   1.6278839606031181     
   1.6278287976744903     
   1.6277737088283455     
   1.6277186940142783     
   1.6276637530993363     
   1.6276088859795503     
   1.6275540924472769     
   1.6274993724995697     
   1.6274447259499891     
   1.6273901526327519     
   1.6273356525851999     
   1.6272812255014273     
   1.6272268713964593     
   1.6271725900166452     
   1.6271183813314454     
   1.6270642452189084     
   1.6270101815866589     
   1.6269561902545142     
   1.6269022710946961     
   1.6268484240639500     
   1.6267946489989089     
   1.6267409457165773     
   1.6266873142475715     
   1.6266337543552591     
   1.6265802659392836     
   1.6265268488938642     
   1.6264735031135040     
   1.6264202284862894     
   1.6263670248553639     
   1.6263138921926690     
   1.6262608302635342     
   1.6262078390292674     
   1.6261549183186672     
   1.6261020680804039     
   1.6260492881681108     
   1.6259965784814749     
   1.6259439388173080     
   1.6258913692127765     
   1.6258388694890114     
   1.6257864394800168     
   1.6257340790841499     
   1.6256817882024206     
   1.6256295667571079     
   1.6255774145875628     
   1.6255253316559202     
   1.6254733177010565     
   1.6254213727605973     
   1.6253694967082031     
   1.6253176893358998     
   1.6252659505997946     
   1.6252142802944656     
   1.6251626784313591     
   1.6251111448968456     
   1.6250596794592038     
   1.6250082821175662     
   1.6249569527065992     
   1.6249056911628124     
   1.6248544973515990     
   1.6248033711269672     
   1.6247523123762129     
   1.6247013210852483     
   1.6246503970186332     
   1.6245995401868014     
   1.6245487503733651     
   1.6244980275245740     
   1.6244473715333239     
   1.6243967822818137     
   1.6243462596694505     
   1.6242958035688286     
   1.6242454138922597     
   1.6241950905178588     
   1.6241448333417015     
   1.6240946422361313     
   1.6240445171147595     
   1.6239944578835748     
   1.6239444644448007     
   1.6238945366480930     
   1.6238446744090336     
   1.6237948776157460     
   1.6237451461546279     
   1.6236954798960257     
   1.6236458788564061     
   1.6235963427778421     
   1.6235468716034747     
   1.6234974652739020     
   1.6234481237249634     
   1.6233988466970595     
   1.6233496341952782     
   1.6233004860098537     
   1.6232514022192106     
   1.6232023825593864     
   1.6231534270431287     
   1.6231045354454818     
   1.6230557077421366     
   1.6230069438313559     
   1.6229582435866527     
   1.6229096069015243     
   1.6228610336593672     
   1.6228125237818185     
   1.6227640772244314     
   1.6227156937813132     
   1.6226673733934633     
   1.6226191158967516     
   1.6225709212983683     
   1.6225227895435896     
   1.6224747203350203     
   1.6224267137381483     
   1.6223787695191623     
   1.6223308876701836     
   1.6222830681263063     
   1.6222353106344762     
   1.6221876152584629     
   1.6221399817928814     
   1.6220924101929222     
   1.6220449003517368     
   1.6219974521710436     
   1.6219500655209340     
   1.6219027403017161     
   1.6218554764633688     
   1.6218082738328330     
   1.6217611323859868     
   1.6217140519638533     
   1.6216670325521774     
   1.6216200739980626     
   1.6215731761800627     
   1.6215263390411561     
   1.6214795624668956     
   1.6214328463479455     
   1.6213861906491203     
   1.6213395951840539     
   1.6212930599110877     
   1.6212465847319772     
   1.6212001695059182     
   1.6211538141947557     
   1.6211075187199506     
   1.6210612829262498     
   1.6210151066799854     
   1.6209689899983835     
   1.6209229327344477     
   1.6208769347598473     
   1.6208309959978804     
   1.6207851163782645     
   1.6207392958298965     
   1.6206935341718682     
   1.6206478313886967     
   1.6206021873767620     
   1.6205566020127080     
   1.6205110751531668     
   1.6204656068411702     
   1.6204201969055376     
   1.6203748452317188     
   1.6203295517286580     
   1.6202843163202219     
   1.6202391389785529     
   1.6201940195326725     
   1.6201489578796333     
   1.6201039539991848     
   1.6200590076745811     
   1.6200141189478652     
   1.6199692877014020     
   1.6199245138148117     
   1.6198797971677674     
   1.6198351377176623     
   1.6197905353749986     
   1.6197459899932327     
   1.6197015015681875     
   1.6196570699411814     
   1.6196126949943002     
   1.6195683767756339     
   1.6195241150262865     
   1.6194799097611274     
   1.6194357608844718     
   1.6193916682303844     
   1.6193476318349909     
   1.6193036515284547     
   1.6192597272373548     
   1.6192158588605703     
   1.6191720463194779     
   1.6191282895118020     
   1.6190845883383238     
   1.6190409427445704     
   1.6189973526950330     
   1.6189538179785918     
   1.6189103386054260     
   1.6188669144038430     
   1.6188235453276738     
   1.6187802313755921     
   1.6187369723293337     
   1.6186937681435616     
   1.6186506187230272     
   1.6186075240305524     
   1.6185644840054656     
   1.6185214984090828     
   1.6184785672885971     
   1.6184356905284241     
   1.6183928679973252     
   1.6183500996890032     
   1.6183073854768695     
   1.6182647252330558     
   1.6182221189540049     
   1.6181795664640695     
   1.6181370678034201     
   1.6180946227678108     
   1.6180522313358940     
   1.6180098933588010     
   1.6179676088223682     
   1.6179253775985858     
   1.6178831996921985     
   1.6178410749177434     
   1.6177990032517207     
   1.6177569844995139     
   1.6177150187190663     
   1.6176731057346250     
   1.6176312455026143     
   1.6175894379733453     
   1.6175476829962803     
   1.6175059805196539     
   1.6174643304845926     
   1.6174227327836461     
   1.6173811873478443     
   1.6173396940285776     
   1.6172982528494710     
   1.6172568636118130     
   1.6172155263576597     
   1.6171742409076995     
   1.6171330072370136     
   1.6170918252361177     
   1.6170506948888490     
   1.6170096160354825     
   1.6169685886221794     
   1.6169276125365375     
   1.6168866877894619     
   1.6168458141390731     
   1.6168049916828902     
   1.6167642202107384     
   1.6167234997748237     
   1.6166828301676992     
   1.6166422113318246     
   1.6166016432462462     
   1.6165611257970334     
   1.6165206589277519     
   1.6164802425245952     
   1.6164398765412393     
   1.6163995608335695     
   1.6163592954094594     
   1.6163190801295009     
   1.6162789149394423     
   1.6162387997682606     
   1.6161987345484579     
   1.6161587191234394     
   1.6161187535564774     
   1.6160788376211099     
   1.6160389713251886     
   1.6159991545784682     
   1.6159593873196292     
   1.6159196694021789     
   1.6158800008232128     
   1.6158403814893840     
   1.6158008112807338     
   1.6157612901851368     
   1.6157218180572714     
   1.6156823949488721     
   1.6156430206138817     
   1.6156036950877255     
   1.6155644182417706     
   1.6155251900093204     
   1.6154860103792439     
   1.6154468791657455     
   1.6154077964029581     
   1.6153687619779955     
   1.6153297757092762     
   1.6152908376661066     
   1.6152519477327933     
   1.6152131058320716     
   1.6151743118948061     
   1.6151355658082085     
   1.6150968675462658     
   1.6150582169616983     
   1.6150196140349209     
   1.6149810587486613     
   1.6149425509285029     
   1.6149040905662673     
   1.6148656774953563     
   1.6148273117745116     
   1.6147889932196533     
   1.6147507218598545     
   1.6147124975485432     
   1.6146743202180984     
   1.6146361898152239     
   1.6145981062412678     
   1.6145600694655726     
   1.6145220793881239     
   1.6144841359282767     
   1.6144462390655983     
   1.6144083886568605     
   1.6143705846561343     
   1.6143328270091886     
   1.6142951156348253     
   1.6142574505075014     
   1.6142198313825500     
   1.6141822583884142     
   1.6141447314329882     
   1.6141072503282199     
   1.6140698150850850     
   1.6140324256201124     
   1.6139950818711126     
   1.6139577837346444     
   1.6139205311841098     
   1.6138833241005879     
   1.6138461624763218     
   1.6138090461554611     
   1.6137719751609707     
   1.6137349493398805     
   1.6136979686850261     
   1.6136610331498025     
   1.6136241425435576     
