   1.0000000000000000     
   1.0000003955801549     
   1.0000004238308082     
   1.0000004292742066     
   1.0000004332582995     
   1.0000004370712909     
   1.0000004407879168     
   1.0000004444698545     
   1.0000004480618241     
   1.0000004516341638     
   1.0000004551477615     
   1.0000004585782014     
   1.0000004619757352     
   1.0000004653111445     
   1.0000004686498785     
   1.0000004718931026     
   1.0000004751155900     
   1.0000004782761793     
   1.0000004814413863     
   1.0000004845004555     
   1.0000004875997304     
   1.0000004906266653     
   1.0000004935888909     
   1.0000004965888389     
   1.0000004995015190     
   1.0000005024426568     
   1.0000005052872474     
   1.0000005081612686     
   1.0000005109584054     
   1.0000005137509242     
   1.0000005165314347     
   1.0000005192750849     
   1.0000005219961234     
   1.0000005246875532     
   1.0000005273836194     
   1.0000005299873329     
   1.0000005326673711     
   1.0000005352494050     
   1.0000005378819232     
   1.0000005404321193     
   1.0000005430034731     
   1.0000005455263807     
   1.0000005480573915     
   1.0000005505828820     
   1.0000005530563809     
   1.0000005555419023     
   1.0000005579952351     
   1.0000005604762023     
   1.0000005628545428     
   1.0000005652980619     
   1.0000005676838468     
   1.0000005700795471     
   1.0000005724477681     
   1.0000005748241187     
   1.0000005771894955     
   1.0000005795224798     
   1.0000005818451700     
   1.0000005841177102     
   1.0000005864902310     
   1.0000005887202226     
   1.0000005910157908     
   1.0000005932926113     
   1.0000005955386138     
   1.0000005978383082     
   1.0000006000482520     
   1.0000006022823129     
   1.0000006044824747     
   1.0000006067100917     
   1.0000006089115083     
   1.0000006110751938     
   1.0000006132762225     
   1.0000006154499712     
   1.0000006176484950     
   1.0000006197710920     
   1.0000006219518147     
   1.0000006241013402     
   1.0000006262342089     
   1.0000006283942369     
   1.0000006305205009     
   1.0000006326347570     
   1.0000006347478951     
   1.0000006368353853     
   1.0000006389380582     
   1.0000006410143325     
   1.0000006430893440     
   1.0000006451457604     
   1.0000006472168212     
   1.0000006492606492     
   1.0000006512851221     
   1.0000006533977110     
   1.0000006554042484     
   1.0000006574386473     
   1.0000006594805944     
   1.0000006615011421     
   1.0000006635062699     
   1.0000006655182909     
   1.0000006675135666     
   1.0000006695234174     
   1.0000006715330534     
   1.0000006735119638     
   1.0000006754831969     
   1.0027586809954223     
   1.0056256349870654     
   1.0085498223365403     
   1.0115266494622623     
   1.0145560580170261     
   1.0176385077201933     
   1.0207745455080350     
   1.0239647554679892     
   1.0272097527641959     
   1.0305101828533569     
   1.0338667213884762     
   1.0372800742533581     
   1.0407509776601820     
   1.0442801983022918     
   1.0478685335572406     
   1.0515168117416109     
   1.0552258924303775     
   1.0589966667514792     
   1.0628300578749637     
   1.0667270214089941     
   1.0706885459111846     
   1.0747156534376643     
   1.0788094001391644     
   1.0829708769065207     
   1.0872012100641686     
   1.0915015621152502     
   1.0958731325348143     
   1.1003171586149776     
   1.1048349140548808     
   1.1094277190803277     
   1.1140969277861681     
   1.1188439382434432     
   1.1236701913702174     
   1.1285771721072257     
   1.1335664106536181     
   1.1386394837741380     
   1.1437980161296799     
   1.1490436817543261     
   1.1543782055228509     
   1.1598033647321031     
   1.1653209907353854     
   1.1709329706701523     
   1.1766412492682561     
   1.1824478307329400     
   1.1883547807152588     
   1.1943642283750027     
   1.2004783685472280     
   1.2066994639999900     
   1.2130298477991481     
   1.2194719257739548     
   1.2260281791147263     
   1.2327011670760997     
   1.2394935298083807     
   1.2464079913244768     
   1.2534473626043821     
   1.2606145448161805     
   1.2679125327649454     
   1.2753444184222857     
   1.2829133946618527     
   1.2906227591684840     
   1.2984759185337631     
   1.3064763925584726     
   1.3146278187164675     
   1.3229339569255658     
   1.3313986944694136     
   1.3400260512204878     
   1.3488201850115908     
   1.3577853974804992     
   1.3669261400134594     
   1.3762470200781722     
   1.3857528078679759     
   1.3954484432858205     
   1.4053390432889870     
   1.4154299096182577     
   1.4257265369313183     
   1.4362346213740544     
   1.4469600695833340     
   1.4579090082202273     
   1.4690877939774680     
   1.4805030241521906     
   1.4921615478060644     
   1.5040704775057083     
   1.5162372017980761     
   1.5286693983106581     
   1.5413750476409442     
   1.5543624480368523     
   1.5676402309099531     
   1.5812173772686546     
   1.5951032351378427     
   1.6093075379762223     
   1.6238404242294573     
   1.6387124580374284     
   1.6539346512381865     
   1.6695184867062054     
   1.6854759431523947     
   1.7018195214748850     
   1.7185622727869880     
   1.7357178282324699     
   1.7533004307434099     
   1.7713249688331609     
   1.7776135908909347     
   1.7834174000639653     
   1.7891296632073981     
   1.7948017161690353     
   1.8004432172846756     
   1.8060569884744830     
   1.8116446064744773     
   1.8172073747043940     
   1.8227464976532750     
   1.8282631145569650     
   1.8337583083315878     
   1.8392331094727490     
   1.8446884992602401     
   1.8501254125616504     
   1.8555447404595786     
   1.8609473327100019     
   1.8663340000392439     
   1.8717055163073606     
   1.8770626205496876     
   1.8824060188367293     
   1.8877363861381187     
   1.8930543679607554     
   1.8983605819957043     
   1.9036556193532872     
   1.9089400463730994     
   1.9142144056189960     
   1.9194792173733985     
   1.9247349804606670     
   1.9299821736474139     
   1.9352212565078004     
   1.9404526704370109     
   1.9456768396956008     
   1.9508941719803570     
   1.9561050595686695     
   1.9613098796337478     
   1.9665089960474742     
   1.9717027583078954     
   1.9768915036676069     
   1.9820755571713915     
   1.9872552322716530     
   1.9924308313837833     
   1.9976026464013787     
   2.0027709591821394     
   2.0079360420061518     
   2.0130981580083520     
   2.0182575615904068     
   2.0234144988058027     
   2.0285692077564557     
   2.0337219187483417     
   2.0388728549782265     
   2.0440222327212472     
   2.0491702614483671     
   2.0543171441436709     
   2.0594630777325218     
   2.0646082532395509     
   2.0697528560436949     
   2.0748970661083597     
   2.0800410581954125     
   2.0851850020747555     
   2.0903290627212092     
   2.0954734005007785     
   2.1006181713500358     
   2.1057635269475710     
   2.1109096148740463     
   2.1160565787688799     
   2.1212045584838304     
   2.1263536901960283     
   2.1315041065831251     
   2.1366559370315832     
   2.1418093074618332     
   2.1469643405831662     
   2.1521211564019107     
   2.1572798717758674     
   2.1624406007674186     
   2.1676034547075993     
   2.1727685422926064     
   2.1779359696716361     
   2.1831058405349282     
   2.1882782561945069     
   2.1934533156662019     
   2.1986311157418217     
   2.2038117510662110     
   2.2089953142059597     
   2.2141818957174677     
   2.2193715842103545     
   2.2245644664126001     
   2.2297606272290329     
   2.2349601497965170     
   2.2401631155441550     
   2.2453696042444036     
   2.2505796940625054     
   2.2557934616089774     
   2.2610109819873663     
   2.2662323288365469     
   2.2714575743801402     
   2.2766867894658498     
   2.2819200436081331     
   2.2871574050265440     
   2.2923989406864500     
   2.2976447163335467     
   2.3028947965323834     
   2.3081492446985759     
   2.3134081231331991     
   2.3186714930546306     
   2.3239394146312016     
   2.3292119470091439     
   2.3344891483442831     
   2.3397710758274983     
   2.3450577857146162     
   2.3503493333504526     
   2.3556457731967875     
   2.3609471588550899     
   2.3662535430919527     
   2.3715649778607109     
   2.3768815143261905     
   2.3822032028846669     
   2.3875300931846106     
   2.3928622341495274     
   2.3981996739950682     
   2.4035424602500219     
   2.4088906397749001     
   2.4142442587781936     
   2.4196033628371962     
   2.4249679969101070     
   2.4303382053587659     
   2.4357140319587911     
   2.4410955199197861     
   2.4464827118963051     
   2.4518756500062504     
   2.4572743758424131     
   2.4626789304874159     
   2.4680893545270677     
   2.4735056880633066     
   2.4789279707262279     
   2.4843562416876783     
   2.4897905396723514     
   2.4952309029689519     
   2.5006773694425317     
   2.5061299765442233     
   2.5115887613239400     
   2.5170537604382774     
   2.5225250101617456     
   2.5280025463960105     
   2.5334864046814149     
   2.5389766202041453     
   2.5444732278054669     
   2.5499762619898609     
   2.5554857569365428     
   2.5610017465043438     
   2.5665242642414441     
   2.5720533433934376     
   2.5775890169089117     
   2.5831313174498014     
   2.5886802773984474     
   2.5942359288598231     
   2.5997983036752053     
   2.6053674334238281     
   2.6109433494331364     
   2.6165260827803967     
   2.6221156643040135     
   2.6277121246058397     
   2.6333154940585266     
   2.6389258028122402     
   2.6445430807979990     
   2.6501673577350644     
   2.6557986631404131     
   2.6614370264426483     
   2.6670824763254619     
   2.6727350421587457     
   2.6783947525278888     
   2.6840616359726197     
   2.6897357208620796     
   2.6954170353910949     
   2.7011056075845556     
   2.7068014653017163     
   2.7125046362387772     
   2.7182151479358225     
   2.7239330277788132     
   2.7296583030029513     
   2.7353910006972297     
   2.7411311478081797     
   2.7468787711416334     
   2.7526338973696594     
   2.7583965530309249     
   2.7641667645352963     
   2.7699445581686244     
   2.7757299600993051     
   2.7815229963700809     
   2.7873236929035845     
   2.7931320754563882     
   2.7989481699040621     
   2.8047720016744604     
   2.8106035961343290     
   2.8164429789800014     
   2.8222901753150613     
   2.8281452103692910     
   2.8340081090850759     
   2.8398788964615758     
   2.8457575975866773     
   2.8516442371567239     
   2.8575388399570363     
   2.8634414307505960     
   2.8693520338789362     
   2.8752706736900087     
   2.8811973751367326     
   2.8871321620562465     
   2.8930750588213168     
   2.8990260896358104     
   2.9049852784413082     
   2.9109526495777533     
   2.9169282268937851     
   2.9229120342928256     
   2.9289040956184591     
   2.9349044346549200     
   2.9409130751246422     
   2.9469300406927381     
   2.9529553549668326     
   2.9589890414988367     
   2.9650311237877962     
   2.9710816252791123     
   2.9771405693679598     
   2.9832079793988688     
   2.9892838786693869     
   2.9953682904296821     
   3.0014612378848438     
   3.0075627441927937     
   3.0136728324693989     
   3.0197915257892869     
   3.0259188471879606     
   3.0320548196585144     
   3.0381994661574048     
   3.0443528096041335     
   3.0505148728797642     
   3.0566856788339951     
   3.0628652502795135     
   3.0690536099962720     
   3.0752507807353315     
   3.0814567852149217     
   3.0876716462887632     
   3.0938953862670884     
   3.1001280278395869     
   3.1063695938555247     
   3.1126201067641222     
   3.1188795891012395     
   3.1251480633891822     
   3.1314255521630758     
   3.1377120779738013     
   3.1440076632884959     
   3.1503123304778304     
   3.1566261019196080     
   3.1629490000888421     
   3.1692810472275843     
   3.1756222653936077     
   3.1819726776490440     
   3.1883323060136157     
   3.1947011727871524     
   3.2010793002683076     
   3.2074667107395913     
   3.2138634264717409     
   3.2202694697196437     
   3.2266848627298472     
   3.2331096277343621     
   3.2395437869529391     
   3.2459873625991453     
   3.2524403768739747     
   3.2589028519680241     
   3.2653748100667443     
   3.2718562733455641     
   3.2783472639706646     
   3.2848478041045386     
   3.2913579159018633     
   3.2978776215109304     
   3.3044069430741083     
   3.3109459027330730     
   3.3174945226206654     
   3.3240528248678349     
   3.3306208316029586     
   3.3371985649499072     
   3.3437860470315752     
   3.3503832999700691     
   3.3569903458833816     
   3.3636072068919081     
   3.3702339051131163     
   3.3768704626666088     
   3.3835169016699553     
   3.3901732442445294     
   3.3968395125123352     
   3.4035157285956492     
   3.4102019146200973     
   3.4168980927156025     
   3.4236042850117441     
   3.4303205136452410     
   3.4370468007536790     
   3.4437831684821067     
   3.4505296389747473     
   3.4572862343878086     
   3.4640529768795116     
   3.4708298886122679     
   3.4776169917568991     
   3.4844143084911399     
   3.4673264930341441     
   3.4494167884736928     
   3.4314682954690605     
   3.4135817234430017     
   3.3957770997373822     
   3.3780611921026602     
   3.3604381881811873     
   3.3429115397487625     
   3.3254843022315304     
   3.3081592128000348     
   3.2909387218137613     
   3.2738250149247494     
   3.2568200325339420     
   3.2399254876226951     
   3.2231428822824792     
   3.2064735230572250     
   3.1899185352093800     
   3.1734788759880241     
   3.1571553469446396     
   3.1409486054002671     
   3.1248591750713390     
   3.1088874560974440     
   3.0930337342347136     
   3.0772981893209068     
   3.0616809033849788     
   3.0461818680112360     
   3.0308009913704841     
   3.0155381045216956     
   3.0003929675375147     
   2.9853652750283675     
   2.9704546613652369     
   2.9556607054961930     
   2.9409829355844392     
   2.9264208330744155     
   2.9119738365247008     
   2.8976413452786511     
   2.8834227235981329     
   2.8693173023794043     
   2.8553243831504957     
   2.8414432416082396     
   2.8276731275010945     
   2.8140132696868996     
   2.8004628771521611     
   2.7870211412317061     
   2.7736872375891366     
   2.7604603278863604     
   2.7473395616805210     
   2.7343240777778823     
   2.7214130057875061     
   2.7086054675383315     
   2.6959005779920147     
   2.6832974467491906     
   2.6707951790432642     
   2.6583928766153315     
   2.6460896388448121     
   2.6338845634850165     
   2.6217767474956184     
   2.6097652877897306     
   2.5978492819208761     
   2.5860278287237035     
   2.5743000289029765     
   2.5626649855822445     
   2.5511218047711441     
   2.5396695959714348     
   2.5283074723987147     
   2.5170345515140422     
   2.5058499553524305     
   2.4947528108395272     
   2.4837422501682145     
   2.4728174109724335     
   2.4619774366327061     
   2.4512214765591529     
   2.4405486863062107     
   2.4299582278249425     
   2.4194492645405510     
   2.4090209819535016     
   2.3986725569164835     
   2.3884031784593249     
   2.3782120426938138     
   2.3680983529091995     
   2.3580613196529687     
   2.3481001608054344     
   2.3382141016393208     
   2.3284023748707345     
   2.3186642207014057     
   2.3089988868520512     
   2.2994056285863533     
   2.2898837087285457     
   2.2804323976723184     
   2.2710509733865600     
   2.2617387214104534     
   2.2524949348500285     
   2.2433189143513932     
   2.2342099680989982     
   2.2251674117831075     
   2.2161905685746293     
   2.2072787690928437     
   2.1984313513714100     
   2.1896476608196673     
   2.1809270501831794     
   2.1783707777806036     
   2.1759773945778083     
   2.1736310077394485     
   2.1713194725123452     
   2.1690405013626912     
   2.1667929088815518     
   2.1645756788985366     
   2.1623878550022484     
   2.1602285254129012     
   2.1580968192329641     
   2.1559919039606865     
   2.1539129834206832     
   2.1518592959253411     
   2.1498301123045471     
   2.1478247343012913     
   2.1458424929010991     
   2.1438827468381398     
   2.1419448811624759     
   2.1400283058689067     
   2.1381324547300720     
   2.1362567839586100     
   2.1344007711988850     
   2.1325639143644475     
   2.1307457307602755     
   2.1289457560607308     
   2.1271635434471721     
   2.1253986627836583     
   2.1236506997461522     
   2.1219192551744137     
   2.1202039443399223     
   2.1185043962596675     
   2.1168202530816282     
   2.1151511694262126     
   2.1134968119382056     
   2.1118568586697344     
   2.1102309986109993     
   2.1086189311521859     
   2.1070203657193645     
   2.1054350212848747     
   2.1038626259765478     
   2.1023029166889136     
   2.1007556387530357     
   2.0992205454487323     
   2.0976973978812348     
   2.0961859645299077     
   2.0946860209852005     
   2.0931973496618821     
   2.0917197395303782     
   2.0902529858613343     
   2.0887968899788523     
   2.0873512590281571     
   2.0859159057546401     
   2.0844906482914642     
   2.0830753099566506     
   2.0816697190627629     
   2.0802737087326406     
   2.0788871167228837     
   2.0775097852572970     
   2.0761415608669478     
   2.0747822942063925     
   2.0734318400287859     
   2.0720900568652296     
   2.0707568070098308     
   2.0694319563626360     
   2.0681153743064757     
   2.0668069335857640     
   2.0655065102089969     
   2.0642139833167539     
   2.0629292350940824     
   2.0616521506531305     
   2.0603826179938411     
   2.0591205278344686     
   2.0578657735525203     
   2.0566182511267210     
   2.0553778590300360     
   2.0541444981514396     
   2.0529180717211664     
   2.0516984852704110     
   2.0504856465059635     
   2.0492794652804474     
   2.0480798535385869     
   2.0468867251758072     
   2.0456999960949074     
   2.0445195840724661     
   2.0433454087211578     
   2.0421773914384658     
   2.0410154553447248     
   2.0398595252487728     
   2.0387095275883098     
   2.0375653903870381     
   2.0364270432089717     
   2.0352944171385223     
   2.0341674446455280     
   2.0330460596826843     
   2.0319301975552548     
   2.0308197949055962     
   2.0297147896870955     
   2.0286151210850378     
   2.0275207295489661     
   2.0264315567101709     
   2.0253475453710994     
   2.0242686394791307     
   2.0231947840424485     
   2.0221259251872015     
   2.0210620100707737     
   2.0200029868706100     
   2.0189488047394542     
   2.0178994138398063     
   2.0168547652379996     
   2.0158148109265661     
   2.0147795037929628     
   2.0137487975973452     
   2.0127226469470183     
   2.0117010072787012     
   2.0106838348355347     
   2.0096710866474412     
   2.0086627205118348     
   2.0076586949750785     
   2.0066589693125745     
   2.0056635035125208     
   2.0046722582580774     
   2.0036851949100485     
   2.0027022754916231     
   2.0017234626703404     
   2.0007487197455309     
   1.9997780106312630     
   1.9988112998428005     
   1.9978485524811747     
   1.9968897342212211     
   1.9959348112971307     
   1.9949837504895713     
   1.9940365191128058     
   1.9930930850037161     
   1.9921534165074415     
   1.9912174824688846     
   1.9902852522184400     
   1.9893566955630200     
   1.9884317827742597     
   1.9875104845795013     
   1.9865927721494956     
   1.9856786170900036     
   1.9847679914332288     
   1.9838608676257121     
   1.9829572185226960     
   1.9820570173748635     
   1.9811602378251074     
   1.9802668538956603     
   1.9793768399813205     
   1.9784901708437546     
   1.9776068216006100     
   1.9767267677193197     
   1.9758499850098727     
   1.9749764496174640     
   1.9741061380162683     
   1.9732390270003257     
   1.9723750936805757     
   1.9715143154757735     
   1.9706566701060750     
   1.9698021355887543     
   1.9689506902313902     
   1.9681023126247268     
   1.9672569816396914     
   1.9664146764187787     
   1.9655753763743771     
   1.9647390611791669     
   1.9639057107653037     
   1.9630753053161016     
   1.9622478252626430     
   1.9614232512790988     
   1.9606015642776002     
   1.9597827454045018     
   1.9589667760350649     
   1.9581536377689162     
   1.9573433124280837     
   1.9565357820492133     
   1.9557310288827816     
   1.9549290353885449     
   1.9541297842301024     
   1.9533332582723202     
   1.9525394405783731     
   1.9517483144052175     
   1.9509598632004428     
   1.9501740705984942     
   1.9493909204177087     
   1.9486103966572033     
   1.9478324834941569     
   1.9470571652789697     
   1.9462844265343451     
   1.9455142519511026     
   1.9447466263861457     
   1.9439815348576779     
   1.9432189625457783     
   1.9424588947867367     
   1.9417013170716173     
   1.9409462150436958     
   1.9401935744957497     
   1.9394433813683034     
   1.9386956217463054     
   1.9379502818558887     
   1.9372073480649465     
   1.9364668068788167     
   1.9357286449380904     
   1.9349928490166650     
   1.9342594060204008     
   1.9335283029844728     
   1.9327995270701752     
   1.9320730655659304     
   1.9313489058826276     
   1.9306270355521162     
   1.9299074422264908     
   1.9291901136759042     
   1.9284750377859405     
   1.9277622025567773     
   1.9270515961011028     
   1.9263432066426300     
   1.9256370225141166     
   1.9249330321561240     
   1.9242312241156301     
   1.9235315870438012     
   1.9228341096946948     
   1.9221387809240353     
   1.9214455896881848     
   1.9207545250421072     
   1.9200655761366694     
   1.9193787322208746     
   1.9186939826362626     
   1.9180113168194932     
   1.9173307242976616     
   1.9166521946895732     
   1.9159757177028618     
   1.9153012831341867     
   1.9146288808666931     
   1.9139585008695486     
   1.9132901331960894     
   1.9126237679849334     
   1.9119593954555352     
   1.9112970059095595     
   1.9106365897289004     
   1.9099781373745623     
   1.9093216393862908     
   1.9086670863802278     
   1.9080144690500846     
   1.9073637781637629     
   1.9067150045643257     
   1.9060681391670546     
   1.9054231729615942     
   1.9047800970069548     
   1.9041389024348965     
   1.9034995804458910     
   1.9028621223093891     
   1.9022265193627330     
   1.9015927630112472     
   1.9009608447263715     
   1.9003307560452360     
   1.8997024885698970     
   1.8990760339660540     
   1.8984513839636070     
   1.8978285303540190     
   1.8972074649913797     
   1.8965881797902446     
   1.8959706667264842     
   1.8953549178345561     
   1.8947409252088634     
   1.8941286810013376     
   1.8935181774224070     
   1.8929094067384649     
   1.8923023612732237     
   1.8916970334057781     
   1.8910934155702410     
   1.8904915002549390     
   1.8898912800028471     
   1.8892927474088062     
   1.8886958951221051     
   1.8881007158425192     
   1.8875072023226918     
   1.8869153473650293     
   1.8863251438231592     
   1.8857365846005123     
   1.8851496626492894     
   1.8845643709711728     
   1.8839807026151121     
   1.8833986506791367     
   1.8828182083079792     
   1.8822393686923287     
   1.8816621250703951     
   1.8810864707254737     
   1.8805123989862784     
   1.8799399032264856     
   1.8793689768637258     
   1.8787996133599327     
   1.8782318062208680     
   1.8776655489948093     
   1.8771008352722320     
   1.8765376587313969     
   1.8759760129602017     
   1.8754158917137904     
   1.8748572887520971     
   1.8743001978722438     
   1.8737446129125188     
   1.8731905277498462     
   1.8726379363006693     
   1.8720868325208031     
   1.8715372104038048     
   1.8709890639824001     
   1.8704423873262468     
   1.8698971745431159     
   1.8693534197767814     
   1.8688111172085893     
   1.8682702610566371     
   1.8677308455736477     
   1.8671928650495149     
   1.8666563138085721     
   1.8661211862099683     
   1.8655874766477791     
   1.8650551795511510     
   1.8645242893826421     
   1.8639948006380838     
   1.8634667078471414     
   1.8629400055729444     
   1.8624146884107760     
   1.8618907509884968     
   1.8613681879666788     
   1.8608469940372576     
   1.8603271639241701     
   1.8598086923818395     
   1.8592915741969598     
   1.8587758041858118     
   1.8582613771962295     
   1.8577482881057299     
   1.8572365318215278     
   1.8567261032809763     
   1.8562169974505345     
   1.8557092093260039     
   1.8552027339321726     
   1.8546975663219178     
   1.8541937015774312     
   1.8536911348084117     
   1.8531898611526609     
   1.8526898757757750     
   1.8521911738702348     
   1.8516937506565350     
   1.8511976013815454     
   1.8507027213191973     
   1.8502091057698462     
   1.8497167500597016     
   1.8492256495420647     
   1.8487357995950846     
   1.8482471956229614     
   1.8477598330553475     
   1.8472737073469265     
   1.8467888139776316     
   1.8463051484522064     
   1.8458227062991710     
   1.8453414830726529     
   1.8448614743501501     
   1.8443826757334558     
   1.8439050828481873     
   1.8434286913431388     
   1.8429534969164143     
   1.8424794952159185     
   1.8420066819808165     
   1.8415350529542391     
   1.8410646039011338     
   1.8405953306084111     
   1.8401272288845762     
   1.8396602945613769     
   1.8391945234920375     
   1.8387299115510742     
   1.8382664546351504     
   1.8378041486626013     
   1.8373429895725717     
   1.8368829733252205     
   1.8364240959020670     
   1.8359663533053152     
   1.8355097415573429     
   1.8350542567015546     
   1.8345998948020581     
   1.8341466519415888     
   1.8336945242242955     
   1.8332435077736082     
   1.8327935987325581     
   1.8323447932641548     
   1.8318970875506349     
   1.8314504777931004     
   1.8310049602120497     
   1.8305605310474689     
   1.8301171865573744     
   1.8296749230185458     
   1.8292337367267013     
   1.8287936239958735     
   1.8283545811578255     
   1.8279166045640656     
   1.8274796905820507     
   1.8270438356263565     
   1.8266090360472285     
   1.8261752882903008     
   1.8257425887961625     
   1.8253109340213347     
   1.8248803204397583     
   1.8244507445421838     
   1.8240222028365118     
   1.8235946918470598     
   1.8231682081159186     
   1.8227427482008609     
   1.8223183086766159     
   1.8218948861339330     
   1.8214724771801873     
   1.8210510784387284     
   1.8206306865493127     
   1.8202112981671446     
   1.8197929099636692     
   1.8193755186258398     
   1.8189591208563669     
   1.8185437133728095     
   1.8181292929092236     
   1.8177158562145770     
   1.8173034000524282     
   1.8168919212019339     
   1.8164814164573329     
   1.8160718826274906     
   1.8156633165358740     
   1.8152557150211492     
   1.8148490749360344     
   1.8144433931484316     
   1.8140386665397161     
   1.8136348920062086     
   1.8132320664582346     
   1.8128301868204200     
   1.8124292500306287     
   1.8120292530415978     
   1.8116301928194920     
   1.8112320663439556     
   1.8108348706085333     
   1.8104386026206676     
   1.8100432594003759     
   1.8096488379820672     
   1.8092553354125791     
   1.8088627487526467     
   1.8084710750749693     
   1.8080803114669737     
   1.8076904550278110     
   1.8073015028697224     
   1.8069134521181272     
   1.8065262999104548     
   1.8061400434117343     
   1.8057546797585642     
   1.8053702061362744     
   1.8049866197347173     
   1.8046039177540991     
   1.8042220974067882     
   1.8038411559223111     
   1.8034610905276436     
   1.8030818984757659     
   1.8027035770270909     
   1.8023261234533590     
   1.8019495350408703     
   1.8015738090840199     
   1.8011989428907929     
   1.8008249337796136     
   1.8004517790814465     
   1.8000794761378873     
   1.7997080223024851     
   1.7993374149397316     
   1.7989676514116963     
   1.7985987291325995     
   1.7982306454870030     
   1.7978633978835934     
   1.7974969837424295     
   1.7971314004943766     
   1.7967666455811195     
   1.7964027164576057     
   1.7960396105817864     
   1.7956773254299501     
   1.7953158584863016     
   1.7949552072455135     
   1.7945953692129200     
   1.7942363419044143     
   1.7938781228451708     
   1.7935207095715631     
   1.7931640996306688     
   1.7928082905776992     
   1.7924532799804327     
   1.7920990654144495     
   1.7917456444668107     
   1.7913930147337682     
   1.7910411738214693     
   1.7906901193460720     
   1.7903398489335336     
   1.7899903602191749     
   1.7896416508482709     
   1.7892937184748428     
   1.7889465607634403     
   1.7886001753501117     
   1.7882545599928281     
   1.7879097123469805     
   1.7875656301137177     
   1.7872223110043335     
   1.7868797527388312     
   1.7865379530462964     
   1.7861969096655190     
   1.7858566203433646     
   1.7855170828367448     
   1.7851782949109034     
   1.7848402543395856     
   1.7845029589066999     
   1.7841664064034350     
   1.7838305946306470     
   1.7834955213907608     
   1.7831611845155435     
   1.7828275818250239     
   1.7824947111541971     
   1.7821625703467903     
   1.7818311572547110     
   1.7815004697384620     
   1.7811705056676161     
   1.7808412629188375     
   1.7805127393777500     
   1.7801849329383543     
   1.7798578415029311     
   1.7795314629811865     
   1.7792057952912175     
   1.7788808363603510     
   1.7785565841217386     
   1.7782330365186663     
   1.7779101915009716     
   1.7775880470270449     
   1.7772666010626939     
   1.7769458515820433     
   1.7766257965390984     
   1.7763064339778589     
   1.7759877618690978     
   1.7756697782168496     
   1.7753524810338992     
   1.7750358683395258     
   1.7747199381618768     
   1.7744046885355678     
   1.7740901175027959     
   1.7737762231140701     
   1.7734630034261469     
   1.7731504565040748     
   1.7728385804193629     
   1.7725273732516302     
   1.7722168330869874     
   1.7719069580189428     
   1.7715977461487862     
   1.7712891955840837     
   1.7709813044399412     
   1.7706740708386628     
   1.7703674929089936     
   1.7700615687873573     
   1.7697562966160951     
   1.7694516745460851     
   1.7691477007337821     
   1.7688443733425712     
   1.7685416905433786     
   1.7682396505134907     
   1.7679382514366782     
   1.7676374915035662     
   1.7673373688791736     
   1.7670378818321995     
   1.7667390285422129     
   1.7664408072253830     
   1.7661432161058968     
   1.7658462534140398     
   1.7655499173866138     
   1.7652542062668322     
   1.7649591183043056     
   1.7646646517555156     
   1.7643708048825208     
   1.7640775759544760     
   1.7637849632462343     
   1.7634929650395788     
   1.7632015796215179     
   1.7629108052862144     
   1.7626206403341187     
   1.7623310830705567     
   1.7620421318085655     
   1.7617537848658755     
   1.7614660405674818     
   1.7611788972438103     
   1.7608923532312033     
   1.7606064068722183     
   1.7603210565154124     
   1.7600363005148556     
   1.7597521372309430     
   1.7594685650299704     
   1.7591855822839344     
   1.7589031873703067     
   1.7586213786731004     
   1.7583401545812847     
   1.7580595134899608     
   1.7577794538002198     
   1.7574999739184600     
   1.7572210722564943     
   1.7569427472322443     
   1.7566649972692863     
   1.7563878207965553     
   1.7561112162480015     
   1.7558351820643374     
   1.7555597166905192     
   1.7552848185774677     
   1.7550104861825864     
   1.7547367179669298     
   1.7544635123911050     
   1.7541908679406668     
   1.7539187830878649     
   1.7536472563161221     
   1.7533762861134872     
   1.7531058709743119     
   1.7528360093972977     
   1.7525666998873566     
   1.7522979409537478     
   1.7520297311115280     
   1.7517620688804127     
   1.7514949527857249     
   1.7512283813576353     
   1.7509623531317893     
   1.7506968666479625     
   1.7504319204519110     
   1.7501675130942442     
   1.7499036431306327     
   1.7496403091210877     
   1.7493775096315134     
   1.7491152432316444     
   1.7488535084974066     
   1.7485923039950346     
   1.7483316283363493     
   1.7480714800992423     
   1.7478118578771984     
   1.7475527602701932     
   1.7472941858824291     
   1.7470361333231124     
   1.7467786012059845     
   1.7465215881499221     
   1.7462650927780230     
   1.7460091137182430     
   1.7457536496034785     
   1.7454986990709538     
   1.7452442607626804     
   1.7449903333249948     
   1.7447369154095338     
   1.7444840056712116     
   1.7442316027708913     
   1.7439797053735533     
   1.7437283121477767     
   1.7434774217819711     
   1.7432270329262127     
   1.7429771442768827     
   1.7427277545217712     
   1.7424788623521419     
   1.7422304664636459     
   1.7419825655570822     
   1.7417351583369174     
   1.7414882435122017     
   1.7412418197965680     
   1.7409958859072343     
   1.7407504405648631     
   1.7405054824985513     
   1.7402610104375356     
   1.7400170231162935     
   1.7397735192740631     
   1.7395304976535999     
   1.7392879570024418     
   1.7390458960717923     
   1.7388043136175662     
   1.7385632083993361     
   1.7383225791808083     
   1.7380824247301279     
   1.7378427438193969     
   1.7376035352240966     
   1.7373647977249471     
   1.7371265301060099     
   1.7368887311553642     
   1.7366513996649031     
   1.7364145344309929     
   1.7361781342538687     
   1.7359421979371743     
   1.7357067242889797     
   1.7354717121213923     
   1.7352371602501082     
   1.7350030674944583     
   1.7347694326782646     
   1.7345362546284546     
   1.7343035321767917     
   1.7340712641580285     
   1.7338394494107228     
   1.7336080867779222     
   1.7333771751056688     
   1.7331467132442031     
   1.7329167000473309     
   1.7326871343805854     
   1.7324580150898770     
   1.7322293410468474     
   1.7320011111216265     
   1.7317733241854585     
   1.7315459791148498     
   1.7313190747894087     
   1.7310926100922770     
   1.7308665839105153     
   1.7306409951340178     
   1.7304158426574048     
   1.7301911253777609     
   1.7299668421967591     
   1.7297429920185907     
   1.7295195737520153     
   1.7292965863081176     
   1.7290740286023136     
   1.7288518995534585     
   1.7286301980836325     
   1.7284089231181219     
   1.7281880735863353     
   1.7279676484205988     
   1.7277476465569732     
   1.7275280669344597     
   1.7273089084956614     
   1.7270901701867591     
   1.7268718509571179     
   1.7266539497596203     
   1.7264364655499209     
   1.7262193972880127     
   1.7260027439358674     
   1.7257865044602161     
   1.7255706778374973     
   1.7253552630249218     
   1.7251402590060489     
   1.7249256647598996     
   1.7247114792684943     
   1.7244977015178562     
   1.7242843304960582     
   1.7240713651953201     
   1.7238588046103276     
   1.7236466477399641     
   1.7234348935851440     
   1.7232235411503167     
   1.7230125894434130     
   1.7228020374748751     
   1.7225918842587222     
   1.7223821288119368     
   1.7221727701546432     
   1.7219638073097403     
   1.7217552393035709     
   1.7215470651651477     
   1.7213392839271251     
   1.7211318946244676     
   1.7209248962956656     
   1.7207182879817717     
   1.7205120687268054     
   1.7203062375790228     
   1.7201007935875534     
   1.7198957358063498     
   1.7196910632911320     
   1.7194867751010685     
   1.7192828702983547     
   1.7190793479475450     
   1.7188762071164549     
   1.7186734468757001     
   1.7184710662991884     
   1.7182690644632557     
   1.7180674404470520     
   1.7178661933325938     
   1.7176653222049125     
   1.7174648261519123     
   1.7172647042641700     
   1.7170649556347257     
   1.7168655793605061     
   1.7166665745396530     
   1.7164679402743777     
   1.7162696756690756     
   1.7160717798311815     
   1.7158742518701462     
   1.7156770908993608     
   1.7154802960337288     
   1.7152838663917940     
   1.7150878010940274     
   1.7148920992641836     
   1.7146967600283800     
   1.7145017825154707     
   1.7143071658571203     
   1.7141129091873646     
   1.7139190116432754     
   1.7137254723640036     
   1.7135322904917816     
   1.7133394651713167     
   1.7131469955497252     
   1.7129548807771717     
   1.7127631200058155     
   1.7125717123907467     
   1.7123806570895068     
   1.7121899532624014     
   1.7119996000723792     
   1.7118095966838485     
   1.7116199422651615     
   1.7114306359861842     
   1.7112416770200714     
   1.7110530645420270     
   1.7108647977295186     
   1.7106768757630353     
   1.7104892978248554     
   1.7103020631101045     
   1.7101151707874114     
   1.7099286200557404     
   1.7097424101077878     
   1.7095565401388968     
   1.7093710093458532     
   1.7091858169284424     
   1.7090009620889601     
   1.7088164440318250     
   1.7086322619637000     
   1.7084484150941814     
   1.7082649026348218     
   1.7080817237995432     
   1.7078988778043969     
   1.7077163638684507     
   1.7075341812124216     
   1.7073523290594288     
   1.7071708066356488     
   1.7069896131685209     
   1.7068087478885070     
   1.7066282100277681     
   1.7064479988214614     
   1.7062681135062381     
   1.7060885533218892     
   1.7059093175093918     
   1.7057304053130002     
   1.7055518159784138     
   1.7053735487570232     
   1.7051956028935842     
   1.7050179776435099     
   1.7048406722617964     
   1.7046636860056583     
   1.7044870181339840     
   1.7043106679086972     
   1.7041346345933051     
   1.7039589174532246     
   1.7037835157573733     
   1.7036084287747448     
   1.7034336557783714     
   1.7032591960423338     
   1.7030850488435350     
   1.7029112134598490     
   1.7027376891727675     
   1.7025644752647304     
   1.7023915710211792     
   1.7022189757288186     
   1.7020466886766461     
   1.7018747091558035     
   1.7017030364602832     
   1.7015316698844272     
   1.7013606087267228     
   1.7011898522854760     
   1.7010193998626644     
   1.7008492507619786     
   1.7006794042890339     
   1.7005098597508459     
   1.7003406164573591     
   1.7001716737196180     
   1.7000030308519525     
   1.6998346871692769     
   1.6996666419895905     
   1.6994988946320688     
   1.6993314444179961     
   1.6991642906713238     
   1.6989974327167576     
   1.6988308698824079     
   1.6986646014968414     
   1.6984986268915008     
   1.6983329453998357     
   1.6981675563564271     
   1.6980024590984728     
   1.6978376529645753     
   1.6976731372956768     
   1.6975089114146598     
   1.6973449747050551     
   1.6971813264947526     
   1.6970179661309415     
   1.6968548929642486     
   1.6966921063465554     
   1.6965296056318899     
   1.6963673901758878     
   1.6962054593358722     
   1.6960438124713886     
   1.6958824489438591     
   1.6957213681160723     
   1.6955605693530076     
   1.6954000520212338     
   1.6952398154891866     
   1.6950798591272196     
   1.6949201823073552     
   1.6947607844034480     
   1.6946016647911317     
   1.6944428228476673     
   1.6942842579523603     
   1.6941259694858428     
   1.6939679568311938     
   1.6938102193723708     
   1.6936527564956450     
   1.6934955675891723     
   1.6933386520423555     
   1.6931820092465384     
   1.6930256385946301     
   1.6928695394816675     
   1.6927137113039585     
   1.6925581534594896     
   1.6924028653486023     
   1.6922478463722830     
   1.6920930959341436     
   1.6919386134390229     
   1.6917843982933396     
   1.6916304499055765     
   1.6914767676852873     
   1.6913233510443497     
   1.6911701993959545     
   1.6910173121546979     
   1.6908646887371519     
   1.6907123285614387     
   1.6905602310474199     
   1.6904083956160723     
   1.6902568216906173     
   1.6901055086957335     
   1.6899544560576492     
   1.6898036632036066     
   1.6896531295637207     
   1.6895028545682287     
   1.6893528376502294     
   1.6892030782436209     
   1.6890535757838225     
   1.6889043297084083     
   1.6887553394562911     
   1.6886066044674786     
   1.6884581241839403     
   1.6883098980493851     
   1.6881619255085376     
   1.6880142060081300     
   1.6878667389958879     
   1.6877195239218654     
   1.6875725602367420     
   1.6874258473934387     
   1.6872793848458874     
   1.6871331720495939     
   1.6869872084621438     
   1.6868414935414802     
   1.6866960267483375     
   1.6865508075438445     
   1.6864058353912068     
   1.6862611097550426     
   1.6861166301015724     
   1.6859723958974953     
   1.6858284066125437     
   1.6856846617165842     
   1.6855411606816550     
   1.6853979029810906     
   1.6852548880891589     
   1.6851121154824868     
   1.6849695846385042     
   1.6848272950362813     
   1.6846852461560318     
   1.6845434374794517     
   1.6844018684900037     
   1.6842605386725589     
   1.6841194475128973     
   1.6839785944983954     
   1.6838379791177556     
   1.6836976008614053     
   1.6835574592211404     
   1.6834175536894991     
   1.6832778837611526     
   1.6831384489316452     
   1.6829992486979959     
   1.6828602825589076     
   1.6827215500138322     
   1.6825830505642736     
   1.6824447837124550     
   1.6823067489622989     
   1.6821689458189495     
   1.6820313737888142     
   1.6818940323799634     
   1.6817569211012302     
   1.6816200394632634     
   1.6814833869779766     
   1.6813469631581450     
   1.6812107675183066     
   1.6810747995742532     
   1.6809390588428506     
   1.6808035448358185     
   1.6806682570858409     
   1.6805331951075300     
   1.6803983584226572     
   1.6802637465550636     
   1.6801293590288653     
   1.6799951953706425     
   1.6798612551070691     
   1.6797275377670964     
   1.6795940428800715     
   1.6794607699770918     
   1.6793277185904754     
   1.6791948882537289     
   1.6790622785018112     
   1.6789298888702258     
   1.6787977188962744     
   1.6786657681184476     
   1.6785340360765260     
   1.6784025223110803     
   1.6782712263643327     
   1.6781401477796001     
   1.6780092861012783     
   1.6778786408751076     
   1.6777482116480738     
   1.6776179979680388     
   1.6774879993845355     
   1.6773582154477737     
   1.6772286457098571     
   1.6770992897229577     
   1.6769701470416893     
   1.6768412172208738     
   1.6767124998168417     
   1.6765839943874625     
   1.6764557004910872     
   1.6763276176876059     
   1.6761997455380004     
   1.6760720836044587     
   1.6759446314502211     
   1.6758173886399850     
   1.6756903547387103     
   1.6755635293138693     
   1.6754369119324319     
   1.6753105021639256     
   1.6751842995783317     
   1.6750583037469950     
   1.6749325142419420     
   1.6748069306366764     
   1.6746815525056689     
   1.6745563794247809     
   1.6744314109706451     
   1.6743066467212244     
   1.6741820862551906     
   1.6740577291528662     
   1.6739335749950639     
   1.6738096233645381     
   1.6736858738438936     
   1.6735623260180557     
   1.6734389794721380     
   1.6733158337927263     
   1.6731928885677272     
   1.6730701433850939     
   1.6729475978352424     
   1.6728252515086335     
   1.6727031039967364     
   1.6725811548932068     
   1.6724594037913341     
   1.6723378502862911     
   1.6722164939740691     
   1.6720953344518037     
   1.6719743713174500     
   1.6718536041700280     
   1.6717330326098863     
   1.6716126562378986     
   1.6714924746566306     
   1.6713724874689744     
   1.6712526942792627     
   1.6711330946928376     
   1.6710136883157161     
   1.6708944747550860     
   1.6707754536194519     
   1.6706566245178858     
   1.6705379870605896     
   1.6704195408218094     
   1.6703012854870063     
   1.6701832206337668     
   1.6700653458757071     
   1.6699476608280865     
   1.6698301651066274     
   1.6697128583290837     
   1.6695957401129944     
   1.6694788100778599     
   1.6693620678433547     
   1.6692455130304495     
   1.6691291452613202     
   1.6690129641587488     
   1.6688969693466567     
   1.6687811604498091     
   1.6686655370938286     
   1.6685500989054276     
   1.6684348455123093     
   1.6683197765431264     
   1.6682048916273022     
   1.6680901903951908     
   1.6679756724781725     
   1.6678613375087306     
   1.6677471851198717     
   1.6676332149456459     
   1.6675194266213302     
   1.6674058197828721     
   1.6672923940669913     
   1.6671791491117083     
   1.6670660845555014     
   1.6669532000380054     
   1.6668404951997993     
   1.6667279696822026     
   1.6666156231275993     
   1.6665034551790370     
   1.6663914654806224     
   1.6662796536774078     
   1.6661680194152659     
   1.6660565623408932     
   1.6659452821015135     
   1.6658341783463482     
   1.6657232507240110     
   1.6656124988853063     
   1.6655019224808361     
   1.6653915211630084     
   1.6652812945841922     
   1.6651712423984613     
   1.6650613642599839     
   1.6649516598245055     
   1.6648421287481114     
   1.6647327706878587     
   1.6646235853016904     
   1.6645145722483989     
   1.6644057311876175     
   1.6642970617798709     
   1.6641885636865124     
   1.6640802365694216     
   1.6639720800919005     
   1.6638640939171767     
   1.6637562777104629     
   1.6636486311368848     
   1.6635411538629277     
   1.6634338455555260     
   1.6633267058825247     
   1.6632197345127200     
   1.6631129311156427     
   1.6630062953615570     
   1.6628998269218114     
   1.6627935254677759     
   1.6626873906729136     
   1.6625814222103763     
   1.6624756197546200     
   1.6623699829807381     
   1.6622645115646038     
   1.6621592051829481     
   1.6620540635131886     
   1.6619490862339235     
   1.6618442730238370     
   1.6617396235630004     
   1.6616351375321827     
   1.6615308146123218     
   1.6614266544859444     
   1.6613226568359880     
   1.6612188213461647     
   1.6611151477005082     
   1.6610116355847999     
   1.6609082846849457     
   1.6608050946874129     
   1.6607020652799136     
   1.6605991961509192     
   1.6604964869891699     
   1.6603939374843455     
   1.6602915473272377     
   1.6601893162089452     
   1.6600872438215915     
   1.6599853298578495     
   1.6598835740113131     
   1.6597819759757744     
   1.6596805354469353     
   1.6595792521200594     
   1.6594781256912392     
   1.6593771558581953     
   1.6592763423185455     
   1.6591756847707895     
   1.6590751829143968     
   1.6589748364495236     
   1.6588746450766991     
   1.6587746084973218     
   1.6586747264136856     
   1.6585749985286899     
   1.6584754245460018     
   1.6583760041699160     
   1.6582767371053015     
   1.6581776230578837     
   1.6580786617341519     
   1.6579798528411254     
   1.6578811960867672     
   1.6577826911795501     
   1.6576843378285071     
   1.6575861357435799     
   1.6574880846353441     
   1.6573901842150227     
   1.6572924341945514     
   1.6571948342867455     
   1.6570973842045449     
   1.6570000836622845     
   1.6569029323741855     
   1.6568059300561293     
   1.6567090764234789     
   1.6566123711933538     
   1.6565158140830190     
   1.6564194048104757     
   1.6563231430942227     
   1.6562270286534997     
   1.6561310612085554     
   1.6560352404799377     
   1.6559395661889962     
   1.6558440380576349     
   1.6557486558081391     
   1.6556534191642662     
   1.6555583278495958     
   1.6554633815889543     
   1.6553685801074325     
   1.6552739231304701     
   1.6551794103849833     
   1.6550850415979135     
   1.6549908164971283     
   1.6548967348108843     
   1.6548027962683458     
   1.6547090005989356     
   1.6546153475331395     
   1.6545218368016714     
   1.6544284681363941     
   1.6543352412690566     
   1.6542421559324980     
   1.6541492118606516     
   1.6540564087869569     
   1.6539637464461707     
   1.6538712245735030     
   1.6537788429050655     
   1.6536866011771316     
   1.6535944991269205     
   1.6535025364919189     
   1.6534107130105553     
   1.6533190284215276     
   1.6532274824648983     
   1.6531360748802686     
   1.6530448054083915     
   1.6529536737908630     
   1.6528626797693522     
   1.6527718230862074     
   1.6526811034849345     
   1.6525905207087543     
   1.6525000745021552     
   1.6524097646101445     
   1.6523195907780110     
   1.6522295527517179     
   1.6521396502779619     
   1.6520498831039061     
   1.6519602509771298     
   1.6518707536463280     
   1.6517813908602810     
   1.6516921623681622     
   1.6516030679208322     
   1.6515141072680484     
   1.6514252801615403     
   1.6513365863528420     
   1.6512480255944431     
   1.6511595976391615     
   1.6510713022404444     
   1.6509831391524323     
   1.6508951081296255     
   1.6508072089272821     
   1.6507194413007962     
   1.6506318050067421     
   1.6505442998020019     
   1.6504569254433843     
   1.6503696816893125     
   1.6502825682982618     
   1.6501955850291719     
   1.6501087316411835     
   1.6500220078949659     
   1.6499354135507442     
   1.6498489483699870     
   1.6497626121142004     
   1.6496764045457109     
   1.6495903254274318     
   1.6495043745224995     
   1.6494185515950370     
   1.6493328564091034     
   1.6492472887297807     
   1.6491618483226884     
   1.6490765349535523     
   1.6489913483889589     
   1.6489062883960142     
   1.6488213547420496     
   1.6487365471953630     
   1.6486518655244231     
   1.6485673094984443     
   1.6484828788868977     
   1.6483985734601396     
   1.6483143929887789     
   1.6482303372438096     
   1.6481464059971818     
   1.6480625990207725     
   1.6479789160875165     
   1.6478953569707158     
   1.6478119214436464     
   1.6477286092809489     
   1.6476454202572384     
   1.6475623541476576     
   1.6474794107279003     
   1.6473965897744827     
   1.6473138910636234     
   1.6472313143729160     
   1.6471488594800436     
   1.6470665261630311     
   1.6469843142006861     
   1.6469022233721902     
   1.6468202534571084     
   1.6467384042358684     
   1.6466566754887675     
   1.6465750669971706     
   1.6464935785427299     
   1.6464122099073755     
   1.6463309608736099     
   1.6462498312248943     
   1.6461688207443819     
   1.6460879292162776     
   1.6460071564250458     
   1.6459265021555067     
   1.6458459661932605     
   1.6457655483240985     
   1.6456852483344944     
   1.6456050660113370     
   1.6455250011419533     
   1.6454450535137568     
   1.6453652229155069     
   1.6452855091355658     
   1.6452059119633482     
   1.6451264311883009     
   1.6450470666009223     
   1.6449678179910328     
   1.6448886851105085     
   1.6448096678291202     
   1.6447307659007646     
   1.6446519791170635     
   1.6445733072711428     
   1.6444947501558180     
   1.6444163075650877     
   1.6443379792932289     
   1.6442597651348700     
   1.6441816648848533     
   1.6441036783387517     
   1.6440258052925838     
   1.6439480455428797     
   1.6438703988865146     
   1.6437928651204006     
   1.6437154440428849     
   1.6436381354516323     
   1.6435609391453108     
   1.6434838549231661     
   1.6434068825847208     
   1.6433300219296456     
   1.6432532727584819     
   1.6431766348718471     
   1.6431001080712235     
   1.6430236921578840     
   1.6429473869342410     
   1.6428711922024333     
   1.6427951077658118     
   1.6427191334274129     
   1.6426432689910209     
   1.6425675142608445     
   1.6424918690415571     
   1.6424163331382595     
   1.6423409063560988     
   1.6422655885013573     
   1.6421903793799137     
   1.6421152787989495     
   1.6420402865650232     
   1.6419654024859298     
   1.6418906263698674     
   1.6418159580247271     
   1.6417413972593260     
   1.6416669438830696     
   1.6415925977055978     
   1.6415183585366899     
   1.6414442261866817     
   1.6413702004664448     
   1.6412962811871668     
   1.6412224681605641     
   1.6411487611986022     
   1.6410751601135307     
   1.6410016647180483     
   1.6409282748256890     
   1.6408549902500515     
   1.6407818108048393     
   1.6407087363044948     
   1.6406357665639688     
   1.6405629013985801     
   1.6404901406234274     
   1.6404174840546564     
   1.6403449315087639     
   1.6402724828022071     
   1.6402001377522875     
   1.6401278961766781     
   1.6400557578929345     
   1.6399837227196432     
   1.6399117904753246     
   1.6398399609789973     
   1.6397682340499613     
   1.6396966095083338     
   1.6396250871740796     
   1.6395536668678448     
   1.6394823484106360     
   1.6394111316236173     
   1.6393400163285441     
   1.6392690023475396     
   1.6391980895031180     
   1.6391272776178787     
   1.6390565665152415     
   1.6389859560185951     
   1.6389154459519528     
   1.6388450361396030     
   1.6387747264062174     
   1.6387045165766554     
   1.6386344064767417     
   1.6385643959319622     
   1.6384944847684630     
   1.6384246728124798     
   1.6383549598914995     
   1.6382853458322326     
   1.6382158304625241     
   1.6381464136099348     
   1.6380770951032788     
   1.6380078747707718     
   1.6379387524416553     
   1.6378697279452743     
   1.6378008011113072     
   1.6377319717699230     
   1.6376632397513204     
   1.6375946048866001     
   1.6375260670065122     
   1.6374576259429598     
   1.6373892815276436     
   1.6373210335923554     
   1.6372528819701124     
   1.6371848264936573     
   1.6371168669961436     
   1.6370490033111740     
   1.6369812352727018     
   1.6369135627147957     
   1.6368459854723032     
   1.6367785033798778     
   1.6367111162731720     
   1.6366438239875545     
   1.6365766263591890     
   1.6365095232238700     
   1.6364425144187673     
   1.6363755997806295     
   1.6363087791465964     
   1.6362420523547845     
   1.6361754192426687     
   1.6361088796488730     
   1.6360424334119190     
   1.6359760803707986     
   1.6359098203646043     
   1.6358436532334557     
   1.6357775788168070     
   1.6357115969551921     
   1.6356457074891151     
   1.6355799102596824     
   1.6355142051081075     
   1.6354485918758390     
   1.6353830704047976     
   1.6353176405372107     
   1.6352523021159726     
   1.6351870549836147     
   1.6351218989834417     
   1.6350568339591123     
   1.6349918597541089     
   1.6349269762128775     
   1.6348621831798376     
   1.6347974804997378     
   1.6347328680177482     
   1.6346683455791318     
   1.6346039130298877     
   1.6345395702158640     
   1.6344753169833341     
   1.6344111531792491     
   1.6343470786505045     
   1.6342830932441652     
   1.6342191968081941     
   1.6341553891902449     
   1.6340916702386514     
   1.6340280398018061     
   1.6339644977287200     
   1.6339010438684189     
   1.6338376780705297     
   1.6337744001845416     
   1.6337112100606994     
   1.6336481075492117     
   1.6335850925007953     
   1.6335221647663696     
   1.6334593241974777     
   1.6333965706450972     
   1.6333339039617862     
   1.6332713239991223     
   1.6332088306096981     
   1.6331464236465103     
   1.6330841029624596     
   1.6330218684109443     
   1.6329597198453651     
   1.6328976571198053     
   1.6328356800885484     
   1.6327737886059055     
   1.6327119825269392     
   1.6326502617067216     
   1.6325886260005171     
   1.6325270752637924     
   1.6324656093529288     
   1.6324042281239632     
   1.6323429314335716     
   1.6322817191384080     
   1.6322205910957530     
   1.6321595471626762     
   1.6320985871973366     
   1.6320377110574218     
   1.6319769186012671     
   1.6319162096872910     
   1.6318555841742650     
   1.6317950419214720     
   1.6317345827883445     
   1.6316742066342256     
   1.6316139133192784     
   1.6315537027035822     
   1.6314935746478898     
   1.6314335290126691     
   1.6313735656590644     
   1.6313136844484852     
   1.6312538852424376     
   1.6311941679026996     
   1.6311345322916835     
   1.6310749782715086     
   1.6310155057050548     
   1.6309561144551654     
   1.6308968043851999     
   1.6308375753585056     
   1.6307784272389043     
   1.6307193598905678     
   1.6306603731775504     
   1.6306014669646816     
   1.6305426411165929     
   1.6304838954985956     
   1.6304252299758699     
   1.6303666444141787     
   1.6303081386794438     
   1.6302497126377720     
   1.6301913661555827     
   1.6301330990995158     
   1.6300749113366670     
   1.6300168027342679     
   1.6299587731595486     
   1.6299008224806744     
   1.6298429505651868     
   1.6297851572816644     
   1.6297274424984698     
   1.6296698060843526     
   1.6296122479083381     
   1.6295547678400020     
   1.6294973657484702     
   1.6294400415036852     
   1.6293827949759834     
   1.6293256260351821     
   1.6292685345521434     
   1.6292115203976654     
   1.6291545834428458     
   1.6290977235587969     
   1.6290409406173760     
   1.6289842344900562     
   1.6289276050492378     
   1.6288710521668879     
   1.6288145757159311     
   1.6287581755690628     
   1.6287018515993099     
   1.6286456036797616     
   1.6285894316842304     
   1.6285333354864697     
   1.6284773149607528     
   1.6284213699807579     
   1.6283655004217825     
   1.6283097061579359     
   1.6282539870646859     
   1.6281983430170792     
   1.6281427738906946     
   1.6280872795609960     
   1.6280318599044632     
   1.6279765147970782     
   1.6279212441152802     
   1.6278660477358133     
   1.6278109255356128     
   1.6277558773916776     
   1.6277009031817273     
   1.6276460027833544     
   1.6275911760742683     
   1.6275364229326299     
   1.6274817432370354     
   1.6274271368657263     
   1.6273726036979310     
   1.6273181436123603     
   1.6272637564884367     
   1.6272094422057144     
   1.6271552006438423     
   1.6271010316831358     
   1.6270469352035153     
   1.6269929110853532     
   1.6269389592093482     
   1.6268850794568721     
   1.6268312717084283     
   1.6267775358457790     
   1.6267238717505144     
   1.6266702793041228     
   1.6266167583890043     
   1.6265633088873848     
   1.6265099306814530     
   1.6264566236542148     
   1.6264033876887640     
   1.6263502226678779     
   1.6262971284751182     
   1.6262441049941725     
   1.6261911521086911     
   1.6261382697029363     
   1.6260854576612032     
   1.6260327158678201     
   1.6259800442076291     
   1.6259274425653709     
   1.6258749108265966     
   1.6258224488762441     
   1.6257700566003292     
   1.6257177338842879     
   1.6256654806144408     
   1.6256132966769108     
   1.6255611819580460     
   1.6255091363448868     
   1.6254571597238465     
   1.6254052519823901     
   1.6253534130077389     
   1.6253016426874261     
   1.6252499409093477     
   1.6251983075611778     
   1.6251467425313804     
   1.6250952457079670     
   1.6250438169798982     
   1.6249924562357874     
   1.6249411633647688     
   1.6248899382561983     
   1.6248387807991811     
   1.6247876908836616     
   1.6247366683992106     
   1.6246857132361656     
   1.6246348252846969     
   1.6245840044351498     
   1.6245332505785546     
   1.6244825636055256     
   1.6244319434072159     
   1.6243813898748976     
   1.6243309029000743     
   1.6242804823744541     
   1.6242301281902143     
   1.6241798402391261     
   1.6241296184136316     
   1.6240794626064898     
   1.6240293727099246     
   1.6239793486172580     
   1.6239293902215612     
   1.6238794974160085     
   1.6238296700944637     
   1.6237799081500510     
   1.6237302114773082     
   1.6236805799701108     
   1.6236310135227043     
   1.6235815120298336     
   1.6235320753861973     
   1.6234827034864550     
   1.6234333962258909     
   1.6233841534997742     
   1.6233349752037942     
   1.6232858612333141     
   1.6232368114844606     
   1.6231878258533599     
   1.6231389042363160     
   1.6230900465293825     
   1.6230412526299258     
   1.6229925224341641     
   1.6229438558396905     
   1.6228952527432376     
   1.6228467130425990     
   1.6227982366353935     
   1.6227498234192155     
   1.6227014732923088     
   1.6226531861528275     
   1.6226049618989598     
   1.6225568004296600     
   1.6225087016433131     
   1.6224606654390856     
   1.6224126917160375     
   1.6223647803735919     
   1.6223169313111927     
   1.6222691444285491     
   1.6222214196254781     
   1.6221737568023811     
   1.6221261558590712     
   1.6220786166962304     
   1.6220311392145599     
   1.6219837233145444     
   1.6219363688974540     
   1.6218890758646805     
   1.6218418441170634     
   1.6217946735565252     
   1.6217475640845203     
   1.6217005156032400     
   1.6216535280145967     
   1.6216066012207704     
   1.6215597351245488     
   1.6215129296283104     
   1.6214661846349168     
   1.6214195000473026     
   1.6213728757687349     
   1.6213263117023260     
   1.6212798077518906     
   1.6212333638210086     
   1.6211869798135674     
   1.6211406556334875     
   1.6210943911854960     
   1.6210481863733148     
   1.6210020411019339     
   1.6209559552761870     
   1.6209099288006172     
   1.6208639615806835     
   1.6208180535214110     
   1.6207722045284809     
   1.6207264145074487     
   1.6206806833640184     
   1.6206350110041672     
   1.6205893973342291     
   1.6205438422603335     
   1.6204983456891575     
   1.6204529075272180     
   1.6204075276812384     
   1.6203622060585245     
   1.6203169425659401     
   1.6202717371110107     
   1.6202265896012444     
   1.6201814999442101     
   1.6201364680479131     
   1.6200914938201612     
   1.6200465771692398     
   1.6200017180037314     
   1.6199569162316949     
   1.6199121717621510     
   1.6198674845038616     
   1.6198228543658264     
   1.6197782812572488     
   1.6197337650875694     
   1.6196893057659754     
   1.6196449032025630     
   1.6196005573068804     
   1.6195562679890074     
   1.6195120351593364     
   1.6194678587277405     
   1.6194237386052974     
   1.6193796747021134     
   1.6193356669292243     
   1.6192917151977049     
   1.6192478194186324     
   1.6192039795033673     
   1.6191601953632091     
   1.6191164669099130     
   1.6190727940552754     
   1.6190291767111580     
   1.6189856147896855     
   1.6189421082031101     
   1.6188986568640513     
   1.6188552606847473     
   1.6188119195782638     
   1.6187686334573017     
   1.6187254022349069     
   1.6186822258244391     
   1.6186391041391817     
   1.6185960370927135     
   1.6185530245986262     
   1.6185100665706302     
   1.6184671629228380     
   1.6184243135694738     
   1.6183815184250301     
   1.6183387774034521     
   1.6182960904198138     
   1.6182534573886318     
   1.6182108782248379     
   1.6181683528437614     
   1.6181258811600714     
   1.6180834630896737     
   1.6180410985478615     
   1.6179987874502375     
   1.6179565297130272     
   1.6179143252515806     
   1.6178721739826598     
   1.6178300758221393     
   1.6177880306865398     
   1.6177460384925659     
   1.6177040991569391     
   1.6176622125963460     
   1.6176203787280292     
   1.6175785974689028     
   1.6175368687365532     
   1.6174951924485439     
   1.6174535685221716     
   1.6174119968754224     
   1.6173704774260851     
   1.6173290100923015     
   1.6172875947925123     
   1.6172462314445328     
   1.6172049199674325     
   1.6171636602794524     
   1.6171224522996785     
   1.6170812959466325     
   1.6170401911400447     
   1.6169991377984703     
   1.6169581358416272     
   1.6169171851892876     
   1.6168762857606109     
   1.6168354374755625     
   1.6167946402540154     
   1.6167538940164272     
   1.6167131986825103     
   1.6166725541731342     
   1.6166319604085146     
   1.6165914173093425     
   1.6165509247964944     
   1.6165104827907433     
   1.6164700912134584     
   1.6164297499855593     
   1.6163894590284591     
   1.6163492182638681     
   1.6163090276131635     
   1.6162688869982764     
   1.6162287963410908     
   1.6161887555638010     
   1.6161487645881929     
   1.6161088233369749     
   1.6160689317325836     
   1.6160290896972174     
   1.6159892971542977     
   1.6159495540261732     
   1.6159098602360378     
   1.6158702157068676     
   1.6158306203623032     
   1.6157910741256465     
   1.6157515769202910     
   1.6157121286699578     
   1.6156727292985171     
   1.6156333787300785     
   1.6155940768885395     
   1.6155548236982773     
   1.6155156190834705     
   1.6154764629687668     
   1.6154373552789127     
   1.6153982959384487     
   1.6153592848722660     
   1.6153203220055521     
   1.6152814072633779     
   1.6152425405711810     
   1.6152037218541540     
   1.6151649510379433     
   1.6151262280482204     
   1.6150875528108395     
   1.6150489252518085     
   1.6150103452970723     
   1.6149718128730819     
   1.6149333279058491     
   1.6148948903220204     
   1.6148565000481760     
   1.6148181570110143     
   1.6147798611375959     
   1.6147416123546816     
   1.6147034105892606     
   1.6146652557687777     
   1.6146271478206284     
   1.6145890866721921     
   1.6145510722512399     
   1.6145131044852705     
   1.6144751833022413     
   1.6144373086303234     
   1.6143994803975892     
   1.6143616985323852     
   1.6143239629626474     
   1.6142862736174040     
   1.6142486303853709     
   1.6142110332736528     
   1.6141734821730813     
   1.6141359770121806     
   1.6140985177198506     
   1.6140611042254851     
   1.6140237364584347     
   1.6139864143481590     
   1.6139491378243174     
   1.6139119068164880     
   1.6138747212547235     
   1.6138375810692200     
   1.6138004861895958     
   1.6137634365463738     
   1.6137264320699742     
   1.6136894726906028     
   1.6136525583389978     
