   1.0000000000000000     
  0.99999999136364770     
  0.99999999128260209     
  0.99999999121073180     
  0.99999999114015159     
  0.99999999107079751     
  0.99999999100261627     
  0.99999999093555647     
  0.99999999086957025     
  0.99999999080461133     
  0.99999999074063628     
  0.99999999067760392     
  0.99999999061547462     
  0.99999999055421118     
  0.99999999049377775     
  0.99999999043414056     
  0.99999999037526743     
  0.99999999031712727     
  0.99999999025969100     
  0.99999999020293073     
  0.99999999014681984     
  0.99999999009133300     
  0.99999999003644591     
  0.99999998998213502     
  0.99999998992837880     
  0.99999998987515604     
  0.99999998982244631     
  0.99999998977023052     
  0.99999998971848991     
  0.99999998966720693     
  0.99999998961636494     
  0.99999998956594749     
  0.99999998951593905     
  0.99999998946632473     
  0.99999998941709056     
  0.99999998936822287     
  0.99999998931970813     
  0.99999998927153411     
  0.99999998922368849     
  0.99999998917615995     
  0.99999998912893739     
  0.99999998908200971     
  0.99999998903536724     
  0.99999998898899967     
  0.99999998894289766     
  0.99999998889705233     
  0.99999998885145414     
  0.99999998880609531     
  0.99999998876096763     
  0.99999998871606310     
  0.99999998867137441     
  0.99999998862689377     
  0.99999998858261474     
  0.99999998853853045     
  0.99999998849463445     
  0.99999998845091997     
  0.99999998840738158     
  0.99999998836401316     
  0.99999998832080905     
  0.99999998827776415     
  0.99999998823487268     
  0.99999998819213021     
  0.99999998814953150     
  0.99999998810707180     
  0.99999998806474655     
  0.99999998802255186     
  0.99999998798048262     
  0.99999998793853540     
  0.99999998789670608     
  0.99999998785499078     
  0.99999998781338584     
  0.99999998777188759     
  0.99999998773049259     
  0.99999998768919762     
  0.99999998764799924     
  0.99999998760689457     
  0.99999998756588049     
  0.99999998752495434     
  0.99999998748411278     
  0.99999998744335317     
  0.99999998740267326     
  0.99999998736207008     
  0.99999998732154127     
  0.99999998728108441     
  0.99999998724069750     
  0.99999998720037775     
  0.99999998716012328     
  0.99999998711993199     
  0.99999998707980164     
  0.99999998703973070     
  0.99999998699971671     
  0.99999998695975845     
  0.99999998691985348     
  0.99999998688000047     
  0.99999998684019764     
  0.99999998680044344     
  0.99999998676073587     
  0.99999998672107404     
  0.99999998668145595     
  0.99999998664188050     
  0.99999998660234635     
   1.0028415094165040     
   1.0057244258164695     
   1.0086462004674559     
   1.0116068815268338     
   1.0146065396227502     
   1.0176452647113627     
   1.0207231653580908     
   1.0238403681259540     
   1.0269970169820586     
   1.0301932727847414     
   1.0334293127093566     
   1.0367053299102951     
   1.0400215329125220     
   1.0433781454297044     
   1.0467754059054553     
   1.0502135671646129     
   1.0536928961526102     
   1.0572136737127282     
   1.0607761942955580     
   1.0643807656261468     
   1.0680277088322527     
   1.0717173579391468     
   1.0754500599243517     
   1.0792261744628753     
   1.0830460739173959     
   1.0869101432580603     
   1.0908187797980047     
   1.0947723934492330     
   1.0987714063853296     
   1.1028162532132275     
   1.1069073808809209     
   1.1110452486295219     
   1.1152303281488600     
   1.1194631035314508     
   1.1237440713360853     
   1.1280737405313963     
   1.1324526326976438     
   1.1368812822370351     
   1.1413602359904025     
   1.1458900538827663     
   1.1504713087067877     
   1.1551045864509997     
   1.1597904861538653     
   1.1645296203052986     
   1.1693226150080720     
   1.1741701098313795     
   1.1790727584671674     
   1.1840312284408272     
   1.1890462017223880     
   1.1941183745417385     
   1.1992484579196279     
   1.2044371777727210     
   1.2096852750911893     
   1.2149935062511936     
   1.2203626432899237     
   1.2257934741437007     
   1.2312868029259003     
   1.2368434502120191     
   1.2424642533046586     
   1.2481500665947540     
   1.2539017619266750     
   1.2597202287393827     
   1.2656063745658104     
   1.2715611255235539     
   1.2775854263119633     
   1.2836802407604084     
   1.2898465524090894     
   1.2960853646034216     
   1.3023977011076249     
   1.3087846064513602     
   1.3152471463787898     
   1.3217864082520840     
   1.3284035017286326     
   1.3350995589216637     
   1.3418757351460811     
   1.3487332092317912     
   1.3556731843507446     
   1.3626968882035344     
   1.3698055737856789     
   1.3770005199660829     
   1.3842830319832597     
   1.3916544420282306     
   1.3991161100619953     
   1.4066694242897455     
   1.4143158018970494     
   1.4220566896717217     
   1.4298935647873798     
   1.4378279355553898     
   1.4458613419700095     
   1.4539953567063943     
   1.4622315859216339     
   1.4705716697994653     
   1.4790172837244961     
   1.4875701388460882     
   1.4962319833080331     
   1.5050046029036701     
   1.5138898222096322     
   1.5228895051901974     
   1.5320055568261384     
   1.5412399236215837     
   1.5444910960886489     
   1.5476824148748012     
   1.5508538305919792     
   1.5540064201687553     
   1.5571409630267308     
   1.5602581980443566     
   1.5633588274904942     
   1.5664435191481654     
   1.5695129082954606     
   1.5725675995630799     
   1.5756081686765624     
   1.5786351640906555     
   1.5816491085227882     
   1.5846505003921458     
   1.5876398151704325     
   1.5906175066499908     
   1.5935840081345827     
   1.5965397335577940     
   1.5994850785336865     
   1.6024204213440254     
   1.6053461238661346     
   1.6082625324451483     
   1.6111699787141958     
   1.6140687803658227     
   1.6169592418777323     
   1.6198416551957338     
   1.6227163003765912     
   1.6255834461932970     
   1.6284433507051257     
   1.6312962617946780     
   1.6341424176739641     
   1.6369820473614682     
   1.6398153711319912     
   1.6426426009409507     
   1.6454639408247314     
   1.6482795872785467     
   1.6510897296132048     
   1.6538945502920619     
   1.6566942252493739     
   1.6594889241911868     
   1.6622788108798101     
   1.6650640434028774     
   1.6678447744279168     
   1.6706211514433018     
   1.6733933169863966     
   1.6761614088596561     
   1.6789255603353994     
   1.6816859003499225     
   1.6844425536875738     
   1.6871956411553910     
   1.6899452797488355     
   1.6926915828091520     
   1.6954346601728301     
   1.6981746183136259     
   1.7009115604775662     
   1.7036455868113376     
   1.7063767944844299     
   1.7091052778053908     
   1.7118311283325194     
   1.7145544349793058     
   1.7172752841149108     
   1.7199937596599602     
   1.7227099431779012     
   1.7254239139621745     
   1.7281357491194185     
   1.7308455236489242     
   1.7335533105185359     
   1.7362591807371910     
   1.7389632034242735     
   1.7416654458759466     
   1.7443659736286250     
   1.7470648505197266     
   1.7497621387458544     
   1.7524578989185293     
   1.7551521901175986     
   1.7578450699424446     
   1.7605365945610911     
   1.7632268187573201     
   1.7659157959758902     
   1.7686035783659553     
   1.7712902168227620     
   1.7739757610277169     
   1.7766602594868908     
   1.7793437595680457     
   1.7820263075362388     
   1.7847079485880846     
   1.7873887268847244     
   1.7900686855835666     
   1.7927478668688552     
   1.7954263119811171     
   1.7981040612455350     
   1.8007811540992971     
   1.8034576291179687     
   1.8061335240409222     
   1.8088088757958731     
   1.8114837205225545     
   1.8141580935955706     
   1.8168320296464588     
   1.8195055625849959     
   1.8221787256197826     
   1.8248515512781274     
   1.8275240714252665     
   1.8301963172829434     
   1.8328683194473674     
   1.8355401079065894     
   1.8382117120573027     
   1.8408831607211036     
   1.8435544821602203     
   1.8462257040927423     
   1.8488968537073620     
   1.8515679576776498     
   1.8542390421758754     
   1.8569101328863999     
   1.8595812550186479     
   1.8622524333196779     
   1.8649236920863639     
   1.8675950551772051     
   1.8702665460237722     
   1.8729381876418081     
   1.8756100026419926     
   1.8782820132403824     
   1.8809542412685381     
   1.8836267081833515     
   1.8862994350765798     
   1.8889724426840970     
   1.8916457513948779     
   1.8943193812597112     
   1.8969933519996678     
   1.8996676830143153     
   1.9023423933897012     
   1.9050175019061018     
   1.9076930270455505     
   1.9103689869991531     
   1.9130453996741905     
   1.9157222827010245     
   1.9183996534398065     
   1.9210775289869964     
   1.9237559261817014     
   1.9264348616118365     
   1.9291143516201124     
   1.9317944123098585     
   1.9344750595506868     
   1.9371563089839956     
   1.9398381760283259     
   1.9425206758845690     
   1.9452038235410334     
   1.9478876337783744     
   1.9505721211743863     
   1.9532573001086724     
   1.9559431847671829     
   1.9586297891466327     
   1.9613171270588032     
   1.9640052121347278     
   1.9666940578287646     
   1.9693836774225659     
   1.9720740840289366     
   1.9747652905955968     
   1.9774573099088415     
   1.9801501545971076     
   1.9828438371344452     
   1.9855383698439000     
   1.9882337649008079     
   1.9909300343360048     
   1.9936271900389526     
   1.9963252437607850     
   1.9990242071172779     
   2.0017240915917380     
   2.0044249085378256     
   2.0071266691822971     
   2.0098293846276887     
   2.0125330658549210     
   2.0152377237258450     
   2.0179433689857240     
   2.0206500122656497     
   2.0233576640849034     
   2.0260663348532524     
   2.0287760348731951     
   2.0314867743421456     
   2.0341985633545701     
   2.0369114119040659     
   2.0396253298853901     
   2.0423403270964444     
   2.0450564132402023     
   2.0477735979265974     
   2.0504918906743641     
   2.0532113009128308     
   2.0559318379836720     
   2.0586535111426230     
   2.0613763295611438     
   2.0641003023280549     
   2.0668254384511213     
   2.0695517468586155     
   2.0722792364008260     
   2.0750079158515433     
   2.0777377939095070     
   2.0804688791998149     
   2.0832011802753110     
   2.0859347056179249     
   2.0886694636399943     
   2.0914054626855516     
   2.0941427110315800     
   2.0968812168892423     
   2.0996209884050829     
   2.1023620336622000     
   2.1051043606813939     
   2.1078479774222871     
   2.1105928917844210     
   2.1133391116083278     
   2.1160866446765763     
   2.1188354987147995     
   2.1215856813926939     
   2.1243372003250003     
   2.1270900630724623     
   2.1298442771427633     
   2.1325998499914429     
   2.1353567890227958     
   2.1381151015907465     
   2.1408747949997116     
   2.1436358765054377     
   2.1463983533158251     
   2.1491622325917321     
   2.1519275214477638     
   2.1546942269530414     
   2.1574623561319610     
   2.1602319159649288     
   2.1630029133890876     
   2.1657753552990249     
   2.1685492485474684     
   2.1713245999459643     
   2.1741014162655414     
   2.1768797042373706     
   2.1796594705533958     
   2.1824407218669655     
   2.1852234647934448     
   2.1880077059108158     
   2.1907934517602681     
   2.1935807088467767     
   2.1963694836396681     
   2.1991597825731724     
   2.2019516120469724     
   2.2047449784267323     
   2.2075398880446242     
   2.2103363471998376     
   2.2131343621590882     
   2.2159339391571038     
   2.2187350843971139     
   2.2215378040513230     
   2.2243421042613756     
   2.2271479911388119     
   2.2299554707655203     
   2.2327645491941723     
   2.2355752324486602     
   2.2383875265245150     
   2.2412014373893250     
   2.2440169709831470     
   2.2468341332189015     
   2.2496529299827710     
   2.2524733671345838     
   2.2552954505081955     
   2.2581191859118599     
   2.2609445791285978     
   2.2637716359165525     
   2.2666003620093464     
   2.2694307631164281     
   2.2722628449234099     
   2.2750966130924066     
   2.2779320732623631     
   2.2807692310493772     
   2.2836080920470203     
   2.2864486618266460     
   2.2892909459376991     
   2.2921349499080188     
   2.2949806792441354     
   2.2978281394315587     
   2.3006773359350685     
   2.3035282741989982     
   2.3063809596475071     
   2.3092353976848585     
   2.3120915936956852     
   2.3149495530452548     
   2.3178092810797306     
   2.3206707831264231     
   2.3235340644940479     
   2.3263991304729688     
   2.3292659863354404     
   2.3321346373358534     
   2.3350050887109637     
   2.3378773456801305     
   2.3407514134455392     
   2.3436272971924330     
   2.3465050020893297     
   2.3493845332882382     
   2.3522658959248810     
   2.3551490951188985     
   2.3580341359740582     
   2.3609210235784630     
   2.3638097630047525     
   2.3667003593102982     
   2.3695928175374048     
   2.3724871427134993     
   2.3660663307849306     
   2.3595345847858500     
   2.3529554619407653     
   2.3463320327969059     
   2.3396668571997701     
   2.3329623781173510     
   2.3262209307943520     
   2.3194447482161364     
   2.3126359669175063     
   2.3057966315112441     
   2.2989286999161926     
   2.2920340472917236     
   2.2851144706619886     
   2.2781716928558970     
   2.2712073658484222     
   2.2642230745717429     
   2.2572203401651141     
   2.2502006229409157     
   2.2431653253994068     
   2.2361157948575139     
   2.2290533263211243     
   2.2219791646207208     
   2.2148945067505439     
   2.2078005042009479     
   2.2006982650121003     
   2.1935888553660865     
   2.1864733020076907     
   2.1793525934903757     
   2.1722276821370179     
   2.1650994851806615     
   2.1579688867652753     
   2.1508367389977234     
   2.1437038633491263     
   2.1365710518912877     
   2.1294390686225189     
   2.1223086502609734     
   2.1151805078294741     
   2.1080553273598577     
   2.1009337705669320     
   2.0938164763867597     
   2.0867040616303631     
   2.0795971215500870     
   2.0724962309542212     
   2.0654019448910574     
   2.0583147992833020     
   2.0512353116734388     
   2.0441639818865704     
   2.0371012926595844     
   2.0300477102909440     
   2.0230036851844737     
   2.0159696522887174     
   2.0089460317193479     
   2.0019332294712893     
   1.9949316373657258     
   1.9879416341778984     
   1.9809635853738383     
   1.9739978443441797     
   1.9670447519992722     
   1.9601046376871025     
   1.9531778195639753     
   1.9462646045180125     
   1.9393652889951598     
   1.9324801589858536     
   1.9256094909123949     
   1.9187535510094500     
   1.9119125964297758     
   1.9050868753142189     
   1.8982766268369069     
   1.8914820816623441     
   1.8847034621698899     
   1.8779409828333891     
   1.8711948502234184     
   1.8644652633273795     
   1.8577524139108135     
   1.8510564863968670     
   1.8443776585824356     
   1.8377161013031609     
   1.8310719789534640     
   1.8244454496571987     
   1.8178366652789286     
   1.8112457718157264     
   1.8046729092177163     
   1.7981182121256443     
   1.7915818094843399     
   1.7850638248947750     
   1.7785643768482564     
   1.7720835787950788     
   1.7656215392273729     
   1.7591783618558217     
   1.7527541459184275     
   1.7463489859556143     
   1.7399629722499026     
   1.7335961907387110     
   1.7272487232566078     
   1.7209206476006054     
   1.7146120376544487     
   1.7083229634582500     
   1.7020534913680965     
   1.6958036841823905     
   1.6895736010214257     
   1.6881337515895916     
   1.6867205912215417     
   1.6853289746229339     
   1.6839581536727573     
   1.6826074199684726     
   1.6812760988105957     
   1.6799635472986465     
   1.6786691525481507     
   1.6773923300174571     
   1.6761325219372671     
   1.6748891958362688     
   1.6736618431566797     
   1.6724499779539228     
   1.6712531356750451     
   1.6700708720108282     
   1.6689027618168906     
   1.6677483980993737     
   1.6666073910611054     
   1.6654793672043957     
   1.6643639684868752     
   1.6632608515270275     
   1.6621696868562692     
   1.6610901582146544     
   1.6600219618874625     
   1.6589648060801090     
   1.6579184103289792     
   1.6568825049459579     
   1.6558568304945469     
   1.6548411372956271     
   1.6538351849610227     
   1.6528387419531625     
   1.6518515851692321     
   1.6508734995483212     
   1.6499042777001613     
   1.6489437195541417     
   1.6479916320273773     
   1.6470478287106789     
   1.6461121295713463     
   1.6451843606717815     
   1.6442643539029753     
   1.6433519467319844     
   1.6424469819625727     
   1.6415493075082424     
   1.6406587761769238     
   1.6397752454666510     
   1.6388985773715758     
   1.6380286381977323     
   1.6371652983879859     
   1.6363084323556372     
   1.6354579183262015     
   1.6346136381868814     
   1.6337754773433182     
   1.6329433245832035     
   1.6321170719463698     
   1.6312966146010051     
   1.6304818507256518     
   1.6296726813966749     
   1.6288690104808992     
   1.6280707445331410     
   1.6272777926983659     
   1.6264900666182331     
   1.6257074803417839     
   1.6249299502400667     
   1.6241573949244879     
   1.6233897351686919     
   1.6226268938337953     
   1.6218687957968005     
   1.6211153678820236     
   1.6203665387953921     
   1.6196222390614632     
   1.6188824009630287     
   1.6181469584831794     
   1.6174158472497118     
   1.6166890044817559     
   1.6159663689385244     
   1.6152478808700810     
   1.6145334819700268     
   1.6138231153300207     
   1.6131167253960446     
   1.6124142579263383     
   1.6117156599509159     
   1.6110208797326062     
   1.6103298667295380     
   1.6096425715590092     
   1.6089589459626796     
   1.6082789427730253     
   1.6076025158810068     
   1.6069296202048871     
   1.6062602116601616     
   1.6055942471305469     
   1.6049316844399850     
   1.6042724823256180     
   1.6036166004116985     
   1.6029639991843909     
   1.6023146399674324     
   1.6016684848986160     
   1.6010254969070610     
   1.6003856396912468     
   1.5997488776977689     
   1.5991151761007991     
   1.5984845007822162     
   1.5978568183123816     
   1.5972320959315409     
   1.5966103015318196     
   1.5959914036397957     
   1.5953753713996262     
   1.5947621745567058     
   1.5941517834418426     
   1.5935441689559224     
   1.5929393025550573     
   1.5923371562361865     
   1.5917377025231263     
   1.5911409144530433     
   1.5905467655633390     
   1.5899552298789379     
   1.5893662818999519     
   1.5887798965897193     
   1.5881960493632001     
   1.5876147160757175     
   1.5870358730120313     
   1.5864594968757344     
   1.5858855647789607     
   1.5853140542323936     
   1.5847449431355647     
   1.5841782097674355     
   1.5836138327772487     
   1.5830517911756430     
   1.5824920643260250     
   1.5819346319361820     
   1.5813794740501392     
   1.5808265710402414     
   1.5802759035994609     
   1.5797274527339236     
   1.5791811997556375     
   1.5786371262754315     
   1.5780952141960864     
   1.5775554457056522     
   1.5770178032709594     
   1.5764822696312990     
   1.5759488277922804     
   1.5754174610198559     
   1.5748881528345064     
   1.5743608870055867     
   1.5738356475458213     
   1.5733124187059495     
   1.5727911849695133     
   1.5722719310477848     
   1.5717546418748294     
   1.5712393026026983     
   1.5707258985967487     
   1.5702144154310895     
   1.5697048388841424     
   1.5691971549343227     
   1.5686913497558308     
   1.5681874097145547     
   1.5676853213640769     
   1.5671850714417852     
   1.5666866468650844     
   1.5661900347277034     
   1.5656952222960987     
   1.5652021970059466     
   1.5647109464587285     
   1.5642214584183995     
   1.5637337208081408     
   1.5632477217071958     
   1.5627634493477855     
   1.5622808921120972     
   1.5618000385293529     
   1.5613208772729470     
   1.5608433971576563     
   1.5603675871369185     
   1.5598934363001755     
   1.5594209338702858     
   1.5589500692009952     
   1.5584808317744718     
   1.5580132111989016     
   1.5575471972061368     
   1.5570827796494071     
   1.5566199485010817     
   1.5561586938504854     
   1.5556990059017668     
   1.5552408749718176     
   1.5547842914882399     
   1.5543292459873617     
   1.5538757291122987     
   1.5534237316110615     
   1.5529732443347060     
   1.5525242582355288     
   1.5520767643653004     
   1.5516307538735430     
   1.5511862180058449     
   1.5507431481022143     
   1.5503015355954703     
   1.5498613720096706     
   1.5494226489585743     
   1.5489853581441386     
   1.5485494913550504     
   1.5481150404652890     
   1.5476819974327221     
   1.5472503542977325     
   1.5468201031818722     
   1.5463912362865524     
   1.5459637458917530     
   1.5455376243547689     
   1.5451128641089782     
   1.5446894576626380     
   1.5442673975977059     
   1.5438466765686880     
   1.5434272873015096     
   1.5430092225924099     
   1.5425924753068625     
   1.5421770383785145     
   1.5417629048081505     
   1.5413500676626777     
   1.5409385200741323     
   1.5405282552387041     
   1.5401192664157843     
   1.5397115469270304     
   1.5393050901554521     
   1.5388998895445125     
   1.5384959385972514     
   1.5380932308754234     
   1.5376917599986533     
   1.5372915196436099     
   1.5368925035431951     
   1.5364947054857483     
   1.5360981193142684     
   1.5357027389256479     
   1.5353085582699257     
   1.5349155713495497     
   1.5345237722186595     
   1.5341331549823760     
   1.5337437137961105     
   1.5333554428648823     
   1.5329683364426550     
   1.5325823888316754     
   1.5321975943818371     
   1.5318139474900456     
   1.5314314425996005     
   1.5310500741995889     
   1.5306698368242864     
   1.5302907250525730     
   1.5299127335073592     
   1.5295358568550179     
   1.5291600898048334     
   1.5287854271084544     
   1.5284118635593604     
   1.5280393939923356     
   1.5276680132829528     
   1.5272977163470667     
   1.5269284981403151     
   1.5265603536576289     
   1.5261932779327525     
   1.5258272660377692     
   1.5254623130826368     
   1.5250984142147317     
   1.5247355646183987     
   1.5243737595145102     
   1.5240129941600307     
   1.5236532638475913     
   1.5232945639050697     
   1.5229368896951769     
   1.5225802366150516     
   1.5222246000958597     
   1.5218699756024030     
   1.5215163586327316     
   1.5211637447177631     
   1.5208121294209105     
   1.5204615083377129     
   1.5201118770954709     
   1.5197632313528948     
   1.5194155667997487     
   1.5190688791565088     
   1.5187231641740204     
   1.5183784176331665     
   1.5180346353445344     
   1.5176918131480943     
   1.5173499469128768     
   1.5170090325366621     
   1.5166690659456668     
   1.5163300430942388     
   1.5159919599645582     
   1.5156548125663409     
   1.5153185969365470     
   1.5149833091390916     
   1.5146489452645646     
   1.5143155014299488     
   1.5139829737783461     
   1.5136513584787079     
   1.5133206517255666     
   1.5129908497387727     
   1.5126619487632356     
   1.5123339450686675     
   1.5120068349493332     
   1.5116806147237998     
   1.5113552807346911     
   1.5110308293484496     
   1.5107072569550946     
   1.5103845599679895     
   1.5100627348236100     
   1.5097417779813154     
   1.5094216859231233     
   1.5091024551534880     
   1.5087840821990817     
   1.5084665636085772     
   1.5081498959524360     
   1.5078340758226974     
   1.5075190998327708     
   1.5072049646172310     
   1.5068916668316179     
   1.5065792031522334     
   1.5062675702759494     
   1.5059567649200103     
   1.5056467838218421     
   1.5053376237388658     
   1.5050292814483062     
   1.5047217537470119     
   1.5044150374512713     
   1.5041091293966335     
   1.5038040264377321     
   1.5034997254481093     
   1.5031962233200420     
   1.5028935169643740     
   1.5025916033103464     
   1.5022904793054299     
   1.5019901419151624     
   1.5016905881229874     
   1.5013918149300909     
   1.5010938193552463     
   1.5007965984346567     
   1.5005001492218009     
   1.5002044687872806     
   1.4999095542186707     
   1.4996154026203699     
   1.4993220111134538     
   1.4990293768355305     
   1.4987374969405951     
   1.4984463685988914     
   1.4981559889967682     
   1.4978663553365443     
   1.4975774648363682     
   1.4972893147300872     
   1.4970019022671102     
   1.4967152247122775     
   1.4964292793457303     
   1.4961440634627818     
   1.4958595743737895     
   1.4955758094040297     
   1.4952927658935717     
   1.4950104411971581     
   1.4947288326840784     
   1.4944479377380526     
   1.4941677537571116     
   1.4938882781534777     
   1.4936095083534515     
   1.4933314417972936     
   1.4930540759391140     
   1.4927774082467589     
   1.4925014362016982     
   1.4922261572989171     
   1.4919515690468077     
   1.4916776689670610     
   1.4914044545945608     
   1.4911319234772775     
   1.4908600731761681     
   1.4905889012650682     
   1.4903184053305936     
   1.4900485829720393     
   1.4897794318012800     
   1.4895109494426719     
   1.4892431335329537     
   1.4889759817211528     
   1.4887094916684884     
   1.4884436610482787     
   1.4881784875458466     
   1.4879139688584271     
   1.4876501026950777     
   1.4873868867765867     
   1.4871243188353838     
   1.4868623966154537     
   1.4866011178722465     
   1.4863404803725910     
   1.4860804818946114     
   1.4858211202276408     
   1.4855623931721367     
   1.4853042985396003     
   1.4850468341524916     
   1.4847899978441514     
   1.4845337874587168     
   1.4842782008510449     
   1.4840232358866330     
   1.4837688904415398     
   1.4835151624023091     
   1.4832620496658917     
   1.4830095501395726     
   1.4827576617408949     
   1.4825063823975826     
   1.4822557100474723     
   1.4820056426384367     
   1.4817561781283146     
   1.4815073144848383     
   1.4812590496855642     
   1.4810113817178028     
   1.4807643085785482     
   1.4805178282744111     
   1.4802719388215513     
   1.4800266382456089     
   1.4797819245816386     
   1.4795377958740452     
   1.4792942501765156     
   1.4790512855519573     
   1.4788089000724316     
   1.4785670918190932     
   1.4783258588821249     
   1.4780851993606761     
   1.4778451113628031     
   1.4776055930054057     
   1.4773666424141685     
   1.4771282577235003     
   1.4768904370764755     
   1.4766531786247741     
   1.4764164805286260     
   1.4761803409567515     
   1.4759447580863041     
   1.4757097301028161     
   1.4754752552001400     
   1.4752413315803956     
   1.4750079574539132     
   1.4747751310391801     
   1.4745428505627864     
   1.4743111142593714     
   1.4740799203715720     
   1.4738492671499681     
   1.4736191528530325     
   1.4733895757470785     
   1.4731605341062093     
   1.4729320262122667     
   1.4727040503547828     
   1.4724766048309288     
   1.4722496879454656     
   1.4720232980106964     
   1.4717974333464174     
   1.4715720922798705     
   1.4713472731456956     
   1.4711229742858836     
   1.4708991940497298     
   1.4706759307937878     
   1.4704531828818239     
   1.4702309486847713     
   1.4700092265806859     
   1.4697880149547000     
   1.4695673121989805     
   1.4693471167126844     
   1.4691274269019128     
   1.4689082411796726     
   1.4686895579658301     
   1.4684713756870693     
   1.4682536927768521     
   1.4680365076753734     
   1.4678198188295237     
   1.4676036246928448     
   1.4673879237254921     
   1.4671727143941915     
   1.4669579951722029     
   1.4667437645392785     
   1.4665300209816237     
   1.4663167629918599     
   1.4661039890689853     
   1.4658916977183343     
   1.4656798874515444     
   1.4654685567865147     
   1.4652577042473705     
   1.4650473283644263     
   1.4648374276741489     
   1.4646280007191215     
   1.4644190460480064     
   1.4642105622155119     
   1.4640025477823548     
   1.4637950013152254     
   1.4635879213867540     
   1.4633813065754757     
   1.4631751554657955     
   1.4629694666479556     
   1.4627642387180002     
   1.4625594702777447     
   1.4623551599347389     
   1.4621513063022378     
   1.4619479079991660     
   1.4617449636500874     
   1.4615424718851724     
   1.4613404313401661     
   1.4611388406563564     
   1.4609376984805433     
   1.4607370034650073     
   1.4605367542674794     
   1.4603369495511100     
   1.4601375879844376     
   1.4599386682413602     
   1.4597401890011059     
   1.4595421489482008     
   1.4593445467724413     
   1.4591473811688656     
   1.4589506508377235     
   1.4587543544844479     
   1.4585584908196263     
   1.4583630585589735     
   1.4581680564233022     
   1.4579734831384958     
   1.4577793374354813     
   1.4575856180502007     
   1.4573923237235846     
   1.4571994532015251     
   1.4570070052348485     
   1.4568149785792908     
   1.4566233719954678     
   1.4564321842488512     
   1.4562414141097435     
   1.4560510603532495     
   1.4558611217592523     
   1.4556715971123890     
   1.4554824852020229     
   1.4552937848222203     
   1.4551054947717246     
   1.4549176138539335     
   1.4547301408768716     
   1.4545430746531685     
   1.4543564140000342     
   1.4541701577392341     
   1.4539843046970673     
   1.4537988537043400     
   1.4536138035963448     
   1.4534291532128361     
   1.4532449013980075     
   1.4530610470004688     
   1.4528775888732226     
   1.4526945258736426     
   1.4525118568634516     
   1.4523295807086973     
   1.4521476962797319     
   1.4519662024511899     
   1.4517850981019658     
   1.4516043821151925     
   1.4514240533782203     
   1.4512441107825955     
   1.4510645532240385     
   1.4508853796024228     
   1.4507065888217565     
   1.4505281797901577     
   1.4503501514198369     
   1.4501725026270744     
   1.4499952323322027     
   1.4498183394595836     
   1.4496418229375898     
   1.4494656816985836     
   1.4492899146788993     
   1.4491145208188214     
   1.4489394990625661     
   1.4487648483582629     
   1.4485905676579325     
   1.4484166559174712     
   1.4482431120966295     
   1.4480699351589945     
   1.4478971240719702     
   1.4477246778067605     
   1.4475525953383481     
   1.4473808756454791     
   1.4472095177106428     
   1.4470385205200555     
   1.4468678830636399     
   1.4466976043350090     
   1.4465276833314482     
   1.4463581190538979     
   1.4461889105069350     
   1.4460200566987564     
   1.4458515566411621     
   1.4456834093495363     
   1.4455156138428324     
   1.4453481691435548     
   1.4451810742777422     
   1.4450143282749515     
   1.4448479301682409     
   1.4446818789941522     
   1.4445161737926973     
   1.4443508136073389     
   1.4441857974849759     
   1.4440211244759269     
   1.4438567936339146     
   1.4436928040160488     
   1.4435291546828126     
   1.4433658446980444     
   1.4432028731289246     
   1.4430402390459585     
   1.4428779415229611     
   1.4427159796370423     
   1.4425543524685922     
   1.4423930591012650     
   1.4422320986219639     
   1.4420714701208273     
   1.4419111726912131     
   1.4417512054296844     
   1.4415915674359940     
   1.4414322578130725     
   1.4412732756670095     
   1.4411146201070422     
   1.4409562902455422     
   1.4407982851979981     
   1.4406406040830038     
   1.4404832460222430     
   1.4403262101404768     
   1.4401694955655282     
   1.4400131014282691     
   1.4398570268626081     
   1.4397012710054731     
   1.4395458329968025     
   1.4393907119795277     
   1.4392359070995622     
   1.4390814175057880     
   1.4389272423500410     
   1.4387733807870997     
   1.4386198319746708     
   1.4384665950733770     
   1.4383136692467442     
   1.4381610536611880     
   1.4380087474860006     
   1.4378567498933406     
   1.4377050600582177     
   1.4375536771584811     
   1.4374026003748073     
   1.4372518288906870     
   1.4371013618924149     
   1.4369511985690746     
   1.4368013381125277     
   1.4366517797174034     
   1.4365025225810824     
   1.4363535659036906     
   1.4362049088880806     
   1.4360565507398260     
   1.4359084906672062     
   1.4357607278811950     
   1.4356132615954498     
   1.4354660910263006     
   1.4353192153927368     
   1.4351726339163966     
   1.4350263458215564     
   1.4348803503351188     
   1.4347346466866009     
   1.4345892341081241     
   1.4344441118344018     
   1.4342992791027305     
   1.4341547351529762     
   1.4340104792275654     
   1.4338665105714736     
   1.4337228284322143     
   1.4335794320598285     
   1.4334363207068739     
   1.4332934936284143     
   1.4331509500820099     
   1.4330086893277043     
   1.4328667106280175     
   1.4327250132479334     
   1.4325835964548892     
   1.4324424595187659     
   1.4323016017118784     
   1.4321610223089647     
   1.4320207205871762     
   1.4318806958260666     
   1.4317409473075837     
   1.4316014743160577     
   1.4314622761381930     
   1.4313233520630568     
   1.4311847013820698     
   1.4310463233889967     
   1.4309082173799375     
   1.4307703826533147     
   1.4306328185098680     
   1.4304955242526409     
   1.4303584991869744     
   1.4302217426204948     
   1.4300852538631061     
   1.4299490322269799     
   1.4298130770265476     
   1.4296773875784878     
   1.4295419632017210     
   1.4294068032173981     
   1.4292719069488917     
   1.4291372737217880     
   1.4290029028638762     
   1.4288687937051407     
   1.4287349455777525     
   1.4286013578160590     
   1.4284680297565759     
   1.4283349607379796     
   1.4282021501010957     
   1.4280695971888937     
   1.4279373013464753     
   1.4278052619210675     
   1.4276734782620144     
   1.4275419497207664     
   1.4274106756508753     
   1.4272796554079821     
   1.4271488883498122     
   1.4270183738361637     
   1.4268881112289011     
   1.4267580998919480     
   1.4266283391912753     
   1.4264988284948976     
   1.4263695671728611     
   1.4262405545972376     
   1.4261117901421163     
   1.4259832731835949     
   1.4258550030997734     
   1.4257269792707441     
   1.4255992010785843     
   1.4254716679073502     
   1.4253443791430658     
   1.4252173341737189     
   1.4250905323892502     
   1.4249639731815473     
   1.4248376559444365     
   1.4247115800736756     
   1.4245857449669455     
   1.4244601500238434     
   1.4243347946458753     
   1.4242096782364480     
   1.4240848002008617     
   1.4239601599463043     
   1.4238357568818401     
   1.4237115904184068     
   1.4235876599688062     
   1.4234639649476968     
   1.4233405047715864     
   1.4232172788588255     
   1.4230942866296012     
   1.4229715275059278     
   1.4228490009116408     
   1.4227267062723907     
   1.4226046430156341     
   1.4224828105706284     
   1.4223612083684241     
   1.4222398358418582     
   1.4221186924255464     
   1.4219977775558781     
   1.4218770906710070     
   1.4217566312108474     
   1.4216363986170641     
   1.4215163923330687     
   1.4213966118040111     
   1.4212770564767725     
   1.4211577257999606     
   1.4210386192239022     
   1.4209197362006349     
   1.4208010761839041     
   1.4206826386291518     
   1.4205644229935162     
   1.4204464287358185     
   1.4203286553165617     
   1.4202111021979222     
   1.4200937688437429     
   1.4199766547195278     
   1.4198597592924358     
   1.4197430820312729     
   1.4196266224064888     
   1.4195103798901678     
   1.4193943539560241     
   1.4192785440793956     
   1.4191629497372369     
   1.4190475704081142     
   1.4189324055721997     
   1.4188174547112629     
   1.4187027173086677     
   1.4185881928493651     
   1.4184738808198860     
   1.4183597807083386     
   1.4182458920043985     
   1.4181322141993051     
   1.4180187467858563     
   1.4179054892584002     
   1.4177924411128324     
   1.4176796018465878     
   1.4175669709586354     
   1.4174545479494733     
   1.4173423323211227     
   1.4172303235771218     
   1.4171185212225201     
   1.4170069247638739     
   1.4168955337092393     
   1.4167843475681683     
   1.4166733658516997     
   1.4165625880723589     
   1.4164520137441481     
   1.4163416423825428     
   1.4162314735044848     
   1.4161215066283797     
   1.4160117412740876     
   1.4159021769629214     
   1.4157928132176387     
   1.4156836495624376     
   1.4155746855229521     
   1.4154659206262452     
   1.4153573544008051     
   1.4152489863765390     
   1.4151408160847685     
   1.4150328430582233     
   1.4149250668310385     
   1.4148174869387460     
   1.4147101029182729     
   1.4146029143079333     
   1.4144959206474259     
   1.4143891214778259     
   1.4142825163415835     
   1.4141761047825161     
   1.4140698863458048     
   1.4139638605779887     
   1.4138580270269596     
   1.4137523852419598     
   1.4136469347735723     
   1.4135416751737206     
   1.4134366059956607     
   1.4133317267939787     
   1.4132270371245834     
   1.4131225365447038     
   1.4130182246128831     
   1.4129141008889738     
   1.4128101649341345     
   1.4127064163108227     
   1.4126028545827922     
   1.4124994793150876     
   1.4123962900740392     
   1.4122932864272593     
   1.4121904679436375     
   1.4120878341933347     
   1.4119853847477808     
   1.4118831191796675     
   1.4117810370629464     
   1.4116791379728229     
   1.4115774214857515     
   1.4114758871794324     
   1.4113745346328064     
   1.4112733634260497     
   1.4111723731405723     
   1.4110715633590087     
   1.4109709336652192     
   1.4108704836442811     
   1.4107702128824868     
   1.4106701209673376     
   1.4105702074875417     
   1.4104704720330075     
   1.4103709141948408     
   1.4102715335653409     
   1.4101723297379944     
   1.4100733023074730     
   1.4099744508696286     
   1.4098757750214885     
   1.4097772743612520     
   1.4096789484882861     
   1.4095807970031204     
   1.4094828195074451     
   1.4093850156041046     
   1.4092873848970950     
   1.4091899269915587     
   1.4090926414937817     
   1.4089955280111890     
   1.4088985861523398     
   1.4088018155269255     
   1.4087052157457634     
   1.4086087864207935     
   1.4085125271650756     
   1.4084164375927841     
   1.4083205173192050     
   1.4082247659607310     
   1.4081291831348586     
   1.4080337684601829     
   1.4079385215563955     
   1.4078434420442800     
   1.4077485295457066     
   1.4076537836836307     
   1.4075592040820879     
   1.4074647903661903     
   1.4073705421621221     
   1.4072764590971374     
   1.4071825407995555     
   1.4070887868987567     
   1.4069951970251795     
   1.4069017708103164     
   1.4068085078867112     
   1.4067154078879538     
   1.4066224704486774     
   1.4065296952045543     
   1.4064370817922938     
   1.4063446298496372     
   1.4062523390153538     
   1.4061602089292391     
   1.4060682392321096     
   1.4059764295658006     
   1.4058847795731610     
   1.4057932888980518     
   1.4057019571853402     
   1.4056107840808991     
   1.4055197692316013     
   1.4054289122853161     
   1.4053382128909071     
   1.4052476706982286     
   1.4051572853581213     
   1.4050670565224088     
   1.4049769838438959     
   1.4048870669763631     
   1.4047973055745651     
   1.4047076992942253     
   1.4046182477920357     
   1.4045289507256495     
   1.4044398077536817     
   1.4043508185357025     
   1.4042619827322369     
   1.4041733000047589     
   1.4040847700156904     
   1.4039963924283967     
   1.4039081669071831     
   1.4038200931172922     
   1.4037321707249015     
   1.4036443993971179     
   1.4035567788019776     
   1.4034693086084400     
   1.4033819884863861     
   1.4032948181066154     
   1.4032077971408425     
   1.4031209252616939     
   1.4030342021427042     
   1.4029476274583148     
   1.4028612008838697     
   1.4027749220956118     
   1.4026887907706809     
   1.4026028065871108     
   1.4025169692238246     
   1.4024312783606341     
   1.4023457336782348     
   1.4022603348582039     
   1.4021750815829974     
   1.4020899735359467     
   1.4020050104012545     
   1.4019201918639947     
   1.4018355176101078     
   1.4017509873263969     
   1.4016666007005265     
   1.4015823574210193     
   1.4014982571772530     
   1.4014142996594567     
   1.4013304845587096     
   1.4012468115669368     
   1.4011632803769074     
   1.4010798906822313     
   1.4009966421773559     
   1.4009135345575632     
   1.4008305675189689     
   1.4007477407585174     
   1.4006650539739796     
   1.4005825068639508     
   1.4005000991278473     
   1.4004178304659041     
   1.4003357005791712     
   1.4002537091695126     
   1.4001718559396021     
   1.4000901405929209     
   1.4000085628337553     
   1.3999271223671932     
   1.3998458188991234     
   1.3997646521362297     
   1.3996836217859914     
   1.3996027275566794     
   1.3995219691573528     
   1.3994413462978574     
   1.3993608586888224     
   1.3992805060416589     
   1.3992002880685552     
   1.3991202044824762     
   1.3990402549971606     
   1.3989604393271167     
   1.3988807571876225     
   1.3988012082947201     
   1.3987217923652162     
   1.3986425091166765     
   1.3985633582674268     
   1.3984843395365467     
   1.3984054526438698     
   1.3983266973099799     
   1.3982480732562093     
   1.3981695802046363     
   1.3980912178780813     
   1.3980129860001069     
   1.3979348842950123     
   1.3978569124878342     
   1.3977790703043422     
   1.3977013574710364     
   1.3976237737151469     
   1.3975463187646282     
   1.3974689923481609     
   1.3973917941951455     
   1.3973147240357022     
   1.3972377816006678     
   1.3971609666215938     
   1.3970842788307443     
   1.3970077179610918     
   1.3969312837463175     
   1.3968549759208075     
   1.3967787942196503     
   1.3967027383786355     
   1.3966268081342510     
   1.3965510032236805     
   1.3964753233848008     
   1.3963997683561815     
   1.3963243378770802     
   1.3962490316874425     
   1.3961738495278975     
   1.3960987911397587     
   1.3960238562650176     
   1.3959490446463458     
   1.3958743560270896     
   1.3957997901512698     
   1.3957253467635777     
   1.3956510256093750     
   1.3955768264346906     
   1.3955027489862171     
   1.3954287930113116     
   1.3953549582579905     
   1.3952812444749303     
   1.3952076514114624     
   1.3951341788175742     
   1.3950608264439035     
   1.3949875940417398     
   1.3949144813630197     
   1.3948414881603264     
   1.3947686141868862     
   1.3946958591965684     
   1.3946232229438809     
   1.3945507051839701     
   1.3944783056726173     
   1.3944060241662377     
   1.3943338604218782     
   1.3942618141972150     
   1.3941898852505525     
   1.3941180733408198     
   1.3940463782275700     
   1.3939747996709775     
   1.3939033374318361     
   1.3938319912715573     
   1.3937607609521685     
   1.3936896462363100     
   1.3936186468872345     
   1.3935477626688040     
   1.3934769933454880     
   1.3934063386823627     
   1.3933357984451069     
   1.3932653724000028     
   1.3931950603139316     
   1.3931248619543735     
   1.3930547770894037     
   1.3929848054876925     
   1.3929149469185038     
   1.3928452011516896     
   1.3927755679576930     
   1.3927060471075425     
   1.3926366383728517     
   1.3925673415258182     
   1.3924981563392200     
   1.3924290825864152     
   1.3923601200413389     
   1.3922912684785023     
   1.3922225276729909     
   1.3921538974004619     
   1.3920853774371433     
   1.3920169675598311     
   1.3919486675458881     
   1.3918804771732431     
   1.3918123962203868     
   1.3917444244663719     
   1.3916765616908116     
   1.3916088076738751     
   1.3915411621962896     
   1.3914736250393358     
   1.3914061959848474     
   1.3913388748152089     
   1.3912716613133536     
   1.3912045552627630     
   1.3911375564474642     
   1.3910706646520288     
   1.3910038796615694     
   1.3909372012617411     
   1.3908706292387358     
   1.3908041633792854     
   1.3907378034706550     
   1.3906715493006452     
   1.3906054006575881     
   1.3905393573303466     
   1.3904734191083130     
   1.3904075857814064     
   1.3903418571400721     
   1.3902762329752791     
   1.3902107130785191     
   1.3901452972418040     
   1.3900799852576657     
   1.3900147769191533     
   1.3899496720198323     
   1.3898846703537817     
   1.3898197717155942     
   1.3897549759003729     
   1.3896902827037314     
   1.3896256919217911     
   1.3895612033511788     
   1.3894968167890283     
   1.3894325320329746     
   1.3893683488811559     
   1.3893042671322102     
   1.3892402865852742     
   1.3891764070399821     
   1.3891126282964632     
   1.3890489501553411     
   1.3889853724177321     
   1.3889218948852440     
   1.3888585173599732     
   1.3887952396445058     
   1.3887320615419121     
   1.3886689828557497     
   1.3886060033900587     
   1.3885431229493612     
   1.3884803413386608     
   1.3884176583634398     
   1.3883550738296579     
   1.3882925875437513     
   1.3882301993126311     
   1.3881679089436818     
   1.3881057162447599     
   1.3880436210241913     
   1.3879816230907729     
   1.3879197222537671     
   1.3878579183229038     
   1.3877962111083773     
   1.3877346004208451     
   1.3876730860714266     
   1.3876116678717021     
   1.3875503456337110     
   1.3874891191699503     
   1.3874279882933724     
   1.3873669528173864     
   1.3873060125558543     
   1.3872451673230892     
   1.3871844169338567     
   1.3871237612033718     
   1.3870631999472955     
   1.3870027329817383     
   1.3869423601232544     
   1.3868820811888427     
   1.3868218959959444     
   1.3867618043624428     
   1.3867018061066605     
   1.3866419010473598     
   1.3865820890037390     
   1.3865223697954341     
   1.3864627432425150     
   1.3864032091654845     
   1.3863437673852794     
   1.3862844177232652     
   1.3862251600012390     
   1.3861659940414248     
   1.3861069196664746     
   1.3860479366994651     
   1.3859890449638985     
   1.3859302442836996     
   1.3858715344832149     
   1.3858129153872130     
   1.3857543868208801     
   1.3856959486098210     
   1.3856376005800586     
   1.3855793425580303     
   1.3855211743705882     
   1.3854630958449978     
   1.3854051068089364     
   1.3853472070904926     
   1.3852893965181634     
   1.3852316749208549     
   1.3851740421278804     
   1.3851164979689585     
   1.3850590422742131     
   1.3850016748741709     
   1.3849443955997618     
   1.3848872042823162     
   1.3848301007535642     
   1.3847730848456354     
   1.3847161563910559     
   1.3846593152227489     
   1.3846025611740331     
   1.3845458940786204     
   1.3844893137706160     
   1.3844328200845164     
   1.3843764128552098     
   1.3843200919179726     
   1.3842638571084698     
   1.3842077082627540     
   1.3841516452172629     
   1.3840956678088201     
   1.3840397758746319     
   1.3839839692522875     
   1.3839282477797585     
   1.3838726112953956     
   1.3838170596379293     
   1.3837615926464681     
   1.3837062101604980     
   1.3836509120198794     
   1.3835956980648496     
   1.3835405681360182     
   1.3834855220743680     
   1.3834305597212531     
   1.3833756809183979     
   1.3833208855078971     
   1.3832661733322125     
   1.3832115442341735     
   1.3831569980569767     
   1.3831025346441816     
   1.3830481538397139     
   1.3829938554878616     
   1.3829396394332738     
   1.3828855055209617     
   1.3828314535962949     
   1.3827774835050037     
   1.3827235950931742     
   1.3826697882072505     
   1.3826160626940318     
   1.3825624184006724     
   1.3825088551746791     
   1.3824553728639131     
   1.3824019713165854     
   1.3823486503812590     
   1.3822954099068450     
   1.3822422497426050     
   1.3821891697381459     
   1.3821361697434229     
   1.3820832496087356     
   1.3820304091847286     
   1.3819776483223911     
   1.3819249668730524     
   1.3818723646883861     
   1.3818198416204039     
   1.3817673975214597     
   1.3817150322442440     
   1.3816627456417860     
   1.3816105375674510     
   1.3815584078749410     
   1.3815063564182917     
   1.3814543830518735     
   1.3814024876303890     
   1.3813506700088736     
   1.3812989300426928     
   1.3812472675875429     
   1.3811956824994480     
   1.3811441746347626     
   1.3810927438501661     
   1.3810413900026659     
   1.3809901129495938     
   1.3809389125486065     
   1.3808877886576838     
   1.3808367411351292     
   1.3807857698395662     
   1.3807348746299406     
   1.3806840553655169     
   1.3806333119058793     
   1.3805826441109308     
   1.3805320518408895     
   1.3804815349562916     
   1.3804310933179877     
   1.3803807267871435     
   1.3803304352252379     
   1.3802802184940628     
   1.3802300764557214     
   1.3801800089726282     
   1.3801300159075083     
   1.3800800971233951     
   1.3800302524836310     
   1.3799804818518653     
   1.3799307850920544     
   1.3798811620684606     
   1.3798316126456500     
   1.3797821366884937     
   1.3797327340621663     
   1.3796834046321442     
   1.3796341482642045     
   1.3795849648244265     
   1.3795358541791884     
   1.3794868161951670     
   1.3794378507393383     
   1.3793889576789748     
   1.3793401368816458     
   1.3792913882152158     
   1.3792427115478454     
   1.3791941067479874     
   1.3791455736843887     
   1.3790971122260887     
   1.3790487222424179     
   1.3790004036029981     
   1.3789521561777409     
   1.3789039798368461     
   1.3788558744508035     
   1.3788078398903891     
   1.3787598760266659     
   1.3787119827309828     
   1.3786641598749749     
   1.3786164073305600     
   1.3785687249699405     
   1.3785211126656014     
   1.3784735702903093     
   1.3784260977171130     
   1.3783786948193408     
   1.3783313614706012     
   1.3782840975447810     
   1.3782369029160462     
   1.3781897774588390     
   1.3781427210478792     
   1.3780957335581621     
   1.3780488148649579     
   1.3780019648438109     
   1.3779551833705401     
   1.3779084703212359     
   1.3778618255722619     
   1.3778152490002529     
   1.3777687404821135     
   1.3777222998950192     
   1.3776759271164141     
   1.3776296220240107     
   1.3775833844957894     
   1.3775372144099971     
   1.3774911116451469     
   1.3774450760800185     
   1.3773991075936547     
   1.3773532060653637     
   1.3773073713747159     
   1.3772616034015455     
   1.3772159020259476     
   1.3771702671282788     
   1.3771246985891563     
   1.3770791962894569     
   1.3770337601103164     
   1.3769883899331292     
   1.3769430856395473     
   1.3768978471114797     
   1.3768526742310909     
   1.3768075668808024     
   1.3767625249432895     
   1.3767175483014822     
   1.3766726368385629     
   1.3766277904379693     
   1.3765830089833884     
   1.3765382923587604     
   1.3764936404482757     
   1.3764490531363749     
   1.3764045303077479     
   1.3763600718473343     
   1.3763156776403203     
   1.3762713475721404     
   1.3762270815284763     
   1.3761828793952549     
   1.3761387410586483     
   1.3760946664050751     
   1.3760506553211962     
   1.3760067076939173     
   1.3759628234103860     
   1.3759190023579926     
   1.3758752444243685     
   1.3758315494973870     
   1.3757879174651602     
   1.3757443482160405     
   1.3757008416386203     
   1.3756573976217286     
   1.3756140160544332     
   1.3755706968260384     
   1.3755274398260859     
   1.3754842449443516     
   1.3754411120708485     
   1.3753980410958222     
   1.3753550319097534     
   1.3753120844033571     
   1.3752691984675787     
   1.3752263739935973     
   1.3751836108728228     
   1.3751409089968964     
   1.3750982682576891     
   1.3750556885473024     
   1.3750131697580659     
   1.3749707117825376     
   1.3749283145135043     
   1.3748859778439795     
   1.3748437016672030     
   1.3748014858766413     
   1.3747593303659857     
   1.3747172350291528     
   1.3746751997602833     
   1.3746332244537420     
   1.3745913090041157     
   1.3745494533062148     
   1.3745076572550714     
   1.3744659207459380     
   1.3744242436742899     
   1.3743826259358203     
   1.3743410674264438     
   1.3742995680422925     
   1.3742581276797186     
   1.3742167462352906     
   1.3741754236057955     
   1.3741341596882366     
   1.3740929543798339     
   1.3740518075780215     
   1.3740107191804500     
   1.3739696890849853     
   1.3739287171897046     
   1.3738878033929007     
   1.3738469475930786     
   1.3738061496889553     
   1.3737654095794603     
   1.3737247271637334     
   1.3736841023411261     
   1.3736435350111984     
   1.3736030250737221     
   1.3735625724286757     
   1.3735221769762478     
   1.3734818386168341     
   1.3734415572510383     
   1.3734013327796704     
   1.3733611651037472     
   1.3733210541244913     
   1.3732809997433302     
   1.3732410018618966     
   1.3732010603820268     
   1.3731611752057615     
   1.3731213462353440     
   1.3730815733732211     
   1.3730418565220406     
   1.3730021955846530     
   1.3729625904641085     
   1.3729230410636601     
   1.3728835472867584     
   1.3728441090370551     
   1.3728047262184013     
   1.3727653987348449     
   1.3727261264906332     
   1.3726869093902112     
   1.3726477473382197     
   1.3726086402394970     
   1.3725695879990778     
   1.3725305905221905     
   1.3724916477142606     
   1.3724527594809075     
   1.3724139257279437     
   1.3723751463613767     
   1.3723364212874061     
   1.3722977504124239     
   1.3722591336430148     
   1.3722205708859554     
   1.3721820620482124     
   1.3721436070369437     
   1.3721052057594976     
   1.3720668581234114     
   1.3720285640364118     
   1.3719903234064148     
   1.3719521361415237     
   1.3719140021500307     
   1.3718759213404139     
   1.3718378936213393     
   1.3717999189016585     
   1.3717619970904100     
   1.3717241280968167     
   1.3716863118302864     
   1.3716485482004126     
   1.3716108371169717     
   1.3715731784899239     
   1.3715355722294120     
   1.3714980182457626     
   1.3714605164494835     
   1.3714230667512650     
   1.3713856690619783     
   1.3713483232926751     
   1.3713110293545876     
   1.3712737871591281     
   1.3712365966178885     
   1.3711994576426396     
   1.3711623701453304     
   1.3711253340380885     
   1.3710883492332189     
   1.3710514156432045     
   1.3710145331807038     
   1.3709777017585525     
   1.3709409212897623     
   1.3709041916875200     
   1.3708675128651877     
   1.3708308847363015     
   1.3707943072145730     
   1.3707577802138862     
   1.3707213036482990     
   1.3706848774320428     
   1.3706485014795200     
   1.3706121757053067     
   1.3705759000241493     
   1.3705396743509661     
   1.3705034986008462     
   1.3704673726890491     
   1.3704312965310030     
   1.3703952700423074     
   1.3703592931387298     
   1.3703233657362071     
   1.3702874877508435     
   1.3702516590989116     
   1.3702158796968524     
   1.3701801494612724     
   1.3701444683089452     
   1.3701088361568110     
   1.3700732529219757     
   1.3700377185217105     
   1.3700022328734509     
   1.3699667958947983     
   1.3699314075035176     
   1.3698960676175376     
   1.3698607761549504     
   1.3698255330340112     
   1.3697903381731376     
   1.3697551914909099     
   1.3697200929060698     
   1.3696850423375202     
   1.3696500397043254     
   1.3696150849257105     
   1.3695801779210606     
   1.3695453186099209     
   1.3695105069119951     
   1.3694757427471473     
   1.3694410260353993     
   1.3694063566969321     
   1.3693717346520839     
   1.3693371598213506     
   1.3693026321253856     
   1.3692681514849987     
   1.3692337178211562     
   1.3691993310549810     
   1.3691649911077501     
   1.3691306979008977     
   1.3690964513560115     
   1.3690622513948352     
   1.3690280979392644     
   1.3689939909113509     
   1.3689599302332978     
   1.3689259158274631     
   1.3688919476163568     
   1.3688580255226404     
   1.3688241494691282     
   1.3687903193787865     
   1.3687565351747315     
   1.3687227967802318     
   1.3686891041187053     
   1.3686554571137204     
   1.3686218556889957     
   1.3685882997683989     
   1.3685547892759460     
   1.3685213241358036     
   1.3684879042722851     
   1.3684545296098518     
   1.3684212000731137     
   1.3683879155868275     
   1.3683546760758976     
   1.3683214814653732     
   1.3682883316804522     
   1.3682552266464760     
   1.3682221662889336     
   1.3681891505334578     
   1.3681561793058274     
   1.3681232525319644     
   1.3680903701379363     
   1.3680575320499533     
   1.3680247381943702     
   1.3679919884976846     
   1.3679592828865363     
   1.3679266212877086     
   1.3678940036281255     
   1.3678614298348548     
   1.3678288998351045     
   1.3677964135562242     
   1.3677639709257035     
   1.3677315718711733     
   1.3676992163204047     
   1.3676669042013088     
   1.3676346354419353     
   1.3676024099704738     
   1.3675702277152522     
   1.3675380886047379     
   1.3675059925675357     
   1.3674739395323878     
   1.3674419294281759     
   1.3674099621839169     
   1.3673780377287652     
   1.3673461559920121     
   1.3673143169030857     
   1.3672825203915484     
   1.3672507663870999     
   1.3672190548195742     
   1.3671873856189407     
   1.3671557587153036     
   1.3671241740389015     
   1.3670926315201068     
   1.3670611310894256     
   1.3670296726774975     
   1.3669982562150960     
   1.3669668816331257     
   1.3669355488626258     
   1.3669042578347661     
   1.3668730084808489     
   1.3668418007323089     
   1.3668106345207103     
   1.3667795097777495     
   1.3667484264352541     
   1.3667173844251803     
   1.3666863836796161     
   1.3666554241307791     
   1.3666245057110147     
   1.3665936283527995     
   1.3665627919887382     
   1.3665319965515637     
   1.3665012419741380     
   1.3664705281894505     
   1.3664398551306185     
   1.3664092227308871     
   1.3663786309236274     
   1.3663480796423384     
   1.3663175688206457     
   1.3662870983923003     
   1.3662566682911801     
   1.3662262784512875     
   1.3661959288067518     
   1.3661656192918259     
   1.3661353498408881     
   1.3661051203884425     
   1.3660749308691149     
   1.3660447812176568     
   1.3660146713689438     
   1.3659846012579733     
   1.3659545708198666     
   1.3659245799898678     
   1.3658946287033440     
   1.3658647168957840     
   1.3658348445027988     
   1.3658050114601208     
   1.3657752177036042     
   1.3657454631692247     
   1.3657157477930784     
   1.3656860715113819     
   1.3656564342604725     
   1.3656268359768076     
   1.3655972765969635     
   1.3655677560576374     
   1.3655382742956448     
   1.3655088312479209     
   1.3654794268515189     
   1.3654500610436111     
   1.3654207337614876     
   1.3653914449425562     
   1.3653621945243430     
   1.3653329824444911     
   1.3653038086407605     
   1.3652746730510286     
   1.3652455756132891     
   1.3652165162656518     
   1.3651874949463436     
   1.3651585115937053     
   1.3651295661461953     
   1.3651006585423864     
   1.3650717887209667     
   1.3650429566207376     
   1.3650141621806171     
   1.3649854053396364     
   1.3649566860369418     
   1.3649280042117913     
   1.3648993598035579     
   1.3648707527517281     
   1.3648421829959001     
   1.3648136504757864     
   1.3647851551312105     
   1.3647566969021092     
   1.3647282757285308     
   1.3646998915506354     
   1.3646715443086950     
   1.3646432339430923     
   1.3646149603943210     
   1.3645867236029861     
   1.3645585235098023     
   1.3645303600555958     
   1.3645022331813008     
   1.3644741428279641     
   1.3644460889367394     
   1.3644180714488907     
   1.3643900903057917     
   1.3643621454489239     
   1.3643342368198779     
   1.3643063643603524     
   1.3642785280121545     
   1.3642507277171987     
   1.3642229634175074     
   1.3641952350552100     
   1.3641675425725439     
   1.3641398859118525     
   1.3641122650155866     
   1.3640846798263024     
   1.3640571302866631     
   1.3640296163394385     
   1.3640021379275025     
   1.3639746949938352     
   1.3639472874815226     
   1.3639199153337551     
   1.3638925784938278     
   1.3638652769051409     
   1.3638380105111989     
   1.3638107792556093     
   1.3637835830820855     
   1.3637564219344427     
   1.3637292957566003     
   1.3637022044925811     
   1.3636751480865104     
   1.3636481264826172     
   1.3636211396252318     
   1.3635941874587871     
   1.3635672699278192     
   1.3635403869769647     
   1.3635135385509622     
   1.3634867245946527     
   1.3634599450529770     
   1.3634331998709777     
   1.3634064889937982     
   1.3633798123666816     
   1.3633531699349730     
   1.3633265616441155     
   1.3632999874396536     
   1.3632734472672312     
   1.3632469410725911     
   1.3632204688015765     
   1.3631940304001284     
   1.3631676258142869     
   1.3631412549901913     
   1.3631149178740789     
   1.3630886144122849     
   1.3630623445512431     
   1.3630361082374844     
   1.3630099054176381     
   1.3629837360384300     
   1.3629576000466830     
   1.3629314973893176     
   1.3629054280133510     
   1.3628793918658961     
   1.3628533888941627     
   1.3628274190454568     
   1.3628014822671797     
   1.3627755785068285     
   1.3627497077119965     
   1.3627238698303716     
   1.3626980648097369     
   1.3626722925979706     
   1.3626465531430449     
   1.3626208463930269     
   1.3625951722960785     
   1.3625695308004548     
   1.3625439218545046     
   1.3625183454066716     
   1.3624928014054913     
   1.3624672897995942     
   1.3624418105377023     
   1.3624163635686313     
   1.3623909488412893     
   1.3623655663046770     
   1.3623402159078872     
   1.3623148976001049     
   1.3622896113306071     
   1.3622643570487620     
   1.3622391347040299     
   1.3622139442459618     
   1.3621887856241999     
   1.3621636587884780     
   1.3621385636886196     
   1.3621135002745397     
   1.3620884684962424     
   1.3620634683038233     
   1.3620384996474666     
   1.3620135624774474     
   1.3619886567441304     
   1.3619637823979680     
   1.3619389393895036     
   1.3619141276693691     
   1.3618893471882849     
   1.3618645978970605     
   1.3618398797465932     
   1.3618151926878688     
   1.3617905366719611     
   1.3617659116500325     
   1.3617413175733319     
   1.3617167543931967     
   1.3616922220610512     
   1.3616677205284069     
   1.3616432497468620     
   1.3616188096681021     
   1.3615944002438989     
   1.3615700214261108     
   1.3615456731666820     
   1.3615213554176433     
   1.3614970681311105     
   1.3614728112592869     
   1.3614485847544588     
   1.3614243885689998     
   1.3614002226553681     
   1.3613760869661067     
   1.3613519814538431     
   1.3613279060712902     
   1.3613038607712449     
   1.3612798455065889     
   1.3612558602302867     
   1.3612319048953880     
   1.3612079794550258     
   1.3611840838624165     
   1.3611602180708604     
   1.3611363820337405     
   1.3611125757045235     
   1.3610887990367577     
   1.3610650519840757     
   1.3610413345001915     
   1.3610176465389023     
   1.3609939880540867     
   1.3609703589997058     
   1.3609467593298024     
   1.3609231889985012     
   1.3608996479600084     
   1.3608761361686113     
   1.3608526535786778     
   1.3608292001446585     
   1.3608057758210839     
   1.3607823805625641     
   1.3607590143237918     
   1.3607356770595389     
   1.3607123687246570     
   1.3606890892740786     
   1.3606658386628157     
   1.3606426168459604     
   1.3606194237786839     
   1.3605962594162364     
   1.3605731237139482     
   1.3605500166272284     
   1.3605269381115641     
   1.3605038881225224     
   1.3604808666157482     
   1.3604578735469646     
   1.3604349088719732     
   1.3604119725466541     
   1.3603890645269652     
   1.3603661847689410     
   1.3603433332286949     
   1.3603205098624174     
   1.3602977146263766     
   1.3602749474769167     
   1.3602522083704596     
   1.3602294972635038     
   1.3602068141126247     
   1.3601841588744741     
   1.3601615315057796     
   1.3601389319633461     
   1.3601163602040529     
   1.3600938161848570     
   1.3600712998627897     
   1.3600488111949587     
   1.3600263501385466     
   1.3600039166508120     
   1.3599815106890873     
   1.3599591322107814     
   1.3599367811733765     
   1.3599144575344297     
   1.3598921612515740     
   1.3598698922825161     
   1.3598476505850356     
   1.3598254361169873     
   1.3598032488363003     
   1.3597810887009765     
   1.3597589556690919     
   1.3597368496987956     
   1.3597147707483099     
   1.3596927187759316     
   1.3596706937400285     
   1.3596486955990428     
   1.3596267243114886     
   1.3596047798359523     
   1.3595828621310937     
   1.3595609711556447     
   1.3595391068684084     
   1.3595172692282609     
   1.3594954581941492     
   1.3594736737250930     
   1.3594519157801832     
   1.3594301843185814     
   1.3594084792995209     
   1.3593868006823069     
   1.3593651484263143     
   1.3593435224909902     
   1.3593219228358508     
   1.3593003494204843     
   1.3592788022045483     
   1.3592572811477712     
