   1.0000003622418807     
   1.0000004182557576     
   1.0000004284116031     
   1.0000004331581882     
   1.0000004368800404     
   1.0000004407472147     
   1.0000004441551602     
   1.0000004479352305     
   1.0000004514456040     
   1.0000004550233528     
   1.0000004585419586     
   1.0000004617888290     
   1.0000004652556218     
   1.0000004684082520     
   1.0000004717067001     
   1.0000004749224858     
   1.0000004779896239     
   1.0000004812161842     
   1.0000004843081924     
   1.0000004873572736     
   1.0000004904240689     
   1.0000004934887663     
   1.0000004963046081     
   1.0000004992425076     
   1.0000005021824288     
   1.0000005050538023     
   1.0000005078440111     
   1.0000005105621497     
   1.0000005135708099     
   1.0000005161285437     
   1.0000005190247867     
   1.0000005216421948     
   1.0000005244625625     
   1.0000005270345105     
   1.0000005297339747     
   1.0000005323718590     
   1.0000005349695795     
   1.0000005373846375     
   1.0000005400790368     
   1.0000005427341663     
   1.0000005452034235     
   1.0000005477155940     
   1.0000005502972256     
   1.0000005527723046     
   1.0000005552609903     
   1.0000005576947186     
   1.0000005601764586     
   1.0000005625019681     
   1.0000005649457273     
   1.0000005673581265     
   1.0000005696974568     
   1.0000005721272358     
   1.0000005743869225     
   1.0000005768775924     
   1.0000005792883817     
   1.0000005815032571     
   1.0000005839093393     
   1.0000005862025965     
   1.0000005883289160     
   1.0000005906805267     
   1.0000005929474638     
   1.0000005951834035     
   1.0000005975779929     
   1.0000005998042374     
   1.0000006019903565     
   1.0000006041978378     
   1.0000006063919660     
   1.0000006085974495     
   1.0000006109413564     
   1.0000006128795573     
   1.0000006151559260     
   1.0000006172754223     
   1.0000006195098965     
   1.0000006214459138     
   1.0000006237064940     
   1.0000006257932448     
   1.0000006279517537     
   1.0000006300577193     
   1.0000006322297874     
   1.0000006343206524     
   1.0000006364157108     
   1.0000006384822246     
   1.0000006406772666     
   1.0000006426468355     
   1.0000006447621093     
   1.0000006467195239     
   1.0000006489080291     
   1.0000006507287629     
   1.0000006530097503     
   1.0000006550254235     
   1.0000006569104569     
   1.0000006590816335     
   1.0000006609673988     
   1.0000006631611245     
   1.0000006650743154     
   1.0000006671502371     
   1.0000006689462497     
   1.0000006712127922     
   1.0000006731082027     
   1.0000006750868029     
   1.0024803304568828     
   1.0053084030487789     
   1.0082236661654616     
   1.0111950022783787     
   1.0142191197333414     
   1.0172960958890516     
   1.0204264388669695     
   1.0236107344898207     
   1.0268496037469699     
   1.0301436976666192     
   1.0334936967451445     
   1.0369003109725912     
   1.0403642799714241     
   1.0438863731941261     
   1.0474673901679981     
   1.0511081607869035     
   1.0548095456533857     
   1.0585724364521298     
   1.0623977563957385     
   1.0662864606932412     
   1.0702395370722182     
   1.0742580063492704     
   1.0783429230426782     
   1.0824953760348548     
   1.0867164892803414     
   1.0910074225614352     
   1.0953693722937730     
   1.0998035723795128     
   1.1043112951167351     
   1.1088938521413674     
   1.1135525954552310     
   1.1182889184787053     
   1.1231042571719194     
   1.1280000912113679     
   1.1329779452261350     
   1.1380393900992933     
   1.1431860443129771     
   1.1484195753959681     
   1.1537417014058828     
   1.1591541924984452     
   1.1646588725643547     
   1.1702576209252926     
   1.1759523741667419     
   1.1817451279956188     
   1.1876379392100493     
   1.1936329276848372     
   1.1997322786469360     
   1.2059382448380094     
   1.2122531489181578     
   1.2186793857795513     
   1.2252194253232382     
   1.2318758150278253     
   1.2386511827842930     
   1.2455482398634572     
   1.2525697839615897     
   1.2597187023777061     
   1.2669979755469583     
   1.2744106804587176     
   1.2819599943826550     
   1.2896491987524279     
   1.2974816832312952     
   1.3054609500198073     
   1.3135906181461154     
   1.3218744283975907     
   1.3303162480916222     
   1.3389200763210305     
   1.3476900491177082     
   1.3566304454867131     
   1.3657456931694427     
   1.3750403749477278     
   1.3845192352371340     
   1.3941871870157185     
   1.4040493191102603     
   1.4141109038617932     
   1.4243774051922060     
   1.4348544871358992     
   1.4455480226492812     
   1.4564641032273828     
   1.4676090487326146     
   1.4789894178903435     
   1.4906120193798176     
   1.5024839233873744     
   1.5146124741109883     
   1.5270053025955321     
   1.5396703406271040     
   1.5526158352400607     
   1.5658503640370358     
   1.5793828514737005     
   1.5932225862402629     
   1.6073792394826023     
   1.6218628838887474     
   1.6366840146353536     
   1.6518535709303244     
   1.6673829591738625     
   1.6832840775256106     
   1.6995693420034808     
   1.7162517142366025     
   1.7333447311416887     
   1.7508625357924272     
   1.7688199116759842     
   1.7768104991296187     
   1.7829379040612996     
   1.7887075101876058     
   1.7943896289577097     
   1.8000333564695536     
   1.8056484741537016     
   1.8112377455968822     
   1.8168026417853382     
   1.8223443576143776     
   1.8278639946179176     
   1.8333625965279883     
   1.8388411569920839     
   1.8443006234803037     
   1.8497418999615272     
   1.8551658492556369     
   1.8605732953164043     
   1.8659650253393623     
   1.8713417917282629     
   1.8767043139461403     
   1.8820532802651919     
   1.8873893494113319     
   1.8927131521120708     
   1.8980252924318732     
   1.9033263496564283     
   1.9086168788615006     
   1.9138974124655854     
   1.9191684614387641     
   1.9244305161071482     
   1.9296840483087814     
   1.9349295104804436     
   1.9401673377213418     
   1.9453979487019109     
   1.9506217466563485     
   1.9558391187053834     
   1.9610504379375404     
   1.9662560649824339     
   1.9714563453973710     
   1.9766516136140382     
   1.9818421920709066     
   1.9870283918463880     
   1.9922105132196302     
   1.9973888461748017     
   2.0025636708714423     
   2.0077352580822652     
   2.0129038696107724     
   2.0180697586828171     
   2.0232331703242026     
   2.0283943417203454     
   2.0335535026318095     
   2.0387108754773990     
   2.0438666758661999     
   2.0490211127074809     
   2.0541743886626880     
   2.0593267003320479     
   2.0644782384890115     
   2.0696291883170601     
   2.0747797296324646     
   2.0799300371004046     
   2.0850802804366939     
   2.0902306246003906     
   2.0953812299792416     
   2.1005322525634935     
   2.1056838441142096     
   2.1108361523218302     
   2.1159893209575595     
   2.1211434900201831     
   2.1262987958686601     
   2.1314553713387840     
   2.1366133460144177     
   2.1417728461249528     
   2.1469339946694626     
   2.1520969117381505     
   2.1572617144889885     
   2.1624285172504472     
   2.1675974316268078     
   2.1727685665900434     
   2.1779420285751598     
   2.1831179215597722     
   2.1882963471506871     
   2.1934774046599776     
   2.1986611911822020     
   2.2038478016663583     
   2.2090373289852931     
   2.2142298640044276     
   2.2194254956450981     
   2.2246243109468398     
   2.2298263951276738     
   2.2350318316402165     
   2.2402407022278097     
   2.2454530869775557     
   2.2506690643720133     
   2.2558887113363069     
   2.2611121032893529     
   2.2663393141860704     
   2.2715704165646819     
   2.2768054815860155     
   2.2820445790770281     
   2.2872877775714020     
   2.2925351443440269     
   2.2977867454516061     
   2.3030426457664133     
   2.3083029090121272     
   2.3135675977953793     
   2.3188367736399225     
   2.3241104970158544     
   2.3293888273716754     
   2.3346718231618047     
   2.3399595418757255     
   2.3452520400645072     
   2.3505493733676754     
   2.3558515965384670     
   2.3611587634691857     
   2.3664709272142002     
   2.3717881400129532     
   2.3771104533142422     
   2.3824379177954702     
   2.3877705833861764     
   2.3931084992860034     
   2.3984517139864514     
   2.4038002752891887     
   2.4091542303246438     
   2.4145136255709154     
   2.4198785068699729     
   2.4252489194446873     
   2.4306249079178279     
   2.4360065163241877     
   2.4413937881292274     
   2.4467867662425178     
   2.4521854930326956     
   2.4575900103431620     
   2.4630003595024896     
   2.4684165813409487     
   2.4738387162026663     
   2.4792668039576546     
   2.4847008840146172     
   2.4901409953327085     
   2.4955871764328750     
   2.5010394654102304     
   2.5064978999436165     
   2.5119625173076172     
   2.5174333543806378     
   2.5229104476585400     
   2.5283938332608722     
   2.5338835469421448     
   2.5393796241015467     
   2.5448820997916242     
   2.5503910087254331     
   2.5559063852870825     
   2.5614282635393475     
   2.5669566772315937     
   2.5724916598079703     
   2.5780332444146730     
   2.5835814639076502     
   2.5891363508598997     
   2.5946979375683439     
   2.6002662560602188     
   2.6058413381014351     
   2.6114232152015981     
   2.6170119186198506     
   2.6226074793732113     
   2.6282099282403655     
   2.6338192957688076     
   2.6394356122807245     
   2.6450589078775648     
   2.6506892124448838     
   2.6563265556597901     
   2.6619709670164773     
   2.6676224757630767     
   2.6732811109657968     
   2.6789469015372855     
   2.6846198761804998     
   2.6903000634162946     
   2.6959874915936206     
   2.7016821888881397     
   2.7073841833088705     
   2.7130935026998539     
   2.7188101747478952     
   2.7245342269821582     
   2.7302656867822006     
   2.7360045813774563     
   2.7417509378543095     
   2.7475047831572232     
   2.7532661440939705     
   2.7590350473382732     
   2.7648115194325986     
   2.7705955867914200     
   2.7763872757075694     
   2.7821866123508818     
   2.7879936227742808     
   2.7938083325538705     
   2.7996307683985298     
   2.8054609555960686     
   2.8112989196717346     
   2.8171446860273481     
   2.8229982800574263     
   2.8288597270261486     
   2.8347290521836910     
   2.8406062805843151     
   2.8464914372720207     
   2.8523845472201241     
   2.8582856357737625     
   2.8641947273967849     
   2.8701118463638386     
   2.8760370172978131     
   2.8819702651053900     
   2.8879116139403154     
   2.8938610882163642     
   2.8998187122309340     
   2.9057845103589304     
   2.9117585064736740     
   2.9177407247474050     
   2.9237311892010043     
   2.9297299237799965     
   2.9357369523667711     
   2.9417522987822911     
   2.9477759867880082     
   2.9538080400872473     
   2.9598484823280122     
   2.9658973371027151     
   2.9719546279500739     
   2.9780203783578032     
   2.9840946117628815     
   2.9901773515532635     
   2.9962686210687162     
   3.0023684436030407     
   3.0084768424050030     
   3.0145938406802122     
   3.0207194615901214     
   3.0268537282549492     
   3.0329966637564185     
   3.0391482911351329     
   3.0453086333957535     
   3.0514777135050322     
   3.0576555543942905     
   3.0638421789610510     
   3.0700376100687201     
   3.0762418705491403     
   3.0824549832007682     
   3.0886769706570361     
   3.0949078559676719     
   3.1011476615981453     
   3.1073964103602409     
   3.1136541248274412     
   3.1199208276242967     
   3.1261965413866881     
   3.1324812887473001     
   3.1387750922683408     
   3.1450779744110000     
   3.1513899576418112     
   3.1577110644759050     
   3.1640413175093256     
   3.1703807390957248     
   3.1767293519410145     
   3.1830871780798633     
   3.1894542400509369     
   3.1958305602572481     
   3.2022161610734430     
   3.2086110648570960     
   3.2150152939510996     
   3.2214288706854664     
   3.2278518173780233     
   3.2342841563341049     
   3.2407259098483556     
   3.2471771002035381     
   3.2536377496735187     
   3.2601078805212178     
   3.2665875150027621     
   3.2730766753645826     
   3.2795753838445751     
   3.2860836626765693     
   3.2926015340849686     
   3.2991290202889196     
   3.3056661435022736     
   3.3122129259347477     
   3.3187693897892827     
   3.3253355572680388     
   3.3319114505681493     
   3.3384970918828092     
   3.3450925034052137     
   3.3516977073247838     
   3.3583127258313406     
   3.3649375811111564     
   3.3715722953530332     
   3.3782168907428405     
   3.3848713894692670     
   3.3915358137205436     
   3.3982101856862554     
   3.4048945275587483     
   3.4115888615314365     
   3.4182932098012171     
   3.4250075945667118     
   3.4317320380315670     
   3.4384665624030775     
   3.4452111898910580     
   3.4519659427112428     
   3.4587308430843926     
   3.4655059132369423     
   3.4722911754004704     
   3.4790866518112025     
   3.4858923647153395     
   3.4722746605096475     
   3.4549463620866074     
   3.4370245178296814     
   3.4190689487318076     
   3.4011816114698612     
   3.3833834328702403     
   3.3656808704811194     
   3.3480775923057098     
   3.3305765293045808     
   3.3131802486023489     
   3.2958910347192010     
   3.2787109191866359     
   3.2616417003055780     
   3.2446849601867673     
   3.2278420803278416     
   3.2111142560946018     
   3.1945025101801297     
   3.1780077051408648     
   3.1616305550272688     
   3.1453716362390125     
   3.1292313976839807     
   3.1132101701482306     
   3.0973081751067517     
   3.0815255327363178     
   3.0658622697942173     
   3.0503183262689286     
   3.0348935624005189     
   3.0195877648286831     
   3.0044006519190694     
   2.9893318794324308     
   2.9743810454414317     
   2.9595476950311341     
   2.9448313243988697     
   2.9302313855876703     
   2.9157472887888116     
   2.9013784067526149     
   2.8871240798668456     
   2.8729836147099204     
   2.8589562905424657     
   2.8450413643893748     
   2.8312380645833408     
   2.8175456016561378     
   2.8039631671637992     
   2.7904899357449584     
   2.7771250669531922     
   2.7638677076753595     
   2.7507169931569271     
   2.7376720483964201     
   2.7247319900306444     
   2.7118959273180421     
   2.6991629633303025     
   2.6865321962501145     
   2.6740027203638315     
   2.6615736270270127     
   2.6492440055516195     
   2.6370129440570675     
   2.6248795302464760     
   2.6128428521287570     
   2.6009019986888799     
   2.5890560605065658     
   2.5773041303317217     
   2.5656453036125275     
   2.5540786789801775     
   2.5426033587241292     
   2.5312184491754222     
   2.5199230611084271     
   2.5087163100892083     
   2.4975973167893812     
   2.4865652073170894     
   2.4756191134378187     
   2.4647581728156633     
   2.4539815293578555     
   2.4432883332454089     
   2.4326777412159655     
   2.4221489167138848     
   2.4117010300097768     
   2.4013332584312113     
   2.3910447863441306     
   2.3808348053362556     
   2.3707025142951004     
   2.3606471194839629     
   2.3506678346103649     
   2.3407638808821383     
   2.3309344870546003     
   2.3211788894682535     
   2.3114963320785216     
   2.3018860664764667     
   2.2923473519032544     
   2.2828794552560412     
   2.2734816510898712     
   2.2641532216106248     
   2.2548934566968994     
   2.2457016537591881     
   2.2365771178960125     
   2.2275191617617494     
   2.2185271055555993     
   2.2096002769918441     
   2.2007380112615493     
   2.1919396509932993     
   2.1832045462097205     
   2.1800204621206465     
   2.1775477052800225     
   2.1751905860979193     
   2.1728763256090931     
   2.1705952877705292     
   2.1683454367721882     
   2.1661256833342852     
   2.1639350885170541     
   2.1617727664996833     
   2.1596378713818907     
   2.1575295935635972     
   2.1554471577385130     
   2.1533898212622975     
   2.1513568723092638     
   2.1493476284496018     
   2.1473614350431576     
   2.1453976639065959     
   2.1434557119826754     
   2.1415350000521785     
   2.1396349717322711     
   2.1377550921222577     
   2.1358948468721062     
   2.1340537413040090     
   2.1322312992814560     
   2.1304270624290944     
   2.1286405893469800     
   2.1268714546984238     
   2.1251192485928554     
   2.1233835758093043     
   2.1216640551170824     
   2.1199603186760720     
   2.1182720114477043     
   2.1165987906197232     
   2.1149403250389902     
   2.1132962947347216     
   2.1116663904219752     
   2.1100503130700021     
   2.1084477734272733     
   2.1068584916331168     
   2.1052821968232771     
   2.1037186267562697     
   2.1021675274523672     
   2.1006286528867677     
   2.0991017646269832     
   2.0975866315566316     
   2.0960830295794541     
   2.0945907413457343     
   2.0931095559845798     
   2.0916392688605776     
   2.0901796813310707     
   2.0887306005188102     
   2.0872918391007884     
   2.0858632150929264     
   2.0844445516596739     
   2.0830356769218557     
   2.0816364237781979     
   2.0802466297342579     
   2.0788661367336845     
   2.0774947910062438     
   2.0761324429121908     
   2.0747789468053592     
   2.0734341608880693     
   2.0720979470828671     
   2.0707701709049959     
   2.0694507013395418     
   2.0681394107224094     
   2.0668361746523676     
   2.0655408718454003     
   2.0642533840596160     
   2.0629735959790287     
   2.0617013951522321     
   2.0604366718438536     
   2.0591793190243171     
   2.0579292322097635     
   2.0566863094079522     
   2.0554504510898219     
   2.0542215600095557     
   2.0529995412749398     
   2.0517843021349833     
   2.0505757519924623     
   2.0493738023020516     
   2.0481783665994562     
   2.0469893603070219     
   2.0458067007588596     
   2.0446303071303760     
   2.0434601003459778     
   2.0422960031632642     
   2.0411379399322240     
   2.0399858366619159     
   2.0388396209533912     
   2.0376992219508625     
   2.0365645702704405     
   2.0354355980716132     
   2.0343122388537123     
   2.0331944275147955     
   2.0320821002973348     
   2.0309751947387817     
   2.0298736496708654     
   2.0287774051066845     
   2.0276864023534760     
   2.0266005838087247     
   2.0255198930088527     
   2.0244442746574784     
   2.0233736744862201     
   2.0223080392896193     
   2.0212473168879432     
   2.0201914559994583     
   2.0191404065927294     
   2.0180941193283424     
   2.0170525458535469     
   2.0160156387213624     
   2.0149833513618689     
   2.0139556380582944     
   2.0129324539267581     
   2.0119137548940524     
   2.0108994976801737     
   2.0098896397749786     
   2.0088841394227144     
   2.0078829556012892     
   2.0068860480058284     
   2.0058933770304486     
   2.0049049037510067     
   2.0039205899110448     
   2.0029403979025187     
   2.0019642907532718     
   2.0009922321097804     
   2.0000241862243473     
   1.9990601179403851     
   1.9980999926773551     
   1.9971437764190882     
   1.9961914357007278     
   1.9952429375937617     
   1.9942982496968904     
   1.9933573401216973     
   1.9924201774827683     
   1.9914867308842488     
   1.9905569699105339     
   1.9896308646147798     
   1.9887083855100327     
   1.9877895035555051     
   1.9868741901506213     
   1.9859624171228918     
   1.9850541567197135     
   1.9841493815998901     
   1.9832480648207849     
   1.9823501798365497     
   1.9814557004825770     
   1.9805646009725126     
   1.9796768558878832     
   1.9787924401704324     
   1.9779113291153940     
   1.9770334983631275     
   1.9761589238933435     
   1.9752875820152767     
   1.9744194493651481     
   1.9735545028959549     
   1.9726927198721975     
   1.9718340778632837     
   1.9709785547385008     
   1.9701261286592320     
   1.9692767780748011     
   1.9684304817156530     
   1.9675872185879413     
   1.9667469679690615     
   1.9659097094006850     
   1.9650754226847060     
   1.9642440878787204     
   1.9634156852890643     
   1.9625901954691913     
   1.9617675992115151     
   1.9609478775454192     
   1.9601310117311694     
   1.9593169832573096     
   1.9585057738348282     
   1.9576973653930283     
   1.9568917400771439     
   1.9560888802425294     
   1.9552887684521358     
   1.9544913874712744     
   1.9536967202661892     
   1.9529047499980647     
   1.9521154600209090     
   1.9513288338779025     
   1.9505448552978495     
   1.9497635081924394     
   1.9489847766519293     
   1.9482086449432501     
   1.9474350975066002     
   1.9466641189517466     
   1.9458956940558698     
   1.9451298077609565     
   1.9443664451709499     
   1.9436055915465125     
   1.9428472323070483     
   1.9420913530243178     
   1.9413379394215855     
   1.9405869773707134     
   1.9398384528893740     
   1.9390923521390897     
   1.9383486614224079     
   1.9376073671820211     
   1.9368684559977041     
   1.9361319145826645     
   1.9353977297833993     
   1.9346658885772090     
   1.9339363780695886     
   1.9332091854927815     
   1.9324842982039818     
   1.9317617036807557     
   1.9310413895240437     
   1.9303233434528506     
   1.9296075533024390     
   1.9288940070245619     
   1.9281826926839800     
   1.9274735984573390     
   1.9267667126310806     
   1.9260620236012087     
   1.9253595198704192     
   1.9246591900469479     
   1.9239610228422830     
   1.9232650070711319     
   1.9225711316486263     
   1.9218793855902436     
   1.9211897580078217     
   1.9205022381128252     
   1.9198168152090487     
   1.9191334786959910     
   1.9184522180657315     
   1.9177730229010894     
   1.9170958828759246     
   1.9164207877528681     
   1.9157477273817312     
   1.9150766916995843     
   1.9144076707286715     
   1.9137406545750628     
   1.9130756334287087     
   1.9124125975606945     
   1.9117515373240335     
   1.9110924431513143     
   1.9104353055531105     
   1.9097801151191585     
   1.9091268625152011     
   1.9084755384829748     
   1.9078261338386431     
   1.9071786394738341     
   1.9065330463514758     
   1.9058893455067294     
   1.9052475280471104     
   1.9046075851491138     
   1.9039695080592947     
   1.9033332880929832     
   1.9026989166321222     
   1.9020663851270536     
   1.9014356850931777     
   1.9008068081110634     
   1.9001797458261944     
   1.8995544899477965     
   1.8989310322481840     
   1.8983093645607514     
   1.8976894787821901     
   1.8970713668683941     
   1.8964550208360118     
   1.8958404327609955     
   1.8952275947777411     
   1.8946164990785810     
   1.8940071379135039     
   1.8933995035889211     
   1.8927935884670644     
   1.8921893849663181     
   1.8915868855583953     
   1.8909860827706038     
   1.8903869691832627     
   1.8897895374295721     
   1.8891937801948808     
   1.8885996902164293     
   1.8880072602830165     
   1.8874164832336868     
   1.8868273519578935     
   1.8862398593943195     
   1.8856539985311807     
   1.8850697624040844     
   1.8844871440984110     
   1.8839061367451277     
   1.8833267335236688     
   1.8827489276591030     
   1.8821727124223946     
   1.8815980811305733     
   1.8810250271452471     
   1.8804535438729069     
   1.8798836247639747     
   1.8793152633125156     
   1.8787484530558034     
   1.8781831875738146     
   1.8776194606592918     
   1.8770572656566133     
   1.8764965964029197     
   1.8759374466609429     
   1.8753798102202384     
   1.8748236809084828     
   1.8742690525929306     
   1.8737159191812318     
   1.8731642746185555     
   1.8726141128901677     
   1.8720654280189435     
   1.8715182140662481     
   1.8709724651297628     
   1.8704281753453649     
   1.8698853388859606     
   1.8693439499601037     
   1.8688040028125565     
   1.8682654917251922     
   1.8677284110136603     
   1.8671927550297756     
   1.8666585181593349     
   1.8661256948233418     
   1.8655942794767035     
   1.8650642666078081     
   1.8645356507387829     
   1.8640084264253074     
   1.8634825882553991     
   1.8629581308499610     
   1.8624350488619243     
   1.8619133369764507     
   1.8613929899103996     
   1.8608740024121757     
   1.8603563692605305     
   1.8598400852662742     
   1.8593251452698909     
   1.8588115441423387     
   1.8582992767851008     
   1.8577883381286104     
   1.8572787231335259     
   1.8567704267895144     
   1.8562634441146417     
   1.8557577701569465     
   1.8552533999916681     
   1.8547503287232434     
   1.8542485514837037     
   1.8537480634322283     
   1.8532488597565744     
   1.8527509356713410     
   1.8522542864180245     
   1.8517589072656755     
   1.8512647935080579     
   1.8507719404670699     
   1.8502803434905872     
   1.8497899979515149     
   1.8493008992492950     
   1.8488130428080110     
   1.8483264240777462     
   1.8478410385335930     
   1.8473568816753532     
   1.8468739490264898     
   1.8463922361371174     
   1.8459117385795545     
   1.8454324519512681     
   1.8449543718726245     
   1.8444774939891346     
   1.8440018141155856     
   1.8435273276667850     
   1.8430540304712431     
   1.8425819182796950     
   1.8421109868538559     
   1.8416412319768574     
   1.8411726494532152     
   1.8407052351100377     
   1.8402389847968355     
   1.8397738943844120     
   1.8393099597651006     
   1.8388471768536199     
   1.8383855415850876     
   1.8379250499157713     
   1.8374656978236872     
   1.8370074813071278     
   1.8365503963847045     
   1.8360944390964913     
   1.8356396055027826     
   1.8351858916830166     
   1.8347332937374670     
   1.8342818077862333     
   1.8338314299693763     
   1.8333821564455515     
   1.8329339833944358     
   1.8324869070134611     
   1.8320409235201769     
   1.8315960291510327     
   1.8311522201606472     
   1.8307094928232372     
   1.8302678434313848     
   1.8298272682952414     
   1.8293877637447560     
   1.8289493261267282     
   1.8285119518069166     
   1.8280756373058036     
   1.8276403787675350     
   1.8272061727161752     
   1.8267730156004545     
   1.8263409038758744     
   1.8259098340134490     
   1.8254798025009815     
   1.8250508058438164     
   1.8246228405637293     
   1.8241959032000539     
   1.8237699903077231     
   1.8233450984588002     
   1.8229212242417683     
   1.8224983642613648     
   1.8220765151386120     
   1.8216556735103970     
   1.8212358360296583     
   1.8208169993651773     
   1.8203991602019993     
   1.8199823152398786     
   1.8195664611949822     
   1.8191515947979646     
   1.8187377127957363     
   1.8183248119497391     
   1.8179128890369960     
   1.8175019408494237     
   1.8170919641937600     
   1.8166829558912925     
   1.8162749127780824     
   1.8158678317059043     
   1.8154617095390846     
   1.8150565431579291     
   1.8146523294564445     
   1.8142490653427188     
   1.8138467477394795     
   1.8134453735826517     
   1.8130449398231965     
   1.8126454434251185     
   1.8122468813662092     
   1.8118492506383832     
   1.8114525482464341     
   1.8110567712092258     
   1.8106619165591649     
   1.8102679813412859     
   1.8098749626143658     
   1.8094828574496040     
   1.8090916629325053     
   1.8087013761605433     
   1.8083119942443975     
   1.8079235143074648     
   1.8075359334857222     
   1.8071492490295589     
   1.8067634579098353     
   1.8063785573785220     
   1.8059945446316448     
   1.8056114168685771     
   1.8052291713004212     
   1.8048478051847006     
   1.8044673156911157     
   1.8040877000942834     
   1.8037089556558841     
   1.8033310796566566     
   1.8029540693619956     
   1.8025779220730329     
   1.8022026350971878     
   1.8018282057520478     
   1.8014546313665514     
   1.8010819092814212     
   1.8007100368484226     
   1.8003390114310640     
   1.7999688304146375     
   1.7995994911640838     
   1.7992309910845110     
   1.7988633275849379     
   1.7984964980839078     
   1.7981305000110206     
   1.7977653308067734     
   1.7974009879362107     
   1.7970374688351565     
   1.7966747709866737     
   1.7963128918756082     
   1.7959518289951082     
   1.7955915798496851     
   1.7952321419535073     
   1.7948735128315250     
   1.7945156900184434     
   1.7941586710598563     
   1.7938024535110160     
   1.7934470349371983     
   1.7930924129141401     
   1.7927385850269322     
   1.7923855488714155     
   1.7920333020524832     
   1.7916818421853169     
   1.7913311668946470     
   1.7909812738150745     
   1.7906321605904394     
   1.7902838248745663     
   1.7899362643305738     
   1.7895894766408298     
   1.7892434594691833     
   1.7888982105147515     
   1.7885537274790937     
   1.7882100080723196     
   1.7878670500138421     
   1.7875248510316910     
   1.7871834088636600     
   1.7868427212560039     
   1.7865027859645224     
   1.7861636007536004     
   1.7858251633966606     
   1.7854874716757891     
   1.7851505233824472     
   1.7848143163161916     
   1.7844788483005165     
   1.7841441171241725     
   1.7838101206249253     
   1.7834768566385719     
   1.7831443230082651     
   1.7828125175852281     
   1.7824814382291703     
   1.7821510828083849     
   1.7818214491995805     
   1.7814925352872517     
   1.7811643389647980     
   1.7808368581335252     
   1.7805100907026197     
   1.7801840345897806     
   1.7798586877206493     
   1.7795340480288269     
   1.7792101134562468     
   1.7788868819524113     
   1.7785643514746265     
   1.7782425199885832     
   1.7779213854673701     
   1.7776009459051809     
   1.7772811992659086     
   1.7769621435564105     
   1.7766437767820897     
   1.7763260969548194     
   1.7760091020936362     
   1.7756927902259050     
   1.7753771593857053     
   1.7750622076148095     
   1.7747479329624214     
   1.7744343334857424     
   1.7741214072483309     
   1.7738091523216835     
   1.7734975667844406     
   1.7731866487224055     
   1.7728763962287597     
   1.7725668074035594     
   1.7722578803542453     
   1.7719496131953569     
   1.7716420040484686     
   1.7713350510421555     
   1.7710287523117512     
   1.7707231059999844     
   1.7704181102561547     
   1.7701137632365811     
   1.7698100631045819     
   1.7695070080299216     
   1.7692045961895606     
   1.7689028257670070     
   1.7686016949523782     
   1.7683012019527102     
   1.7680013449523149     
   1.7677021221700040     
   1.7674035318231325     
   1.7671055721349656     
   1.7668082413355277     
   1.7665115376612790     
   1.7662154593548203     
   1.7659200046654759     
   1.7656251718489306     
   1.7653309591670667     
   1.7650373648885311     
   1.7647443872876205     
   1.7644520246455957     
   1.7641602752494565     
   1.7638691373925937     
   1.7635786093744457     
   1.7632886895011008     
   1.7629993760842564     
   1.7627106674418567     
   1.7624225618978082     
   1.7621350577822346     
   1.7618481534314545     
   1.7615618471874812     
   1.7612761373979726     
   1.7609910224172634     
   1.7607065006050540     
   1.7604225703272114     
   1.7601392299550462     
   1.7598564778661203     
   1.7595743124434935     
   1.7592927320761580     
   1.7590117351589345     
   1.7587313200920800     
   1.7584514852816318     
   1.7581722291392541     
   1.7578935500825301     
   1.7576154465344245     
   1.7573379169231385     
   1.7570609596831386     
   1.7567845732537928     
   1.7565087560804995     
   1.7562335066134864     
   1.7559588233092589     
   1.7556847046289643     
   1.7554111490688411     
   1.7551381550456917     
   1.7548657210607845     
   1.7545938455992063     
   1.7543225271501177     
   1.7540517642063573     
   1.7537815552672684     
   1.7535118988365146     
   1.7532427934236208     
   1.7529742375428516     
   1.7527062297140052     
   1.7524387684616185     
   1.7521718523157770     
   1.7519054798112415     
   1.7516396494882227     
   1.7513743598918019     
   1.7511096095719629     
   1.7508453970841242     
   1.7505817209882111     
   1.7503185798492400     
   1.7500559722373641     
   1.7497938967273881     
   1.7495323519062143     
   1.7492713363450283     
   1.7490108486396894     
   1.7487508873846205     
   1.7484914511793392     
   1.7482325386276749     
   1.7479741483388929     
   1.7477162789258118     
   1.7474589290070404     
   1.7472020972057227     
   1.7469457821491785     
   1.7466899824698821     
   1.7464346968048323     
   1.7461799237955045     
   1.7459256620884347     
   1.7456719103341334     
   1.7454186671879135     
   1.7451659313098218     
   1.7449137013642193     
   1.7446619760203883     
   1.7444107539612517     
   1.7441600338461403     
   1.7439098143651359     
   1.7436600942059144     
   1.7434108720602257     
   1.7431621466232419     
   1.7429139165953531     
   1.7426661806803845     
   1.7424189375873347     
   1.7421721860292785     
   1.7419259247234609     
   1.7416801523956191     
   1.7414348677636806     
   1.7411900695613287     
   1.7409457565230457     
   1.7407019273876034     
   1.7404585808976170     
   1.7402157158000591     
   1.7399733308460343     
   1.7397314247909590     
   1.7394899963941310     
   1.7392490444190387     
   1.7390085676332068     
   1.7387685648083340     
   1.7385290347202169     
   1.7382899761482256     
   1.7380513878767652     
   1.7378132686933927     
   1.7375756173897774     
   1.7373384327616845     
   1.7371017136087821     
   1.7368654587351229     
   1.7366296669479846     
   1.7363943370588946     
   1.7361594678833021     
   1.7359250582405643     
   1.7356911069538934     
   1.7354576128499160     
   1.7352245747598236     
   1.7349919915181824     
   1.7347598619634954     
   1.7345281849377068     
   1.7342969592872133     
   1.7340661838613867     
   1.7338358575141606     
   1.7336059791039038     
   1.7333765474886911     
   1.7331475615348009     
   1.7329190201101596     
   1.7326909220872637     
   1.7324632663411583     
   1.7322360517513617     
   1.7320092772010016     
   1.7317829415762425     
   1.7315570437672716     
   1.7313315826677023     
   1.7311065571749142     
   1.7308819661894068     
   1.7306578086156792     
   1.7304340833618495     
   1.7302107893387917     
   1.7299879254613755     
   1.7297654906481468     
   1.7295434838206616     
   1.7293219039043368     
   1.7291007498276387     
   1.7288800205229513     
   1.7286597149254512     
   1.7284398319742387     
   1.7282203706114669     
   1.7280013297829837     
   1.7277827084375434     
   1.7275645055278444     
   1.7273467200092663     
   1.7271293508408372     
   1.7269123969852176     
   1.7266958574074374     
   1.7264797310790811     
   1.7262640169681467     
   1.7260487140513525     
   1.7258338213078328     
   1.7256193377193492     
   1.7254052622708431     
   1.7251915939511389     
   1.7249783317514304     
   1.7247654746663232     
   1.7245530216937661     
   1.7243409718345417     
   1.7241293240930107     
   1.7239180774763903     
   1.7237072309950063     
   1.7234967836622812     
   1.7232867344948788     
   1.7230770825124917     
   1.7228678267375923     
   1.7226589661962857     
   1.7224504999173638     
   1.7222424269325454     
   1.7220347462767220     
   1.7218274569879100     
   1.7216205581068953     
   1.7214140486776623     
   1.7212079277469103     
   1.7210021943647813     
   1.7207968475838149     
   1.7205918864597918     
   1.7203873100513267     
   1.7201831174203133     
   1.7199793076309804     
   1.7197758797505882     
   1.7195728328495530     
   1.7193701660010021     
   1.7191678782810560     
   1.7189659687684915     
   1.7187644365451769     
   1.7185632806956739     
   1.7183625003069001     
   1.7181620944695357     
   1.7179620622765874     
   1.7177624028232856     
   1.7175631152090829     
   1.7173641985344295     
   1.7171656519037495     
   1.7169674744243824     
   1.7167696652051252     
   1.7165722233586904     
   1.7163751479999374     
   1.7161784382467524     
   1.7159820932194820     
   1.7157861120412914     
   1.7155904938379023     
   1.7153952377378887     
   1.7152003428722293     
   1.7150058083748720     
   1.7148116333821291     
   1.7146178170330033     
   1.7144243584691747     
   1.7142312568348730     
   1.7140385112772345     
   1.7138461209452420     
   1.7136540849914967     
   1.7134624025701104     
   1.7132710728383331     
   1.7130800949559934     
   1.7128894680854621     
   1.7126991913913903     
   1.7125092640409192     
   1.7123196852042621     
   1.7121304540534181     
   1.7119415697633336     
   1.7117530315116538     
   1.7115648384776312     
   1.7113769898438032     
   1.7111894847945308     
   1.7110023225175919     
   1.7108155022023983     
   1.7106290230407180     
   1.7104428842271533     
   1.7102570849588257     
   1.7100716244347323     
   1.7098865018565541     
   1.7097017164284900     
   1.7095172673569461     
   1.7093331538507539     
   1.7091493751211595     
   1.7089659303815992     
   1.7087828188479697     
   1.7086000397383789     
   1.7084175922736664     
   1.7082354756764158     
   1.7080536891719444     
   1.7078722319875388     
   1.7076911033533129     
   1.7075103025010656     
   1.7073298286651526     
   1.7071496810823794     
   1.7069698589912166     
   1.7067903616331641     
   1.7066111882513888     
   1.7064323380915474     
   1.7062538104010856     
   1.7060756044309844     
   1.7058977194326650     
   1.7057201546609670     
   1.7055429093723982     
   1.7053659828260055     
   1.7051893742826114     
   1.7050130830053876     
   1.7048371082599743     
   1.7046614493136294     
   1.7044861054364004     
   1.7043110758996838     
   1.7041363599775863     
   1.7039619569460938     
   1.7037878660838326     
   1.7036140866705627     
   1.7034406179890009     
   1.7032674593235675     
   1.7030946099610391     
   1.7029220691902953     
   1.7027498363014004     
   1.7025779105875665     
   1.7024062913438418     
   1.7022349778667871     
   1.7020639694557529     
   1.7018932654115695     
   1.7017228650372536     
   1.7015527676381197     
   1.7013829725213094     
   1.7012134789955173     
   1.7010442863719610     
   1.7008753939639816     
   1.7007068010864619     
   1.7005385070566990     
   1.7003705111934826     
   1.7002028128180116     
   1.7000354112530311     
   1.6998683058236299     
   1.6997014958567354     
   1.6995349806810798     
   1.6993687596274545     
   1.6992028320282173     
   1.6990371972184415     
   1.6988718545343708     
   1.6987068033144743     
   1.6985420428989679     
   1.6983775726302828     
   1.6982133918520721     
   1.6980494999106368     
   1.6978858961540180     
   1.6977225799313538     
   1.6975595505945869     
   1.6973968074971084     
   1.6972343499939946     
   1.6970721774426238     
   1.6969102892017294     
   1.6967486846318067     
   1.6965873630960575     
   1.6964263239585042     
   1.6962655665853212     
   1.6961050903449275     
   1.6959448946065305     
   1.6957849787420809     
   1.6956253421248844     
   1.6954659841302080     
   1.6953069041348834     
   1.6951481015174519     
   1.6949895756586235     
   1.6948313259405605     
   1.6946733517469719     
   1.6945156524638141     
   1.6943582274783036     
   1.6942010761798487     
   1.6940441979591536     
   1.6938875922087668     
   1.6937312583231980     
   1.6935751956982668     
   1.6934194037316381     
   1.6932638818230523     
   1.6931086293732729     
   1.6929536457851440     
   1.6927989304631170     
   1.6926444828133806     
   1.6924903022436926     
   1.6923363881634217     
   1.6921827399837637     
   1.6920293571174101     
   1.6918762389787878     
   1.6917233849839699     
   1.6915707945503182     
   1.6914184670975041     
   1.6912664020460706     
   1.6911145988187728     
   1.6909630568397285     
   1.6908117755343797     
   1.6906607543303682     
   1.6905099926563352     
   1.6903594899431511     
   1.6902092456225524     
   1.6900592591283548     
   1.6899095298956666     
   1.6897600573613787     
   1.6896108409638670     
   1.6894618801430408     
   1.6893131743402778     
   1.6891647229985658     
   1.6890165255624712     
   1.6888685814780715     
   1.6887208901931197     
   1.6885734511563824     
   1.6884262638188430     
   1.6882793276325834     
   1.6881326420510743     
   1.6879862065297824     
   1.6878400205250714     
   1.6876940834953817     
   1.6875483949002026     
   1.6874029542005788     
   1.6872577608594095     
   1.6871128143404068     
   1.6869681141093475     
   1.6868236596333719     
   1.6866794503805551     
   1.6865354858210608     
   1.6863917654263045     
   1.6862482886689631     
   1.6861050550234224     
   1.6859620639652879     
   1.6858193149717555     
   1.6856768075211304     
   1.6855345410937708     
   1.6853925151707232     
   1.6852507292348264     
   1.6851091827702318     
   1.6849678752626982     
   1.6848268061992304     
   1.6846859750681804     
   1.6845453813589435     
   1.6844050245631503     
   1.6842649041731597     
   1.6841250196827551     
   1.6839853705873260     
   1.6838459563835060     
   1.6837067765692200     
   1.6835678306437221     
   1.6834291181078687     
   1.6832906384637991     
   1.6831523912145823     
   1.6830143758653746     
   1.6828765919217330     
   1.6827390388913195     
   1.6826017162828339     
   1.6824646236061114     
   1.6823277603727889     
   1.6821911260952409     
   1.6820547202875078     
   1.6819185424648939     
   1.6817825921440375     
   1.6816468688422412     
   1.6815113720793657     
   1.6813761013757089     
   1.6812410562526228     
   1.6811062362334472     
   1.6809716408422140     
   1.6808372696044340     
   1.6807031220471398     
   1.6805691976979407     
   1.6804354960866141     
   1.6803020167433951     
   1.6801687592001722     
   1.6800357229899130     
   1.6799029076471503     
   1.6797703127071224     
   1.6796379377067676     
   1.6795057821840362     
   1.6793738456780052     
   1.6792421277290241     
   1.6791106278791459     
   1.6789793456707482     
   1.6788482806481775     
   1.6787174323565677     
   1.6785868003425595     
   1.6784563841534328     
   1.6783261833383998     
   1.6781961974473030     
   1.6780664260314513     
   1.6779368686431697     
   1.6778075248361353     
   1.6776783941649118     
   1.6775494761856842     
   1.6774207704551278     
   1.6772922765320375     
   1.6771639939754570     
   1.6770359223458484     
   1.6769080612051104     
   1.6767804101161969     
   1.6766529686429723     
   1.6765257363504906     
   1.6763987128049658     
   1.6762718975742190     
   1.6761452902262888     
   1.6760188903309958     
   1.6758926974591339     
   1.6757667111828112     
   1.6756409310747453     
   1.6755153567089838     
   1.6753899876609506     
   1.6752648235068996     
   1.6751398638244157     
   1.6750151081916658     
   1.6748905561885792     
   1.6747662073957323     
   1.6746420613947979     
   1.6745181177690605     
   1.6743943761018467     
   1.6742708359788490     
   1.6741474969856842     
   1.6740243587095862     
   1.6739014207389811     
   1.6737786826628758     
   1.6736561440718694     
   1.6735338045573953     
   1.6734116637113645     
   1.6732897211279427     
   1.6731679764014966     
   1.6730464291274065     
   1.6729250789025254     
   1.6728039253243787     
   1.6726829679916742     
   1.6725622065041206     
   1.6724416404624900     
   1.6723212694685661     
   1.6722010931250502     
   1.6720811110359592     
   1.6719613228058146     
   1.6718417280406681     
   1.6717223263472551     
   1.6716031173331862     
   1.6714841006076877     
   1.6713652757803639     
   1.6712466424624628     
   1.6711282002649575     
   1.6710099488010333     
   1.6708918876846792     
   1.6707740165304108     
   1.6706563349539592     
   1.6705388425720316     
   1.6704215390025501     
   1.6703044238638813     
   1.6701874967757928     
   1.6700707573590086     
   1.6699542052347012     
   1.6698378400255014     
   1.6697216613549368     
   1.6696056688474159     
   1.6694898621282341     
   1.6693742408236203     
   1.6692588045608050     
   1.6691435529680880     
   1.6690284856743867     
   1.6689136023100495     
   1.6687989025056680     
   1.6686843858932234     
   1.6685700521057845     
   1.6684559007768207     
   1.6683419315410433     
   1.6682281440339155     
   1.6681145378922548     
   1.6680011127531886     
   1.6678878682551650     
   1.6677748040372764     
   1.6676619197395597     
   1.6675492150030846     
   1.6674366894698003     
   1.6673243427824582     
   1.6672121745849247     
   1.6671001845213000     
   1.6669883722374272     
   1.6668767373795428     
   1.6667652795950014     
   1.6666539985315745     
   1.6665428938385920     
   1.6664319651655370     
   1.6663212121633180     
   1.6662106344835665     
   1.6661002317782976     
   1.6659900037014526     
   1.6658799499065957     
   1.6657700700491902     
   1.6656603637848373     
   1.6655508307701568     
   1.6654414706629488     
   1.6653322831214041     
   1.6652232678049790     
   1.6651144243734195     
   1.6650057524881283     
   1.6648972518104632     
   1.6647889220031351     
   1.6646807627296258     
   1.6645727736539306     
   1.6644649544414092     
   1.6643573047578124     
   1.6642498242698220     
   1.6641425126449547     
   1.6640353695517702     
   1.6639283946590879     
   1.6638215876370039     
   1.6637149481563447     
   1.6636084758886529     
   1.6635021705060518     
   1.6633960316821388     
   1.6632900590905577     
   1.6631842524060589     
   1.6630786113044838     
   1.6629731354618793     
   1.6628678245555708     
   1.6627626782632932     
   1.6626576962640063     
   1.6625528782369183     
   1.6624482238624274     
   1.6623437328216091     
   1.6622394047960081     
   1.6621352394685713     
   1.6620312365224215     
   1.6619273956417098     
   1.6618237165111740     
   1.6617201988165990     
   1.6616168422445068     
   1.6615136464817291     
   1.6614106112164302     
   1.6613077361372821     
   1.6612050209334144     
   1.6611024652952358     
   1.6610000689135438     
   1.6608978314801972     
   1.6607957526873400     
   1.6606938322279203     
   1.6605920697963403     
   1.6604904650867924     
   1.6603890177948355     
   1.6602877276164556     
   1.6601865942482543     
   1.6600856173879202     
   1.6599847967337440     
   1.6598841319846467     
   1.6597836228401741     
   1.6596832690009613     
   1.6595830701680003     
   1.6594830260430129     
   1.6593831363286178     
   1.6592834007283004     
   1.6591838189455588     
   1.6590843906853157     
   1.6589851156530520     
   1.6588859935545990     
   1.6587870240968401     
   1.6586882069870761     
   1.6585895419336336     
   1.6584910286453998     
   1.6583926668317663     
   1.6582944562029454     
   1.6581963964697977     
   1.6580984873440503     
   1.6580007285379490     
   1.6579031197645906     
   1.6578056607372178     
   1.6577083511704089     
   1.6576111907789832     
   1.6575141792790038     
   1.6574173163861918     
   1.6573206018180155     
   1.6572240352919785     
   1.6571276165263293     
   1.6570313452401995     
   1.6569352211529502     
   1.6568392439851678     
   1.6567434134576435     
   1.6566477292923532     
   1.6565521912110659     
   1.6564567989368983     
   1.6563615521934294     
   1.6562664507048994     
   1.6561714941962709     
   1.6560766823928017     
   1.6559820150206086     
   1.6558874918067130     
   1.6557931124784917     
   1.6556988767639687     
   1.6556047843917225     
   1.6555108350912082     
   1.6554170285922536     
   1.6553233646256655     
   1.6552298429222652     
   1.6551364632142169     
   1.6550432252339440     
   1.6549501287143813     
   1.6548571733892883     
   1.6547643589930188     
   1.6546716852604437     
   1.6545791519270554     
   1.6544867587291310     
   1.6543945054034424     
   1.6543023916872917     
   1.6542104173184735     
   1.6541185820358022     
   1.6540268855785776     
   1.6539353276864610     
   1.6538439080996910     
   1.6537526265592948     
   1.6536614828071357     
   1.6535704765852912     
   1.6534796076361253     
   1.6533888757035402     
   1.6532982805311702     
   1.6532078218636335     
   1.6531174994461797     
   1.6530273130243520     
   1.6529372623446146     
   1.6528473471536445     
   1.6527575671989119     
   1.6526679222285039     
   1.6525784119912446     
   1.6524890362361218     
   1.6523997947127422     
   1.6523106871717250     
   1.6522217133637427     
   1.6521328730404319     
   1.6520441659537530     
   1.6519555918562927     
   1.6518671505011728     
   1.6517788416422250     
   1.6516906650337431     
   1.6516026204303895     
   1.6515147075877856     
   1.6514269262615351     
   1.6513392762085786     
   1.6512517571858447     
   1.6511643689507582     
   1.6510771112614442     
   1.6509899838770088     
   1.6509029865564890     
   1.6508161190594659     
   1.6507293811466466     
   1.6506427725785884     
   1.6505562931170303     
   1.6504699425237011     
   1.6503837205610348     
   1.6502976269923879     
   1.6502116615809783     
   1.6501258240911998     
   1.6500401142873595     
   1.6499545319349520     
   1.6498690767995516     
   1.6497837486471076     
   1.6496985472448009     
   1.6496134723595897     
   1.6495285237592310     
   1.6494437012122740     
   1.6493590044873216     
   1.6492744333539033     
   1.6491899875815119     
   1.6491056669410911     
   1.6490214712030220     
   1.6489374001388433     
   1.6488534535207129     
   1.6487696311206961     
   1.6486859327118484     
   1.6486023580676665     
   1.6485189069619903     
   1.6484355791692564     
   1.6483523744646005     
   1.6482692926232052     
   1.6481863334211175     
   1.6481034966347976     
   1.6480207820410964     
   1.6479381894173992     
   1.6478557185419362     
   1.6477733691927736     
   1.6476911411489841     
   1.6476090341899263     
   1.6475270480953235     
   1.6474451826460632     
   1.6473634376224147     
   1.6472818128060034     
   1.6472003079786106     
   1.6471189229225600     
   1.6470376574205126     
   1.6469565112558753     
   1.6468754842122735     
   1.6467945760741105     
   1.6467137866258621     
   1.6466331156529239     
   1.6465525629407582     
   1.6464721282753494     
   1.6463918114435667     
   1.6463116122323580     
   1.6462315304292281     
   1.6461515658220363     
   1.6460717181995572     
   1.6459919873502751     
   1.6459123730637357     
   1.6458328751299400     
   1.6457534933391067     
   1.6456742274825686     
   1.6455950773501393     
   1.6455160427341915     
   1.6454371234268925     
   1.6453583192207903     
   1.6452796299090027     
   1.6452010552848155     
   1.6451225951423014     
   1.6450442492758801     
   1.6449660174801617     
   1.6448878995505221     
   1.6448098952826973     
   1.6447320044728515     
   1.6446542269175448     
   1.6445765624138655     
   1.6444990107591337     
   1.6444215717515875     
   1.6443442451891706     
   1.6442670308709482     
   1.6441899285961223     
   1.6441129381642470     
   1.6440360593755858     
   1.6439592920305133     
   1.6438826359299932     
   1.6438060908753676     
   1.6437296566686577     
   1.6436533331118734     
   1.6435771200079161     
   1.6435010171596931     
   1.6434250243707955     
   1.6433491414451491     
   1.6432733681870273     
   1.6431977044014368     
   1.6431221498934609     
   1.6430467044684742     
   1.6429713679329774     
   1.6428961400928666     
   1.6428210207556908     
   1.6427460097281172     
   1.6426711068181288     
   1.6425963118338742     
   1.6425216245837653     
   1.6424470448765685     
   1.6423725725218143     
   1.6422982073293635     
   1.6422239491090960     
   1.6421497976716872     
   1.6420757528281131     
   1.6420018143896047     
   1.6419279821681456     
   1.6418542559756619     
   1.6417806356249576     
   1.6417071209286771     
   1.6416337117004081     
   1.6415604077538561     
   1.6414872089032515     
   1.6414141149628776     
   1.6413411257479258     
   1.6412682410735477     
   1.6411954607557047     
   1.6411227846102576     
   1.6410502124538420     
   1.6409777441032511     
   1.6409053793757107     
   1.6408331180891331     
   1.6407609600613038     
   1.6406889051109652     
   1.6406169530564103     
   1.6405451037174035     
   1.6404733569131111     
   1.6404017124637915     
   1.6403301701894628     
   1.6402587299111746     
   1.6401873914499974     
   1.6401161546269343     
   1.6400450192642722     
   1.6399739851841577     
   1.6399030522091238     
   1.6398322201621263     
   1.6397614888664096     
   1.6396908581459226     
   1.6396203278245687     
   1.6395498977267433     
   1.6394795676775662     
   1.6394093375017127     
   1.6393392070250226     
   1.6392691760735563     
   1.6391992444733208     
   1.6391294120510838     
   1.6390596786337297     
   1.6389900440487470     
   1.6389205081237994     
   1.6388510706868669     
   1.6387817315663731     
   1.6387124905913255     
   1.6386433475906736     
   1.6385743023940149     
   1.6385053548314572     
   1.6384365047325613     
   1.6383677519283442     
   1.6382990962497761     
   1.6382305375277486     
   1.6381620755943997     
   1.6380937102812889     
   1.6380254414207478     
   1.6379572688456767     
   1.6378891923890297     
   1.6378212118838902     
   1.6377533271642817     
   1.6376855380641195     
   1.6376178444175218     
   1.6375502460597167     
   1.6374827428254406     
   1.6374153345502187     
   1.6373480210696709     
   1.6372808022200851     
   1.6372136778375137     
   1.6371466477592680     
   1.6370797118219058     
   1.6370128698631812     
   1.6369461217207428     
   1.6368794672326907     
   1.6368129062375831     
   1.6367464385739483     
   1.6366800640810844     
   1.6366137825981328     
   1.6365475939653582     
   1.6364814980223754     
   1.6364154946097693     
   1.6363495835681623     
   1.6362837647387420     
   1.6362180379629925     
   1.6361524030823602     
   1.6360868599390148     
   1.6360214083751285     
   1.6359560482337261     
   1.6358907793575490     
   1.6358256015899393     
   1.6357605147747805     
   1.6356955187555489     
   1.6356306133770147     
   1.6355657984835210     
   1.6355010739200129     
   1.6354364395316732     
   1.6353718951639966     
   1.6353074406630130     
   1.6352430758746686     
   1.6351788006455592     
   1.6351146148224647     
   1.6350505182525985     
   1.6349865107831325     
   1.6349225922619002     
   1.6348587625369435     
   1.6347950214566089     
   1.6347313688694542     
   1.6346678046244782     
   1.6346043285710041     
   1.6345409405584490     
   1.6344776404368604     
   1.6344144280560293     
   1.6343513032667125     
   1.6342882659196243     
   1.6342253158658344     
   1.6341624529567846     
   1.6340996770439951     
   1.6340369879796157     
   1.6339743856155970     
   1.6339118698048429     
   1.6338494403999064     
   1.6337870972542248     
   1.6337248402210771     
   1.6336626691541349     
   1.6336005839075489     
   1.6335385843357320     
   1.6334766702932089     
   1.6334148416346788     
   1.6333530982156150     
   1.6332914398915286     
   1.6332298665180327     
   1.6331683779512145     
   1.6331069740474786     
   1.6330456546635013     
   1.6329844196561214     
   1.6329232688828104     
   1.6328622022005843     
   1.6328012194676795     
   1.6327403205419093     
   1.6326795052817367     
   1.6326187735457209     
   1.6325581251927226     
   1.6324975600822089     
   1.6324370780733315     
   1.6323766790259511     
   1.6323163628001722     
   1.6322561292563795     
   1.6321959782549194     
   1.6321359096567412     
   1.6320759233230331     
   1.6320160191153443     
   1.6319561968951215     
   1.6318964565242615     
   1.6318367978652761     
   1.6317772207805905     
   1.6317177251329882     
   1.6316583107854949     
   1.6315989776013720     
   1.6315397254442916     
   1.6314805541780508     
   1.6314214636668987     
   1.6313624537750440     
   1.6313035243673535     
   1.6312446753087386     
   1.6311859064643963     
   1.6311272176995715     
   1.6310686088802198     
   1.6310100798723401     
   1.6309516305421885     
   1.6308932607559969     
   1.6308349703810292     
   1.6307767592838971     
   1.6307186273322183     
   1.6306605743933431     
   1.6306026003353087     
   1.6305447050260422     
   1.6304868883339660     
   1.6304291501275892     
   1.6303714902760555     
   1.6303139086479772     
   1.6302564051131561     
   1.6301989795410565     
   1.6301416318015218     
   1.6300843617649108     
   1.6300271693012547     
   1.6299700542814739     
   1.6299130165764999     
   1.6298560560572490     
   1.6297991725952716     
   1.6297423660622561     
   1.6296856363301213     
   1.6296289832708408     
   1.6295724067569468     
   1.6295159066610656     
   1.6294594828560311     
   1.6294031352150595     
   1.6293468636116641     
   1.6292906679191648     
   1.6292345480117345     
   1.6291785037632724     
   1.6291225350484264     
   1.6290666417415656     
   1.6290108237175911     
   1.6289550808517546     
   1.6288994130192727     
   1.6288438200956674     
   1.6287883019568496     
   1.6287328584789298     
   1.6286774895381302     
   1.6286221950110715     
   1.6285669747744291     
   1.6285118287053584     
   1.6284567566808901     
   1.6284017585787913     
   1.6283468342766745     
   1.6282919836525243     
   1.6282372065844584     
   1.6281825029511128     
   1.6281278726308182     
   1.6280733155028613     
   1.6280188314461546     
   1.6279644203400436     
   1.6279100820644188     
   1.6278558164986539     
   1.6278016235231698     
   1.6277475030183177     
   1.6276934548641930     
   1.6276394789418411     
   1.6275855751324719     
   1.6275317433168226     
   1.6274779833767066     
   1.6274242951935605     
   1.6273706786493205     
   1.6273171336263206     
   1.6272636600066028     
   1.6272102576727976     
   1.6271569265078580     
   1.6271036663947132     
   1.6270504772165417     
   1.6269973588569624     
   1.6269443111995281     
   1.6268913341281401     
   1.6268384275270324     
   1.6267855912805278     
   1.6267328252731921     
   1.6266801293897992     
   1.6266275035153501     
   1.6265749475350957     
   1.6265224613344926     
   1.6264700447991476     
   1.6264176978149767     
   1.6263654202682245     
   1.6263132120450599     
   1.6262610730320584     
   1.6262090031160161     
   1.6261570021835003     
   1.6261050701222752     
   1.6260532068195914     
   1.6260014121627684     
   1.6259496860399987     
   1.6258980283390492     
   1.6258464389481551     
   1.6257949177560616     
   1.6257434646510029     
   1.6256920795221488     
   1.6256407622585307     
   1.6255895127495654     
   1.6255383308844733     
   1.6254872165532888     
   1.6254361696456943     
   1.6253851900520129     
   1.6253342776623094     
   1.6252834323673120     
   1.6252326540577906     
   1.6251819426248482     
   1.6251312979593309     
   1.6250807199528738     
   1.6250302084967372     
   1.6249797634828240     
   1.6249293848034438     
   1.6248790723503563     
   1.6248288260161419     
   1.6247786456933564     
   1.6247285312747906     
   1.6246784826534695     
   1.6246284997223650     
   1.6245785823752836     
   1.6245287305055574     
   1.6244789440068328     
   1.6244292227734181     
   1.6243795666993508     
   1.6243299756789344     
   1.6242804496069445     
   1.6242309883780710     
   1.6241815918873239     
   1.6241322600297969     
   1.6240829927008702     
   1.6240337897962553     
   1.6239846512113609     
   1.6239355768427608     
   1.6238865665860418     
   1.6238376203377920     
   1.6237887379943790     
   1.6237399194527831     
   1.6236911646098751     
   1.6236424733626191     
   1.6235938456084269     
   1.6235452812447986     
   1.6234967801692832     
   1.6234483422799051     
   1.6233999674748276     
   1.6233516556521264     
   1.6233034067102181     
   1.6232552205480821     
   1.6232070970641315     
   1.6231590361575294     
   1.6231110377274729     
   1.6230631016734804     
   1.6230152278950114     
   1.6229674162916967     
   1.6229196667636321     
   1.6228719792110469     
   1.6228243535341718     
   1.6227767896332785     
   1.6227292874094852     
   1.6226818467632760     
   1.6226344675957702     
   1.6225871498085596     
   1.6225398933025550     
   1.6224926979796319     
   1.6224455637415516     
   1.6223984904903106     
   1.6223514781279342     
   1.6223045265567722     
   1.6222576356794198     
   1.6222108053985600     
   1.6221640356169320     
   1.6221173262378745     
   1.6220706771640196     
   1.6220240882993204     
   1.6219775595470087     
   1.6219310908110793     
   1.6218846819953683     
   1.6218383330040893     
   1.6217920437413351     
   1.6217458141117174     
   1.6216996440197440     
   1.6216535333703979     
   1.6216074820684048     
   1.6215614900191118     
   1.6215155571278748     
   1.6214696833001943     
   1.6214238684416622     
   1.6213781124582061     
   1.6213324152557109     
   1.6212867767403647     
   1.6212411968189244     
   1.6211956753975070     
   1.6211502123830275     
   1.6211048076823715     
   1.6210594612023834     
   1.6210141728504401     
   1.6209689425339198     
   1.6209237701605930     
   1.6208786556377237     
   1.6208335988736613     
   1.6207885997761693     
   1.6207436582537156     
   1.6206987742143228     
   1.6206539475671082     
   1.6206091782205039     
   1.6205644660831708     
   1.6205198110644907     
   1.6204752130737936     
   1.6204306720202932     
   1.6203861878132986     
   1.6203417603630201     
   1.6202973895791322     
   1.6202530753715443     
   1.6202088176507701     
   1.6201646163270476     
   1.6201204713108825     
   1.6200763825128568     
   1.6200323498440845     
   1.6199883732155838     
   1.6199444525383628     
   1.6199005877239487     
   1.6198567786836975     
   1.6198130253293483     
   1.6197693275728362     
   1.6197256853260478     
   1.6196820985010387     
   1.6196385670102662     
   1.6195950907662049     
   1.6195516696813734     
   1.6195083036687203     
   1.6194649926409848     
   1.6194217365113377     
   1.6193785351932046     
   1.6193353885997359     
   1.6192922966446643     
   1.6192492592416532     
   1.6192062763046422     
   1.6191633477474687     
   1.6191204734846480     
   1.6190776534303748     
   1.6190348874989948     
   1.6189921756053489     
   1.6189495176642810     
   1.6189069135907355     
   1.6188643632995208     
   1.6188218667062728     
   1.6187794237262518     
   1.6187370342750045     
   1.6186946982682680     
   1.6186524156220694     
   1.6186101862521458     
   1.6185680100750890     
   1.6185258870067927     
   1.6184838169639209     
   1.6184417998630869     
   1.6183998356211517     
   1.6183579241548527     
   1.6183160653813862     
   1.6182742592180073     
   1.6182325055819535     
   1.6181908043907822     
   1.6181491555623797     
   1.6181075590141796     
   1.6180660146643617     
   1.6180245224310696     
   1.6179830822326295     
   1.6179416939869664     
   1.6179003576132178     
   1.6178590730297813     
   1.6178178401554801     
   1.6177766589093130     
   1.6177355292103890     
   1.6176944509781257     
   1.6176534241318359     
   1.6176124485911283     
   1.6175715242755817     
   1.6175306511050354     
   1.6174898289994428     
   1.6174490578791894     
   1.6174083376643456     
   1.6173676682752700     
   1.6173270496327046     
   1.6172864816572152     
   1.6172459642696959     
   1.6172054973911332     
   1.6171650809425058     
   1.6171247148451739     
   1.6170843990205717     
   1.6170441333903371     
   1.6170039178757030     
   1.6169637523988822     
   1.6169236368817534     
   1.6168835712464460     
   1.6168435554150828     
   1.6168035893100705     
   1.6167636728539041     
   1.6167238059690823     
   1.6166839885788467     
   1.6166442206055818     
   1.6166045019726243     
   1.6165648326031015     
   1.6165252124202543     
   1.6164856413478736     
   1.6164461193090651     
   1.6164066462279014     
   1.6163672220281280     
   1.6163278466338256     
   1.6162885199689616     
   1.6162492419578374     
   1.6162100125250696     
   1.6161708315950032     
   1.6161316990923646     
   1.6160926149420087     
   1.6160535790685486     
   1.6160145913974773     
   1.6159756518538411     
   1.6159367603629593     
   1.6158979168501910     
   1.6158591212412250     
   1.6158203734616681     
   1.6157816734375345     
   1.6157430210947947     
   1.6157044163595706     
   1.6156658591579465     
   1.6156273494163829     
   1.6155888870614703     
   1.6155504720197515     
   1.6155121042179528     
   1.6154737835830804     
   1.6154355100420270     
   1.6153972835220927     
   1.6153591039503834     
   1.6153209712543553     
   1.6152828853615098     
   1.6152448461995423     
   1.6152068536963788     
   1.6151689077794871     
   1.6151310083774151     
   1.6150931554181669     
   1.6150553488298973     
   1.6150175885410825     
   1.6149798744810115     
   1.6149422065770545     
   1.6149045847582677     
   1.6148670089539137     
   1.6148294790928934     
   1.6147919951044423     
   1.6147545569178263     
   1.6147171644625899     
   1.6146798176679971     
   1.6146425164637397     
   1.6146052607798735     
   1.6145680505459874     
   1.6145308856922038     
   1.6144937661486418     
   1.6144566918458516     
   1.6144196627137566     
   1.6143826786830595     
