   1.0000000000000000     
  0.99999999282239871     
  0.99999999276470652     
  0.99999999270937501     
  0.99999999265507400     
  0.99999999260175576     
  0.99999999254937544     
  0.99999999249789018     
  0.99999999244726057     
  0.99999999239744808     
  0.99999999234841763     
  0.99999999230013503     
  0.99999999225256853     
  0.99999999220568803     
  0.99999999215946456     
  0.99999999211387181     
  0.99999999206888335     
  0.99999999202447543     
  0.99999999198062528     
  0.99999999193731059     
  0.99999999189451094     
  0.99999999185220689     
  0.99999999181037957     
  0.99999999176901144     
  0.99999999172808585     
  0.99999999168758680     
  0.99999999164749886     
  0.99999999160780784     
  0.99999999156850017     
  0.99999999152956254     
  0.99999999149098229     
  0.99999999145274798     
  0.99999999141484830     
  0.99999999137727202     
  0.99999999134000916     
  0.99999999130304995     
  0.99999999126638472     
  0.99999999123000460     
  0.99999999119390126     
  0.99999999115806637     
  0.99999999112249183     
  0.99999999108717030     
  0.99999999105209447     
  0.99999999101725767     
  0.99999999098265324     
  0.99999999094827463     
  0.99999999091411607     
  0.99999999088017133     
  0.99999999084643498     
  0.99999999081290170     
  0.99999999077956658     
  0.99999999074642409     
  0.99999999071346979     
  0.99999999068069889     
  0.99999999064810696     
  0.99999999061568978     
  0.99999999058344324     
  0.99999999055136346     
  0.99999999051944655     
  0.99999999048768895     
  0.99999999045608678     
  0.99999999042463683     
  0.99999999039333565     
  0.99999999036218035     
  0.99999999033116760     
  0.99999999030029418     
  0.99999999026955755     
  0.99999999023895503     
  0.99999999020848351     
  0.99999999017814067     
  0.99999999014792373     
  0.99999999011783036     
  0.99999999008785823     
  0.99999999005800511     
  0.99999999002826845     
  0.99999998999864659     
  0.99999998996913686     
  0.99999998993973749     
  0.99999998991044659     
  0.99999998988126226     
  0.99999998985218241     
  0.99999998982320548     
  0.99999998979432947     
  0.99999998976555293     
  0.99999998973687387     
  0.99999998970829107     
  0.99999998967980275     
  0.99999998965140724     
  0.99999998962310355     
  0.99999998959488978     
  0.99999998956676450     
  0.99999998953872682     
  0.99999998951077484     
  0.99999998948290780     
  0.99999998945512403     
  0.99999998942742230     
  0.99999998939980173     
  0.99999998937226076     
  0.99999998934479883     
  0.99999998931741418     
  0.99999998929010625     
   1.0022927751124437     
   1.0046145979375416     
   1.0069649849603965     
   1.0093438858032890     
   1.0117512650748448     
   1.0141871016339328     
   1.0166513879722927     
   1.0191441296377974     
   1.0216653446966502     
   1.0242150632313700     
   1.0267933268728142     
   1.0294001883640551     
   1.0320357111538212     
   1.0346999690183643     
   1.0373930457092488     
   1.0401150346260726     
   1.0428660385124167     
   1.0456461691734349     
   1.0484555472143235     
   1.0512943017977814     
   1.0541625704198307     
   1.0570604987027978     
   1.0599882402042597     
   1.0629459562414996     
   1.0659338157299951     
   1.0689519950356985     
   1.0720006778400215     
   1.0750800550169073     
   1.0781903245214326     
   1.0813316912890478     
   1.0845043671454058     
   1.0877085707255572     
   1.0909445274026395     
   1.0942124692252924     
   1.0975126348632478     
   1.1008452695612001     
   1.1042106250998751     
   1.1076089581022126     
   1.1110405366311500     
   1.1145056302788199     
   1.1180045167221357     
   1.1215374800832019     
   1.1251048109289734     
   1.1287068062771675     
   1.1323437696072869     
   1.1360160108773423     
   1.1397238465451489     
   1.1434675995948100     
   1.1472475995678224     
   1.1510641825987991     
   1.1549176914557826     
   1.1588084755846453     
   1.1627368911581866     
   1.1667033011290164     
   1.1707080752867498     
   1.1747515903192822     
   1.1788342298777021     
   1.1829563846456053     
   1.1871184524118097     
   1.1913208381471188     
   1.1955639540849241     
   1.1998482198052449     
   1.2041740623229875     
   1.2085419161794275     
   1.2129522235376946     
   1.2174054342819618     
   1.2219020061200492     
   1.2264424046901998     
   1.2310271036711078     
   1.2356565848959928     
   1.2403313384703061     
   1.2450518628932012     
   1.2498186651829835     
   1.2546322610060057     
   1.2594931748100229     
   1.2644019399609367     
   1.2693590988837933     
   1.2743652032078339     
   1.2794208139153085     
   1.2845265014949239     
   1.2896828460989800     
   1.2948904377050992     
   1.3001498762822521     
   1.3054617719609232     
   1.3108267452082478     
   1.3162454270072095     
   1.3217184590408557     
   1.3272464938810764     
   1.3328301951822892     
   1.3384702378801325     
   1.3441673083949044     
   1.3499221048406602     
   1.3557353372390351     
   1.3616077277387881     
   1.3675400108408005     
   1.3735329336284352     
   1.3795872560040960     
   1.3857037509312111     
   1.3918832046825340     
   1.3981264170945888     
   1.4002769136520403     
   1.4024074654332630     
   1.4045238399207574     
   1.4066265984155022     
   1.4087162678635392     
   1.4107933490491316     
   1.4128583181144863     
   1.4149116279766889     
   1.4169537096563329     
   1.4189849735235753     
   1.4210058104669601     
   1.4230165929900045     
   1.4250176762402087     
   1.4270093989748425     
   1.4289920844675856     
   1.4309660413598093     
   1.4329315644600649     
   1.4348889354950889     
   1.4368384238154270     
   1.4387802870585722     
   1.4407147717723323     
   1.4426421140009436     
   1.4445625398363053     
   1.4464762659365449     
   1.4483835000139698     
   1.4502844412943496     
   1.4521792809493266     
   1.4540682025036382     
   1.4559513822187407     
   1.4578289894542986     
   1.4597011870089271     
   1.4615681314414715     
   1.4634299733740359     
   1.4652868577778848     
   1.4671389242432791     
   1.4689863072342297     
   1.4708291363290937     
   1.4726675364478807     
   1.4745016280670766     
   1.4763315274227431     
   1.4781573467025986     
   1.4799791942277514     
   1.4817971746247007     
   1.4836113889881892     
   1.4854219350354523     
   1.4872289072523748     
   1.4890323970320349     
   1.4908324928060783     
   1.4926292801693468     
   1.4944228419981567     
   1.4962132585625878     
   1.4980006076331391     
   1.4997849645820645     
   1.5015664024797042     
   1.5033449921860866     
   1.5051208024380729     
   1.5068938999322974     
   1.5086643494041350     
   1.5104322137029205     
   1.5121975538636239     
   1.5139604291751789     
   1.5157208972456500     
   1.5174790140644032     
   1.5192348340614519     
   1.5209884101641182     
   1.5227397938511660     
   1.5244890352045271     
   1.5262361829587578     
   1.5279812845483358     
   1.5297243861529153     
   1.5314655327406455     
   1.5332047681096468     
   1.5349421349277426     
   1.5366776747705364     
   1.5384114281579102     
   1.5401434345890290     
   1.5418737325759226     
   1.5436023596757125     
   1.5453293525215559     
   1.5470547468523594     
   1.5487785775413303     
   1.5505008786234122     
   1.5522216833216667     
   1.5539410240726401     
   1.5556589325507704     
   1.5573754396918740     
   1.5590905757157556     
   1.5608043701479803     
   1.5625168518408470     
   1.5642280489935936     
   1.5659379891718752     
   1.5676466993265414     
   1.5693542058117442     
   1.5710605344024053     
   1.5727657103110737     
   1.5744697582041900     
   1.5761727022177956     
   1.5778745659726963     
   1.5795753725891108     
   1.5812751447008253     
   1.5829739044688673     
   1.5846716735947284     
   1.5863684733331429     
   1.5880643245044486     
   1.5897592475065392     
   1.5914532623264324     
   1.5931463885514587     
   1.5948386453800929     
   1.5965300516324383     
   1.5982206257603788     
   1.5999103858574073     
   1.6015993496681502     
   1.6032875345975883     
   1.6049749577199952     
   1.6066616357875982     
   1.6083475852389706     
   1.6100328222071716     
   1.6117173625276351     
   1.6134012217458180     
   1.6150844151246238     
   1.6167669576515966     
   1.6184488640459047     
   1.6201301487651161     
   1.6218108260117698     
   1.6234909097397598     
   1.6251704136605254     
   1.6268493512490660     
   1.6285277357497765     
   1.6302055801821174     
   1.6318828973461188     
   1.6335596998277266     
   1.6352360000039998     
   1.6369118100481503     
   1.6385871419344511     
   1.6402620074429968     
   1.6419364181643346     
   1.6436103855039632     
   1.6452839206867069     
   1.6469570347609677     
   1.6486297386028579     
   1.6503020429202220     
   1.6519739582565425     
   1.6536454949947430     
   1.6553166633608829     
   1.6569874734277579     
   1.6586579351183932     
   1.6603280582094493     
   1.6619978523345353     
   1.6636673269874276     
   1.6653364915252076     
   1.6670053551713135     
   1.6686739270185109     
   1.6703422160317845     
   1.6720102310511511     
   1.6736779807944020     
   1.6753454738597702     
   1.6770127187285297     
   1.6786797237675244     
   1.6803464972316331     
   1.6820130472661696     
   1.6836793819092200     
   1.6853455090939207     
   1.6870114366506772     
   1.6886771723093239     
   1.6903427237012347     
   1.6920080983613712     
   1.6936733037302851     
   1.6953383471560686     
   1.6970032358962510     
   1.6986679771196569     
   1.7003325779082070     
   1.7019970452586799     
   1.7036613860844312     
   1.7053256072170628     
   1.7069897154080598     
   1.7086537173303789     
   1.7103176195800034     
   1.7119814286774557     
   1.7136451510692761     
   1.7153087931294637     
   1.7169723611608809     
   1.7186358613966297     
   1.7202993000013844     
   1.7219626830727035     
   1.7236260166423016     
   1.7252893066772965     
   1.7269525590814216     
   1.7286157796962125     
   1.7302789743021665     
   1.7319421486198712     
   1.7336053083111089     
   1.7352684589799352     
   1.7369316061737310     
   1.7385947553842305     
   1.7402579120485260     
   1.7419210815500490     
   1.7435842692195285     
   1.7452474803359266     
   1.7469107201273555     
   1.7485739937719693     
   1.7502373063988381     
   1.7519006630888039     
   1.7535640688753140     
   1.7552275287452344     
   1.7568910476396531     
   1.7585546304546544     
   1.7602182820420846     
   1.7618820072102965     
   1.7635458107248787     
   1.7652096973093685     
   1.7668736716459501     
   1.7685377383761356     
   1.7702019021014344     
   1.7718661673840039     
   1.7735305387472906     
   1.7751950206766540     
   1.7768596176199789     
   1.7785243339882735     
   1.7801891741562574     
   1.7818541424629324     
   1.7835192432121481     
   1.7851844806731481     
   1.7868498590811093     
   1.7885153826376716     
   1.7901810555114515     
   1.7918468818385485     
   1.7935128657230406     
   1.7951790112374699     
   1.7968453224233176     
   1.7985118032914693     
   1.8001784578226721     
   1.8018452899679804     
   1.8035123036491962     
   1.8051795027592967     
   1.8068468911628566     
   1.8085144726964590     
   1.8101822511691030     
   1.8118502303625956     
   1.8135184140319465     
   1.8151868059057452     
   1.8168554096865355     
   1.8185242290511843     
   1.8201932676512407     
   1.8218625291132868     
   1.8235320170392870     
   1.8252017350069261     
   1.8268716865699437     
   1.8285418752584599     
   1.8302123045792975     
   1.8318829780162966     
   1.8335538990306242     
   1.8352250710610787     
   1.8368964975243851     
   1.8385681818154909     
   1.8402401273078524     
   1.8419123373537150     
   1.8435848152843939     
   1.8452575644105433     
   1.8469305880224249     
   1.8486038893901706     
   1.8502774717640411     
   1.8519513383746762     
   1.8536254924333493     
   1.8552999371322074     
   1.8569746756445140     
   1.8586497111248845     
   1.8603250467095191     
   1.8620006855164315     
   1.8636766306456718     
   1.8653528851795496     
   1.8670294521828488     
   1.8687063347030435     
   1.8703835357705048     
   1.8720610583987094     
   1.8737389055844422     
   1.8754170803079959     
   1.8770955855333662     
   1.8787744242084474     
   1.8804535992652200     
   1.8821331136199397     
   1.8838129701733202     
   1.8854931718107144     
   1.8871737214022937     
   1.8888546218032232     
   1.8905358758538311     
   1.8922174863797843     
   1.8938994561922513     
   1.8955817880880699     
   1.8972644848499050     
   1.8989475492464143     
   1.9006309840324007     
   1.9023147919489691     
   1.9039989757236795     
   1.9056835380706951     
   1.9073684816909326     
   1.9090538092722065     
   1.9107395234893725     
   1.9124256270044708     
   1.9141121224668631     
   1.9157990125133708     
   1.9118261726988461     
   1.9078125275642872     
   1.9037667331045645     
   1.8996902382909611     
   1.8955844214774664     
   1.8914506026545708     
   1.8872900466015492     
   1.8831039658326956     
   1.8788935233624735     
   1.8746598353006003     
   1.8704039732885216     
   1.8661269667881568     
   1.8618298052314959     
   1.8575134400414657     
   1.8531787865313865     
   1.8488267256914068     
   1.8444581058692602     
   1.8400737443517570     
   1.8356744288542457     
   1.8312609189227216     
   1.8268339472555155     
   1.8223942209487196     
   1.8179424226705001     
   1.8134792117692975     
   1.8090052253189439     
   1.8045210791060995     
   1.8000273685624650     
   1.7955246696456959     
   1.7910135396726150     
   1.7864945181064942     
   1.7819681273028078     
   1.7774348732146683     
   1.7728952460611638     
   1.7683497209606569     
   1.7637987585309751     
   1.7592428054591163     
   1.7546822950412095     
   1.7501176476958116     
   1.7455492714510901     
   1.7409775624078099     
   1.7364029051799774     
   1.7318256733133299     
   1.7272462296843758     
   1.7226649268799401     
   1.7180821075588197     
   1.7134981047969113     
   1.7089132424157061     
   1.7043278352964468     
   1.6997421896796157     
   1.6951566034510568     
   1.6905713664157522     
   1.6859867605590002     
   1.6814030602968772     
   1.6768205327155783     
   1.6722394378007572     
   1.6676600286572361     
   1.6630825517194521     
   1.6585072469537263     
   1.6539343480516311     
   1.6493640826163074     
   1.6447966723409819     
   1.6402323331804816     
   1.6356712730781597     
   1.6311137019144000     
   1.6265598169194571     
   1.6220098126823970     
   1.6174638788195528     
   1.6129222001101680     
   1.6083849566274959     
   1.6038523238656761     
   1.5993244728618643     
   1.5948015703140435     
   1.5902837786950610     
   1.5857712563622750     
   1.5812641576639654     
   1.5767626330418412     
   1.5722668291302893     
   1.5677768888523587     
   1.5632929515124929     
   1.5588151528865555     
   1.5543436253085920     
   1.5498784977552744     
   1.5454198959273961     
   1.5409679423289044     
   1.5365227563437551     
   1.5320844543099850     
   1.5276531495920256     
   1.5232289526505745     
   1.5188119711103740     
   1.5144023098263650     
   1.5100000709473729     
   1.5056053539785148     
   1.5012182558414455     
   1.4968388709329963     
   1.4924672911824064     
   1.4881036061064770     
   1.4837479028638310     
   1.4794002663070396     
   1.4750607790338655     
   1.4707295214368497     
   1.4697613470834203     
   1.4688088004967705     
   1.4678707514710476     
   1.4669466969949865     
   1.4660361584037040     
   1.4651386798926507     
   1.4642538272251335     
   1.4633811865198154     
   1.4625203631129955     
   1.4616709804908445     
   1.4608326792870734     
   1.4600051163418233     
   1.4591879638178460     
   1.4583809083702888     
   1.4575836503666535     
   1.4567959031537159     
   1.4560173923684163     
   1.4552478552899077     
   1.4544870402301553     
   1.4537347059606314     
   1.4529906211728294     
   1.4522545639704543     
   1.4515263213912950     
   1.4508056889569130     
   1.4500924702484008     
   1.4493864765065836     
   1.4486875262551324     
   1.4479954449451709     
   1.4473100646200339     
   1.4466312235989403     
   1.4459587661784048     
   1.4452925423503049     
   1.4446324075355790     
   1.4439782223325985     
   1.4433298522793272     
   1.4426871676284272     
   1.4420500431345267     
   1.4414183578529225     
   1.4407919949490280     
   1.4401708415179266     
   1.4395547884134257     
   1.4389437300860526     
   1.4383375644294631     
   1.4377361926347643     
   1.4371395190522982     
   1.4365474510604410     
   1.4359598989410229     
   1.4353767757609730     
   1.4347979972598452     
   1.4342234817428854     
   1.4336531499793179     
   1.4330869251055702     
   1.4325247325331449     
   1.4319664998608896     
   1.4314121567914146     
   1.4308616350514329     
   1.4303148683158058     
   1.4297717921350894     
   1.4292323438664005     
   1.4286964626074119     
   1.4281640891333185     
   1.4276351658366155     
   1.4271096366695324     
   1.4265874470889932     
   1.4260685440039698     
   1.4255528757250937     
   1.4250403919164285     
   1.4245310435492788     
   1.4240247828579349     
   1.4235215632972629     
   1.4230213395020412     
   1.4225240672479600     
   1.4220297034141993     
   1.4215382059475157     
   1.4210495338277545     
   1.4205636470347300     
   1.4200805065163997     
   1.4196000741582766     
   1.4191223127540189     
   1.4186471859771466     
   1.4181746583538282     
   1.4177046952366894     
   1.4172372627796039     
   1.4167723279134097     
   1.4163098583225264     
   1.4158498224224145     
   1.4153921893378587     
   1.4149369288820248     
   1.4144840115362647     
   1.4140334084306363     
   1.4135850913251047     
   1.4131390325914006     
   1.4126952051955064     
   1.4122535826807443     
   1.4118141391514387     
   1.4113768492571370     
   1.4109416881773584     
   1.4105086316068538     
   1.4100776557413559     
   1.4096487372638005     
   1.4092218533309984     
   1.4087969815607437     
   1.4083741000193382     
   1.4079531872095201     
   1.4075342220587777     
   1.4071171839080361     
   1.4067020525007037     
   1.4062888079720597     
   1.4058774308389781     
   1.4054679019899725     
   1.4050602026755428     
   1.4046543144988290     
   1.4042502194065440     
   1.4038478996801880     
   1.4034473379275261     
   1.4030485170743283     
   1.4026514203563507     
   1.4022560313115671     
   1.4018623337726199     
   1.4014703118595069     
   1.4010799499724740     
   1.4006912327851238     
   1.4003041452377241     
   1.3999186725307091     
   1.3995348001183725     
   1.3991525137027405     
   1.3987717992276230     
   1.3983926428728342     
   1.3980150310485782     
   1.3976389503899960     
   1.3972643877518651     
   1.3968913302034485     
   1.3965197650234904     
   1.3961496796953508     
   1.3957810619022752     
   1.3954138995227987     
   1.3950481806262733     
   1.3946838934685226     
   1.3943210264876116     
   1.3939595682997381     
   1.3935995076952301     
   1.3932408336346584     
   1.3928835352450473     
   1.3925276018161954     
   1.3921730227970899     
   1.3918197877924188     
   1.3914678865591767     
   1.3911173090033619     
   1.3907680451767586     
   1.3904200852738051     
   1.3900734196285496     
   1.3897280387116751     
   1.3893839331276159     
   1.3890410936117350     
   1.3886995110275884     
   1.3883591763642511     
   1.3880200807337160     
   1.3876822153683581     
   1.3873455716184666     
   1.3870101409498365     
   1.3866759149414249     
   1.3863428852830628     
   1.3860110437732318     
   1.3856803823168877     
   1.3853508929233467     
   1.3850225677042196     
   1.3846953988714015     
   1.3843693787351075     
   1.3840444997019608     
   1.3837207542731249     
   1.3833981350424849     
   1.3830766346948706     
   1.3827562460043248     
   1.3824369618324137     
   1.3821187751265771     
   1.3818016789185203     
   1.3814856663226434     
   1.3811707305345082     
   1.3808568648293447     
   1.3805440625605874     
   1.3802323171584536     
   1.3799216221285489     
   1.3796119710505093     
   1.3793033575766751     
   1.3789957754307949     
   1.3786892184067576     
   1.3783836803673601     
   1.3780791552430967     
   1.3777756370309802     
   1.3774731197933909     
   1.3771715976569467     
   1.3768710648114060     
   1.3765715155085916     
   1.3762729440613370     
   1.3759753448424616     
   1.3756787122837646     
   1.3753830408750432     
   1.3750883251631330     
   1.3747945597509676     
   1.3745017392966630     
   1.3742098585126161     
   1.3739189121646289     
   1.3736288950710487     
   1.3733398021019265     
   1.3730516281781957     
   1.3727643682708672     
   1.3724780174002422     
   1.3721925706351394     
   1.3719080230921450     
   1.3716243699348696     
   1.3713416063732291     
   1.3710597276627339     
   1.3707787291038005     
   1.3704986060410673     
   1.3702193538627365     
   1.3699409679999175     
   1.3696634439259934     
   1.3693867771559962     
   1.3691109632459939     
   1.3688359977924911     
   1.3685618764318439     
   1.3682885948396826     
   1.3680161487303477     
   1.3677445338563394     
   1.3674737460077728     
   1.3672037810118489     
   1.3669346347323326     
   1.3666663030690440     
   1.3663987819573555     
   1.3661320673677015     
   1.3658661553050984     
   1.3656010418086699     
   1.3653367229511859     
   1.3650731948386057     
   1.3648104536096344     
   1.3645484954352838     
   1.3642873165184430     
   1.3640269130934575     
   1.3637672814257156     
   1.3635084178112420     
   1.3632503185762999     
   1.3629929800769982     
   1.3627363986989092     
   1.3624805708566901     
   1.3622254929937130     
   1.3619711615817010     
   1.3617175731203714     
   1.3614647241370823     
   1.3612126111864913     
   1.3609612308502144     
   1.3607105797364927     
   1.3604606544798676     
   1.3602114517408574     
   1.3599629682056418     
   1.3597152005857518     
   1.3594681456177642     
   1.3592218000630010     
   1.3589761607072368     
   1.3587312243604046     
   1.3584869878563153     
   1.3582434480523726     
   1.3580006018293018     
   1.3577584460908756     
   1.3575169777636471     
   1.3572761937966888     
   1.3570360911613346     
   1.3567966668509241     
   1.3565579178805531     
   1.3563198412868296     
   1.3560824341276287     
   1.3558456934818570     
   1.3556096164492162     
   1.3553742001499740     
   1.3551394417247353     
   1.3549053383342198     
   1.3546718871590413     
   1.3544390853994916     
   1.3542069302753257     
   1.3539754190255517     
   1.3537445489082258     
   1.3535143172002464     
   1.3532847211971533     
   1.3530557582129310     
   1.3528274255798125     
   1.3525997206480895     
   1.3523726407859200     
   1.3521461833791446     
   1.3519203458311020     
   1.3516951255624476     
   1.3514705200109758     
   1.3512465266314431     
   1.3510231428953969     
   1.3508003662910022     
   1.3505781943228754     
   1.3503566245119167     
   1.3501356543951484     
   1.3499152815255506     
   1.3496955034719056     
   1.3494763178186384     
   1.3492577221656625     
   1.3490397141282295     
   1.3488222913367751     
   1.3486054514367740     
   1.3483891920885911     
   1.3481735109673392     
   1.3479584057627341     
   1.3477438741789565     
   1.3475299139345123     
   1.3473165227620951     
   1.3471036984084535     
   1.3468914386342545     
   1.3466797412139555     
   1.3464686039356724     
   1.3462580246010523     
   1.3460480010251483     
   1.3458385310362915     
   1.3456296124759721     
   1.3454212431987149     
   1.3452134210719606     
   1.3450061439759475     
   1.3447994098035936     
   1.3445932164603818     
   1.3443875618642471     
   1.3441824439454617     
   1.3439778606465254     
   1.3437738099220558     
   1.3435702897386790     
   1.3433672980749249     
   1.3431648329211177     
   1.3429628922792756     
   1.3427614741630041     
   1.3425605765973969     
   1.3423601976189334     
   1.3421603352753806     
   1.3419609876256935     
   1.3417621527399202     
   1.3415638286991027     
   1.3413660135951855     
   1.3411687055309214     
   1.3409719026197762     
   1.3407756029858411     
   1.3405798047637401     
   1.3403845060985413     
   1.3401897051456690     
   1.3399954000708159     
   1.3398015890498571     
   1.3396082702687662     
   1.3394154419235289     
   1.3392231022200609     
   1.3390312493741270     
   1.3388398816112574     
   1.3386489971666682     
   1.3384585942851823     
   1.3382686712211518     
   1.3380792262383772     
   1.3378902576100329     
   1.3377017636185924     
   1.3375137425557504     
   1.3373261927223499     
   1.3371391124283083     
   1.3369524999925466     
   1.3367663537429142     
   1.3365806720161211     
   1.3363954531576658     
   1.3362106955217665     
   1.3360263974712923     
   1.3358425573776949     
   1.3356591736209416     
   1.3354762445894490     
   1.3352937686800173     
   1.3351117442977640     
   1.3349301698560612     
   1.3347490437764711     
   1.3345683644886828     
   1.3343881304304501     
   1.3342083400475300     
   1.3340289917936223     
   1.3338500841303067     
   1.3336716155269868     
   1.3334935844608267     
   1.3333159894166977     
   1.3331388288871149     
   1.3329621013721835     
   1.3327858053795409     
   1.3326099394243021     
   1.3324345020289998     
   1.3322594917235357     
   1.3320849070451208     
   1.3319107465382243     
   1.3317370087545191     
   1.3315636922528307     
   1.3313907955990822     
   1.3312183173662455     
   1.3310462561342888     
   1.3308746104901257     
   1.3307033790275644     
   1.3305325603472613     
   1.3303621530566674     
   1.3301921557699832     
   1.3300225671081085     
   1.3298533856985959     
   1.3296846101756019     
   1.3295162391798434     
   1.3293482713585472     
   1.3291807053654068     
   1.3290135398605372     
   1.3288467735104288     
   1.3286804049879024     
   1.3285144329720675     
   1.3283488561482764     
   1.3281836732080818     
   1.3280188828491939     
   1.3278544837754376     
   1.3276904746967118     
   1.3275268543289465     
   1.3273636213940618     
   1.3272007746199277     
   1.3270383127403222     
   1.3268762344948946     
   1.3267145386291219     
   1.3265532238942708     
   1.3263922890473612     
   1.3262317328511235     
   1.3260715540739640     
   1.3259117514899252     
   1.3257523238786495     
   1.3255932700253403     
   1.3254345887207262     
   1.3252762787610257     
   1.3251183389479093     
   1.3249607680884636     
   1.3248035649951593     
   1.3246467284858106     
   1.3244902573835453     
   1.3243341505167667     
   1.3241784067191222     
   1.3240230248294678     
   1.3238680036918351     
   1.3237133421553970     
   1.3235590390744381     
   1.3234050933083177     
   1.3232515037214387     
   1.3230982691832185     
   1.3229453885680529     
   1.3227928607552879     
   1.3226406846291863     
   1.3224888590788981     
   1.3223373829984293     
   1.3221862552866113     
   1.3220354748470717     
   1.3218850405882028     
   1.3217349514231336     
   1.3215852062696993     
   1.3214358040504131     
   1.3212867436924363     
   1.3211380241275514     
   1.3209896442921318     
   1.3208416031271146     
   1.3206938995779733     
   1.3205465325946892     
   1.3203995011317242     
   1.3202528041479944     
   1.3201064406068419     
   1.3199604094760096     
   1.3198147097276141     
   1.3196693403381181     
   1.3195243002883070     
   1.3193795885632611     
   1.3192352041523305     
   1.3190911460491099     
   1.3189474132514145     
   1.3188040047612519     
   1.3186609195848016     
   1.3185181567323865     
   1.3183757152184516     
   1.3182335940615379     
   1.3180917922842599     
   1.3179503089132805     
   1.3178091429792886     
   1.3176682935169743     
   1.3175277595650088     
   1.3173875401660173     
   1.3172476343665591     
   1.3171080412171046     
   1.3169687597720121     
   1.3168297890895053     
   1.3166911282316534     
   1.3165527762643459     
   1.3164147322572746     
   1.3162769952839086     
   1.3161395644214757     
   1.3160024387509393     
   1.3158656173569785     
   1.3157290993279669     
   1.3155928837559521     
   1.3154569697366341     
   1.3153213563693471     
   1.3151860427570370     
   1.3150510280062431     
   1.3149163112270768     
   1.3147818915332035     
   1.3146477680418209     
   1.3145139398736423     
   1.3143804061528739     
   1.3142471660071995     
   1.3141142185677579     
   1.3139815629691269     
   1.3138491983493028     
   1.3137171238496830     
   1.3135853386150467     
   1.3134538417935375     
   1.3133226325366441     
   1.3131917099991837     
   1.3130610733392833     
   1.3129307217183617     
   1.3128006543011128     
   1.3126708702554881     
   1.3125413687526781     
   1.3124121489670963     
   1.3122832100763617     
   1.3121545512612824     
   1.3120261717058384     
   1.3118980705971646     
   1.3117702471255344     
   1.3116427004843432     
   1.3115154298700931     
   1.3113884344823743     
   1.3112617135238522     
   1.3111352662002498     
   1.3110090917203290     
   1.3108831892958819     
   1.3107575581417077     
   1.3106321974756012     
   1.3105071065183378     
   1.3103822844936559     
   1.3102577306282435     
   1.3101334441517223     
   1.3100094242966318     
   1.3098856702984181     
   1.3097621813954139     
   1.3096389568288285     
   1.3095159958427305     
   1.3093932976840341     
   1.3092708616024857     
   1.3091486868506474     
   1.3090267726838858     
   1.3089051183603546     
   1.3087837231409847     
   1.3086625862894663     
   1.3085417070722378     
   1.3084210847584712     
   1.3083007186200586     
   1.3081806079315992     
   1.3080607519703840     
   1.3079411500163862     
   1.3078218013522447     
   1.3077027052632517     
   1.3075838610373411     
   1.3074652679650740     
   1.3073469253396264     
   1.3072288324567771     
   1.3071109886148931     
   1.3069933931149200     
   1.3068760452603667     
   1.3067589443572944     
   1.3066420897143047     
   1.3065254806425253     
   1.3064091164556002     
   1.3062929964696768     
   1.3061771200033925     
   1.3060614863778650     
   1.3059460949166792     
   1.3058309449458751     
   1.3057160357939377     
   1.3056013667917827     
   1.3054869372727487     
   1.3053727465725815     
   1.3052587940294260     
   1.3051450789838144     
   1.3050316007786524     
   1.3049183587592108     
   1.3048053522731140     
   1.3046925806703276     
   1.3045800433031487     
   1.3044677395261945     
   1.3043556686963911     
   1.3042438301729649     
   1.3041322233174275     
   1.3040208474935706     
   1.3039097020674506     
   1.3037987864073814     
   1.3036880998839222     
   1.3035776418698681     
   1.3034674117402385     
   1.3033574088722693     
   1.3032476326453999     
   1.3031380824412653     
   1.3030287576436839     
   1.3029196576386508     
   1.3028107818143246     
   1.3027021295610193     
   1.3025937002711936     
   1.3024854933394423     
   1.3023775081624855     
   1.3022697441391597     
   1.3021622006704079     
   1.3020548771592708     
   1.3019477730108753     
   1.3018408876324283     
   1.3017342204332050     
   1.3016277708245401     
   1.3015215382198184     
   1.3014155220344674     
   1.3013097216859457     
   1.3012041365937357     
   1.3010987661793336     
   1.3009936098662407     
   1.3008886670799549     
   1.3007839372479626     
   1.3006794197997269     
   1.3005751141666821     
   1.3004710197822247     
   1.3003671360817028     
   1.3002634625024083     
   1.3001599984835694     
   1.3000567434663415     
   1.2999536968937981     
   1.2998508582109234     
   1.2997482268646037     
   1.2996458023036188     
   1.2995435839786336     
   1.2994415713421914     
   1.2993397638487032     
   1.2992381609544417     
   1.2991367621175325     
   1.2990355667979467     
   1.2989345744574916     
   1.2988337845598044     
   1.2987331965703419     
   1.2986328099563766     
   1.2985326241869850     
   1.2984326387330423     
   1.2983328530672131     
   1.2982332666639451     
   1.2981338789994616     
   1.2980346895517525     
   1.2979356978005665     
   1.2978369032274069     
   1.2977383053155203     
   1.2976399035498911     
   1.2975416974172349     
   1.2974436864059888     
   1.2973458700063065     
   1.2972482477100495     
   1.2971508190107801     
   1.2970535834037555     
   1.2969565403859198     
   1.2968596894558961     
   1.2967630301139805     
   1.2966665618621354     
   1.2965702842039810     
   1.2964741966447904     
   1.2963782986914807     
   1.2962825898526087     
   1.2961870696383606     
   1.2960917375605485     
   1.2959965931326012     
   1.2959016358695592     
   1.2958068652880677     
   1.2957122809063695     
   1.2956178822442979     
   1.2955236688232716     
   1.2954296401662873     
   1.2953357957979126     
   1.2952421352442809     
   1.2951486580330838     
   1.2950553636935660     
   1.2949622517565171     
   1.2948693217542675     
   1.2947765732206793     
   1.2946840056911433     
   1.2945916187025701     
   1.2944994117933852     
   1.2944073845035227     
   1.2943155363744188     
   1.2942238669490058     
   1.2941323757717071     
   1.2940410623884289     
   1.2939499263465561     
   1.2938589671949459     
   1.2937681844839219     
   1.2936775777652672     
   1.2935871465922202     
   1.2934968905194668     
   1.2934068091031365     
   1.2933169019007953     
   1.2932271684714407     
   1.2931376083754944     
   1.2930482211747998     
   1.2929590064326129     
   1.2928699637135983     
   1.2927810925838237     
   1.2926923926107536     
   1.2926038633632442     
   1.2925155044115380     
   1.2924273153272572     
   1.2923392956834003     
   1.2922514450543343     
   1.2921637630157912     
   1.2920762491448614     
   1.2919889030199883     
   1.2919017242209647     
   1.2918147123289236     
   1.2917278669263383     
   1.2916411875970126     
   1.2915546739260768     
   1.2914683254999848     
   1.2913821419065048     
   1.2912961227347177     
   1.2912102675750108     
   1.2911245760190713     
   1.2910390476598828     
   1.2909536820917200     
   1.2908684789101441     
   1.2907834377119962     
   1.2906985580953931     
   1.2906138396597233     
   1.2905292820056409     
   1.2904448847350614     
   1.2903606474511546     
   1.2902765697583440     
   1.2901926512622981     
   1.2901088915699273     
   1.2900252902893787     
   1.2899418470300308     
   1.2898585614024904     
   1.2897754330185862     
   1.2896924614913645     
   1.2896096464350848     
   1.2895269874652151     
   1.2894444841984269     
   1.2893621362525909     
   1.2892799432467723     
   1.2891979048012259     
   1.2891160205373928     
   1.2890342900778942     
   1.2889527130465275     
   1.2888712890682625     
   1.2887900177692353     
   1.2887088987767461     
   1.2886279317192526     
   1.2885471162263666     
   1.2884664519288502     
   1.2883859384586098     
   1.2883055754486936     
   1.2882253625332860     
   1.2881452993477032     
   1.2880653855283901     
   1.2879856207129148     
   1.2879060045399648     
   1.2878265366493429     
   1.2877472166819630     
   1.2876680442798454     
   1.2875890190861137     
   1.2875101407449892     
   1.2874314089017875     
   1.2873528232029154     
   1.2872743832958646     
   1.2871960888292096     
   1.2871179394526020     
   1.2870399348167680     
   1.2869620745735033     
   1.2868843583756697     
   1.2868067858771914     
   1.2867293567330487     
   1.2866520705992774     
   1.2865749271329632     
   1.2864979259922371     
   1.2864210668362732     
   1.2863443493252829     
   1.2862677731205130     
   1.2861913378842398     
   1.2861150432797677     
   1.2860388889714225     
   1.2859628746245508     
   1.2858869999055127     
   1.2858112644816813     
   1.2857356680214374     
   1.2856602101941650     
   1.2855848906702494     
   1.2855097091210723     
   1.2854346652190078     
   1.2853597586374206     
   1.2852849890506601     
   1.2852103561340575     
   1.2851358595639240     
   1.2850614990175442     
   1.2849872741731743     
   1.2849131847100379     
   1.2848392303083243     
   1.2847654106491808     
   1.2846917254147141     
   1.2846181742879834     
   1.2845447569529982     
   1.2844714730947138     
   1.2843983223990296     
   1.2843253045527849     
   1.2842524192437548     
   1.2841796661606464     
   1.2841070449930976     
   1.2840345554316717     
   1.2839621971678543     
   1.2838899698940518     
   1.2838178733035845     
   1.2837459070906869     
   1.2836740709505023     
   1.2836023645790795     
   1.2835307876733715     
   1.2834593399312286     
   1.2833880210513995     
   1.2833168307335243     
   1.2832457686781338     
   1.2831748345866447     
   1.2831040281613573     
   1.2830333491054524     
   1.2829627971229864     
   1.2828923719188909     
   1.2828220731989681     
   1.2827519006698869     
   1.2826818540391804     
   1.2826119330152441     
   1.2825421373073305     
   1.2824724666255485     
   1.2824029206808576     
   1.2823334991850679     
   1.2822642018508332     
   1.2821950283916523     
   1.2821259785218626     
   1.2820570519566394     
   1.2819882484119907     
   1.2819195676047561     
   1.2818510092526032     
   1.2817825730740242     
   1.2817142587883339     
   1.2816460661156654     
   1.2815779947769685     
   1.2815100444940066     
   1.2814422149893523     
   1.2813745059863875     
   1.2813069172092970     
   1.2812394483830685     
   1.2811720992334876     
   1.2811048694871376     
   1.2810377588713935     
   1.2809707671144215     
   1.2809038939451756     
   1.2808371390933941     
   1.2807705022895979     
   1.2807039832650873     
   1.2806375817519391     
   1.2805712974830030     
   1.2805051301919019     
   1.2804390796130249     
   1.2803731454815284     
   1.2803073275333310     
   1.2802416255051114     
   1.2801760391343069     
   1.2801105681591092     
   1.2800452123184622     
   1.2799799713520597     
   1.2799148450003421     
   1.2798498330044956     
   1.2797849351064463     
   1.2797201510488612     
   1.2796554805751426     
   1.2795909234294283     
   1.2795264793565861     
   1.2794621481022144     
   1.2793979294126359     
   1.2793338230348996     
   1.2792698287167736     
   1.2792059462067460     
   1.2791421752540220     
   1.2790785156085187     
   1.2790149670208657     
   1.2789515292424012     
   1.2788882020251708     
   1.2788249851219222     
   1.2787618782861063     
   1.2786988812718720     
   1.2786359938340650     
   1.2785732157282259     
   1.2785105467105868     
   1.2784479865380693     
   1.2783855349682811     
   1.2783231917595161     
   1.2782609566707497     
   1.2781988294616375     
   1.2781368098925125     
   1.2780748977243832     
   1.2780130927189308     
   1.2779513946385075     
   1.2778898032461334     
   1.2778283183054948     
   1.2777669395809421     
   1.2777056668374867     
   1.2776444998407990     
   1.2775834383572067     
   1.2775224821536921     
   1.2774616309978897     
   1.2774008846580849     
   1.2773402429032099     
   1.2772797055028438     
   1.2772192722272084     
   1.2771589428471668     
   1.2770987171342216     
   1.2770385948605127     
   1.2769785757988144     
   1.2769186597225328     
   1.2768588464057053     
   1.2767991356229984     
   1.2767395271497031     
   1.2766800207617350     
   1.2766206162356326     
   1.2765613133485527     
   1.2765021118782705     
   1.2764430116031766     
   1.2763840123022758     
   1.2763251137551830     
   1.2762663157421235     
   1.2762076180439295     
   1.2761490204420383     
   1.2760905227184911     
   1.2760321246559292     
   1.2759738260375930     
   1.2759156266473211     
   1.2758575262695460     
   1.2757995246892937     
   1.2757416216921811     
   1.2756838170644147     
   1.2756261105927869     
   1.2755685020646763     
   1.2755109912680442     
   1.2754535779914327     
   1.2753962620239638     
   1.2753390431553360     
   1.2752819211758235     
   1.2752248958762740     
   1.2751679670481064     
   1.2751111344833090     
   1.2750543979744382     
   1.2749977573146156     
   1.2749412122975270     
   1.2748847627174200     
   1.2748284083691022     
   1.2747721490479387     
   1.2747159845498526     
   1.2746599146713202     
   1.2746039392093707     
   1.2745480579615838     
   1.2744922707260884     
   1.2744365773015607     
   1.2743809774872219     
   1.2743254710828364     
   1.2742700578887114     
   1.2742147377056918     
   1.2741595103351626     
   1.2741043755790442     
   1.2740493332397915     
   1.2739943831203924     
   1.2739395250243652     
   1.2738847587557580     
   1.2738300841191459     
   1.2737755009196301     
   1.2737210089628352     
   1.2736666080549082     
   1.2736122980025169     
   1.2735580786128478     
   1.2735039496936034     
   1.2734499110530033     
   1.2733959624997795     
   1.2733421038431765     
   1.2732883348929487     
   1.2732346554593592     
   1.2731810653531781     
   1.2731275643856805     
   1.2730741523686457     
   1.2730208291143541     
   1.2729675944355867     
   1.2729144481456238     
   1.2728613900582413     
   1.2728084199877110     
   1.2727555377487996     
   1.2727027431567646     
   1.2726500360273543     
   1.2725974161768063     
   1.2725448834218445     
   1.2724924375796798     
   1.2724400784680063     
   1.2723878059050018     
   1.2723356197093230     
   1.2722835197001079     
   1.2722315056969715     
   1.2721795775200055     
   1.2721277349897757     
   1.2720759779273216     
   1.2720243061541543     
   1.2719727194922550     
   1.2719212177640726     
   1.2718698007925249     
   1.2718184684009937     
   1.2717672204133250     
   1.2717160566538279     
   1.2716649769472725     
   1.2716139811188876     
   1.2715630689943604     
   1.2715122403998362     
   1.2714614951619128     
   1.2714108331076432     
   1.2713602540645323     
   1.2713097578605357     
   1.2712593443240578     
   1.2712090132839517     
   1.2711587645695153     
   1.2711085980104928     
   1.2710585134370718     
   1.2710085106798812     
   1.2709585895699904     
   1.2709087499389087     
   1.2708589916185837     
   1.2708093144413979     
   1.2707597182401693     
   1.2707102028481501     
   1.2706607680990238     
   1.2706114138269060     
   1.2705621398663403     
   1.2705129460522988     
   1.2704638322201807     
   1.2704147982058100     
   1.2703658438454357     
   1.2703169689757274     
   1.2702681734337777     
   1.2702194570570986     
   1.2701708196836208     
   1.2701222611516914     
   1.2700737813000746     
   1.2700253799679488     
   1.2699770569949047     
   1.2699288122209467     
   1.2698806454864879     
   1.2698325566323521     
   1.2697845454997709     
   1.2697366119303828     
   1.2696887557662302     
   1.2696409768497618     
   1.2695932750238279     
   1.2695456501316806     
   1.2694981020169727     
   1.2694506305237556     
   1.2694032354964786     
   1.2693559167799879     
   1.2693086742195248     
   1.2692615076607239     
   1.2692144169496138     
   1.2691674019326138     
   1.2691204624565338     
   1.2690735983685735     
   1.2690268095163186     
   1.2689800957477435     
   1.2689334569112065     
   1.2688868928554515     
   1.2688404034296039     
   1.2687939884831716     
   1.2687476478660438     
   1.2687013814284887     
   1.2686551890211510     
   1.2686090704950554     
   1.2685630257016003     
   1.2685170544925595     
   1.2684711567200802     
   1.2684253322366821     
   1.2683795808952558     
   1.2683339025490625     
   1.2682882970517313     
   1.2682427642572598     
   1.2681973040200116     
   1.2681519161947161     
   1.2681066006364674     
   1.2680613572007218     
   1.2680161857432974     
   1.2679710861203746     
   1.2679260581884928     
   1.2678811018045493     
   1.2678362168258004     
   1.2677914031098581     
   1.2677466605146894     
   1.2677019888986152     
   1.2676573881203110     
   1.2676128580388033     
   1.2675683985134691     
   1.2675240094040363     
   1.2674796905705810     
   1.2674354418735272     
   1.2673912631736448     
   1.2673471543320503     
   1.2673031152102039     
   1.2672591456699098     
   1.2672152455733143     
   1.2671714147829045     
   1.2671276531615085     
   1.2670839605722934     
   1.2670403368787639     
   1.2669967819447632     
   1.2669532956344685     
   1.2669098778123939     
   1.2668665283433866     
   1.2668232470926273     
   1.2667800339256281     
   1.2667368887082329     
   1.2666938113066142     
   1.2666508015872746     
   1.2666078594170445     
   1.2665649846630807     
   1.2665221771928663     
   1.2664794368742098     
   1.2664367635752418     
   1.2663941571644191     
   1.2663516175105165     
   1.2663091444826333     
   1.2662667379501866     
   1.2662243977829131     
   1.2661821238508681     
   1.2661399160244240     
   1.2660977741742681     
   1.2660556981714044     
   1.2660136878871500     
   1.2659717431931359     
   1.2659298639613050     
   1.2658880500639125     
   1.2658463013735224     
   1.2658046177630096     
   1.2657629991055570     
   1.2657214452746548     
   1.2656799561441006     
   1.2656385315879970     
   1.2655971714807521     
   1.2655558756970779     
   1.2655146441119889     
   1.2654734766008018     
   1.2654323730391348     
   1.2653913333029057     
   1.2653503572683327     
   1.2653094448119315     
   1.2652685958105163     
   1.2652278101411971     
   1.2651870876813796     
   1.2651464283087654     
   1.2651058319013497     
   1.2650652983374198     
   1.2650248274955569     
   1.2649844192546320     
   1.2649440734938087     
   1.2649037900925377     
   1.2648635689305598     
   1.2648234098879043     
   1.2647833128448864     
   1.2647432776821077     
   1.2647033042804554     
   1.2646633925211019     
   1.2646235422855019     
   1.2645837534553936     
   1.2645440259127971     
   1.2645043595400132     
   1.2644647542196237     
   1.2644252098344895     
   1.2643857262677498     
   1.2643463034028219     
   1.2643069411234007     
   1.2642676393134560     
   1.2642283978572335     
   1.2641892166392541     
   1.2641500955443103     
   1.2641110344574706     
   1.2640720332640727     
   1.2640330918497276     
   1.2639942101003154     
   1.2639553879019869     
   1.2639166251411609     
   1.2638779217045246     
   1.2638392774790332     
   1.2638006923519074     
   1.2637621662106344     
   1.2637236989429657     
   1.2636852904369171     
   1.2636469405807684     
   1.2636086492630618     
   1.2635704163726007     
   1.2635322417984503     
   1.2634941254299357     
   1.2634560671566410     
   1.2634180668684112     
   1.2633801244553473     
   1.2633422398078078     
   1.2633044128164086     
   1.2632666433720208     
   1.2632289313657707     
   1.2631912766890387     
   1.2631536792334594     
   1.2631161388909191     
   1.2630786555535569     
   1.2630412291137636     
   1.2630038594641797     
   1.2629665464976960     
   1.2629292901074523     
   1.2628920901868377     
   1.2628549466294874     
   1.2628178593292854     
   1.2627808281803601     
   1.2627438530770874     
   1.2627069339140859     
   1.2626700705862210     
   1.2626332629885988     
   1.2625965110165698     
   1.2625598145657264     
   1.2625231735319016     
   1.2624865878111693     
   1.2624500572998441     
   1.2624135818944786     
   1.2623771614918653     
   1.2623407959890329     
   1.2623044852832497     
   1.2622682292720175     
   1.2622320278530765     
   1.2621958809244003     
   1.2621597883841984     
   1.2621237501309130     
   1.2620877660632202     
   1.2620518360800277     
   1.2620159600804755     
   1.2619801379639350     
   1.2619443696300077     
   1.2619086549785246     
   1.2618729939095468     
   1.2618373863233625     
   1.2618018321204896     
   1.2617663312016714     
   1.2617308834678782     
   1.2616954888203078     
   1.2616601471603808     
   1.2616248583897440     
   1.2615896224102672     
   1.2615544391240452     
   1.2615193084333929     
   1.2614842302408498     
   1.2614492044491759     
   1.2614142309613510     
   1.2613793096805768     
   1.2613444405102734     
   1.2613096233540804     
   1.2612748581158550     
   1.2612401446996733     
   1.2612054830098276     
   1.2611708729508264     
   1.2611363144273950     
   1.2611018073444735     
   1.2610673516072166     
   1.2610329471209929     
   1.2609985937913848     
   1.2609642915241872     
   1.2609300402254073     
   1.2608958398012642     
   1.2608616901581879     
   1.2608275912028186     
   1.2607935428420070     
   1.2607595449828122     
   1.2607255975325027     
   1.2606917003985549     
   1.2606578534886526     
   1.2606240567106870     
   1.2605903099727542     
   1.2605566131831578     
   1.2605229662504058     
   1.2604893690832115     
   1.2604558215904911     
   1.2604223236813650     
   1.2603888752651566     
   1.2603554762513915     
   1.2603221265497970     
   1.2602888260703020     
   1.2602555747230355     
   1.2602223724183277     
   1.2601892190667063     
   1.2601561145789002     
   1.2601230588658356     
   1.2600900518386366     
   1.2600570934086253     
   1.2600241834873203     
   1.2599913219864354     
   1.2599585088178822     
   1.2599257438937659     
   1.2598930271263868     
   1.2598603584282395     
   1.2598277377120117     
   1.2597951648905845     
   1.2597626398770314     
   1.2597301625846182     
   1.2596977329268013     
   1.2596653508172286     
   1.2596330161697384     
   1.2596007288983591     
   1.2595684889173073     
   1.2595362961409899     
   1.2595041504840012     
   1.2594720518611235     
   1.2594400001873263     
   1.2594079953777662     
   1.2593760373477858     
   1.2593441260129132     
   1.2593122612888621     
   1.2592804430915308     
   1.2592486713370015     
   1.2592169459415403     
   1.2591852668215973     
   1.2591536338938045     
   1.2591220470749760     
   1.2590905062821076     
   1.2590590114323774     
   1.2590275624431426     
   1.2589961592319423     
   1.2589648017164934     
   1.2589334898146944     
   1.2589022234446208     
   1.2588710025245269     
   1.2588398269728449     
   1.2588086967081842     
   1.2587776116493314     
   1.2587465717152491     
   1.2587155768250757     
   1.2586846268981258     
   1.2586537218538876     
   1.2586228616120250     
   1.2585920460923752     
   1.2585612752149493     
   1.2585305488999314     
   1.2584998670676779     
   1.2584692296387174     
   1.2584386365337505     
   1.2584080876736490     
   1.2583775829794546     
   1.2583471223723803     
   1.2583167057738089     
   1.2582863331052923     
   1.2582560042885502     
   1.2582257192454729     
   1.2581954778981170     
   1.2581652801687078     
   1.2581351259796369     
   1.2581050152534630     
   1.2580749479129110     
   1.2580449238808711     
   1.2580149430803995     
   1.2579850054347175     
   1.2579551108672098     
   1.2579252593014263     
   1.2578954506610789     
   1.2578656848700447     
   1.2578359618523620     
   1.2578062815322322     
   1.2577766438340177     
   1.2577470486822431     
   1.2577174960015933     
   1.2576879857169148     
   1.2576585177532138     
   1.2576290920356552     
   1.2575997084895651     
   1.2575703670404264     
   1.2575410676138823     
   1.2575118101357328     
   1.2574825945319359     
   1.2574534207286072     
   1.2574242886520184     
   1.2573951982285982     
   1.2573661493849309     
   1.2573371420477562     
   1.2573081761439691     
   1.2572792516006195     
   1.2572503683449121     
   1.2572215263042039     
   1.2571927254060069     
   1.2571639655779860     
   1.2571352467479591     
   1.2571065688438949     
   1.2570779317939156     
   1.2570493355262946     
   1.2570207799694557     
   1.2569922650519738     
   1.2569637907025750     
   1.2569353568501336     
   1.2569069634236754     
   1.2568786103523735     
   1.2568502975655513     
   1.2568220249926798     
   1.2567937925633779     
   1.2567656002074128     
   1.2567374478546980     
   1.2567093354352954     
   1.2566812628794113     
   1.2566532301173989     
   1.2566252370797577     
   1.2565972836971324     
   1.2565693699003122     
   1.2565414956202310     
   1.2565136607879672     
   1.2564858653347424     
   1.2564581091919225     
   1.2564303922910156     
   1.2564027145636731     
   1.2563750759416887     
   1.2563474763569984     
   1.2563199157416789     
   1.2562923940279487     
   1.2562649111481672     
   1.2562374670348342     
   1.2562100616205900     
   1.2561826948382147     
   1.2561553666206267     
   1.2561280769008851     
   1.2561008256121873     
   1.2560736126878678     
   1.2560464380614011     
   1.2560193016663976     
   1.2559922034366067     
   1.2559651433059134     
   1.2559381212083396     
   1.2559111370780440     
   1.2558841908493203     
   1.2558572824565992     
   1.2558304118344450     
   1.2558035789175586     
   1.2557767836407738     
   1.2557500259390588     
   1.2557233057475174     
   1.2556966230013851     
   1.2556699776360307     
   1.2556433695869571     
   1.2556167987897981     
   1.2555902651803208     
   1.2555637686944241     
   1.2555373092681377     
   1.2555108868376226     
   1.2554845013391709     
   1.2554581527092057     
   1.2554318408842797     
   1.2554055658010750     
   1.2553793273964036     
   1.2553531256072075     
   1.2553269603705559     
   1.2553008316236480     
   1.2552747393038111     
   1.2552486833484990     
   1.2552226636952946     
   1.2551966802819079     
   1.2551707330461741     
   1.2551448219260581     
   1.2551189468596482     
   1.2550931077851597     
   1.2550673046409346     
   1.2550415373654382     
   1.2550158058972627     
   1.2549901101751240     
   1.2549644501378627     
   1.2549388257244432     
   1.2549132368739537     
   1.2548876835256073     
   1.2548621656187375     
   1.2548366830928037     
   1.2548112358873860     
   1.2547858239421865     
   1.2547604471970304     
   1.2547351055918641     
   1.2547097990667551     
   1.2546845275618921     
   1.2546592910175847     
   1.2546340893742627     
   1.2546089225724761     
   1.2545837905528954     
   1.2545586932563091     
   1.2545336306236263     
   1.2545086025958745     
   1.2544836091142004     
   1.2544586501198685     
   1.2544337255542608     
   1.2544088353588787     
   1.2543839794753400     
   1.2543591578453803     
   1.2543343704108509     
   1.2543096171137214     
   1.2542848978960759     
   1.2542602127001163     
   1.2542355614681595     
   1.2542109441426377     
   1.2541863606660986     
   1.2541618109812047     
   1.2541372950307335     
   1.2541128127575758     
   1.2540883641047376     
   1.2540639490153382     
   1.2540395674326106     
   1.2540152192999012     
   1.2539909045606690     
   1.2539666231584854     
   1.2539423750370347     
   1.2539181601401137     
   1.2538939784116303     
   1.2538698297956044     
   1.2538457142361670     
   1.2538216316775603     
   1.2537975820641369     
   1.2537735653403612     
   1.2537495814508064     
   1.2537256303401558     
   1.2537017119532032     
   1.2536778262348516     
   1.2536539731301124     
   1.2536301525841069     
   1.2536063645420650     
   1.2535826089493245     
   1.2535588857513309     
   1.2535351948936382     
   1.2535115363219083     
   1.2534879099819105     
   1.2534643158195200     
   1.2534407537807200     
   1.2534172238115995     
   1.2533937258583541     
   1.2533702598672860     
   1.2533468257848024     
   1.2533234235574162     
   1.2533000531317462     
   1.2532767144545158     
   1.2532534074725525     
   1.2532301321327894     
   1.2532068883822634     
   1.2531836761681157     
   1.2531604954375910     
   1.2531373461380377     
   1.2531142282169072     
   1.2530911416217543     
   1.2530680863002366     
   1.2530450622001139     
   1.2530220692692486     
   1.2529991074556055     
   1.2529761767072496     
   1.2529532769723499     
   1.2529304081991752     
   1.2529075703360952     
   1.2528847633315814     
   1.2528619871342057     
   1.2528392416926395     
   1.2528165269556557     
   1.2527938428721255     
   1.2527711893910214     
   1.2527485664614137     
   1.2527259740324737     
   1.2527034120534701     
   1.2526808804737717     
   1.2526583792428438     
   1.2526359083102521     
   1.2526134676256588     
   1.2525910571388255     
   1.2525686767996085     
   1.2525463265579648     
   1.2525240063639469     
   1.2525017161677032     
   1.2524794559194807     
   1.2524572255696218     
   1.2524350250685647     
   1.2524128543668447     
   1.2523907134150913     
   1.2523686021640310     
   1.2523465205644850     
   1.2523244685673696     
   1.2523024461236958     
   1.2522804531845693     
   1.2522584897011901     
   1.2522365556248523     
   1.2522146509069447     
   1.2521927754989495     
   1.2521709293524410     
   1.2521491124190889     
   1.2521273246506552     
   1.2521055659989946     
   1.2520838364160543     
   1.2520621358538746     
   1.2520404642645866     
   1.2520188216004158     
   1.2519972078136765     
   1.2519756228567771     
   1.2519540666822164     
   1.2519325392425844     
   1.2519110404905611     
   1.2518895703789195     
   1.2518681288605211     
   1.2518467158883184     
   1.2518253314153540     
   1.2518039753947601     
   1.2517826477797600     
   1.2517613485236636     
   1.2517400775798730     
   1.2517188349018782     
   1.2516976204432573     
   1.2516764341576780     
   1.2516552759988970     
   1.2516341459207578     
   1.2516130438771931     
   1.2515919698222224     
   1.2515709237099542     
   1.2515499054945829     
   1.2515289151303914     
   1.2515079525717490     
   1.2514870177731119     
   1.2514661106890230     
   1.2514452312741120     
   1.2514243794830942     
   1.2514035552707714     
   1.2513827585920307     
   1.2513619894018460     
   1.2513412476552754     
   1.2513205333074628     
   1.2512998463136373     
   1.2512791866291126     
   1.2512585542092878     
   1.2512379490096450     
   1.2512173709857515     
   1.2511968200932597     
   1.2511762962879036     
   1.2511557995255032     
   1.2511353297619603     
   1.2511148869532616     
   1.2510944710554757     
   1.2510740820247546     
   1.2510537198173328     
   1.2510333843895283     
   1.2510130756977405     
   1.2509927936984511     
   1.2509725383482244     
   1.2509523096037065     
   1.2509321074216251     
   1.2509119317587878     
   1.2508917825720864     
   1.2508716598184915     
   1.2508515634550559     
   1.2508314934389120     
   1.2508114497272738     
   1.2507914322774354     
   1.2507714410467705     
   1.2507514759927341     
   1.2507315370728589     
   1.2507116242447598     
   1.2506917374661295     
   1.2506718766947402     
   1.2506520418884441     
   1.2506322330051713     
   1.2506124500029312     
   1.2505926928398114     
   1.2505729614739789     
   1.2505532558636769     
   1.2505335759672298     
   1.2505139217430363     
   1.2504942931495759     
   1.2504746901454040     
   1.2504551126891534     
   1.2504355607395348     
   1.2504160342553354     
   1.2503965331954197     
   1.2503770575187279     
   1.2503576071842779     
   1.2503381821511634     
   1.2503187823785538     
   1.2502994078256957     
   1.2502800584519107     
   1.2502607342165961     
   1.2502414350792246     
   1.2502221609993449     
   1.2502029119365796     
   1.2501836878506283     
   1.2501644887012631     
   1.2501453144483325     
   1.2501261650517592     
   1.2501070404715391     
   1.2500879406677434     
   1.2500688656005179     
   1.2500498152300803     
   1.2500307895167233     
   1.2500117884208128     
   1.2499928119027885     
   1.2499738599231629     
   1.2499549324425214     
   1.2499360294215223     
   1.2499171508208970     
   1.2498982966014489     
   1.2498794667240543     
   1.2498606611496619     
   1.2498418798392916     
   1.2498231227540364     
   1.2498043898550593     
   1.2497856811035968     
   1.2497669964609561     
   1.2497483358885153     
   1.2497296993477240     
   1.2497110868001033     
   1.2496924982072439     
   1.2496739335308089     
   1.2496553927325298     
   1.2496368757742100     
   1.2496183826177227     
   1.2495999132250111     
   1.2495814675580881     
   1.2495630455790370     
   1.2495446472500102     
   1.2495262725332299     
   1.2495079213909863     
   1.2494895937856412     
   1.2494712896796225     
   1.2494530090354297     
   1.2494347518156290     
   1.2494165179828565     
   1.2493983074998152     
   1.2493801203292780     
   1.2493619564340848     
   1.2493438157771444     
   1.2493256983214318     
   1.2493076040299917     
   1.2492895328659341     
   1.2492714847924393     
   1.2492534597727516     
   1.2492354577701845     
   1.2492174787481176     
   1.2491995226699979     
   1.2491815894993388     
   1.2491636791997189     
   1.2491457917347861     
   1.2491279270682516     
   1.2491100851638943     
   1.2490922659855583     
   1.2490744694971541     
   1.2490566956626574     
   1.2490389444461094     
   1.2490212158116174     
   1.2490035097233527     
   1.2489858261455526     
   1.2489681650425193     
   1.2489505263786194     
   1.2489329101182844     
   1.2489153162260107     
   1.2488977446663583     
   1.2488801954039523     
   1.2488626684034816     
   1.2488451636296987     
   1.2488276810474204     
   1.2488102206215270     
   1.2487927823169633     
   1.2487753660987353     
   1.2487579719319148     
   1.2487405997816354     
   1.2487232496130940     
   1.2487059213915510     
   1.2486886150823282     
   1.2486713306508117     
   1.2486540680624487     
   1.2486368272827499     
   1.2486196082772876     
   1.2486024110116962     
   1.2485852354516720     
   1.2485680815629741     
   1.2485509493114215     
   1.2485338386628970     
   1.2485167495833434     
   1.2484996820387646     
   1.2484826359952270     
   1.2484656114188570     
   1.2484486082758424     
   1.2484316265324318     
   1.2484146661549336     
   1.2483977271097189     
   1.2483808093632169     
   1.2483639128819184     
   1.2483470376323742     
   1.2483301835811942     
   1.2483133506950501     
   1.2482965389406719     
   1.2482797482848493     
   1.2482629786944328     
   1.2482462301363306     
   1.2482295025775116     
   1.2482127959850033     
   1.2481961103258925     
   1.2481794455673236     
   1.2481628016765021     
   1.2481461786206913     
   1.2481295763672116     
   1.2481129948834437     
   1.2480964341368259     
   1.2480798940948543     
   1.2480633747250833     
   1.2480468759951262     
   1.2480303978726535     
   1.2480139403253920     
   1.2479975033211288     
   1.2479810868277055     
   1.2479646908130242     
   1.2479483152450417     
   1.2479319600917727     
   1.2479156253212897     
   1.2478993109017205     
   1.2478830168012509     
   1.2478667429881232     
   1.2478504894306361     
   1.2478342560971436     
   1.2478180429560586     
   1.2478018499758470     
   1.2477856771250333     
   1.2477695243721965     
   1.2477533916859724     
   1.2477372790350514     
   1.2477211863881801     
   1.2477051137141610     
   1.2476890609818512     
   1.2476730281601631     
   1.2476570152180650     
   1.2476410221245797     
   1.2476250488487848     
   1.2476090953598127     
   1.2475931616268507     
   1.2475772476191409     
   1.2475613533059795     
   1.2475454786567166     
   1.2475296236407569     
   1.2475137882275600     
   1.2474979723866384     
   1.2474821760875596     
   1.2474663992999437     
   1.2474506419934652     
   1.2474349041378516     
   1.2474191857028851     
   1.2474034866583996     
   1.2473878069742836     
   1.2473721466204781     
   1.2473565055669773     
   1.2473408837838278     
   1.2473252812411300     
   1.2473096979090361     
   1.2472941337577514     
   1.2472785887575337     
   1.2472630628786927     
   1.2472475560915908     
   1.2472320683666431     
   1.2472165996743148     
   1.2472011499851252     
   1.2471857192696447     
   1.2471703074984952     
   1.2471549146423504     
   1.2471395406719352     
   1.2471241855580273     
   1.2471088492714537     
   1.2470935317830942     
   1.2470782330638785     
   1.2470629530847885     
   1.2470476918168565     
   1.2470324492311651     
   1.2470172252988487     
   1.2470020199910907     
   1.2469868332791274     
   1.2469716651342428     
   1.2469565155277731     
   1.2469413844311039     
   1.2469262718156713     
   1.2469111776529607     
   1.2468961019145084     
   1.2468810445718994     
   1.2468660055967693     
   1.2468509849608029     
   1.2468359826357343     
   1.2468209985933474     
   1.2468060328054751     
   1.2467910852439996     
   1.2467761558808523     
   1.2467612446880132     
   1.2467463516375115     
   1.2467314767014253     
   1.2467166198518815     
   1.2467017810610550     
   1.2466869603011699     
   1.2466721575444983     
   1.2466573727633605     
   1.2466426059301257     
   1.2466278570172100     
   1.2466131259970790     
   1.2465984128422454     
   1.2465837175252692     
