   1.0000000000000000     
   1.0000006170179809     
   1.0000006182438153     
   1.0000006226707812     
   1.0000006271832129     
   1.0000006315894376     
   1.0000006359136320     
   1.0000006401859096     
   1.0000006443779035     
   1.0000006485174504     
   1.0000006525725262     
   1.0000006565822346     
   1.0000006605237890     
   1.0000006644143995     
   1.0000006682414875     
   1.0000006720318373     
   1.0000006757618862     
   1.0000006794486607     
   1.0000006830899930     
   1.0000006866975726     
   1.0000006902434890     
   1.0000006937693036     
   1.0000006972393403     
   1.0000007006917877     
   1.0000007040929235     
   1.0000007074560018     
   1.0000007108083659     
   1.0000007140719522     
   1.0000007173550731     
   1.0000007206108208     
   1.0000007238123025     
   1.0000007270125244     
   1.0000007301539282     
   1.0000007332739975     
   1.0000007363974952     
   1.0000007394780126     
   1.0000007425417681     
   1.0000007455678124     
   1.0000007485849860     
   1.0000007515705029     
   1.0000007545514484     
   1.0000007575108052     
   1.0000007604455656     
   1.0000007633360757     
   1.0000007662199522     
   1.0000007691153674     
   1.0000007719701174     
   1.0000007748050814     
   1.0000007776253841     
   1.0000007804199833     
   1.0000007832191216     
   1.0000007859821349     
   1.0000007887488522     
   1.0000007914960416     
   1.0000007942232667     
   1.0000007969358879     
   1.0000007996281894     
   1.0000008023308489     
   1.0000008049833915     
   1.0000008076571902     
   1.0000008103181310     
   1.0000008129427687     
   1.0000008155682796     
   1.0000008181756779     
   1.0000008207788693     
   1.0000008233678224     
   1.0000008259474691     
   1.0000008285386210     
   1.0000008310708246     
   1.0000008336394963     
   1.0000008361659027     
   1.0000008386914394     
   1.0000008411869306     
   1.0000008437023891     
   1.0000008462061278     
   1.0000008487073968     
   1.0000008511939393     
   1.0000008536593117     
   1.0000008561111300     
   1.0000008585718820     
   1.0000008610011062     
   1.0000008634444062     
   1.0000008658592408     
   1.0000008682826103     
   1.0000008707000805     
   1.0000008731051362     
   1.0000008755106844     
   1.0000008778940543     
   1.0000008802796834     
   1.0000008826498141     
   1.0000008850109237     
   1.0000008873699491     
   1.0000008897192720     
   1.0000008920801431     
   1.0000008944032457     
   1.0000008967510052     
   1.0000008990789520     
   1.0000009014006452     
   1.0000009037229529     
   1.0000009060137547     
   1.0000009083226751     
   1.0028011806053698     
   1.0056492267001820     
   1.0085483865254390     
   1.0114992775572123     
   1.0145023933807868     
   1.0175582525734090     
   1.0206674038899508     
   1.0238304262238207     
   1.0270479287728678     
   1.0303205507102096     
   1.0336489613802757     
   1.0370338601397786     
   1.0404759766628806     
   1.0439760708564227     
   1.0475349332381483     
   1.0511533851027308     
   1.0548322788328317     
   1.0585724982687466     
   1.0623749590552298     
   1.0662406091986445     
   1.0701704293726944     
   1.0741654335486652     
   1.0782266697428140     
   1.0823552203449935     
   1.0865522031558341     
   1.0908187717612727     
   1.0951561166073014     
   1.0995654656672817     
   1.1040480854412658     
   1.1086052818224355     
   1.1132384011073508     
   1.1179488310863399     
   1.1227380020596973     
   1.1276073881598734     
   1.1325585084399052     
   1.1375929281844657     
   1.1427122603129574     
   1.1479181667631329     
   1.1532123599571538     
   1.1585966045020952     
   1.1640727184931077     
   1.1696425756698066     
   1.1753081067953350     
   1.1810713018092704     
   1.1869342115808741     
   1.1928989502529110     
   1.1989676969447221     
   1.2051426984396181     
   1.2114262712283190     
   1.2178208041702097     
   1.2243287608537110     
   1.2309526824717634     
   1.2376951905793940     
   1.2445589898666909     
   1.2515468716128593     
   1.2586617164618035     
   1.2659064981968544     
   1.2732842869814058     
   1.2807982533241673     
   1.2884516715948657     
   1.2962479246045213     
   1.3041905073369258     
   1.3122830318235166     
   1.3205292314946897     
   1.3289329664607277     
   1.3374982282630601     
   1.3462291457739952     
   1.3551299903966316     
   1.3642051823113399     
   1.3734592967520944     
   1.3828970705109991     
   1.3925234087932026     
   1.4023433928639530     
   1.4123622872432975     
   1.4225855482402563     
   1.4330188320724815     
   1.4436680040683147     
   1.4545391480111749     
   1.4656385761004609     
   1.4769728395604731     
   1.4885487394480403     
   1.5003733386656912     
   1.5124539740592446     
   1.5247982695174693     
   1.5374141499010037     
   1.5503098553690264     
   1.5634939569761335     
   1.5769753729449767     
   1.5907633860446695     
   1.6048676614609902     
   1.6192982669735867     
   1.6340656926818882     
   1.6491808735353084     
   1.6646552120305107     
   1.6805006032201077     
   1.6967294605270586     
   1.7133547439021615     
   1.7303899890488794     
   1.7478493393774075     
   1.7657475794083310     
   1.7716487730090336     
   1.7773614386146290     
   1.7830382188815199     
   1.7886844505770447     
   1.7943019298730585     
   1.7998920988662011     
   1.8054562871330799     
   1.8109957509183163     
   1.8165116829575076     
   1.8220052172705161     
   1.8274774325281762     
   1.8329293556317672     
   1.8383619642058187     
   1.8437761894505762     
   1.8491729192648723     
   1.8545530000897821     
   1.8599172393446501     
   1.8652664079932644     
   1.8706012419507991     
   1.8759224445918234     
   1.8812306879634204     
   1.8865266149618831     
   1.8918108405975487     
   1.8970839535967268     
   1.9023465178321020     
   1.9075990736361061     
   1.9128421386474335     
   1.9180762099204007     
   1.9233017637108782     
   1.9285192577271955     
   1.9337291315229921     
   1.9389318072443968     
   1.9441276907543079     
   1.9493171726535872     
   1.9545006284018667     
   1.9596784198142145     
   1.9648508951564860     
   1.9700183899381534     
   1.9751812276594638     
   1.9803397203753239     
   1.9854941689082028     
   1.9906448640093042     
   1.9957920860462650     
   2.0009361058954087     
   2.0060771856178938     
   2.0112155782832906     
   2.0163515287286327     
   2.0214852739029561     
   2.0266170431152521     
   2.0317470585216748     
   2.0368755350899646     
   2.0420026813114873     
   2.0471286993550839     
   2.0522537850256475     
   2.0573781284113197     
   2.0625019141332106     
   2.0676253210523563     
   2.0727485232220442     
   2.0778716894320626     
   2.0829949839545696     
   2.0881185664650204     
   2.0932425918406574     
   2.0983672113011984     
   2.1034925714482577     
   2.1086188153272967     
   2.1137460820398735     
   2.1188745072545112     
   2.1240042228233813     
   2.1291353573989604     
   2.1342680363638182     
   2.1394023820282433     
   2.1445385135430417     
   2.1496765472827990     
   2.1548165967327040     
   2.1599587725295395     
   2.1651031830626772     
   2.1702499337308536     
   2.1753991279436358     
   2.1805508663285966     
   2.1857052473524377     
   2.1908623676263241     
   2.1960223209855574     
   2.2011851995959821     
   2.2063510937052948     
   2.2115200913623783     
   2.2166922789686114     
   2.2218677409043890     
   2.2270465599088460     
   2.2322288170772522     
   2.2374145916112393     
   2.2426039614692352     
   2.2477970027558882     
   2.2529937903365971     
   2.2581943973153185     
   2.2633988956860280     
   2.2686073559136357     
   2.2738198471605120     
   2.2790364371435698     
   2.2842571928493651     
   2.2894821793661544     
   2.2947114611124322     
   2.2999451009764176     
   2.3051831611951545     
   2.3104257025380424     
   2.3156727850801326     
   2.3209244674879326     
   2.3261808075085804     
   2.3314418623098536     
   2.3367076878328463     
   2.3419783388960740     
   2.3472538699549741     
   2.3525343342541287     
   2.3578197843304389     
   2.3631102717829862     
   2.3684058476466041     
   2.3737065619771807     
   2.3790124642565189     
   2.3843236029882355     
   2.3896400263820494     
   2.3949617816453244     
   2.4002889154763869     
   2.4056214736661921     
   2.4109595016245180     
   2.4163030441979751     
   2.4216521455816542     
   2.4270068490601218     
   2.4323671978505224     
   2.4377332344145044     
   2.4431050005575492     
   2.4484825375840247     
   2.4538658866124123     
   2.4592550878905657     
   2.4646501813093407     
   2.4700512064537268     
   2.4754582020842433     
   2.4808712068391809     
   2.4862902588084643     
   2.4917153957711706     
   2.4971466548061638     
   2.5025840730124154     
   2.5080276867865186     
   2.5134775321121796     
   2.5189336448396134     
   2.5243960603007469     
   2.5298648134835826     
   2.5353399391194218     
   2.5408214714507467     
   2.5463094445594985     
   2.5518038921916291     
   2.5573048475370466     
   2.5628123439976815     
   2.5683264141115987     
   2.5738470905172157     
   2.5793744054001033     
   2.5849083905767238     
   2.5904490778918468     
   2.5959964988433795     
   2.6015506844760408     
   2.6071116658265900     
   2.6126794734059944     
   2.6182541377545707     
   2.6238356891521888     
   2.6294241577149053     
   2.6350195729308412     
   2.6406219645921616     
   2.6462313620779270     
   2.6518477945333574     
   2.6574712908923650     
   2.6631018798911530     
   2.6687395902111275     
   2.6743844502134229     
   2.6800364881883061     
   2.6856957322472690     
   2.6913622101484784     
   2.6970359496462448     
   2.7027169784195912     
   2.7084053237067836     
   2.7141010129564878     
   2.7198040732428499     
   2.7255145314201878     
   2.7312324143567892     
   2.7369577487549437     
   2.7426905611735499     
   2.7484308781342577     
   2.7541787255855796     
   2.7599341300707385     
   2.7656971174102454     
   2.7714677136151851     
   2.7772459445955411     
   2.7830318357428983     
   2.7888254128728365     
   2.7946267014651029     
   2.8004357267796309     
   2.8062525140224794     
   2.8120770886046689     
   2.8179094753873093     
   2.8237496994197016     
   2.8295977854467793     
   2.8354537585873922     
   2.8413176432620828     
   2.8471894640587596     
   2.8530692458927778     
   2.8589570127929362     
   2.8648527889954614     
   2.8707565995257349     
   2.8766684680004100     
   2.8825884186089974     
   2.8885164756395731     
   2.8944526628483356     
   2.9003970043902267     
   2.9063495239931219     
   2.9123102456266459     
   2.9182791928555316     
   2.9242563894691704     
   2.9302418589603514     
   2.9362356251361201     
   2.9422377111086950     
   2.9482481407597008     
   2.9542669370213970     
   2.9602941237054092     
   2.9663297237397996     
   2.9723737606677183     
   2.9784262574874045     
   2.9844872372944149     
   2.9905567234848922     
   2.9966347387025980     
   3.0027213062873139     
   3.0088164491336356     
   3.0149201900979765     
   3.0210325522337342     
   3.0271535582355389     
   3.0332832310101865     
   3.0394215932081101     
   3.0455686678164984     
   3.0517244773405574     
   3.0578890446072942     
   3.0640623922282266     
   3.0702445426812215     
   3.0764355187223416     
   3.0826353429290356     
   3.0888440376508486     
   3.0950616256115753     
   3.1012881292273873     
   3.1075235708462055     
   3.1137679729538270     
   3.1200213579988532     
   3.1262837482887536     
   3.1325551664585580     
   3.1388356344334634     
   3.1451251749397646     
   3.1514238099657010     
   3.1577315618189727     
   3.1640484529469948     
   3.1703745054877079     
   3.1767097417598684     
   3.1830541839419944     
   3.1894078541746511     
   3.1957707747750241     
   3.2021429679006106     
   3.2085244554281429     
   3.2149152599172375     
   3.2213154032297187     
   3.2277249076650545     
   3.2341437952195307     
   3.2405720880360498     
   3.2470098084006804     
   3.2534569780209917     
   3.2599136192347977     
   3.2663797540843840     
   3.2728554047323346     
   3.2793405929518693     
   3.2858353410407544     
   3.2923396710787491     
   3.2988536050461947     
   3.3053771648376884     
   3.3119103727320827     
   3.3184532505765363     
   3.3250058205235478     
   3.3315681045714975     
   3.3381401247320479     
   3.3447219030312576     
   3.3513134614981910     
   3.3579148220918018     
   3.3645260071471377     
   3.3711470383471052     
   3.3777779377302188     
   3.3844187274356798     
   3.3910694295511199     
   3.3977300662331453     
   3.4044006590834774     
   3.4110812304474019     
   3.4177718024349582     
   3.4244723968471567     
   3.4311830359385791     
   3.4379037418268208     
   3.4446345361674156     
   3.4513754415121323     
   3.4581264797259301     
   3.4648876727569515     
   3.4716590428565208     
   3.4540741864443971     
   3.4362509907999002     
   3.4184958501470302     
   3.4008186161336997     
   3.3832239751351931     
   3.3657160650828981     
   3.3482986319570358     
   3.3309750652078436     
   3.3137484250097176     
   3.2966214650776777     
   3.2795966553980631     
   3.2626762026989065     
   3.2458620688348958     
   3.2291559894346298     
   3.2125594898823762     
   3.1960739001198597     
   3.1797003696812762     
   3.1634398804353765     
   3.1472932586724327     
   3.1312611870602507     
   3.1153442145670875     
   3.0995427669827871     
   3.0838571557572192     
   3.0682875866002264     
   3.0528341671631702     
   3.0374969152533762     
   3.0222757646099412     
   3.0071705722347821     
   2.9921811240059011     
   2.9773071399664000     
   2.9625482802358922     
   2.9479041492129987     
   2.9333743001708692     
   2.9189582395729561     
   2.9046554309156729     
   2.8904652986963781     
   2.8763872308565186     
   2.8624205832229110     
   2.8485646814849690     
   2.8348188242948593     
   2.8211822857786317     
   2.8076543177394333     
   2.7942341523192473     
   2.7809210037548460     
   2.7677140698172096     
   2.7546125349703585     
   2.7416155705390493     
   2.7287223370377278     
   2.7159319856153399     
   2.7032436590447011     
   2.6906564932664558     
   2.6781696187283450     
   2.6657821607153185     
   2.6534932413311596     
   2.6413019795231851     
   2.6292074927075557     
   2.6172088969970178     
   2.6053053082503417     
   2.5934958428478110     
   2.5817796179907315     
   2.5701557524496454     
   2.5586233674092842     
   2.5471815866115808     
   2.5358295367524932     
   2.5245663482054335     
   2.5133911553330797     
   2.5023030969646411     
   2.4913013160720632     
   2.4803849612243569     
   2.4695531858646866     
   2.4588051490894984     
   2.4481400156092947     
   2.4375569562185770     
   2.4270551477184590     
   2.4166337735569909     
   2.4062920232850358     
   2.3960290933166259     
   2.3858441866466107     
   2.3757365132222468     
   2.3657052901668258     
   2.3557497411536241     
   2.3458690975708834     
   2.3360625974490610     
   2.3263294865089246     
   2.3166690174204438     
   2.3070804504334137     
   2.2975630529992799     
   2.2881161000140731     
   2.2787388737591341     
   2.2694306638329200     
   2.2601907672453878     
   2.2510184883973672     
   2.2419131392165910     
   2.2328740387774904     
   2.2239005137119685     
   2.2149918975960010     
   2.2061475317439352     
   2.1973667644546682     
   2.1886489513134242     
   2.1799934550064339     
   2.1775873493984959     
   2.1752122155519409     
   2.1728715586291703     
   2.1705643724226475     
   2.1682895464655512     
   2.1660460312005054     
   2.1638328270739575     
   2.1616489804679322     
   2.1594935807165454     
   2.1573657576421650     
   2.1552646796891102     
   2.1531895514466663     
   2.1511396119837212     
   2.1491141330848267     
   2.1471124171961331     
   2.1451337961158101     
   2.1431776293054186     
   2.1412433026740878     
   2.1393302269815733     
   2.1374378366874547     
   2.1355655887037028     
   2.1337129614312076     
   2.1318794535919428     
   2.1300645830605074     
   2.1282678862205078     
   2.1264889169193171     
   2.1247272456168824     
   2.1229824587195871     
   2.1212541576700845     
   2.1195419583144055     
   2.1178454903879675     
   2.1161643963788714     
   2.1144983315931425     
   2.1128469633315792     
   2.1112099700643574     
   2.1095870413285480     
   2.1079778770455011     
   2.1063821871782160     
   2.1047996911552280     
   2.1032301175855466     
   2.1016732038166501     
   2.1001286956282881     
   2.0985963467976636     
   2.0970759189056558     
   2.0955671806741631     
   2.0940699082832346     
   2.0925838844444611     
   2.0911088985449227     
   2.0896447462925809     
   2.0881912292985669     
   2.0867481551215237     
   2.0853153368897690     
   2.0838925930943963     
   2.0824797472510554     
   2.0810766282116497     
   2.0796830692692638     
   2.0782989086085850     
   2.0769239885776964     
   2.0755581562306817     
   2.0742012624066364     
   2.0728531620925512     
   2.0715137142216116     
   2.0701827812657552     
   2.0688602294121612     
   2.0675459283728985     
   2.0662397511065151     
   2.0649415737850321     
   2.0636512759005399     
   2.0623687398839956     
   2.0610938510549852     
   2.0598264975732663     
   2.0585665705528764     
   2.0573139634019677     
   2.0560685723569150     
   2.0548302961785985     
   2.0535990359478364     
   2.0523746950124115     
   2.0511571791750036     
   2.0499463963601703     
   2.0487422564766469     
   2.0475446717451566     
   2.0463535562862116     
   2.0451688260937493     
   2.0439903991748780     
   2.0428181952945681     
   2.0416521360439353     
   2.0404921446325868     
   2.0393381461742308     
   2.0381900671416200     
   2.0370478356891404     
   2.0359113816321917     
   2.0347806360830227     
   2.0336555317907523     
   2.0325360027756663     
   2.0314219845050001     
   2.0303134137140679     
   2.0292102285975435     
   2.0281123683517066     
   2.0270197736336102     
   2.0259323861473271     
   2.0248501489170492     
   2.0237730059091521     
   2.0227009023410236     
   2.0216337844023959     
   2.0205715993521567     
   2.0195142955496559     
   2.0184618221863122     
   2.0174141296172037     
   2.0163711688569887     
   2.0153328922538720     
   2.0142992526040473     
   2.0132702038297436     
   2.0122457006562757     
   2.0112256986169150     
   2.0102101540580919     
   2.0091990240833200     
   2.0081922665942393     
   2.0071898403030195     
   2.0061917044152633     
   2.0051978191396889     
   2.0042081452274774     
   2.0032226441241896     
   2.0022412779042211     
   2.0012640093813303     
   2.0002908019479682     
   1.9993216194774284     
   1.9983564266942557     
   1.9973951887125341     
   1.9964378712930937     
   1.9954844407871781     
   1.9945348641067737     
   1.9935891085110464     
   1.9926471419330021     
   1.9917089328662805     
   1.9907744501254887     
   1.9898436632488206     
   1.9889165420005930     
   1.9879930567627488     
   1.9870731783521625     
   1.9861568779907657     
   1.9852441272667443     
   1.9843348984445841     
   1.9834291639242674     
   1.9825268966499996     
   1.9816280698888973     
   1.9807326574706685     
   1.9798406333604064     
   1.9789519720260216     
   1.9780666483240115     
   1.9771846373924782     
   1.9763059148124664     
   1.9754304564566092     
   1.9745582384399945     
   1.9736892374379247     
   1.9728234301108862     
   1.9719607937432233     
   1.9711013058268332     
   1.9702449440776535     
   1.9693916865527510     
   1.9685415116562734     
   1.9676943979798813     
   1.9668503245548641     
   1.9660092705087044     
   1.9651712151974094     
   1.9643361385454488     
   1.9635040203632448     
   1.9626748409418724     
   1.9618485808041584     
   1.9610252205558913     
   1.9602047412507466     
   1.9593871240266871     
   1.9585723503733874     
   1.9577604019128245     
   1.9569512604156227     
   1.9561449081504318     
   1.9553413272225271     
   1.9545405002594141     
   1.9537424098621641     
   1.9529470389831936     
   1.9521543707898465     
   1.9513643884473268     
   1.9505770756043852     
   1.9497924157764503     
   1.9490103929000751     
   1.9482309910083284     
   1.9474541943774968     
   1.9466799872993079     
   1.9459083543432323     
   1.9451392803137353     
   1.9443727500503745     
   1.9436087485368372     
   1.9428472611375285     
   1.9420882730729216     
   1.9413317699859656     
   1.9405777375100619     
   1.9398261614522654     
   1.9390770278299470     
   1.9383303227293776     
   1.9375860324217431     
   1.9368441433178043     
   1.9361046419320105     
   1.9353675149719849     
   1.9346327491644861     
   1.9339003315837895     
   1.9331702491714977     
   1.9324424891722114     
   1.9317170389088210     
   1.9309938857458733     
   1.9302730173885989     
   1.9295544214291542     
   1.9288380856418117     
   1.9281239980447993     
   1.9274121465209877     
   1.9267025193233556     
   1.9259951047159736     
   1.9252898910033254     
   1.9245868666246846     
   1.9238860202038910     
   1.9231873404265378     
   1.9224908160533545     
   1.9217964360424320     
   1.9211041892323188     
   1.9204140647433616     
   1.9197260518815940     
   1.9190401397537098     
   1.9183563178695957     
   1.9176745755561473     
   1.9169949024465269     
   1.9163172882052733     
   1.9156417225197886     
   1.9149681952387918     
   1.9142966962504193     
   1.9136272155176388     
   1.9129597431596688     
   1.9122942693285709     
   1.9116307843008054     
   1.9109692783146242     
   1.9103097418633115     
   1.9096521654260474     
   1.9089965395315516     
   1.9083428547931689     
   1.9076911019807890     
   1.9070412718527487     
   1.9063933552810697     
   1.9057473432486987     
   1.9051032266396595     
   1.9044609966807371     
   1.9038206444679280     
   1.9031821611576860     
   1.9025455381516294     
   1.9019107667511088     
   1.9012778383243560     
   1.9006467445275872     
   1.9000174767479310     
   1.8993900267104520     
   1.8987643860248364     
   1.8981405464727481     
   1.8975184998989669     
   1.8968982382018298     
   1.8962797532280593     
   1.8956630370214147     
   1.8950480816114341     
   1.8944348791221648     
   1.8938234217118524     
   1.8932137016902200     
   1.8926057111843646     
   1.8919994427358300     
   1.8913948885552307     
   1.8907920411860601     
   1.8901908931563556     
   1.8895914369374900     
   1.8889936652701014     
   1.8883975707076033     
   1.8878031460416445     
   1.8872103839777845     
   1.8866192774388733     
   1.8860298191000076     
   1.8854420020678955     
   1.8848558192704419     
   1.8842712636599344     
   1.8836883283887704     
   1.8831070065113038     
   1.8825272912485735     
   1.8819491756971241     
   1.8813726531778494     
   1.8807977170469186     
   1.8802243605375795     
   1.8796525771425401     
   1.8790823602329119     
   1.8785137032804431     
   1.8779465998733331     
   1.8773810434892804     
   1.8768170277356142     
   1.8762545463689000     
   1.8756935930119907     
   1.8751341613553894     
   1.8745762452039370     
   1.8740198384381803     
   1.8734649347985581     
   1.8729115282181827     
   1.8723596126179278     
   1.8718091819989282     
   1.8712602303642658     
   1.8707127517604911     
   1.8701667402531221     
   1.8696221899657210     
   1.8690790950719227     
   1.8685374496945368     
   1.8679972482168052     
   1.8674584847774987     
   1.8669211537341277     
   1.8663852494298170     
   1.8658507661358521     
   1.8653176984237780     
   1.8647860406092773     
   1.8642557871897645     
   1.8637269327340440     
   1.8631994716958689     
   1.8626733987485042     
   1.8621487084540478     
   1.8616253953559008     
   1.8611034542876470     
   1.8605828799172279     
   1.8600636669449537     
   1.8595458101369275     
   1.8590293042886232     
   1.8585141442667643     
   1.8580003248361578     
   1.8574878409963329     
   1.8569766876115246     
   1.8564668596756637     
   1.8559583520837530     
   1.8554511599513313     
   1.8549452781695637     
   1.8544407019176972     
   1.8539374263123052     
   1.8534354464249716     
   1.8529347573448349     
   1.8524353543799195     
   1.8519372326166728     
   1.8514403873215497     
   1.8509448137531774     
   1.8504505072597195     
   1.8499574630197617     
   1.8494656764967310     
   1.8489751430006356     
   1.8484858579441767     
   1.8479978166750994     
   1.8475110147374099     
   1.8470254474955743     
   1.8465411105598555     
   1.8460579992619559     
   1.8455761093768932     
   1.8450954362588474     
   1.8446159756058431     
   1.8441377229429894     
   1.8436606740377133     
   1.8431848244733318     
   1.8427101699230355     
   1.8422367060445561     
   1.8417644287207846     
   1.8412933335384423     
   1.8408234163813377     
   1.8403546729390834     
   1.8398870991537799     
   1.8394206908136097     
   1.8389554437618507     
   1.8384913538875987     
   1.8380284171499486     
   1.8375666294027240     
   1.8371059866355459     
   1.8366464848283361     
   1.8361881199581283     
   1.8357308879362839     
   1.8352747850135431     
   1.8348198070453554     
   1.8343659501791783     
   1.8339132105221498     
   1.8334615841348851     
   1.8330110672288216     
   1.8325616558740163     
   1.8321133463140566     
   1.8316661346709966     
   1.8312200171780861     
   1.8307749900684733     
   1.8303310496328979     
   1.8298881920412300     
   1.8294464137124189     
   1.8290057108530648     
   1.8285660797840486     
   1.8281275168778388     
   1.8276900184599136     
   1.8272535809533892     
   1.8268182007497920     
   1.8263838742594101     
   1.8259505978344568     
   1.8255183680211950     
   1.8250871812280285     
   1.8246570339813406     
   1.8242279227225664     
   1.8237998440312797     
   1.8233727943414093     
   1.8229467702763062     
   1.8225217684541888     
   1.8220977853431748     
   1.8216748176167337     
   1.8212528618556860     
   1.8208319146777239     
   1.8204119727675740     
   1.8199930328014984     
   1.8195750913954238     
   1.8191581452552035     
   1.8187421911595769     
   1.8183272257423595     
   1.8179132458188332     
   1.8175002480998881     
   1.8170882294275452     
   1.8166771864764935     
   1.8162671160913182     
   1.8158580151565407     
   1.8154498803909909     
   1.8150427087025383     
   1.8146364970275179     
   1.8142312420599300     
   1.8138269408232834     
   1.8134235902111853     
   1.8130211870592290     
   1.8126197283769718     
   1.8122192110608775     
   1.8118196320868307     
   1.8114209884919772     
   1.8110232771584458     
   1.8106264951397373     
   1.8102306394371968     
   1.8098357070814157     
   1.8094416951064440     
   1.8090486005834758     
   1.8086564205445552     
   1.8082651521175879     
   1.8078747923628158     
   1.8074853383937985     
   1.8070967873308867     
   1.8067091363337058     
   1.8063223824625529     
   1.8059365229641458     
   1.8055515549559344     
   1.8051674756015510     
   1.8047842822055613     
   1.8044019718634214     
   1.8040205417863446     
   1.8036399892921102     
   1.8032603115557377     
   1.8028815058796874     
   1.8025035694834104     
   1.8021264996346622     
   1.8017502936574687     
   1.8013749488635420     
   1.8010004625435396     
   1.8006268320325756     
   1.8002540546860437     
   1.7998821277592973     
   1.7995110487664736     
   1.7991408149327115     
   1.7987714237204033     
   1.7984028724729677     
   1.7980351586606316     
   1.7976682796168326     
   1.7973022328595110     
   1.7969370157385764     
   1.7965726257368235     
   1.7962090602775329     
   1.7958463168950902     
   1.7954843930442321     
   1.7951232862064690     
   1.7947629938320397     
   1.7944035135591481     
   1.7940448427616591     
   1.7936869791021377     
   1.7933299199919464     
   1.7929736630769357     
   1.7926182058926305     
   1.7922635460125063     
   1.7919096809819264     
   1.7915566084481096     
   1.7912043259990433     
   1.7908528311917153     
   1.7905021217474641     
   1.7901521952010144     
   1.7898030492514923     
   1.7894546815038206     
   1.7891070897021177     
   1.7887602714006543     
   1.7884142243398233     
   1.7880689461895320     
   1.7877244346667918     
   1.7873806874693803     
   1.7870377023064257     
   1.7866954769014751     
   1.7863540090161392     
   1.7860132963318498     
   1.7856733367034385     
   1.7853341277752541     
   1.7849956673917275     
   1.7846579533470657     
   1.7843209832996685     
   1.7839847552148136     
   1.7836492668201611     
   1.7833145159166819     
   1.7829805003078092     
   1.7826472179202639     
   1.7823146664581442     
   1.7819828439046514     
   1.7816517480345113     
   1.7813213767385538     
   1.7809917278286509     
   1.7806627992994244     
   1.7803345890130338     
   1.7800070947742526     
   1.7796803145708633     
   1.7793542462917711     
   1.7790288878435649     
   1.7787042371542239     
   1.7783802922680529     
   1.7780570510243403     
   1.7777345113662528     
   1.7774126713124729     
   1.7770915288416362     
   1.7767710818330449     
   1.7764513283850980     
   1.7761322664650261     
   1.7758138940072323     
   1.7754962091401731     
   1.7751792097608519     
   1.7748628939501627     
   1.7745472597061784     
   1.7742323051406925     
   1.7739180282117832     
   1.7736044270157918     
   1.7732914996273346     
   1.7729792441089391     
   1.7726676584992376     
   1.7723567409089132     
   1.7720464894480525     
   1.7717369021460154     
   1.7714279772200037     
   1.7711197126818761     
   1.7708121066922575     
   1.7705051574018136     
   1.7701988628394525     
   1.7698932212522180     
   1.7695882307446009     
   1.7692838894362466     
   1.7689801955748230     
   1.7686771473042717     
   1.7683747426821914     
   1.7680729800569437     
   1.7677718574961365     
   1.7674713732640550     
   1.7671715255308955     
   1.7668723125401309     
   1.7665737324360531     
   1.7662757834507885     
   1.7659784638753044     
   1.7656817719269595     
   1.7653857057608684     
   1.7650902637487151     
   1.7647954440355791     
   1.7645012449421991     
   1.7642076647577827     
   1.7639147016420642     
   1.7636223539854252     
   1.7633306200056877     
   1.7630394980809796     
   1.7627489863865988     
   1.7624590833207865     
   1.7621697871635476     
   1.7618810961750451     
   1.7615930087954756     
   1.7613055232334811     
   1.7610186379437183     
   1.7607323511938344     
   1.7604466612653922     
   1.7601615666424868     
   1.7598770655809695     
   1.7595931564778498     
   1.7593098377100045     
   1.7590271076260984     
   1.7587449646544446     
   1.7584634071495808     
   1.7581824334724172     
   1.7579020420845857     
   1.7576222313749490     
   1.7573429997355063     
   1.7570643456042037     
   1.7567862673941024     
   1.7565087635215353     
   1.7562318323796500     
   1.7559554724442465     
   1.7556796821707958     
   1.7554044600030121     
   1.7551298043606489     
   1.7548557137088676     
   1.7545821865828604     
   1.7543092214049034     
   1.7540368165804434     
   1.7537649707147112     
   1.7534936822532470     
   1.7532229496367782     
   1.7529527714105992     
   1.7526831460650523     
   1.7524140720580397     
   1.7521455479761854     
   1.7518775723299540     
   1.7516101435505580     
   1.7513432603206316     
   1.7510769210809300     
   1.7508111243247955     
   1.7505458686512165     
   1.7502811526185120     
   1.7500169747736041     
   1.7497533336401898     
   1.7494902278395177     
   1.7492276558356454     
   1.7489656163629150     
   1.7487041078843475     
   1.7484431289796709     
   1.7481826782419212     
   1.7479227543862517     
   1.7476633558397621     
   1.7474044812416503     
   1.7471461292775619     
   1.7468882984696212     
   1.7466309874947332     
   1.7463741950135239     
   1.7461179195645262     
   1.7458621597879769     
   1.7456069143255653     
   1.7453521818233275     
   1.7450979609906248     
   1.7448442503515165     
   1.7445910486636043     
   1.7443383545392983     
   1.7440861666349008     
   1.7438344836615094     
   1.7435833042652866     
   1.7433326270585019     
   1.7430824508131326     
   1.7428327741920495     
   1.7425835958614062     
   1.7423349145273523     
   1.7420867288974229     
   1.7418390376612012     
   1.7415918395266481     
   1.7413451332289920     
   1.7410989174581539     
   1.7408531908970870     
   1.7406079523477480     
   1.7403632005338103     
   1.7401189340666332     
   1.7398751518484419     
   1.7396318525157732     
   1.7393890348365484     
   1.7391466975591272     
   1.7389048394588875     
   1.7386634592696328     
   1.7384225558038375     
   1.7381821277267995     
   1.7379421738718959     
   1.7377026930370554     
   1.7374636839779332     
   1.7372251454776344     
   1.7369870762600439     
   1.7367494752186783     
   1.7365123410706691     
   1.7362756726832358     
   1.7360394687521179     
   1.7358037282040375     
   1.7355684497738877     
   1.7353336323186155     
   1.7350992746114384     
   1.7348653755223824     
   1.7346319338229521     
   1.7343989483849156     
   1.7341664180064074     
   1.7339343415610899     
   1.7337027178426847     
   1.7334715457551217     
   1.7332408240974517     
   1.7330105517558119     
   1.7327807275939362     
   1.7325513504218562     
   1.7323224191355373     
   1.7320939326048763     
   1.7318658897438701     
   1.7316382892697102     
   1.7314111302122275     
   1.7311844113728911     
   1.7309581316886136     
   1.7307322900790885     
   1.7305068853080243     
   1.7302819164062890     
   1.7300573821784608     
   1.7298332815910924     
   1.7296096134806329     
   1.7293863768503548     
   1.7291635705351638     
   1.7289411934979224     
   1.7287192446271398     
   1.7284977228671983     
   1.7282766271549392     
   1.7280559564205080     
   1.7278357095614836     
   1.7276158855025039     
   1.7273964832878079     
   1.7271775017130939     
   1.7269589398923757     
   1.7267407966378316     
   1.7265230709543893     
   1.7263057618115556     
   1.7260888681644229     
   1.7258723889786884     
   1.7256563232130209     
   1.7254406698561346     
   1.7252254278675188     
   1.7250105961598692     
   1.7247961738428821     
   1.7245821598258879     
   1.7243685530890096     
   1.7241553527074118     
   1.7239425575293550     
   1.7237301667077358     
   1.7235181790932921     
   1.7233065938107788     
   1.7230954097474469     
   1.7228846260091875     
   1.7226742415898535     
   1.7224642555333127     
   1.7222546667798149     
   1.7220454743839453     
   1.7218366773644036     
   1.7216282747835434     
   1.7214202656480531     
   1.7212126489691282     
   1.7210054238577683     
   1.7207985892900768     
   1.7205921442727443     
   1.7203860879271371     
   1.7201804192735843     
   1.7199751373945205     
   1.7197702413229394     
   1.7195657300532230     
   1.7193616027458201     
   1.7191578584065605     
   1.7189544961152783     
   1.7187515148997055     
   1.7185489139521406     
   1.7183466922565453     
   1.7181448488878397     
   1.7179433829037662     
   1.7177422934789461     
   1.7175415796104727     
   1.7173412404518942     
   1.7171412750541968     
   1.7169416825253963     
   1.7167424619829184     
   1.7165436124490352     
   1.7163451331446919     
   1.7161470231086837     
   1.7159492814084762     
   1.7157519072349077     
   1.7155548996559449     
   1.7153582578390767     
   1.7151619808613057     
   1.7149660678090184     
   1.7147705178821764     
   1.7145753301871338     
   1.7143805038706197     
   1.7141860379418212     
   1.7139919317112575     
   1.7137981842135992     
   1.7136047945723971     
   1.7134117620282645     
   1.7132190856727991     
   1.7130267646459094     
   1.7128347980439331     
   1.7126431851221251     
   1.7124519250032288     
   1.7122610168009325     
   1.7120704597807999     
   1.7118802530165480     
   1.7116903956895990     
   1.7115008869621302     
   1.7113117260831816     
   1.7111229120745950     
   1.7109344442712318     
   1.7107463217630459     
   1.7105585437989985     
   1.7103711094471152     
   1.7101840179499654     
   1.7099972685769798     
   1.7098108604226234     
   1.7096247926951800     
   1.7094390646061979     
   1.7092536753999690     
   1.7090686241854414     
   1.7088839102003557     
   1.7086995327100754     
   1.7085154908068541     
   1.7083317838403742     
   1.7081484108950853     
   1.7079653712725582     
   1.7077826641576053     
   1.7076002887716435     
   1.7074182443417398     
   1.7072365300608543     
   1.7070551451702500     
   1.7068740889339407     
   1.7066933605711903     
   1.7065129592828097     
   1.7063328843478751     
   1.7061531350141304     
   1.7059737104480648     
   1.7057946099097321     
   1.7056158326756463     
   1.7054373780501222     
   1.7052592451587274     
   1.7050814333478042     
   1.7049039418249241     
   1.7047267698471587     
   1.7045499166820628     
   1.7043733815859348     
   1.7041971638396904     
   1.7040212627100080     
   1.7038456773959243     
   1.7036704072775288     
   1.7034954515051997     
   1.7033208094755907     
   1.7031464803736474     
   1.7029724635180448     
   1.7027987581640915     
   1.7026253636276705     
   1.7024522791405725     
   1.7022795040158791     
   1.7021070375729033     
   1.7019348790373603     
   1.7017630278011238     
   1.7015914830380310     
   1.7014202441149167     
   1.7012493102989981     
   1.7010786809613549     
   1.7009083552979047     
   1.7007383326935104     
   1.7005686124113473     
   1.7003991937412342     
   1.7002300761369118     
   1.7000612587064243     
   1.6998927409049096     
   1.6997245219919499     
   1.6995566012686771     
   1.6993889781030882     
   1.6992216517845193     
   1.6990546217142644     
   1.6988878870944999     
   1.6987214473433303     
   1.6985553017564929     
   1.6983894496523380     
   1.6982238904220774     
   1.6980586233735377     
   1.6978936477974118     
   1.6977289630803805     
   1.6975645685884024     
   1.6974004635443536     
   1.6972366474600302     
   1.6970731195847275     
   1.6969098792789672     
   1.6967469259215309     
   1.6965842588151832     
   1.6964218773646838     
   1.6962597809137985     
   1.6960979688062521     
   1.6959364403911830     
   1.6957751950749156     
   1.6956142321621144     
   1.6954535510430531     
   1.6952931511489369     
   1.6951330317712872     
   1.6949731922974274     
   1.6948136321013720     
   1.6946543505836322     
   1.6944953470860273     
   1.6943366210117525     
   1.6941781716754447     
   1.6940199985894213     
   1.6938621010221828     
   1.6937044784004711     
   1.6935471301355136     
   1.6933900555138137     
   1.6932332541029103     
   1.6930767250820911     
   1.6929204680549321     
   1.6927644822782821     
   1.6926087671869605     
   1.6924533222022042     
   1.6922981466872076     
   1.6921432400810472     
   1.6919886017301127     
   1.6918342311195018     
   1.6916801276145406     
   1.6915262906042581     
   1.6913727195297903     
   1.6912194137710381     
   1.6910663727888742     
   1.6909135959525332     
   1.6907610827685757     
   1.6906088325035680     
   1.6904568447052821     
   1.6903051187425495     
   1.6901536540456918     
   1.6900024500553585     
   1.6898515062096282     
   1.6897008219052470     
   1.6895503965376610     
   1.6894002296255015     
   1.6892503205611482     
   1.6891006687411272     
   1.6889512736684458     
   1.6888021347437125     
   1.6886532514099057     
   1.6885046231264096     
   1.6883562493060040     
   1.6882081294316635     
   1.6880602629025088     
   1.6879126492255279     
   1.6877652877638267     
   1.6876181780316502     
   1.6874713194446604     
   1.6873247115045995     
   1.6871783536603306     
   1.6870322453280227     
   1.6868863859563179     
   1.6867407750668155     
   1.6865954120896705     
   1.6864502964648245     
   1.6863054276461824     
   1.6861608051751693     
   1.6860164284261758     
   1.6858722969579314     
   1.6857284101546774     
   1.6855847675799136     
   1.6854413686179479     
   1.6852982127750136     
   1.6851552995299000     
   1.6850126283796278     
   1.6848701987401138     
   1.6847280101918791     
   1.6845860621062505     
   1.6844443539942389     
   1.6843028853893494     
   1.6841616557661376     
   1.6840206645883766     
   1.6838799113427496     
   1.6837393955352762     
   1.6835991166518904     
   1.6834590741667668     
   1.6833192675796724     
   1.6831796963906289     
   1.6830403600822010     
   1.6829012582186476     
   1.6827623902249469     
   1.6826237556058738     
   1.6824853538910134     
   1.6823471845912832     
   1.6822092471562144     
   1.6820715411773288     
   1.6819340661153430     
   1.6817968214450134     
   1.6816598066968522     
   1.6815230214177233     
   1.6813864651037171     
   1.6812501372060600     
   1.6811140373869395     
   1.6809781650092905     
   1.6808425196333934     
   1.6807071008495471     
   1.6805719081192452     
   1.6804369409341111     
   1.6803021988196236     
   1.6801676813894872     
   1.6800333881258818     
   1.6798993185076445     
   1.6797654720789548     
   1.6796318484362696     
   1.6794984470103351     
   1.6793652673945862     
   1.6792323091071339     
   1.6790995717228436     
   1.6789670547080486     
   1.6788347576244820     
   1.6787026800610252     
   1.6785708214358870     
   1.6784391813872048     
   1.6783077594104236     
   1.6781765551187970     
   1.6780455679909430     
   1.6779147975733981     
   1.6777842434475230     
   1.6776539051354162     
   1.6775237821838063     
   1.6773938741291117     
   1.6772641805991721     
   1.6771347010264308     
   1.6770054350668482     
   1.6768763822113424     
   1.6767475420755806     
   1.6766189141456422     
   1.6764904980578967     
   1.6763622932887037     
   1.6762342994294845     
   1.6761065160821089     
   1.6759789427656284     
   1.6758515790626642     
   1.6757244244992051     
   1.6755974786979209     
   1.6754707412124137     
   1.6753442115582393     
   1.6752178893875653     
   1.6750917742304550     
   1.6749658656184823     
   1.6748401631759986     
   1.6747146664789865     
   1.6745893751034857     
   1.6744642886055567     
   1.6743394065980344     
   1.6742147285453308     
   1.6740902541535017     
   1.6739659829464406     
   1.6738419145534025     
   1.6737180484948315     
   1.6735943843561891     
   1.6734709217878367     
   1.6733476603225705     
   1.6732245995722292     
   1.6731017391014640     
   1.6729790785087755     
   1.6728566174271382     
   1.6727343553654077     
   1.6726122919665709     
   1.6724904268123528     
   1.6723687594888883     
   1.6722472896149485     
   1.6721260167727208     
   1.6720049405738069     
   1.6718840605654162     
   1.6717633764595945     
   1.6716428877324709     
   1.6715225940521965     
   1.6714024949838147     
   1.6712825901647252     
   1.6711628792311930     
   1.6710433616729856     
   1.6709240372186109     
   1.6708049053884042     
   1.6706859658835866     
   1.6705672182504530     
   1.6704486620556525     
   1.6703302970497043     
   1.6702121226784008     
   1.6700941386668120     
   1.6699763445971798     
   1.6698587400646363     
   1.6697413247664878     
   1.6696240982217707     
   1.6695070600774440     
   1.6693902100071669     
   1.6692735475887512     
   1.6691570723867952     
   1.6690407841354027     
   1.6689246823930817     
   1.6688087667602176     
   1.6686930369038495     
   1.6685774924835064     
   1.6684621330426510     
   1.6683469582803614     
   1.6682319677775843     
   1.6681171612003041     
   1.6680025381916868     
   1.6678880982928470     
   1.6677738412414054     
   1.6676597665802979     
   1.6675458740117091     
   1.6674321631433955     
   1.6673186336621377     
   1.6672052851141510     
   1.6670921172269568     
   1.6669791296162726     
   1.6668663218016981     
   1.6667536935891771     
   1.6666412445918768     
   1.6665289743941556     
   1.6664168826568919     
   1.6663049689883493     
   1.6661932331621809     
   1.6660816746758378     
   1.6659702932303959     
   1.6658590885291624     
   1.6657480601875752     
   1.6656372077886283     
   1.6655265310881764     
   1.6654160296292062     
   1.6653057031627845     
   1.6651955512992958     
   1.6650855736773729     
   1.6649757699884651     
   1.6648661398703748     
   1.6647566829433076     
   1.6646473989571056     
   1.6645382874640569     
   1.6644293481957937     
   1.6643205807530355     
   1.6642119848802310     
   1.6641035601520331     
   1.6639953063009392     
   1.6638872229440853     
   1.6637793097850824     
   1.6636715664270350     
   1.6635639925568451     
   1.6634565878892908     
   1.6633493520775628     
   1.6632422847525967     
   1.6631353856141551     
   1.6630286542968604     
   1.6629220904767594     
   1.6628156938680423     
   1.6627094641587123     
   1.6626034009296147     
   1.6624975039219727     
   1.6623917728108530     
   1.6622862072551956     
   1.6621808069251933     
   1.6620755714982731     
   1.6619705006589687     
   1.6618655940678300     
   1.6617608514125410     
   1.6616562724595716     
   1.6615518567578806     
   1.6614476040455770     
   1.6613435140357788     
   1.6612395863600056     
   1.6611358207100990     
   1.6610322167811673     
   1.6609287742661731     
   1.6608254928479487     
   1.6607223722262892     
   1.6606194120609397     
   1.6605166120689645     
   1.6604139719317501     
   1.6603114912806149     
   1.6602091698952393     
   1.6601070074234878     
   1.6600050035654019     
   1.6599031580310786     
   1.6598014704518786     
   1.6596999406134239     
   1.6595985681229046     
   1.6594973527438823     
   1.6593962941593710     
   1.6592953920446103     
   1.6591946460671501     
   1.6590940560397667     
   1.6589936215143744     
   1.6588933423259089     
   1.6587932180858280     
   1.6586932485298582     
   1.6585934333558099     
   1.6584937722810675     
   1.6583942649614913     
   1.6582949111413878     
   1.6581957105367007     
   1.6580966628439704     
   1.6579977677395636     
   1.6578990249857455     
   1.6578004341947372     
   1.6577019951913625     
   1.6576037076296801     
   1.6575055712073952     
   1.6574075856502661     
   1.6573097507057217     
   1.6572120660268093     
   1.6571145313635460     
   1.6570171463932521     
   1.6569199109023727     
   1.6568228244735783     
   1.6567258869545713     
   1.6566290980542395     
   1.6565324573351039     
   1.6564359647130660     
   1.6563396198205840     
   1.6562434223545308     
   1.6561473720488196     
   1.6560514686653875     
   1.6559557118587205     
   1.6558601014507284     
   1.6557646370229571     
   1.6556693183729454     
   1.6555741452851322     
   1.6554791173078105     
   1.6553842343696985     
   1.6552894961033553     
   1.6551949022094599     
   1.6551004524558048     
   1.6550061465724810     
   1.6549119842538476     
   1.6548179652656319     
   1.6547240892715802     
   1.6546303560875129     
   1.6545367654066494     
   1.6544433169331878     
   1.6543500104395241     
   1.6542568456466649     
   1.6541638222489927     
   1.6540709400838340     
   1.6539781987576161     
   1.6538855980835923     
   1.6537931377530257     
   1.6537008175563432     
   1.6536086371833800     
   1.6535165964162803     
   1.6534246949072524     
   1.6533329325019457     
   1.6532413088757674     
   1.6531498237967561     
   1.6530584769970187     
   1.6529672681467162     
   1.6528761971049211     
   1.6527852635589859     
   1.6526944672521759     
   1.6526038079440051     
   1.6525132853661817     
   1.6524228992119177     
   1.6523326492947605     
   1.6522425354026202     
   1.6521525571621332     
   1.6520627143769320     
   1.6519730067676530     
   1.6518834341998940     
   1.6517939962653143     
   1.6517046928027366     
   1.6516155235373819     
   1.6515264882142435     
   1.6514375865757616     
   1.6513488184366509     
   1.6512601834691538     
   1.6511716814903785     
   1.6510833121832955     
   1.6509950753507843     
   1.6509069707505764     
   1.6508189981141177     
   1.6507311571826979     
   1.6506434477642111     
   1.6505558695839153     
   1.6504684223949662     
   1.6503811059606750     
   1.6502939200243643     
   1.6502068643840966     
   1.6501199387373409     
   1.6500331429216359     
   1.6499464766613849     
   1.6498599396843954     
   1.6497735317883828     
   1.6496872527480129     
   1.6496011022851838     
   1.6495150801579603     
   1.6494291862128039     
   1.6493434201111283     
   1.6492577816592728     
   1.6491722706674075     
   1.6490868868222632     
   1.6490016299287575     
   1.6489164997705261     
   1.6488314961321446     
   1.6487466186973456     
   1.6486618672640243     
   1.6485772416658362     
   1.6484927415939308     
   1.6484083668503329     
   1.6483241172174712     
   1.6482399924833366     
   1.6481559923389495     
   1.6480721166068895     
   1.6479883650560014     
   1.6479047375064058     
   1.6478212336538274     
   1.6477378533512073     
   1.6476545962918832     
   1.6475714622660314     
   1.6474884511073933     
   1.6474055625161275     
   1.6473227963522739     
   1.6472401523400548     
   1.6471576302189979     
   1.6470752298593245     
   1.6469929509722936     
   1.6469107933864056     
   1.6468287568171176     
   1.6467468410672947     
   1.6466650459934047     
   1.6465833712571061     
   1.6465018166915155     
   1.6464203821332912     
   1.6463390672373794     
   1.6462578718900367     
   1.6461767958425209     
   1.6460958389324070     
   1.6460150008389494     
   1.6459342814377840     
   1.6458536804266510     
   1.6457731977190060     
   1.6456928329532610     
   1.6456125860199191     
   1.6455324566613854     
   1.6454524446686838     
   1.6453725498692959     
   1.6452927720118879     
   1.6452131108626418     
   1.6451335662994646     
   1.6450541379917274     
   1.6449748258304830     
   1.6448956295349233     
   1.6448165489913735     
   1.6447375839054752     
   1.6446587340725105     
   1.6445799993285617     
   1.6445013794004368     
   1.6444228741923670     
   1.6443444833454832     
   1.6442662068371849     
   1.6441880442737276     
   1.6441099956223524     
   1.6440320606010945     
   1.6439542389252013     
   1.6438765305165739     
   1.6437989351257190     
   1.6437214525338861     
   1.6436440825770222     
   1.6435668250489472     
   1.6434896796900693     
   1.6434126463968244     
   1.6433357248453015     
   1.6432589149000920     
   1.6431822163859984     
   1.6431056290921893     
   1.6430291528126904     
   1.6429527873681091     
   1.6428765324842325     
   1.6428003880348714     
   1.6427243538384957     
   1.6426484296348045     
   1.6425726153030613     
   1.6424969105335165     
   1.6424213152468603     
   1.6423458292107755     
   1.6422704521900722     
   1.6421951840434803     
   1.6421200245979368     
   1.6420449735369411     
   1.6419700308242793     
   1.6418951961660213     
   1.6418204694254759     
   1.6417458503226676     
   1.6416713387924706     
   1.6415969345623624     
   1.6415226374217615     
   1.6414484472644828     
   1.6413743638246319     
   1.6413003869509204     
   1.6412265164889974     
   1.6411527521582112     
   1.6410790938388988     
   1.6410055413416926     
   1.6409320944460322     
   1.6408587529622802     
   1.6407855167991134     
   1.6407123856133117     
   1.6406393593713702     
   1.6405664377809444     
   1.6404936207421450     
   1.6404209079551926     
   1.6403482993544602     
   1.6402757946984661     
   1.6402033938018894     
   1.6401310964804767     
   1.6400589025888692     
   1.6399868119691690     
   1.6399148243402488     
   1.6398429395435081     
   1.6397711574532203     
   1.6396994778708696     
   1.6396279006586112     
   1.6395564255161341     
   1.6394850523518856     
   1.6394137809798717     
   1.6393426112129059     
   1.6392715428593152     
   1.6392005757296724     
   1.6391297097284583     
   1.6390589446131356     
   1.6389882801747009     
   1.6389177162844293     
   1.6388472527711060     
   1.6387768894851398     
   1.6387066261438230     
   1.6386364626901657     
   1.6385663988679262     
   1.6384964345737245     
   1.6384265695919096     
   1.6383568037108103     
   1.6382871368440608     
   1.6382175687492135     
   1.6381480992776354     
   1.6380787282609355     
   1.6380094555450935     
   1.6379402809433663     
   1.6378712042629586     
   1.6378022253885989     
   1.6377333440716737     
   1.6376645601649928     
   1.6375958735876588     
   1.6375272840094635     
   1.6374587914411478     
   1.6373903955917237     
   1.6373220963263844     
   1.6372538935092664     
   1.6371857868904023     
   1.6371177764260667     
   1.6370498617859996     
   1.6369820429765816     
   1.6369143197335374     
   1.6368466918855875     
   1.6367791593009238     
   1.6367117218145633     
   1.6366443792623038     
   1.6365771314037127     
   1.6365099782457202     
   1.6364429194554742     
   1.6363759549294317     
   1.6363090845469401     
   1.6362423081039623     
   1.6361756254114641     
   1.6361090363797841     
   1.6360425407722201     
   1.6359761384938316     
   1.6359098293176735     
   1.6358436130897100     
   1.6357774897608075     
   1.6357114590385022     
   1.6356455207913019     
   1.6355796749288212     
   1.6355139212159693     
   1.6354482595316879     
   1.6353826897230503     
   1.6353172115978203     
   1.6352518250142873     
   1.6351865298435131     
   1.6351213258818806     
   1.6350562129881776     
   1.6349911910289263     
   1.6349262597977305     
   1.6348614192002413     
   1.6347966690715463     
   1.6347320092336997     
   1.6346674394982355     
   1.6346029597869718     
   1.6345385698705546     
   1.6344742696682997     
   1.6344100589839519     
   1.6343459376959661     
   1.6342819055922653     
   1.6342179625652449     
   1.6341541084740796     
   1.6340903430878109     
   1.6340266663287564     
   1.6339630780363157     
   1.6338995780724408     
   1.6338361662570755     
   1.6337728424499280     
   1.6337096064819705     
   1.6336464582352828     
   1.6335833975253400     
   1.6335204242485772     
   1.6334575382356427     
   1.6333947393258543     
   1.6333320273883896     
   1.6332694022363945     
   1.6332068637626651     
   1.6331444118114726     
   1.6330820462278566     
   1.6330197668774904     
   1.6329575736114454     
   1.6328954662174113     
   1.6328334446955850     
   1.6327715088098240     
   1.6327096583572611     
   1.6326478932721487     
   1.6325862134120093     
   1.6325246186258688     
   1.6324631087367256     
   1.6324016836214144     
   1.6323403431318237     
   1.6322790871402175     
   1.6322179154550245     
   1.6321568279834819     
   1.6320958245842812     
   1.6320349051133092     
   1.6319740693851039     
   1.6319133172931415     
   1.6318526487022502     
   1.6317920634587071     
   1.6317315614290928     
   1.6316711424378640     
   1.6316108064098871     
   1.6315505531636374     
   1.6314903825620499     
   1.6314302944560937     
   1.6313702887081432     
   1.6313103652095766     
   1.6312505238120409     
   1.6311907643602657     
   1.6311310867334330     
   1.6310714907763799     
   1.6310119763509134     
   1.6309525433294270     
   1.6308931915949789     
   1.6308339209638190     
   1.6307747313492198     
   1.6307156225751105     
   1.6306565945062372     
   1.6305976470468178     
   1.6305387800365891     
   1.6304799933575391     
   1.6304212868481303     
   1.6303626603736026     
   1.6303041137872869     
   1.6302456470139237     
   1.6301872599026321     
   1.6301289522621498     
   1.6300707239853538     
   1.6300125750236916     
   1.6299545050987447     
   1.6298965142106403     
   1.6298386021474749     
   1.6297807687535528     
   1.6297230139992784     
   1.6296653377042647     
   1.6296077396829367     
   1.6295502199098064     
   1.6294927781375435     
   1.6294354143008585     
   1.6293781283066162     
   1.6293209199828906     
   1.6292637891623416     
   1.6292067357616751     
   1.6291497596118045     
   1.6290928606526625     
   1.6290360386851477     
   1.6289792936465690     
   1.6289226254235740     
   1.6288660337434213     
   1.6288095186214286     
   1.6287530798695213     
   1.6286967173716951     
   1.6286404310308922     
   1.6285842206962933     
   1.6285280862366134     
   1.6284720274678754     
   1.6284160443684090     
   1.6283601367598322     
   1.6283043045532528     
   1.6282485475734971     
   1.6281928657277511     
   1.6281372588806251     
   1.6280817268905805     
   1.6280262696553796     
   1.6279708870327769     
   1.6279155789883317     
   1.6278603452666398     
   1.6278051858105322     
   1.6277501004702661     
   1.6276950891755178     
   1.6276401517521637     
   1.6275852881082518     
   1.6275304980905487     
   1.6274757816237970     
   1.6274211385405639     
   1.6273665686975622     
   1.6273120720462027     
   1.6272576484591694     
   1.6272032977570543     
   1.6271490198960885     
   1.6270948146362691     
   1.6270406820186620     
   1.6269866218070126     
   1.6269326338510615     
   1.6268787181456281     
   1.6268248745066585     
   1.6267711028683309     
   1.6267174030530636     
   1.6266637749123198     
   1.6266102184386679     
   1.6265567334219546     
   1.6265033197748184     
   1.6264499773852257     
   1.6263967061469615     
   1.6263435059034763     
   1.6262903765768919     
   1.6262373180537659     
   1.6261843301657182     
   1.6261314128611302     
   1.6260785659540726     
   1.6260257893689740     
   1.6259730830297681     
   1.6259204467159609     
   1.6258678804826916     
   1.6258153840391338     
   1.6257629573293915     
   1.6257106002794599     
   1.6256583127426201     
   1.6256060946370257     
   1.6255539457516708     
   1.6255018661594369     
   1.6254498555109420     
   1.6253979138953523     
   1.6253460410601435     
   1.6252942369815175     
   1.6252425014974294     
   1.6251908345249388     
   1.6251392359546928     
   1.6250877056430284     
   1.6250362435409222     
   1.6249848494397057     
   1.6249335233127231     
   1.6248822650049806     
   1.6248310743946024     
   1.6247799514071826     
   1.6247288959314208     
   1.6246779078142799     
   1.6246269870260561     
   1.6245761334148909     
   1.6245253467891920     
   1.6244746272026993     
   1.6244239744270834     
   1.6243733884162066     
   1.6243228689655980     
   1.6242724160667976     
   1.6242220295988392     
   1.6241717094330768     
   1.6241214554425154     
   1.6240712675419835     
   1.6240211455831073     
   1.6239710895159041     
   1.6239210992452469     
   1.6238711745969985     
   1.6238213154926586     
   1.6237715218924142     
   1.6237217935901120     
   1.6236721304979824     
   1.6236225326111291     
   1.6235729996680424     
   1.6235235316952297     
   1.6234741284800025     
   1.6234247899983707     
   1.6233755161138048     
   1.6233263067073691     
   1.6232771617179012     
   1.6232280810006632     
   1.6231790644826161     
   1.6231301120088091     
   1.6230812235514507     
   1.6230323989503370     
   1.6229836381060851     
   1.6229349409675056     
   1.6228863073434208     
   1.6228377371953502     
   1.6227892303848974     
   1.6227407868656778     
   1.6226924064927963     
   1.6226440891552159     
   1.6225958348165439     
   1.6225476432547390     
   1.6224995144912440     
   1.6224514483361752     
   1.6224034447540783     
   1.6223555036363426     
   1.6223076247981598     
   1.6222598082507456     
   1.6222120538262839     
   1.6221643614739281     
   1.6221167310660620     
   1.6220691624623000     
   1.6220216556364884     
   1.6219742104040726     
   1.6219268267693199     
   1.6218795045476544     
   1.6218322436850854     
   1.6217850440897290     
   1.6217379056394412     
   1.6216908282073910     
   1.6216438117985241     
   1.6215968561485101     
   1.6215499613428566     
   1.6215031271694440     
   1.6214563535700255     
   1.6214096404228158     
   1.6213629876658859     
   1.6213163951508771     
   1.6212698628107227     
   1.6212233905625633     
   1.6211769783053844     
   1.6211306259179823     
   1.6210843333276546     
   1.6210381004945440     
   1.6209919271817754     
   1.6209458134271841     
   1.6208997590761656     
   1.6208537639947884     
   1.6208078281697498     
   1.6207619514627962     
   1.6207161338112996     
   1.6206703750919544     
   1.6206246752053324     
   1.6205790340274269     
   1.6205334515328857     
   1.6204879276005748     
   1.6204424621438589     
   1.6203970550530848     
   1.6203517062863493     
   1.6203064156467173     
   1.6202611831321716     
   1.6202160086045749     
   1.6201708920370770     
   1.6201258332405197     
   1.6200808321990317     
   1.6200358887782473     
   1.6199910028734958     
   1.6199461744759849     
   1.6199014034005395     
   1.6198566895808559     
   1.6198120329477121     
   1.6197674334503993     
   1.6197228908902805     
   1.6196784052585447     
   1.6196339764079293     
   1.6195896043345930     
   1.6195452888926782     
   1.6195010299684165     
   1.6194568274945689     
   1.6194126813932685     
   1.6193685915652849     
   1.6193245579397635     
   1.6192805803872661     
   1.6192366588667402     
   1.6191927932730652     
   1.6191489834720310     
   1.6191052294670452     
   1.6190615310718954     
   1.6190178882667747     
   1.6189743009240503     
   1.6189307690125556     
   1.6188872923647559     
   1.6188438709318991     
   1.6188005046122640     
   1.6187571933655680     
   1.6187139370539549     
   1.6186707356289682     
   1.6186275889222652     
   1.6185844969674634     
   1.6185414595705285     
   1.6184984767456219     
   1.6184555483337779     
   1.6184126742912195     
   1.6183698544808092     
   1.6183270888903538     
   1.6182843773383588     
   1.6182417198446482     
   1.6181991162475748     
   1.6181565664651427     
   1.6181140704607455     
   1.6180716281249383     
   1.6180292393243407     
   1.6179869040525041     
   1.6179446221999036     
   1.6179023936827188     
   1.6178602184043123     
   1.6178180962784272     
   1.6177760272302102     
   1.6177340112227754     
   1.6176920480585646     
   1.6176501377422570     
   1.6176082801740281     
   1.6175664752703609     
   1.6175247229506384     
   1.6174830231190644     
   1.6174413756970154     
   1.6173997805971880     
   1.6173582377599909     
   1.6173167471137901     
   1.6172753085096607     
   1.6172339219539189     
   1.6171925873185531     
   1.6171513044736541     
   1.6171100734257575     
   1.6170688939993338     
   1.6170277662101886     
   1.6169866899652829     
   1.6169456651210152     
   1.6169046916353316     
   1.6168637694620958     
   1.6168228984260149     
   1.6167820785474529     
   1.6167413096825234     
   1.6167005917949897     
   1.6166599247113216     
   1.6166193084828340     
   1.6165787429796772     
   1.6165382280534351     
   1.6164977637649431     
   1.6164573498892429     
   1.6164169864678026     
   1.6163766733089369     
   1.6163364104246076     
   1.6162961976470598     
   1.6162560350517339     
   1.6162159224087476     
   1.6161758596882558     
   1.6161358468262115     
   1.6160958837475063     
   1.6160559703441630     
   1.6160161065768905     
   1.6159762923631440     
   1.6159365275821367     
   1.6158968122253283     
   1.6158571461191076     
   1.6158175292532682     
   1.6157779615827041     
   1.6157384429999611     
   1.6156989733629288     
   1.6156595527364508     
   1.6156201808773116     
   1.6155808578486712     
   1.6155415834559728     
   1.6155023577343557     
   1.6154631805702455     
   1.6154240518553844     
   1.6153849715403727     
   1.6153459395515097     
   1.6153069557878825     
   1.6152680202434198     
   1.6152291327371926     
   1.6151902932912434     
   1.6151515017577189     
   1.6151127581567302     
   1.6150740623074293     
   1.6150354141838663     
   1.6149968137148756     
   1.6149582608246551     
   1.6149197554854502     
   1.6148812975236710     
   1.6148428869069569     
   1.6148045236144135     
   1.6147662074866784     
   1.6147279385189721     
   1.6146897166296803     
   1.6146515417224854     
   1.6146134137016537     
   1.6145753325752101     
   1.6145372982106012     
   1.6144993104827863     
   1.6144613694651064     
   1.6144234749670039     
   1.6143856269561812     
   1.6143478253348547     
   1.6143100701141888     
   1.6142723610987897     
   1.6142346983020333     
   1.6141970816332667     
   1.6141595110114133     
   1.6141219863910887     
   1.6140845076995638     
   1.6140470748251905     
   1.6140096877036221     
   1.6139723463077660     
   1.6139350505326648     
   1.6138978003315869     
   1.6138605956156320     
   1.6138234363381974     
   1.6137863223732216     
   1.6137492536882216     
   1.6137122302296254     
   1.6136752519216393     
   1.6136383186657703     
   1.6136014304126487     
