   1.0000004349322127     
   1.0000005000852565     
   1.0000005118792705     
   1.0000005174452007     
   1.0000005217190129     
   1.0000005261885065     
   1.0000005303609110     
   1.0000005345523391     
   1.0000005386127113     
   1.0000005427760554     
   1.0000005467505131     
   1.0000005505935918     
   1.0000005544921218     
   1.0000005582428670     
   1.0000005620689663     
   1.0000005657749600     
   1.0000005694793888     
   1.0000005730164718     
   1.0000005766940898     
   1.0000005802939673     
   1.0000005836810149     
   1.0000005872104163     
   1.0000005907034135     
   1.0000005941031764     
   1.0000005973618589     
   1.0000006007955771     
   1.0000006038078659     
   1.0000006072770118     
   1.0000006102533319     
   1.0000006136442869     
   1.0000006167068884     
   1.0000006199818459     
   1.0000006229661391     
   1.0000006262749754     
   1.0000006292385051     
   1.0000006323112862     
   1.0000006353522619     
   1.0000006383532964     
   1.0000006413487907     
   1.0000006442246503     
   1.0000006473522571     
   1.0000006500876732     
   1.0000006530348284     
   1.0000006558550660     
   1.0000006589534924     
   1.0000006616476274     
   1.0000006645419415     
   1.0000006673416160     
   1.0000006700683075     
   1.0000006728711619     
   1.0000006757439590     
   1.0000006783689195     
   1.0000006811512516     
   1.0000006838326168     
   1.0000006865493467     
   1.0000006893191211     
   1.0000006919891173     
   1.0000006946023008     
   1.0000006972962918     
   1.0000007000454059     
   1.0000007025394775     
   1.0000007052505515     
   1.0000007077549051     
   1.0000007103909436     
   1.0000007128184893     
   1.0000007156240966     
   1.0000007180935300     
   1.0000007205835824     
   1.0000007232692825     
   1.0000007257324404     
   1.0000007282150793     
   1.0000007306898275     
   1.0000007332455636     
   1.0000007358539020     
   1.0000007382150398     
   1.0000007407935831     
   1.0000007431232514     
   1.0000007456416935     
   1.0000007480488500     
   1.0000007505078021     
   1.0000007530066601     
   1.0000007553612908     
   1.0000007577725680     
   1.0000007601684664     
   1.0000007625667771     
   1.0000007648120071     
   1.0000007673702669     
   1.0000007696909410     
   1.0000007720701654     
   1.0000007742669146     
   1.0000007768673169     
   1.0000007790826191     
   1.0000007814615730     
   1.0000007838078027     
   1.0000007861434690     
   1.0000007883984907     
   1.0000007907421522     
   1.0000007931274650     
   1.0000007953655126     
   1.0000007977036536     
   1.0024804538472860     
   1.0053085273283062     
   1.0082237913641874     
   1.0111951284135769     
   1.0142192468205706     
   1.0172962239441781     
   1.0204265679059101     
   1.0236108645288113     
   1.0268497348024841     
   1.0301438297555983     
   1.0334938298846941     
   1.0369004451800121     
   1.0403644152644973     
   1.0438865095911574     
   1.0474675276873204     
   1.0511082994473633     
   1.0548096854742581     
   1.0585725774531576     
   1.0623978985968929     
   1.0662866041147703     
   1.0702396817352775     
   1.0742581522750041     
   1.0783430702530150     
   1.0824955245521692     
   1.0867166391270737     
   1.0910075737611657     
   1.0953695248701660     
   1.0998037263572475     
   1.1043114505205096     
   1.1088940089967858     
   1.1135527537883625     
   1.1182890783164017     
   1.1231044185414869     
   1.1280002541407819     
   1.1329781097443830     
   1.1380395562356349     
   1.1431862120974943     
   1.1484197448597739     
   1.1537418725807325     
   1.1591543654167793     
   1.1646590472595419     
   1.1702577974316046     
   1.1759525525193177     
   1.1817453082304443     
   1.1876381213640552     
   1.1936331117961332     
   1.1997324647544216     
   1.2059384329819514     
   1.2122533391395895     
   1.2186795781207622     
   1.2252196198276926     
   1.2318760117402558     
   1.2386513817507732     
   1.2455484411310778     
   1.2525699875790037     
   1.2597189083950939     
   1.2669981840154849     
   1.2744108914315302     
   1.2819602079145236     
   1.2896494148994091     
   1.2974819020513277     
   1.3054611715724116     
   1.3135908424925231     
   1.3218746556015821     
   1.3303164782184189     
   1.3389203094378446     
   1.3476902852943216     
   1.3566306847945055     
   1.3657459356828061     
   1.3750406207426196     
   1.3845194843923860     
   1.3941874396130112     
   1.4040495752340740     
   1.4141111635988590     
   1.4243776686329270     
   1.4348547543726426     
   1.4455482937782684     
   1.4564643783487279     
   1.4676093279489217     
   1.4789897013083348     
   1.4906123071099611     
   1.5024842155440699     
   1.5146127708129287     
   1.5270056039657760     
   1.5396706468247532     
   1.5526161463392072     
   1.5658506801970653     
   1.5793831728405432     
   1.5932229129619406     
   1.6073795717130761     
   1.6218632217877353     
   1.6366843583687662     
   1.6518539206699945     
   1.6673833150998851     
   1.6832844398240501     
   1.6995697108692185     
   1.7162520898720826     
   1.7333451137579836     
   1.7508629256089370     
   1.7688203089219823     
   1.7768109004921673     
   1.7829383087364929     
   1.7887079179938836     
   1.7943900398519805     
   1.8000337704399854     
   1.8056488911950139     
   1.8112381657048735     
   1.8168030649567797     
   1.8223447838468418     
   1.8278644239093120     
   1.8333630288767275     
   1.8388415923965880     
   1.8443010619390041     
   1.8497423414746155     
   1.8551662938221811     
   1.8605737429361702     
   1.8659654760130875     
   1.8713422454557711     
   1.8767047707291966     
   1.8820537401044610     
   1.8873898123079000     
   1.8927136180677080     
   1.8980257614481943     
   1.9033268217354287     
   1.9086173540041735     
   1.9138978906779218     
   1.9191689427211138     
   1.9244310004635474     
   1.9296845357408565     
   1.9349300009923951     
   1.9401678313154369     
   1.9453984453831870     
   1.9506222464277849     
   1.9558396215707188     
   1.9610509439008577     
   1.9662565740483100     
   1.9714568575698099     
   1.9766521288972687     
   1.9818427104698035     
   1.9870289133653503     
   1.9922110378637812     
   1.9973893739491986     
   2.0025642017808787     
   2.0077357921318657     
   2.0129044068059159     
   2.0180702990291395     
   2.0232337138264498     
   2.0283948883854870     
   2.0335540524649849     
   2.0387114284835319     
   2.0438672320519387     
   2.0490216720788217     
   2.0541749512256247     
   2.0593272660920672     
   2.0644788074530105     
   2.0696297604910838     
   2.0747803050227227     
   2.0799306157135486     
   2.0850808622795451     
   2.0902312096793363     
   2.0953818183007691     
   2.1005328441346780     
   2.1056844389416520     
   2.1108367504126453     
   2.1159899223186796     
   2.1211440946581370     
   2.1262994037908931     
   2.1314559825520951     
   2.1366139605264993     
   2.1417734639435118     
   2.1469346158007596     
   2.1520975361901886     
   2.1572623422692971     
   2.1624291483659901     
   2.1675980660848921     
   2.1727692043994682     
   2.1779426697425368     
   2.1831185660932806     
   2.1882969950579620     
   2.1934780559487845     
   2.1986618458607041     
   2.2038484597422907     
   2.2090379904666091     
   2.2142305288992583     
   2.2194261639613693     
   2.2246249826929625     
   2.2298270703112850     
   2.2350325102695567     
   2.2402413843118256     
   2.2454537725242498     
   2.2506697533892090     
   2.2558894038330624     
   2.2611127992737354     
   2.2663400136667446     
   2.2715711195492800     
   2.2768061880837118     
   2.2820452890972360     
   2.2872884911214340     
   2.2925358614332474     
   2.2977874660887077     
   2.3030433699602715     
   2.3083036367713783     
   2.3135683291287208     
   2.3188375085561788     
   2.3241112355244007     
   2.3293895694810933     
   2.3346725688812420     
   2.3399602912140569     
   2.3452527930309119     
   2.3505501299711158     
   2.3558523567884406     
   2.3611595273745629     
   2.3664716947839635     
   2.3717889112571355     
   2.3771112282410787     
   2.3824386964151785     
   2.3877713657075965     
   2.3931092853185176     
   2.3984525037398496     
   2.4038010687724709     
   2.4091550275477083     
   2.4145144265428038     
   2.4198793116005701     
   2.4252497279439300     
   2.4306257201948460     
   2.4360073323891744     
   2.4413946079913411     
   2.4467875899117382     
   2.4521863205190093     
   2.4575908416560650     
   2.4630011946516728     
   2.4684174203369600     
   2.4738395590548587     
   2.4792676506759559     
   2.4847017346087092     
   2.4901418498127872     
   2.4955880348092214     
   2.5010403276927491     
   2.5064987661424571     
   2.5119633874326412     
   2.5174342284428040     
   2.5229113256672226     
   2.5283947152266300     
   2.5338844328751775     
   2.5393805140123384     
   2.5448829936906106     
   2.5503919066219694     
   2.5559072871923512     
   2.5614291694635885     
   2.5669575871852115     
   2.5724925738013233     
   2.5780341624585734     
   2.5835823860125782     
   2.5891372770361354     
   2.5946988678268901     
   2.6002671904115324     
   2.6058422765564546     
   2.6114241577703972     
   2.6170128653134919     
   2.6226084302021770     
   2.6282108832155440     
   2.6338202549014724     
   2.6394365755812155     
   2.6450598753565360     
   2.6506901841139947     
   2.6563275315296564     
   2.6619719470968830     
   2.6676234600671056     
   2.6732820995034290     
   2.6789478943200860     
   2.6846208732184933     
   2.6903010647217349     
   2.6959884971772552     
   2.7016831987609780     
   2.7073851974819623     
   2.7130945211852624     
   2.7188111975556328     
   2.7245352541244459     
   2.7302667182702240     
   2.7360056172226432     
   2.7417519780673700     
   2.7475058277505977     
   2.7532671930788011     
   2.7590361007256465     
   2.7648125772340570     
   2.7705966490193652     
   2.7763883423728695     
   2.7821876834656214     
   2.7879946983488106     
   2.7938094126005710     
   2.7996318529293305     
   2.8054620446232090     
   2.8113000132062926     
   2.8171457840812626     
   2.8229993826426618     
   2.8288608341542951     
   2.8347301638667450     
   2.8406073968338501     
   2.8464925581006355     
   2.8523856726394472     
   2.8582867657959823     
   2.8641958620341139     
   2.8701129856277410     
   2.8760381612013455     
   2.8819714136595382     
   2.8879127671577027     
   2.8938622461092813     
   2.8998198748114330     
   2.9057856776393747     
   2.9117596784663684     
   2.9177419014650532     
   2.9237323706550744     
   2.9297311099829599     
   2.9357381433317493     
   2.9417534945211155     
   2.9477771873136289     
   2.9538092454120219     
   2.9598496924643896     
   2.9658985520632699     
   2.9719558477472483     
   2.9780216030049753     
   2.9840958412723650     
   2.9901785859376107     
   2.9962698603401625     
   3.0023696877745678     
   3.0084780914904106     
   3.0145950946912046     
   3.0207207205397433     
   3.0268549921566699     
   3.0329979326224339     
   3.0391495649787714     
   3.0453099122294072     
   3.0514789973421066     
   3.0576568432483691     
   3.0638434728448125     
   3.0700389089953859     
   3.0762431745307586     
   3.0824562922518859     
   3.0886782847912913     
   3.0949091751977358     
   3.1011489859367498     
   3.1073977398206405     
   3.1136554594229731     
   3.1199221673687418     
   3.1261978862940265     
   3.1324826388297224     
   3.1387764475394815     
   3.1450793348846915     
   3.1513913233319983     
   3.1577124353960540     
   3.1640426936732680     
   3.1703821205153910     
   3.1767307386312695     
   3.1830885700541214     
   3.1894556373238898     
   3.1958319628420959     
   3.2022175689837815     
   3.2086124781063710     
   3.2150167125532274     
   3.2214302946555788     
   3.2278532467293131     
   3.2342855910805941     
   3.2407273500039384     
   3.2471785457821105     
   3.2536392006886188     
   3.2601093369879068     
   3.2665889769351111     
   3.2730781427759061     
   3.2795768567508059     
   3.2860851410900294     
   3.2926030180208405     
   3.2991305097608596     
   3.3056676385251613     
   3.3122144265226487     
   3.3187708959573370     
   3.3253370690298718     
   3.3319129679391022     
   3.3384986148764595     
   3.3450940320367244     
   3.3516992416088311     
   3.3583142657819787     
   3.3649391267433040     
   3.3715738466811511     
   3.3782184477823298     
   3.3848729522338936     
   3.3915373822255548     
   3.3982117599466419     
   3.4048961075888560     
   3.4115904473471539     
   3.4182948014168111     
   3.4250091919968582     
   3.4317336412922725     
   3.4384681715080179     
   3.4452128048560042     
   3.4519675635515710     
   3.4587324698148940     
   3.4655075458723816     
   3.4722928139562139     
   3.4790882963031935     
   3.4858940151589071     
   3.4722763049259262     
   3.4549479978901423     
   3.4370261445171733     
   3.4190705662274121     
   3.4011832197895102     
   3.3833850320479764     
   3.3656824605579012     
   3.3480791733258388     
   3.3305781013141398     
   3.3131818116501317     
   3.2958925888558039     
   3.2787124644636982     
   3.2616432367777448     
   3.2446864879094623     
   3.2278435993577554     
   3.2111157664890442     
   3.1945040119980916     
   3.1780091984409258     
   3.1616320398709958     
   3.1453731126871718     
   3.1292328657971180     
   3.1132116299891242     
   3.0973096267375131     
   3.0815269762196906     
   3.0658637051932689     
   3.0503197536466327     
   3.0348949818198148     
   3.0195891763529894     
   3.0044020556115321     
   2.9893332753557651     
   2.9743824336590645     
   2.9595490756067071     
   2.9448326973949110     
   2.9302327510669799     
   2.9157486468130132     
   2.9013797573846909     
   2.8871254231676713     
   2.8729849507416048     
   2.8589576193659525     
   2.8450426860655096     
   2.8312393791724650     
   2.8175469092183909     
   2.8039644677590569     
   2.7904912294319626     
   2.7771263537911044     
   2.7638689877218265     
   2.7507182664706673     
   2.7376733150343884     
   2.7247332500499875     
   2.7118971807752636     
   2.6991642102812308     
   2.6865334367505467     
   2.6740039544682621     
   2.6615748547899183     
   2.6492452270274014     
   2.6370141592994170     
   2.6248807393080944     
   2.6128440550624963     
   2.6009031955459490     
   2.5890572513391548     
   2.5773053151904746     
   2.5656464825482992     
   2.5540798520430106     
   2.5426045259630889     
   2.5312196106395111     
   2.5199242168462734     
   2.5087174601490667     
   2.4975984612183115     
   2.4865663461622747     
   2.4756202467457813     
   2.4647593006322657     
   2.4539826517287895     
   2.4432894502155005     
   2.4326788528299161     
   2.4221500230157709     
   2.4117021310437017     
   2.4013343542399452     
   2.3910458769707739     
   2.3808358908226261     
   2.3707035946830395     
   2.3606481948151514     
   2.3506689049255942     
   2.3407649462219511     
   2.3309355474586928     
   2.3211799449767159     
   2.3114973827302538     
   2.3018871123103617     
   2.2923483929573201     
   2.2828804915686591     
   2.2734826826982455     
   2.2641542485520154     
   2.2548944790081262     
   2.2457026714764363     
   2.2365781310552539     
   2.2275201703986278     
   2.2185281097052569     
   2.2096012766888422     
   2.2007390065403984     
   2.1919406418878857     
   2.1832055327541804     
   2.1800214472305330     
   2.1775486893784932     
   2.1751915692586756     
   2.1728773078581449     
   2.1705962691269645     
   2.1683464172543228     
   2.1661266629588938     
   2.1639360673005936     
   2.1617737444583107     
   2.1596388485310163     
   2.1575305699183902     
   2.1554481333134525     
   2.1533907960720602     
   2.1513578463669085     
   2.1493486017691588     
   2.1473624076370075     
   2.1453986357875228     
   2.1434566831628410     
   2.1415359705434951     
   2.1396359415468655     
   2.1377560612703101     
   2.1358958153653473     
   2.1340547091521636     
   2.1322322664954529     
   2.1304280290194129     
   2.1286415553225142     
   2.1268724200694020     
   2.1251202133690890     
   2.1233845399980584     
   2.1216650187197912     
   2.1199612817186875     
   2.1182729739308805     
   2.1165997525504703     
   2.1149412864252786     
   2.1132972555846612     
   2.1116673507438395     
   2.1100512728713983     
   2.1084487327147654     
   2.1068594504138547     
   2.1052831551040994     
   2.1037195845451961     
   2.1021684847553259     
   2.1006296097105470     
   2.0991027209781343     
   2.0975875874403243     
   2.0960839850037272     
   2.0945916963147466     
   2.0931105105049972     
   2.0916402229380657     
   2.0901806349714152     
   2.0887315537289606     
   2.0872927918845265     
   2.0858641674553589     
   2.0844455036066774     
   2.0830366284584922     
   2.0816373749100663     
   2.0802475804651968     
   2.0788670870697188     
   2.0774957409510533     
   2.0761333924713430     
   2.0747798959832515     
   2.0734351096891261     
   2.0720988955116000     
   2.0707711189652400     
   2.0694516490361812     
   2.0681403580598223     
   2.0668371216338062     
   2.0655418184757992     
   2.0642543303422873     
   2.0629745419187144     
   2.0617023407518205     
   2.0604376171083900     
   2.0591802639566557     
   2.0579301768138012     
   2.0566872536874143     
   2.0554513950485034     
   2.0542225036505273     
   2.0530004846018342     
   2.0517852451505449     
   2.0505766947008608     
   2.0493747447065651     
   2.0481793087027342     
   2.0469903021129454     
   2.0458076422708267     
   2.0446312483508828     
   2.0434610412778142     
   2.0422969438102938     
   2.0411388802969848     
   2.0399867767478264     
   2.0388405607625142     
   2.0377001614865553     
   2.0365655095351820     
   2.0354365370686680     
   2.0343131775856742     
   2.0331953659844788     
   2.0320830385071322     
   2.0309761326914031     
   2.0298745873690134     
   2.0287783425531556     
   2.0276873395502131     
   2.0266015207588741     
   2.0255208297142460     
   2.0244452111209861     
   2.0233746107101536     
   2.0223089752767285     
   2.0212482526401367     
   2.0201923915194784     
   2.0191413418823112     
   2.0180950543900149     
   2.0170534806896732     
   2.0160165733341886     
   2.0149842857535436     
   2.0139565722306871     
   2.0129333878820277     
   2.0119146886346408     
   2.0109004312080563     
   2.0098905730922794     
   2.0088850725313954     
   2.0078838885036596     
   2.0068869807034049     
   2.0058943095256363     
   2.0049058360458507     
   2.0039215220069666     
   2.0029413298019394     
   2.0019652224575921     
   2.0009931636214371     
   2.0000251175450994     
   1.9990610490717262     
   1.9981009236214127     
   1.9971447071778294     
   1.9961923662753169     
   1.9952438679864444     
   1.9942991799091943     
   1.9933582701559618     
   1.9924211073397384     
   1.9914876605662311     
   1.9905578994190285     
   1.9896317939518915     
   1.9887093146767989     
   1.9877904325538074     
   1.9868751189821079     
   1.9859633457890216     
   1.9850550852228872     
   1.9841503099406719     
   1.9832489930013302     
   1.9823511078577831     
   1.9814566283465778     
   1.9805655286804222     
   1.9796777834417705     
   1.9787933675718477     
   1.9779122563648890     
   1.9770344254627892     
   1.9761598508446050     
   1.9752885088196817     
   1.9744203760244725     
   1.9735554294110258     
   1.9726936462442741     
   1.9718350040944674     
   1.9709794808299028     
   1.9701270546118324     
   1.9692777038905338     
   1.9684314073956874     
   1.9675881441337129     
   1.9667478933814506     
   1.9659106346810906     
   1.9650763478349664     
   1.9642450128996440     
   1.9634166101823836     
   1.9625911202357453     
   1.9617685238530023     
   1.9609488020625860     
   1.9601319361257306     
   1.9593179075303813     
   1.9585066979874268     
   1.9576982894267920     
   1.9568926639932058     
   1.9560898040420709     
   1.9552896921359091     
   1.9544923110411696     
   1.9536976437228086     
   1.9529056733426677     
   1.9521163832547861     
   1.9513297570026502     
   1.9505457783140918     
   1.9497644311010938     
   1.9489856994544650     
   1.9482095676410252     
   1.9474360201006076     
   1.9466650414427056     
   1.9458966164454168     
   1.9451307300499963     
   1.9443673673602360     
   1.9436065136374585     
   1.9428481543010077     
   1.9420922749220626     
   1.9413388612242859     
   1.9405878990786491     
   1.9398393745045428     
   1.9390932736614308     
   1.9383495828540733     
   1.9376082885241555     
   1.9368693772506156     
   1.9361328357473873     
   1.9353986508611853     
   1.9346668095691339     
   1.9339372989768091     
   1.9332101063159730     
   1.9324852189434178     
   1.9317626243387276     
   1.9310423101009919     
   1.9303242639495242     
   1.9296084737202159     
   1.9288949273640075     
   1.9281836129459342     
   1.9274745186428592     
   1.9267676327416803     
   1.9260629436373364     
   1.9253604398330952     
   1.9246601099368850     
   1.9239619426605921     
   1.9232659268189571     
   1.9225720513265332     
   1.9218803051986313     
   1.9211906775489673     
   1.9205031575862410     
   1.9198177346161067     
   1.9191343980378133     
   1.9184531373427802     
   1.9177739421146958     
   1.9170968020266175     
   1.9164217068414622     
   1.9157486464092364     
   1.9150776106667040     
   1.9144085896365832     
   1.9137415734242245     
   1.9130765522198712     
   1.9124135162954117     
   1.9117524560026138     
   1.9110933617743511     
   1.9104362241217159     
   1.9097810336340684     
   1.9091277809771166     
   1.9084764568927444     
   1.9078270521974572     
   1.9071795577822648     
   1.9065339646101347     
   1.9058902637164135     
   1.9052484462084140     
   1.9046085032629625     
   1.9039704261268200     
   1.9033342061146419     
   1.9026998346087878     
   1.9020673030593565     
   1.9014366029816954     
   1.9008077259566996     
   1.9001806636298897     
   1.8995554077102439     
   1.8989319499700767     
   1.8983102822432389     
   1.8976903964256699     
   1.8970722844734114     
   1.8964559384032662     
   1.8958413502915004     
   1.8952285122717731     
   1.8946174165372160     
   1.8940080553375540     
   1.8934004209788950     
   1.8927945058235738     
   1.8921903022900628     
   1.8915878028505073     
   1.8909870000315350     
   1.8903878864137442     
   1.8897904546299393     
   1.8891946973660443     
   1.8886006073594566     
   1.8880081773980417     
   1.8874174003215858     
   1.8868282690194080     
   1.8862407764300564     
   1.8856549155415125     
   1.8850706793904004     
   1.8844880610606327     
   1.8839070536841851     
   1.8833276504400658     
   1.8827498445533408     
   1.8821736292956197     
   1.8815989979833174     
   1.8810259439781243     
   1.8804544606864750     
   1.8798845415588219     
   1.8793161800892726     
   1.8787493698150468     
   1.8781841043165897     
   1.8776203773863323     
   1.8770581823678461     
   1.8764975130993859     
   1.8759383633431697     
   1.8753807268885230     
   1.8748245975636872     
   1.8742699692356550     
   1.8737168358120011     
   1.8731651912380027     
   1.8726150294991801     
   1.8720663446180559     
   1.8715191306554404     
   1.8709733817100900     
   1.8704290919176350     
   1.8698862554502578     
   1.8693448665170933     
   1.8688049193635003     
   1.8682664082699683     
   1.8677293275531719     
   1.8671936715643191     
   1.8666594346896423     
   1.8661266113499038     
   1.8655951960000328     
   1.8650651831289318     
   1.8645365672580361     
   1.8640093429428364     
   1.8634835047722818     
   1.8629590473663380     
   1.8624359653786704     
   1.8619142534940312     
   1.8613939064293623     
   1.8608749189327689     
   1.8603572857836439     
   1.8598410017924727     
   1.8593260617994809     
   1.8588124606762084     
   1.8583001933231329     
   1.8577892546719550     
   1.8572796396825644     
   1.8567713433444428     
   1.8562643606764606     
   1.8557586867258715     
   1.8552543165683548     
   1.8547512453080610     
   1.8542494680769130     
   1.8537489800349880     
   1.8532497763693492     
   1.8527518522944224     
   1.8522552030522321     
   1.8517598239105884     
   1.8512657101649674     
   1.8507728571362652     
   1.8502812601726339     
   1.8497909146470919     
   1.8493018159584400     
   1.8488139595313540     
   1.8483273408159602     
   1.8478419552869867     
   1.8473577984443041     
   1.8468748658119969     
   1.8463931529393995     
   1.8459126553991378     
   1.8454333687884346     
   1.8449552887279579     
   1.8444784108630341     
   1.8440027310086970     
   1.8435282445794066     
   1.8430549474039088     
   1.8425828352329154     
   1.8421119038283158     
   1.8416421489726049     
   1.8411735664708617     
   1.8407061521503176     
   1.8402399018600488     
   1.8397748114710804     
   1.8393108768754416     
   1.8388480939884069     
   1.8383864587442516     
   1.8379259671001427     
   1.8374666150337076     
   1.8370083985429353     
   1.8365513136469156     
   1.8360953563861293     
   1.8356405228197135     
   1.8351868090273660     
   1.8347342111104126     
   1.8342827251877647     
   1.8338323473998983     
   1.8333830739062389     
   1.8329349008848679     
   1.8324878245344129     
   1.8320418410720833     
   1.8315969467339765     
   1.8311531377753283     
   1.8307104104700187     
   1.8302687611106994     
   1.8298281860075849     
   1.8293886814905684     
   1.8289502439065346     
   1.8285128696210367     
   1.8280765551545253     
   1.8276412966513031     
   1.8272070906354008     
   1.8267739335556306     
   1.8263418218674343     
   1.8259107520416407     
   1.8254807205665227     
   1.8250517239465882     
   1.8246237587048806     
   1.8241968213792381     
   1.8237709085255731     
   1.8233460167161362     
   1.8229221425385691     
   1.8224992825980388     
   1.8220774335156527     
   1.8216565919282377     
   1.8212367544885979     
   1.8208179178659705     
   1.8204000787444288     
   1.8199832338249651     
   1.8195673798223850     
   1.8191525134683906     
   1.8187386315099217     
   1.8183257307076945     
   1.8179138078393979     
   1.8175028596964804     
   1.8170928830854605     
   1.8166838748284959     
   1.8162758317614243     
   1.8158687507349272     
   1.8154626286147286     
   1.8150574622806508     
   1.8146532486262685     
   1.8142499845603168     
   1.8138476670049202     
   1.8134462928966166     
   1.8130458591859333     
   1.8126463628370746     
   1.8122478008275165     
   1.8118501701494474     
   1.8114534678077379     
   1.8110576908211768     
   1.8106628362219821     
   1.8102689010552939     
   1.8098758823799295     
   1.8094837772674675     
   1.8090925828026376     
   1.8087022960834389     
   1.8083129142203045     
   1.8079244343367662     
   1.8075368535688252     
   1.8071501691669138     
   1.8067643781016505     
   1.8063794776252953     
   1.8059954649333267     
   1.8056123372257613     
   1.8052300917134720     
   1.8048487256540873     
   1.8044682362170541     
   1.8040886206768993     
   1.8037098762957740     
   1.8033320003542250     
   1.8029549901172448     
   1.8025788428867020     
   1.8022035559693921     
   1.8018291266829465     
   1.8014555523567044     
   1.8010828303312070     
   1.8007109579582050     
   1.8003399326009624     
   1.7999697516450699     
   1.7996004124553449     
   1.7992319124371763     
   1.7988642489988869     
   1.7984974195597607     
   1.7981314215490001     
   1.7977662524073517     
   1.7974019095995670     
   1.7970383905615488     
   1.7966756927766045     
   1.7963138137293053     
   1.7959527509129727     
   1.7955925018319590     
   1.7952330640004450     
   1.7948744349434027     
   1.7945166121957745     
   1.7941595933029177     
   1.7938033758198160     
   1.7934479573125000     
   1.7930933353558178     
   1.7927395075357246     
   1.7923864714474134     
   1.7920342246958787     
   1.7916827648965186     
   1.7913320896740188     
   1.7909821966627093     
   1.7906330835069679     
   1.7902847478601356     
   1.7899371873855405     
   1.7895903997653182     
   1.7892443826636266     
   1.7888991337794948     
   1.7885546508143553     
   1.7882109314783519     
   1.7878679734908622     
   1.7875257745802573     
   1.7871843324837238     
   1.7868436449481568     
   1.7865037097289660     
   1.7861645245906503     
   1.7858260873065133     
   1.7854883956589793     
   1.7851514474389296     
   1.7848152404462254     
   1.7844797725046966     
   1.7841450414026652     
   1.7838110449779023     
   1.7834777810666191     
   1.7831452475114264     
   1.7828134421637127     
   1.7824823628835258     
   1.7821520075387725     
   1.7818223740062182     
   1.7814934601705477     
   1.7811652639248921     
   1.7808377831705908     
   1.7805110158169484     
   1.7801849597818635     
   1.7798596129906654     
   1.7795349733771317     
   1.7792110388829865     
   1.7788878074576848     
   1.7785652770590912     
   1.7782434456523684     
   1.7779223112107116     
   1.7776018717283963     
   1.7772821251690851     
   1.7769630695400696     
   1.7766447028463759     
   1.7763270230999855     
   1.7760100283200664     
   1.7756937165335220     
   1.7753780857749579     
   1.7750631340860696     
   1.7747488595160821     
   1.7744352601217359     
   1.7741223339671417     
   1.7738100791235147     
   1.7734984936694393     
   1.7731875756907471     
   1.7728773232808188     
   1.7725677345396686     
   1.7722588075748009     
   1.7719505405004388     
   1.7716429314383044     
   1.7713359785170204     
   1.7710296798719769     
   1.7707240336456196     
   1.7704190379875742     
   1.7701146910540382     
   1.7698109910082542     
   1.7695079360201849     
   1.7692055242667042     
   1.7689037539312240     
   1.7686026232038126     
   1.7683021302917137     
   1.7680022733790959     
   1.7677030506847611     
   1.7674044604261310     
   1.7671065008265530     
   1.7668091701158373     
   1.7665124665303458     
   1.7662163883132307     
   1.7659209337133419     
   1.7656261009864302     
   1.7653318883946161     
   1.7650382942061869     
   1.7647453166957661     
   1.7644529541445886     
   1.7641612048390718     
   1.7638700670734961     
   1.7635795391468392     
   1.7632896193648562     
   1.7630003060400385     
   1.7627115974895053     
   1.7624234920377813     
   1.7621359880149952     
   1.7618490837568856     
   1.7615627776057206     
   1.7612770679095830     
   1.7609919530224294     
   1.7607074313037239     
   1.7604235011197151     
   1.7601401608417311     
   1.7598574088470302     
   1.7595752435191023     
   1.7592936632466829     
   1.7590126664243200     
   1.7587322514527191     
   1.7584524167377515     
   1.7581731606912181     
   1.7578944817303366     
   1.7576163782782614     
   1.7573388487634460     
   1.7570618916199814     
   1.7567855052875747     
   1.7565096882111877     
   1.7562344388416240     
   1.7559597556347348     
   1.7556856370521838     
   1.7554120815897618     
   1.7551390876646937     
   1.7548666537780853     
   1.7545947784152582     
   1.7543234600647424     
   1.7540526972201147     
   1.7537824883801076     
   1.7535128320486801     
   1.7532437267355523     
   1.7529751709544441     
   1.7527071632256372     
   1.7524397020737184     
   1.7521727860281415     
   1.7519064136243152     
   1.7516405834021953     
   1.7513752939068283     
   1.7511105436883720     
   1.7508463313019573     
   1.7505826553075305     
   1.7503195142704053     
   1.7500569067605307     
   1.7497948313530882     
   1.7495332866345259     
   1.7492722711762181     
   1.7490117835735985     
   1.7487518224217811     
   1.7484923863196375     
   1.7482334738716627     
   1.7479750836862096     
   1.7477172143771089     
   1.7474598645626909     
   1.7472030328655055     
   1.7469467179136664     
   1.7466909183389787     
   1.7464356327787951     
   1.7461808598747921     
   1.7459265982729075     
   1.7456728466240568     
   1.7454196035835012     
   1.7451668678113423     
   1.7449146379718545     
   1.7446629127341766     
   1.7444116907818226     
   1.7441609707730996     
   1.7439107513989698     
   1.7436610313469141     
   1.7434118093084208     
   1.7431630839789636     
   1.7429148540584705     
   1.7426671182515303     
   1.7424198752663955     
   1.7421731238165099     
   1.7419268626189566     
   1.7416810903997497     
   1.7414358058766044     
   1.7411910077831825     
   1.7409466948540699     
   1.7407028658278827     
   1.7404595194473160     
   1.7402166544594411     
   1.7399742696155134     
   1.7397323636703057     
   1.7394909353836803     
   1.7392499835191135     
   1.7390095068438212     
   1.7387695041296964     
   1.7385299741523739     
   1.7382909156917772     
   1.7380523275315847     
   1.7378142084595072     
   1.7375765572676927     
   1.7373393727513524     
   1.7371026537106788     
   1.7368663989491193     
   1.7366306072744353     
   1.7363952774978535     
   1.7361604084350535     
   1.7359259989051992     
   1.7356920477314199     
   1.7354585537407783     
   1.7352255157642449     
   1.7349929326362452     
   1.7347608031952109     
   1.7345291262835656     
   1.7342979007470094     
   1.7340671254356537     
   1.7338367992029078     
   1.7336069209071627     
   1.7333774894069871     
   1.7331485035678953     
   1.7329199622585365     
   1.7326918643507279     
   1.7324642087202178     
   1.7322369942462836     
   1.7320102198115939     
   1.7317838843029243     
   1.7315579866100042     
   1.7313325256269214     
   1.7311075002505572     
   1.7308829093819098     
   1.7306587519250776     
   1.7304350267880675     
   1.7302117328820845     
   1.7299888691220757     
   1.7297664344263730     
   1.7295444277165035     
   1.7293228479181535     
   1.7291016939594661     
   1.7288809647727976     
   1.7286606592936384     
   1.7284407764608649     
   1.7282213152167891     
   1.7280022745069961     
   1.7277836532806659     
   1.7275654504900906     
   1.7273476650906638     
   1.7271302960417432     
   1.7269133423055960     
   1.7266968028477705     
   1.7264806766392549     
   1.7262649626483313     
   1.7260496598518045     
   1.7258347672285221     
   1.7256202837607051     
   1.7254062084331485     
   1.7251925402341628     
   1.7249792781554729     
   1.7247664211915816     
   1.7245539683402715     
   1.7243419186025211     
   1.7241302709825943     
   1.7239190244879141     
   1.7237081781282824     
   1.7234977309178019     
   1.7232876818725320     
   1.7230780300125232     
   1.7228687743603219     
   1.7226599139415646     
   1.7224514477853758     
   1.7222433749234352     
   1.7220356943909556     
   1.7218284052254156     
   1.7216215064678153     
   1.7214149971621611     
   1.7212088763553239     
   1.7210031430970349     
   1.7207977964400349     
   1.7205928354401929     
   1.7203882591562036     
   1.7201840666495509     
   1.7199802569845817     
   1.7197768292290794     
   1.7195737824530346     
   1.7193711157295846     
   1.7191688281347881     
   1.7189669187476657     
   1.7187653866497872     
   1.7185642309257949     
   1.7183634506629124     
   1.7181630449516854     
   1.7179630128845964     
   1.7177633535576513     
   1.7175640660695415     
   1.7173651495215578     
   1.7171666030178501     
   1.7169684256648297     
   1.7167706165724468     
   1.7165731748530104     
   1.7163760996216875     
   1.7161793899957303     
   1.7159830450959861     
   1.7157870640454880     
   1.7155914459696953     
   1.7153961899975914     
   1.7152012952600926     
   1.7150067608908031     
   1.7148125860264112     
   1.7146187698056001     
   1.7144253113704724     
   1.7142322098650107     
   1.7140394644360015     
   1.7138470742330350     
   1.7136550384082869     
   1.7134633561160739     
   1.7132720265138512     
   1.7130810487612160     
   1.7128904220201264     
   1.7127001454558244     
   1.7125102182353322     
   1.7123206395286890     
   1.7121314085082395     
   1.7119425243485826     
   1.7117539862271398     
   1.7115657933237478     
   1.7113779448206670     
   1.7111904399022371     
   1.7110032777562416     
   1.7108164575720597     
   1.7106299785416255     
   1.7104438398595088     
   1.7102580407226959     
   1.7100725803302752     
   1.7098874578839054     
   1.7097026725877480     
   1.7095182236482651     
   1.7093341102742257     
   1.7091503316769601     
   1.7089668870696688     
   1.7087837756684139     
   1.7086009966916960     
   1.7084185493597137     
   1.7082364328953221     
   1.7080546465239970     
   1.7078731894726773     
   1.7076920609717077     
   1.7075112602529894     
   1.7073307865506533     
   1.7071506391013567     
   1.7069708171439899     
   1.7067913199198652     
   1.7066121466721584     
   1.7064332966466549     
   1.7062547690903505     
   1.7060765632545083     
   1.7058986783907919     
   1.7057211137537793     
   1.7055438686000186     
   1.7053669421884636     
   1.7051903337800260     
   1.7050140426380407     
   1.7048380680279074     
   1.7046624092169649     
   1.7044870654749884     
   1.7043120360738993     
   1.7041373202876202     
   1.7039629173920792     
   1.7037888266656473     
   1.7036150473885749     
   1.7034415788433992     
   1.7032684203143453     
   1.7030955710883124     
   1.7029230304537109     
   1.7027507977017284     
   1.7025788721246720     
   1.7024072530177425     
   1.7022359396778097     
   1.7020649314036536     
   1.7018942274969122     
   1.7017238272602293     
   1.7015537299985501     
   1.7013839350191176     
   1.7012144416310997     
   1.7010452491452825     
   1.7008763568753484     
   1.7007077641360380     
   1.7005394702443772     
   1.7003714745194944     
   1.7002037762822979     
   1.7000363748559733     
   1.6998692695651141     
   1.6997024597370445     
   1.6995359447001364     
   1.6993697237853733     
   1.6992037963255426     
   1.6990381616547712     
   1.6988728191099711     
   1.6987077680297384     
   1.6985430077537156     
   1.6983785376244802     
   1.6982143569861528     
   1.6980504651846868     
   1.6978868615677836     
   1.6977235454853710     
   1.6975605162887106     
   1.6973977733314174     
   1.6972353159689249     
   1.6970731435577879     
   1.6969112554575370     
   1.6967496510287399     
   1.6965883296336197     
   1.6964272906370810     
   1.6962665334051343     
   1.6961060573055522     
   1.6959458617086109     
   1.6957859459854574     
   1.6956263095098960     
   1.6954669516567813     
   1.6953078718032264     
   1.6951490693276128     
   1.6949905436104824     
   1.6948322940344063     
   1.6946743199828729     
   1.6945166208419511     
   1.6943591959988824     
   1.6942020448427717     
   1.6940451667645318     
   1.6938885611569057     
   1.6937322274140445     
   1.6935761649319652     
   1.6934203731084672     
   1.6932648513427910     
   1.6931095990362273     
   1.6929546155913160     
   1.6927999004127037     
   1.6926454529064032     
   1.6924912724804004     
   1.6923373585436987     
   1.6921837105077890     
   1.6920303277852351     
   1.6918772097905952     
   1.6917243559397688     
   1.6915717656505149     
   1.6914194383417167     
   1.6912673734347770     
   1.6911155703520231     
   1.6909640285173817     
   1.6908127473568113     
   1.6906617262975392     
   1.6905109647685099     
   1.6903604622002291     
   1.6902102180247063     
   1.6900602316756759     
   1.6899105025883707     
   1.6897610301993584     
   1.6896118139473060     
   1.6894628532719609     
   1.6893141476149600     
   1.6891656964189874     
   1.6890174991286357     
   1.6888695551902486     
   1.6887218640512234     
   1.6885744251607266     
   1.6884272379694079     
   1.6882803019293566     
   1.6881336164944372     
   1.6879871811194942     
   1.6878409952616042     
   1.6876950583784998     
   1.6875493699301325     
   1.6874039293773846     
   1.6872587361831475     
   1.6871137898112747     
   1.6869690897274534     
   1.6868246353987280     
   1.6866804262932131     
   1.6865364618813001     
   1.6863927416339766     
   1.6862492650244498     
   1.6861060315265763     
   1.6859630406162556     
   1.6858202917706688     
   1.6856777844681965     
   1.6855355181888019     
   1.6853934924139453     
   1.6852517066264141     
   1.6851101603101941     
   1.6849688529512956     
   1.6848277840362638     
   1.6846869530537316     
   1.6845463594934371     
   1.6844060028463999     
   1.6842658826053212     
   1.6841259982638821     
   1.6839863493174703     
   1.6838469352628598     
   1.6837077555979021     
   1.6835688098219033     
   1.6834300974354490     
   1.6832916179409863     
   1.6831533708416417     
   1.6830153556418810     
   1.6828775718480251     
   1.6827400189675852     
   1.6826026965089094     
   1.6824656039823840     
   1.6823287408991177     
   1.6821921067719110     
   1.6820557011144583     
   1.6819195234423183     
   1.6817835732719442     
   1.6816478501208487     
   1.6815123535087582     
   1.6813770829558508     
   1.6812420379835746     
   1.6811072181154061     
   1.6809726228751016     
   1.6808382517884617     
   1.6807041043821105     
   1.6805701801844810     
   1.6804364787244668     
   1.6803029995327721     
   1.6801697421410631     
   1.6800367060823851     
   1.6799038908913551     
   1.6797712961031526     
   1.6796389212547242     
   1.6795067658836942     
   1.6793748295297433     
   1.6792431117330651     
   1.6791116120353347     
   1.6789803299791934     
   1.6788492651090277     
   1.6787184169699092     
   1.6785877851084292     
   1.6784573690719002     
   1.6783271684097254     
   1.6781971826713569     
   1.6780674114083447     
   1.6779378541730094     
   1.6778085105190061     
   1.6776793800008893     
   1.6775504621748605     
   1.6774217565978147     
   1.6772932628278967     
   1.6771649804247792     
   1.6770369089487318     
   1.6769090479616400     
   1.6767813970262397     
   1.6766539557067583     
   1.6765267235681687     
   1.6763997001767537     
   1.6762728850997144     
   1.6761462779060448     
   1.6760198781647866     
   1.6758936854472846     
   1.6757676993251449     
   1.6756419193714132     
   1.6755163451602104     
   1.6753909762668162     
   1.6752658122673232     
   1.6751408527395686     
   1.6750160972616379     
   1.6748915454134008     
   1.6747671967754878     
   1.6746430509296102     
   1.6745191074589092     
   1.6743953659470203     
   1.6742718259791383     
   1.6741484871412706     
   1.6740253490206103     
   1.6739024112053174     
   1.6737796732848291     
   1.6736571348494940     
   1.6735347954905202     
   1.6734126548005541     
   1.6732907123728364     
   1.6731689678022823     
   1.6730474206843235     
   1.6729260706154543     
   1.6728049171935107     
   1.6726839600170293     
   1.6725631986858636     
   1.6724426328005131     
   1.6723222619632148     
   1.6722020857761959     
   1.6720821038436191     
   1.6719623157701673     
   1.6718427211616731     
   1.6717233196252475     
   1.6716041107679964     
   1.6714850941994601     
   1.6713662695292524     
   1.6712476363682960     
   1.6711291943280533     
   1.6710109430214790     
   1.6708928820623534     
   1.6707750110654405     
   1.6706573296464509     
   1.6705398374221805     
   1.6704225340102978     
   1.6703054190293276     
   1.6701884920989671     
   1.6700717528399871     
   1.6699552008737597     
   1.6698388358224949     
   1.6697226573098172     
   1.6696066649605976     
   1.6694908583996075     
   1.6693752372532840     
   1.6692598011487516     
   1.6691445497145605     
   1.6690294825792615     
   1.6689145993733749     
   1.6687998997276305     
   1.6686853832739457     
   1.6685710496452708     
   1.6684568984750292     
   1.6683429293981615     
   1.6682291420501820     
   1.6681155360674362     
   1.6680021110875134     
   1.6678888667486029     
   1.6677758026899496     
   1.6676629185514817     
   1.6675502139744149     
   1.6674376886006637     
   1.6673253420727763     
   1.6672131740347715     
   1.6671011841308827     
   1.6669893720067606     
   1.6668777373088217     
   1.6667662796839635     
   1.6666549987804529     
   1.6665438942473656     
   1.6664329657344470     
   1.6663222128923882     
   1.6662116353726903     
   1.6661012328278377     
   1.6659910049111888     
   1.6658809512769019     
   1.6657710715798490     
   1.6656613654760279     
   1.6655518326219874     
   1.6654424726754187     
   1.6653332852945968     
   1.6652242701389577     
   1.6651154268683119     
   1.6650067551440384     
   1.6648982546272322     
   1.6647899249809688     
   1.6646817658684385     
   1.6645737769540720     
   1.6644659579026626     
   1.6643583083804638     
   1.6642508280538235     
   1.6641435165905036     
   1.6640363736587680     
   1.6639293989274961     
   1.6638225920671557     
   1.6637159527480923     
   1.6636094806421584     
   1.6635031754213720     
   1.6633970367594153     
   1.6632910643296390     
   1.6631852578071376     
   1.6630796168677258     
   1.6629741411872854     
   1.6628688304432238     
   1.6627636843132239     
   1.6626587024762169     
   1.6625538846115384     
   1.6624492303995104     
   1.6623447395210285     
   1.6622404116582437     
   1.6621362464932941     
   1.6620322437098314     
   1.6619284029916888     
   1.6618247240241302     
   1.6617212064926148     
   1.6616178500832710     
   1.6615146544834398     
   1.6614116193813713     
   1.6613087444652428     
   1.6612060294245956     
   1.6611034739496833     
   1.6610010777314763     
   1.6608988404612257     
   1.6607967618318413     
   1.6606948415360709     
   1.6605930792680494     
   1.6604914747221053     
   1.6603900275938308     
   1.6602887375790585     
   1.6601876043747081     
   1.6600866276781683     
   1.6599858071879579     
   1.6598851426028334     
   1.6597846336224920     
   1.6596842799474412     
   1.6595840812784872     
   1.6594840373177449     
   1.6593841477675646     
   1.6592844123315131     
   1.6591848307133517     
   1.6590854026176574     
   1.6589861277498086     
   1.6588870058158043     
   1.6587880365227143     
   1.6586892195776615     
   1.6585905546889830     
   1.6584920415655124     
   1.6583936799166974     
   1.6582954694526868     
   1.6581974098846051     
   1.6580995009239381     
   1.6580017422828910     
   1.6579041336744302     
   1.6578066748123759     
   1.6577093654107615     
   1.6576122051848761     
   1.6575151938500561     
   1.6574183311228867     
   1.6573216167200719     
   1.6572250503595278     
   1.6571286317594922     
   1.6570323606389621     
   1.6569362367173770     
   1.6568402597154948     
   1.6567444293539102     
   1.6566487453543242     
   1.6565532074388758     
   1.6564578153306877     
   1.6563625687534917     
   1.6562674674309448     
   1.6561725110884320     
   1.6560776994512403     
   1.6559830322453026     
   1.6558885091977897     
   1.6557941300358723     
   1.6556998944876469     
   1.6556058022820486     
   1.6555118531480282     
   1.6554180468157518     
   1.6553243830156539     
   1.6552308614791789     
   1.6551374819378457     
   1.6550442441243327     
   1.6549511477715568     
   1.6548581926133072     
   1.6547653783840903     
   1.6546727048185386     
   1.6545801716522555     
   1.6544877786214292     
   1.6543955254629072     
   1.6543034119138760     
   1.6542114377125248     
   1.6541196025972258     
   1.6540279063074006     
   1.6539363485827077     
   1.6538449291634598     
   1.6537536477906145     
   1.6536625042061734     
   1.6535714981516878     
   1.6534806293704447     
   1.6533898976054746     
   1.6532993026009908     
   1.6532088441014006     
   1.6531185218517386     
   1.6530283355978450     
   1.6529382850861454     
   1.6528483700632823     
   1.6527585902767634     
   1.6526689454746719     
   1.6525794354054377     
   1.6524900598186472     
   1.6524008184636829     
   1.6523117110909324     
   1.6522227374515166     
   1.6521338972965851     
   1.6520451903784592     
   1.6519566164496589     
   1.6518681752631625     
   1.6517798665729502     
   1.6516916901330561     
   1.6516036456985426     
   1.6515157330246928     
   1.6514279518674571     
   1.6513403019835171     
   1.6512527831296206     
   1.6511653950636356     
   1.6510781375436099     
   1.6509910103281955     
   1.6509040131767905     
   1.6508171458491883     
   1.6507304081055203     
   1.6506437997068417     
   1.6505573204146053     
   1.6504709699907794     
   1.6503847481976672     
   1.6502986547984670     
   1.6502126895567231     
   1.6501268522363495     
   1.6500411426024195     
   1.6499555604197067     
   1.6498701054540355     
   1.6497847774714622     
   1.6496995762390332     
   1.6496145015236543     
   1.6495295530934029     
   1.6494447307164621     
   1.6493600341615504     
   1.6492754631982431     
   1.6491910175962277     
   1.6491066971257509     
   1.6490225015580693     
   1.6489384306642536     
   1.6488544842163335     
   1.6487706619867353     
   1.6486869637483637     
   1.6486033892747656     
   1.6485199383395506     
   1.6484366107174917     
   1.6483534061834211     
   1.6482703245126862     
   1.6481873654813315     
   1.6481045288656937     
   1.6480218144427592     
   1.6479392219902180     
   1.6478567512855247     
   1.6477744021073584     
   1.6476921742347683     
   1.6476100674467455     
   1.6475280815233961     
   1.6474462162448997     
   1.6473644713925844     
   1.6472828467474785     
   1.6472013420913463     
   1.6471199572065374     
   1.6470386918759525     
   1.6469575458827592     
   1.6468765190106673     
   1.6467956110440471     
   1.6467148217673306     
   1.6466341509659099     
   1.6465535984253228     
   1.6464731639317480     
   1.6463928472718132     
   1.6463126482323323     
   1.6462325666009530     
   1.6461526021658164     
   1.6460727547150202     
   1.6459930240379193     
   1.6459134099234374     
   1.6458339121617096     
   1.6457545305428591     
   1.6456752648584185     
   1.6455961148981506     
   1.6455170804545105     
   1.6454381613195941     
   1.6453593572858092     
   1.6452806681464438     
   1.6452020936945881     
   1.6451236337245698     
   1.6450452880305435     
   1.6449670564075105     
   1.6448889386504184     
   1.6448109345552255     
   1.6447330439180921     
   1.6446552665354799     
   1.6445776022044778     
   1.6445000507226650     
   1.6444226118877927     
   1.6443452854983944     
   1.6442680713529987     
   1.6441909692510941     
   1.6441139789923744     
   1.6440371003767480     
   1.6439603332047834     
   1.6438836772774332     
   1.6438071323960617     
   1.6437306983624858     
   1.6436543749791259     
   1.6435781620483960     
   1.6435020593734919     
   1.6434260667580323     
   1.6433501840059528     
   1.6432744109213073     
   1.6431987473091685     
   1.6431231929746619     
   1.6430477477233825     
   1.6429724113615591     
   1.6428971836952504     
   1.6428220645316671     
   1.6427470536778870     
   1.6426721509417657     
   1.6425973561312768     
   1.6425226690549353     
   1.6424480895218145     
   1.6423736173411712     
   1.6422992523226558     
   1.6422249942765552     
   1.6421508430131297     
   1.6420767983437274     
   1.6420028600795777     
   1.6419290280322809     
   1.6418553020140376     
   1.6417816818375428     
   1.6417081673157206     
   1.6416347582618738     
   1.6415614544897363     
   1.6414882558135340     
   1.6414151620477713     
   1.6413421730073332     
   1.6412692885077049     
   1.6411965083643072     
   1.6411238323936457     
   1.6410512604119023     
   1.6409787922359182     
   1.6409064276833414     
   1.6408341665714903     
   1.6407620087186900     
   1.6406899539431452     
   1.6406180020636285     
   1.6405461528994951     
   1.6404744062704117     
   1.6404027619960244     
   1.6403312198969093     
   1.6402597797938028     
   1.6401884415074965     
   1.6401172048598347     
   1.6400460696723866     
   1.6399750357676546     
   1.6399041029678381     
   1.6398332710962227     
   1.6397625399760647     
   1.6396919094308902     
   1.6396213792850103     
   1.6395509493628240     
   1.6394806194890290     
   1.6394103894889767     
   1.6393402591880222     
   1.6392702284121445     
   1.6392002969876227     
   1.6391304647411702     
   1.6390607314996131     
   1.6389910970903485     
   1.6389215613412111     
   1.6388521240802894     
   1.6387827851357533     
   1.6387135443367151     
   1.6386444015120698     
   1.6385753564915608     
   1.6385064091050010     
   1.6384375591822740     
   1.6383688065544131     
   1.6383001510518354     
   1.6382315925062667     
   1.6381631307491156     
   1.6380947656123661     
   1.6380264969283214     
   1.6379583245295579     
   1.6378902482491715     
   1.6378222679207228     
   1.6377543833775317     
   1.6376865944537213     
   1.6376189009838726     
   1.6375513028026618     
   1.6374837997450700     
   1.6374163916463917     
   1.6373490783427189     
   1.6372818596698537     
   1.6372147354641360     
   1.6371477055625634     
   1.6370807698021932     
   1.6370139280204270     
   1.6369471800548689     
   1.6368805257438672     
   1.6368139649257709     
   1.6367474974391996     
   1.6366811231233274     
   1.6366148418176432     
   1.6365486533619868     
   1.6364825575962179     
   1.6364165543607929     
   1.6363506434965225     
   1.6362848248443420     
   1.6362190982459364     
   1.6361534635425889     
   1.6360879205766807     
   1.6360224691903096     
   1.6359571092263578     
   1.6358918405278304     
   1.6358266629377578     
   1.6357615763000994     
   1.6356965804584696     
   1.6356316752576441     
   1.6355668605417468     
   1.6355021361558795     
   1.6354375019451399     
   1.6353729577553862     
   1.6353085034322004     
   1.6352441388218568     
   1.6351798637707275     
   1.6351156781255560     
   1.6350515817335733     
   1.6349875744421178     
   1.6349236560989500     
   1.6348598265520202     
   1.6347960856497543     
   1.6347324332407427     
   1.6346688691739155     
   1.6346053932985485     
   1.6345420054642588     
   1.6344787055207439     
   1.6344154933183197     
   1.6343523687075521     
   1.6342893315387796     
   1.6342263816633940     
   1.6341635189327801     
   1.6341007431984682     
   1.6340380543125206     
   1.6339754521271175     
   1.6339129364948302     
   1.6338505072685860     
   1.6337881643015180     
   1.6337259074469896     
   1.6336637365586846     
   1.6336016514908216     
   1.6335396520978005     
   1.6334777382340546     
   1.6334159097544607     
   1.6333541665142606     
   1.6332925083689041     
   1.6332309351743293     
   1.6331694467866509     
   1.6331080430619278     
   1.6330467238569797     
   1.6329854890286730     
   1.6329243384344088     
   1.6328632719313236     
   1.6328022893774827     
   1.6327413906309518     
   1.6326805755499270     
   1.6326198439931983     
   1.6325591958196231     
   1.6324986308882363     
   1.6324381490588045     
   1.6323777501908365     
   1.6323174341445124     
   1.6322572007799798     
   1.6321970499579943     
   1.6321369815393549     
   1.6320769953852454     
   1.6320170913570613     
   1.6319572693163078     
   1.6318975291252706     
   1.6318378706460452     
   1.6317782937410832     
   1.6317187982731622     
   1.6316593841053377     
   1.6316000511008957     
   1.6315407991236608     
   1.6314816280373752     
   1.6314225377059723     
   1.6313635279941163     
   1.6313045987664383     
   1.6312457498877939     
   1.6311869812233173     
   1.6311282926386097     
   1.6310696839994494     
   1.6310111551715660     
   1.6309527060214297     
   1.6308943364156194     
   1.6308360462206188     
   1.6307778353037874     
   1.6307197035324394     
   1.6306616507738372     
   1.6306036768960697     
   1.6305457817672346     
   1.6304879652554916     
   1.6304302272294990     
   1.6303725675582463     
   1.6303149861106809     
   1.6302574827562688     
   1.6302000573647779     
   1.6301427098058863     
   1.6300854399496330     
   1.6300282476667280     
   1.6299711328276403     
   1.6299140953031628     
   1.6298571349647901     
   1.6298002516834711     
   1.6297434453312860     
   1.6296867157798136     
   1.6296300629013163     
   1.6295734865683946     
   1.6295169866533028     
   1.6294605630292431     
   1.6294042155692490     
   1.6293479441466376     
   1.6292917486351939     
   1.6292356289088312     
   1.6291795848414499     
   1.6291236163076539     
   1.6290677231820285     
   1.6290119053390852     
   1.6289561626543396     
   1.6289004950030082     
   1.6288449022606686     
   1.6287893843032268     
   1.6287339410065385     
   1.6286785722471169     
   1.6286232779012730     
   1.6285680578459967     
   1.6285129119582695     
   1.6284578401153718     
   1.6284028421946366     
   1.6283479180740035     
   1.6282930676313891     
   1.6282382907448858     
   1.6281835872930095     
   1.6281289571544302     
   1.6280744002080032     
   1.6280199163329916     
   1.6279655054086462     
   1.6279111673145021     
   1.6278569019306675     
   1.6278027091370273     
   1.6277485888136001     
   1.6276945408414549     
   1.6276405651009578     
   1.6275866614733896     
   1.6275328298396972     
   1.6274790700815378     
   1.6274253820802760     
   1.6273717657181561     
   1.6273182208770098     
   1.6272647474392867     
   1.6272113452875943     
   1.6271580143047171     
   1.6271047543737598     
   1.6270515653777990     
   1.6269984472003562     
   1.6269453997250807     
   1.6268924228359174     
   1.6268395164171445     
   1.6267866803528448     
   1.6267339145278898     
   1.6266812188268578     
   1.6266285931345736     
   1.6265760373367621     
   1.6265235513186196     
   1.6264711349657364     
   1.6264187881640657     
   1.6263665107997676     
   1.6263143027590929     
   1.6262621639285311     
   1.6262100941949624     
   1.6261580934452116     
   1.6261061615667041     
   1.6260542984466169     
   1.6260025039725241     
   1.6259507780323859     
   1.6258991205140734     
   1.6258475313060767     
   1.6257960102965798     
   1.6257445573744349     
   1.6256931724284704     
   1.6256418553477288     
   1.6255906060216840     
   1.6255394243395582     
   1.6254883101912496     
   1.6254372634666379     
   1.6253862840556463     
   1.6253353718491259     
   1.6252845267373401     
   1.6252337486108674     
   1.6251830373609266     
   1.6251323928785355     
   1.6250818150551980     
   1.6250313037822828     
   1.6249808589516073     
   1.6249304804553184     
   1.6248801681856633     
   1.6248299220345868     
   1.6247797418950736     
   1.6247296276598926     
   1.6246795792218998     
   1.6246295964742150     
   1.6245796793103839     
   1.6245298276241642     
   1.6244800413089728     
   1.6244303202588686     
   1.6243806643684795     
   1.6243310735315408     
   1.6242815476430832     
   1.6242320865977755     
   1.6241826902906991     
   1.6241333586166655     
   1.6240840914714243     
   1.6240348887504577     
   1.6239857503495398     
   1.6239366761643634     
   1.6238876660914359     
   1.6238387200269113     
   1.6237898378674436     
   1.6237410195096402     
   1.6236922648504570     
   1.6236435737870309     
   1.6235949462167729     
   1.6235463820370084     
   1.6234978811454499     
   1.6234494434400562     
   1.6234010688188816     
   1.6233527571802555     
   1.6233045084225080     
   1.6232563224443284     
   1.6232081991444951     
   1.6231601384220633     
   1.6231121401761583     
   1.6230642043062884     
   1.6230163307119698     
   1.6229685192928471     
   1.6229207699489474     
   1.6228730825806377     
   1.6228254570880425     
   1.6227778933715920     
   1.6227303913318480     
   1.6226829508702498     
   1.6226355718870571     
   1.6225882542841641     
   1.6225409979625764     
   1.6224938028241471     
   1.6224466687705803     
   1.6223995957037409     
   1.6223525835258565     
   1.6223056321392884     
   1.6222587414465302     
   1.6222119113501101     
   1.6221651417532545     
   1.6221184325585847     
   1.6220717836694296     
   1.6220251949894093     
   1.6219786664218525     
   1.6219321978707351     
   1.6218857892397742     
   1.6218394404330192     
   1.6217931513552333     
   1.6217469219103935     
   1.6217007520033211     
   1.6216546415387820     
   1.6216085904216455     
   1.6215625985573348     
   1.6215166658510092     
   1.6214707922081819     
   1.6214249775346434     
   1.6213792217360641     
   1.6213335247186891     
   1.6212878863885467     
   1.6212423066520203     
   1.6211967854157388     
   1.6211513225862642     
   1.6211059180706275     
   1.6210605717758979     
   1.6210152836092377     
   1.6209700534779934     
   1.6209248812897477     
   1.6208797669520789     
   1.6208347103732901     
   1.6207897114610064     
   1.6207447701238304     
   1.6206998862699520     
   1.6206550598079434     
   1.6206102906466546     
   1.6205655786947994     
   1.6205209238615883     
   1.6204763260563020     
   1.6204317851880827     
   1.6203873011666923     
   1.6203428739019778     
   1.6202985033035779     
   1.6202541892815823     
   1.6202099317461653     
   1.6201657306081538     
   1.6201215857775200     
   1.6200774971653154     
   1.6200334646821464     
   1.6199894882393013     
   1.6199455677477466     
   1.6199017031189691     
   1.6198578942646773     
   1.6198141410960152     
   1.6197704435251019     
   1.6197268014641837     
   1.6196832148250455     
   1.6196396835202145     
   1.6195962074618566     
   1.6195527865629418     
   1.6195094207360385     
   1.6194661098943572     
   1.6194228539507385     
   1.6193796528184503     
   1.6193365064108933     
   1.6192934146420490     
   1.6192503774249669     
   1.6192073946740124     
   1.6191644663029636     
   1.6191215922263120     
   1.6190787723580733     
   1.6190360066127931     
   1.6189932949053476     
   1.6189506371505269     
   1.6189080332630230     
   1.6188654831580604     
   1.6188229867511219     
   1.6187805439573402     
   1.6187381546923636     
   1.6186958188720062     
   1.6186535364119798     
   1.6186113072285240     
   1.6185691312376256     
   1.6185270083557417     
   1.6184849384993958     
   1.6184429215849072     
   1.6184009575293390     
   1.6183590462495523     
   1.6183171876626545     
   1.6182753816857176     
   1.6182336282361764     
   1.6181919272314944     
   1.6181502785896134     
   1.6181086822280848     
   1.6180671380650367     
   1.6180256460183144     
   1.6179842060063441     
   1.6179428179475794     
   1.6179014817603397     
   1.6178601973635189     
   1.6178189646759418     
   1.6177777836166636     
   1.6177366541045521     
   1.6176955760590175     
   1.6176545493994856     
   1.6176135740454987     
   1.6175726499167711     
   1.6175317769330715     
   1.6174909550145129     
   1.6174501840811539     
   1.6174094640531926     
   1.6173687948511792     
   1.6173281763954583     
   1.6172876086070120     
   1.6172470914064672     
   1.6172066247147265     
   1.6171662084532770     
   1.6171258425429373     
   1.6170855269054358     
   1.6170452614621900     
   1.6170050461347314     
   1.6169648808449650     
   1.6169247655152001     
   1.6168847000669557     
   1.6168446844226581     
   1.6168047185048646     
   1.6167648022358654     
   1.6167249355385478     
   1.6166851183354232     
   1.6166453505494918     
   1.6166056321037587     
   1.6165659629216396     
   1.6165263429261039     
   1.6164867720409992     
   1.6164472501895495     
   1.6164077772959407     
   1.6163683532835331     
   1.6163289780765178     
   1.6162896515991889     
   1.6162503737755172     
   1.6162111445302867     
   1.6161719637876875     
   1.6161328314725538     
   1.6160937475096451     
   1.6160547118238726     
   1.6160157243404876     
   1.6159767849843594     
   1.6159378936809410     
   1.6158990503558608     
   1.6158602549345513     
   1.6158215073426818     
   1.6157828075062248     
   1.6157441553512326     
   1.6157055508037235     
   1.6156669937897383     
   1.6156284842360207     
   1.6155900220687436     
   1.6155516072149374     
   1.6155132396008924     
   1.6154749191539326     
   1.6154366458006126     
   1.6153984194686801     
   1.6153602400847431     
   1.6153221075764550     
   1.6152840218716540     
   1.6152459828976258     
   1.6152079905823205     
   1.6151700448536481     
   1.6151321456395999     
   1.6150942928683620     
   1.6150564864680039     
   1.6150187263673379     
   1.6149810124952544     
   1.6149433447793426     
   1.6149057231486850     
   1.6148681475323710     
   1.6148306178594996     
   1.6147931340592190     
   1.6147556960608402     
   1.6147183037937280     
   1.6146809571872518     
   1.6146436561712467     
   1.6146064006756757     
   1.6145691906299726     
   1.6145320259644358     
   1.6144949066092615     
   1.6144578324945276     
   1.6144208035508614     
   1.6143838197085518     
