   1.0000000000000000     
   1.0000006171867744     
   1.0000006224239966     
   1.0000006271885324     
   1.0000006318638197     
   1.0000006364546712     
   1.0000006409647111     
   1.0000006453974011     
   1.0000006497564813     
   1.0000006540450503     
   1.0000006582664567     
   1.0000006624232416     
   1.0000006665184098     
   1.0000006705542859     
   1.0000006745337671     
   1.0000006784587847     
   1.0000006823316736     
   1.0000006861546391     
   1.0000006899294398     
   1.0000006936581447     
   1.0000006973425397     
   1.0000007009841743     
   1.0000007045847465     
   1.0000007081458135     
   1.0000007116686140     
   1.0000007151548431     
   1.0000007186054909     
   1.0000007220220097     
   1.0000007254054828     
   1.0000007287572281     
   1.0000007320778785     
   1.0000007353689526     
   1.0000007386311676     
   1.0000007418654895     
   1.0000007450729214     
   1.0000007482541029     
   1.0000007514099591     
   1.0000007545412171     
   1.0000007576486680     
   1.0000007607329748     
   1.0000007637949502     
   1.0000007668350708     
   1.0000007698539917     
   1.0000007728523483     
   1.0000007758307794     
   1.0000007787896397     
   1.0000007817295431     
   1.0000007846510413     
   1.0000007875546886     
   1.0000007904407382     
   1.0000007933098347     
   1.0000007961623305     
   1.0000007989986655     
   1.0000008018189770     
   1.0000008046240001     
   1.0000008074139572     
   1.0000008101892779     
   1.0000008129501019     
   1.0000008156971159     
   1.0000008184301712     
   1.0000008211500855     
   1.0000008238567111     
   1.0000008265505596     
   1.0000008292319631     
   1.0000008319010079     
   1.0000008345580702     
   1.0000008372032883     
   1.0000008398369862     
   1.0000008424593039     
   1.0000008450708451     
   1.0000008476712139     
   1.0000008502610607     
   1.0000008528405664     
   1.0000008554096511     
   1.0000008579688870     
   1.0000008605181347     
   1.0000008630577579     
   1.0000008655877750     
   1.0000008681085835     
   1.0000008706202563     
   1.0000008731228265     
   1.0000008756166190     
   1.0000008781016463     
   1.0000008805780538     
   1.0000008830461249     
   1.0000008855059441     
   1.0000008879577127     
   1.0000008904013522     
   1.0000008928370774     
   1.0000008952651942     
   1.0000008976856085     
   1.0000009000985475     
   1.0000009025039174     
   1.0000009049021392     
   1.0000009072931992     
   1.0000009096770284     
   1.0000009120539395     
   1.0000009144241275     
   1.0000009167874910     
   1.0000009191440269     
   1.0000009214942140     
   1.0029334851680152     
   1.0059203338658114     
   1.0089601412558864     
   1.0120533884594676     
   1.0152005915520494     
   1.0184022982698968     
   1.0216590876805407     
   1.0249715700058737     
   1.0283403865081651     
   1.0317662094352178     
   1.0352497420252980     
   1.0387917185660782     
   1.0423929045105327     
   1.0460540966472900     
   1.0497761233217267     
   1.0535598447100327     
   1.0574061531448460     
   1.0613159734911957     
   1.0652902635715717     
   1.0693300146414526     
   1.0734362519153344     
   1.0776100351410189     
   1.0818524592243661     
   1.0861646549046460     
   1.0905477894792144     
   1.0950030675803373     
   1.0995317320033968     
   1.1041350645873540     
   1.1088143871492799     
   1.1135710624751960     
   1.1184064953618666     
   1.1233221337218948     
   1.1283194697437315     
   1.1334000411143115     
   1.1385654323033854     
   1.1438172759104248     
   1.1491572540843209     
   1.1545871000025276     
   1.1601085994292160     
   1.1657235923454805     
   1.1714339746550289     
   1.1772416999721385     
   1.1831487814899793     
   1.1891572939386252     
   1.1952693756328814     
   1.2014872306135047     
   1.2078131308879494     
   1.2142494187751693     
   1.2207985093570797     
   1.2274628930407112     
   1.2342451382461483     
   1.2411478942107692     
   1.2481738939273577     
   1.2553259572193227     
   1.2626069939546645     
   1.2700200074163619     
   1.2775680978300346     
   1.2852544660549152     
   1.2930824174525140     
   1.3010553659377846     
   1.3091768382283362     
   1.3174504782968515     
   1.3258800520265086     
   1.3344694521244025     
   1.3432227032430912     
   1.3521439673768827     
   1.3612375495042635     
   1.3705079035439443     
   1.3799596385824655     
   1.3895975254311055     
   1.3994265035128215     
   1.4094516881071717     
   1.4196783779666893     
   1.4301120633335924     
   1.4407584343754456     
   1.4516233900728519     
   1.4627130475644639     
   1.4740337520260192     
   1.4855920870551422     
   1.4973948856369810     
   1.5094492417167109     
   1.5217625223965943     
   1.5343423808497103     
   1.5471967699260816     
   1.5603339565630452     
   1.5737625369970889     
   1.5874914528827440     
   1.6015300083391402     
   1.6158878879959850     
   1.6305751761221385     
   1.6456023769188002     
   1.6609804359901088     
   1.6767207631817542     
   1.6928352567964708     
   1.7093363293266643     
   1.7262369348011060     
   1.7435505978664854     
   1.7612914447227168     
   1.7794742361040097     
   1.7981144023220386     
   1.8041859947208978     
   1.8100420631994372     
   1.8158592581839565     
   1.8216447007368064     
   1.8274004464273701     
   1.8331280121857543     
   1.8388287712092111     
   1.8445040165233719     
   1.8501549750770316     
   1.8557828132108365     
   1.8613886404738480     
   1.8669735128953635     
   1.8725384360524142     
   1.8780843679284831     
   1.8836122216103117     
   1.8891228677951857     
   1.8946171371550882     
   1.9000958225599573     
   1.9055596811617730     
   1.9110094363454284     
   1.9164457795778207     
   1.9218693721308673     
   1.9272808466680533     
   1.9326808089275951     
   1.9380698389041484     
   1.9434484923738227     
   1.9488173020989572     
   1.9541767792336060     
   1.9595274139034642     
   1.9648696769358345     
   1.9702040204101980     
   1.9755308787557269     
   1.9808506696341570     
   1.9861637946949389     
   1.9914706403849378     
   1.9967715789386269     
   2.0020669685842893     
   2.0073571546254003     
   2.0126424698996632     
   2.0179232353832846     
   2.0231997607506340     
   2.0284723448977489     
   2.0337412764415186     
   2.0390068341869001     
   2.0442692875734956     
   2.0495288970939280     
   2.0547859146924532     
   2.0600405841371847     
   2.0652931413903328     
   2.0705438149342696     
   2.0757928260836138     
   2.0810403893080180     
   2.0862867125220519     
   2.0915319973407773     
   2.0967764393514647     
   2.1020202283587901     
   2.1072635486192697     
   2.1125065790632620     
   2.1177494935098493     
   2.1229924608655617     
   2.1282356453205256     
   2.1334792065268036     
   2.1387232997763594     
   2.1439680761669537     
   2.1492136827574764     
   2.1544602627229725     
   2.1597079554965273     
   2.1649568969127797     
   2.1702072193746620     
   2.1754590518224539     
   2.1807125200331878     
   2.1859677467172247     
   2.1912248515426471     
   2.1964839512830752     
   2.2017451599173583     
   2.2070085887244626     
   2.2122743463761876     
   2.2175425390249517     
   2.2228132703888814     
   2.2280866418338552     
   2.2333627524518196     
   2.2386416991326197     
   2.2439235766400096     
   2.2492084776789958     
   2.2544964929617533     
   2.2597877112721734     
   2.2650822195271978     
   2.2703801028355843     
   2.2756814445547069     
   2.2809863263465857     
   2.2862948282284181     
   2.2916070286248096     
   2.2969230044146709     
   2.3022428309822187     
   2.3075665822591298     
   2.3128943307667487     
   2.3182261476644239     
   2.3235621027839621     
   2.3289022646725033     
   2.3342467006293650     
   2.3395954767424243     
   2.3449486579246703     
   2.3503063079468074     
   2.3556684894720155     
   2.3610352640866821     
   2.3664066923318301     
   2.3717828337317370     
   2.3771637468262896     
   2.3825494891940289     
   2.3879401174824886     
   2.3933356874351932     
   2.3987362539135235     
   2.4041418709240370     
   2.4095525916406584     
   2.4149684684293424     
   2.4203895528694765     
   2.4258158957743263     
   2.4312475472140100     
   2.4366845565352544     
   2.4421269723782451     
   2.4475748427010768     
   2.4530282147950615     
   2.4584871353017328     
   2.4639516502307197     
   2.4694218049800458     
   2.4748976443478461     
   2.4803792125516018     
   2.4858665532408528     
   2.4913597095145996     
   2.4968587239341709     
   2.5023636385399159     
   2.5078744948604568     
   2.5133913339303970     
   2.5189141963014476     
   2.5244431220534467     
   2.5299781508104511     
   2.5355193217488843     
   2.5410666736104619     
   2.5466202447154482     
   2.5521800729689068     
   2.5577461958757199     
   2.5633186505483176     
   2.5688974737178767     
   2.5744827017451337     
   2.5800743706249629     
   2.5856725160033602     
   2.5912771731783182     
   2.5968883771151789     
   2.6025061624509442     
   2.6081305635040408     
   2.6137616142821072     
   2.6193993484904547     
   2.6250437995387719     
   2.6306950005488123     
   2.6363529843619427     
   2.6420177835451719     
   2.6476894304001473     
   2.6533679569662643     
   2.6590533950316280     
   2.6647457761350370     
   2.6704451315749909     
   2.6761514924146437     
   2.6818648894879416     
   2.6875853534043372     
   2.6933129145573731     
   2.6990476031285975     
   2.7047894490937368     
   2.7105384821522067     
   2.7162947319819266     
   2.7220582279143697     
   2.7278289991396263     
   2.7336070746662235     
   2.7393924833232983     
   2.7451852537652579     
   2.7509854144761392     
   2.7567929937742193     
   2.7626080198157692     
   2.7684305206001496     
   2.7742605239710132     
   2.7800980576228338     
   2.7859431491028852     
   2.7917958258162150     
   2.7976561150268582     
   2.8035240438639284     
   2.8093996393246075     
   2.8152829282755762     
   2.8211739374611868     
   2.8270726934987698     
   2.8329792228874942     
   2.8388935519818514     
   2.8448157071083360     
   2.8507457143793635     
   2.8566835997998967     
   2.8626293893975889     
   2.8685831089680094     
   2.8745447842788208     
   2.8805144408754835     
   2.8864921042590757     
   2.8924778000546620     
   2.8984715535494590     
   2.9044733899712551     
   2.9104833345903471     
   2.9165014124011375     
   2.9225276483136202     
   2.9285620676183632     
   2.9346046948582911     
   2.9406555548942781     
   2.9467146724373694     
   2.9527820720392528     
   2.9588577784075509     
   2.9649418159709651     
   2.9710342091488449     
   2.9771349823019997     
   2.9832441597255244     
   2.9893617656519087     
   2.9954878242548690     
   3.0016223596497422     
   3.0077653958917554     
   3.0139169569836644     
   3.0200770668716292     
   3.0262457494520674     
   3.0324230285666980     
   3.0386089280088178     
   3.0448034715238803     
   3.0510066828099651     
   3.0572185855192116     
   3.0634392032585547     
   3.0696685595896089     
   3.0759066780368078     
   3.0821535820790120     
   3.0884092951577022     
   3.0946738406761201     
   3.1009472419986990     
   3.1072295224554320     
   3.1135207053382064     
   3.1198208139075017     
   3.1261298713897014     
   3.1324479009800172     
   3.1387749258993209     
   3.1451109691576460     
   3.1514560538881971     
   3.1578102032420903     
   3.1641734402308996     
   3.1705457878698562     
   3.1769272691536381     
   3.1833179070546742     
   3.1897177245382791     
   3.1961267445404768     
   3.2025449899561296     
   3.2089724836565963     
   3.2154092485268619     
   3.2218553073593830     
   3.2283106828828543     
   3.2347753981274763     
   3.2412494757877939     
   3.2477329386319767     
   3.2542258094151810     
   3.2607281108816659     
   3.2672398657562334     
   3.2737610967528217     
   3.2802918265716818     
   3.2868320779011282     
   3.2933818734167430     
   3.2999412357842655     
   3.3065101876584926     
   3.3130887516830110     
   3.3196769504939803     
   3.3262748067190837     
   3.3328823429762928     
   3.3394995818759234     
   3.3461265460247063     
   3.3527632580192068     
   3.3594097404517194     
   3.3660660159100630     
   3.3727321069755436     
   3.3794080362269616     
   3.3860938262373823     
   3.3927894995794095     
   3.3994950788212792     
   3.4062105865296251     
   3.4129360452673883     
   3.4196714775991821     
   3.4264169060883436     
   3.4331723532966740     
   3.4399378417851492     
   3.4467133941196200     
   3.4534990328624144     
   3.4602947805807411     
   3.4671006598407024     
   3.4739166932132641     
   3.4807429032714072     
   3.4875793125909302     
   3.4944259437516090     
   3.5012828193367498     
   3.5081499619345426     
   3.5150273941390031     
   3.5219151385464200     
   3.5288132177617086     
   3.5357216543929577     
   3.5426404710583590     
   3.5240389107710781     
   3.5051637905947892     
   3.4863646941890365     
   3.4676538723448838     
   3.4490362676773212     
   3.4305160665654064     
   3.4120970243290429     
   3.3937825245049118     
   3.3755756099234815     
   3.3574790080947317     
   3.3394951542189708     
   3.3216262124832237     
   3.3038740957989914     
   3.2862404841324775     
   3.2687268415588084     
   3.2513344320700748     
   3.2340643342773476     
   3.2169174550815995     
   3.1998945423595782     
   3.1829961967717986     
   3.1662228827542425     
   3.1495749387209213     
   3.1330525865546726     
   3.1166559404344034     
   3.1003850150520456     
   3.0842397332681624     
   3.0682199332433249     
   3.0523253749989419     
   3.0365557466607278     
   3.0209106701485129     
   3.0053897065306572     
   2.9899923609837931     
   2.9747180874801593     
   2.9595662930139945     
   2.9445363416568484     
   2.9296275582948534     
   2.9148392321552032     
   2.9001706199507744     
   2.8856209489925297     
   2.8711894199680166     
   2.8568752095020877     
   2.8426774726723520     
   2.8285953452469030     
   2.8146279457880770     
   2.8007743776298955     
   2.7870337306817619     
   2.7734050831495618     
   2.7598875031294030     
   2.7464800500476532     
   2.7331817760736810     
   2.7199917273243939     
   2.7069089450878012     
   2.6939324669124658     
   2.6810613276348838     
   2.6682945603022459     
   2.6556311970614628     
   2.6430702699692477     
   2.6306108117409077     
   2.6182518564478157     
   2.6059924401593104     
   2.5938316015390575     
   2.5817683823917306     
   2.5698018281718094     
   2.5579309884433079     
   2.5461549173176596     
   2.5344726738434407     
   2.5228833223659932     
   2.5113859328631105     
   2.4999795812410670     
   2.4886633496188768     
   2.4774363265730326     
   2.4662976073666298     
   2.4552462941589441     
   2.4442814961868367     
   2.4334023299360257     
   2.4226079192860723     
   2.4118973956472214     
   2.4012698980742355     
   2.3907245733714815     
   2.3802605761813376     
   2.3698770690618201     
   2.3595732225512203     
   2.3493482152221974     
   2.3392012337261310     
   2.3291314728282910     
   2.3191381354318157     
   2.3092204325971459     
   2.2993775835503181     
   2.2896088156871612     
   2.2799133645679825     
   2.2702904739083967     
   2.2607393955629562     
   2.2512593895046922     
   2.2418497237977570     
   2.2325096745707227     
   2.2232385259761736     
   2.2140355701568080     
   2.2049001072016194     
   2.1958314450998606     
   2.1868288996938396     
   2.1843743001689337     
   2.1819601408961513     
   2.1795811598187287     
   2.1772361847069082     
   2.1749241005752551     
   2.1726438441268567     
   2.1703944008811176     
   2.1681748024843444     
   2.1659841241772488     
   2.1638214824220863     
   2.1616860326711005     
   2.1595769672705574     
   2.1574935134900888     
   2.1554349316718509     
   2.1534005134875223     
   2.1513895803019119     
   2.1494014816306279     
   2.1474355936904921     
   2.1454913180356594     
   2.1435680802705632     
   2.1416653288395802     
   2.1397825338877436     
   2.1379191861842797     
   2.1360747961107305     
   2.1342488927038379     
   2.1324410227560278     
   2.1306507499620011     
   2.1288776541178946     
   2.1271213303634595     
   2.1253813884634458     
   2.1236574521327016     
   2.1219491583960011     
   2.1202561569825811     
   2.1185781097546950     
   2.1169146901649838     
   2.1152655827443918     
   2.1136304826166006     
   2.1120090950389714     
   2.1104011349637219     
   2.1088063266281285     
   2.1072244031596585     
   2.1056551062061004     
   2.1040981855812393     
   2.1025533989279701     
   2.1010205114036622     
   2.0994992953740406     
   2.0979895301260791     
   2.0964910015940625     
   2.0950035020997335     
   2.0935268301038428     
   2.0920607899691768     
   2.0906051917361808     
   2.0891598509079232     
   2.0877245882462407     
   2.0862992295749589     
   2.0848836055961542     
   2.0834775517100241     
   2.0820809078455720     
   2.0806935182993995     
   2.0793152315794008     
   2.0779459002563989     
   2.0765853808236017     
   2.0752335335592527     
   2.0738902223967490     
   2.0725553148016829     
   2.0712286816504419     
   2.0699101971175740     
   2.0685997385647346     
   2.0672971864363916     
   2.0660024241589752     
   2.0647153380429062     
   2.0634358171919454     
   2.0621637534106765     
   2.0608990411212966     
   2.0596415772796717     
   2.0583912612968884     
   2.0571479949614697     
   2.0559116823675794     
   2.0546822298444565     
   2.0534595458858536     
   2.0522435410883060     
   2.0510341280842432     
   2.0498312214839420     
   2.0486347378154846     
   2.0474445954683862     
   2.0462607146401695     
   2.0450830172824581     
   2.0439114270499168     
   2.0427458692527809     
   2.0415862708089225     
   2.0404325601976487     
   2.0392846674161418     
   2.0381425239368487     
   2.0370060626655149     
   2.0358752179027864     
   2.0347499253046348     
   2.0336301218451047     
   2.0325157457806715     
   2.0314067366162831     
   2.0303030350693789     
   2.0292045830394954     
   2.0281113235754793     
   2.0270232008457523     
   2.0259401601071971     
   2.0248621476786730     
   2.0237891109116934     
   2.0227209981633738     
   2.0216577587713616     
   2.0205993430281821     
   2.0195457021563903     
   2.0184967882847915     
   2.0174525544261135     
   2.0164129544539939     
   2.0153779430821515     
   2.0143474758412969     
   2.0133215090618020     
   2.0122999998512872     
   2.0112829060769992     
   2.0102701863462151     
   2.0092617999886366     
   2.0082577070390415     
   2.0072578682191295     
   2.0062622449225209     
   2.0052707991970733     
   2.0042834937307088     
   2.0033002918358314     
   2.0023211574328776     
   2.0013460550387907     
   2.0003749497506944     
   1.9994078072342036     
   1.9984445937088293     
   1.9974852759361090     
   1.9965298212057985     
   1.9955781973261857     
   1.9946303726106156     
   1.9936863158654221     
   1.9927459963806826     
   1.9918093839177731     
   1.9908764486998525     
   1.9899471614012922     
   1.9890214931374006     
   1.9880994154554370     
   1.9871809003243170     
   1.9862659201261832     
   1.9853544476460392     
   1.9844464560660200     
   1.9835419189536061     
   1.9826408102547926     
   1.9817431042862852     
   1.9808487757276714     
   1.9799577996131954     
   1.9790701513254156     
   1.9781858065850506     
   1.9773047414491551     
   1.9764269322985553     
   1.9755523558353798     
   1.9746809890743215     
   1.9738128093371143     
   1.9729477942460123     
   1.9720859217181661     
   1.9712271699590631     
   1.9703715174571599     
   1.9695189429789919     
   1.9686694255623203     
   1.9678229445118791     
   1.9669794793938489     
   1.9661390100303631     
   1.9653015164956376     
   1.9644669791103893     
   1.9636353784368132     
   1.9628066952745171     
   1.9619809106569948     
   1.9611580058450446     
   1.9603379623240327     
   1.9595207617998722     
   1.9587063861943417     
   1.9578948176409603     
   1.9570860384818773     
   1.9562800312637689     
   1.9554767787335254     
   1.9546762638356228     
   1.9538784697081724     
   1.9530833796795926     
   1.9522909772647572     
   1.9515012461628558     
   1.9507141702523803     
   1.9499297335904420     
   1.9491479204069926     
   1.9483687151041862     
   1.9475921022519611     
   1.9468180665855754     
   1.9460465930040309     
   1.9452776665648004     
   1.9445112724835310     
   1.9437473961298526     
   1.9429860230268621     
   1.9422271388457482     
   1.9414707294053266     
   1.9407167806696173     
   1.9399652787449093     
   1.9392162098774515     
   1.9384695604513653     
   1.9377253169870878     
   1.9369834661384353     
   1.9362439946899785     
   1.9355068895573229     
   1.9347721377824771     
   1.9340397265321463     
   1.9333096430987340     
   1.9325818748953076     
   1.9318564094543191     
   1.9311332344267031     
   1.9304123375795748     
   1.9296937067949895     
   1.9289773300677602     
   1.9282631955031273     
   1.9275512913168877     
   1.9268416058326150     
   1.9261341274797272     
   1.9254288447936583     
   1.9247257464113361     
   1.9240248210738640     
   1.9233260576210682     
   1.9226294449921926     
   1.9219349722255281     
   1.9212426284535391     
   1.9205524029050247     
   1.9198642849016956     
   1.9191782638587345     
   1.9184943292812400     
   1.9178124707645960     
   1.9171326779930857     
   1.9164549407381211     
   1.9157792488579626     
   1.9151055922953073     
   1.9144339610774113     
   1.9137643453146453     
   1.9130967351979564     
   1.9124311210007605     
   1.9117674930758060     
   1.9111058418532947     
   1.9104461578427865     
   1.9097884316295408     
   1.9091326538746347     
   1.9084788153145151     
   1.9078269067591764     
   1.9071769190913681     
   1.9065288432656553     
   1.9058826703086214     
   1.9052383913160802     
   1.9045959974540612     
   1.9039554799571141     
   1.9033168301267005     
   1.9026800393318619     
   1.9020450990080662     
   1.9014120006549142     
   1.9007807358375910     
   1.9001512961851439     
   1.8995236733891037     
   1.8988978592032182     
   1.8982738454429371     
   1.8976516239855006     
   1.8970311867663010     
   1.8964125257824640     
   1.8957956330882011     
   1.8951805007967599     
   1.8945671210781980     
   1.8939554861600614     
   1.8933455883252630     
   1.8927374199134215     
   1.8921309733178517     
   1.8915262409867724     
   1.8909232154219635     
   1.8903218891787377     
   1.8897222548643864     
   1.8891243051382547     
   1.8885280327114962     
   1.8879334303458657     
   1.8873404908533393     
   1.8867492070960616     
   1.8861595719846780     
   1.8855715784790523     
   1.8849852195876671     
   1.8844004883657117     
   1.8838173779161789     
   1.8832358813885863     
   1.8826559919792940     
   1.8820777029295221     
   1.8815010075259773     
   1.8809258991004891     
   1.8803523710291856     
   1.8797804167313259     
   1.8792100296712075     
   1.8786412033545390     
   1.8780739313301902     
   1.8775082071896270     
   1.8769440245653961     
   1.8763813771315736     
   1.8758202586037145     
   1.8752606627371828     
   1.8747025833273023     
   1.8741460142093442     
   1.8735909492585372     
   1.8730373823885136     
   1.8724853075510106     
   1.8719347187365427     
   1.8713856099738881     
   1.8708379753283377     
   1.8702918089025200     
   1.8697471048365883     
   1.8692038573058836     
   1.8686620605230284     
   1.8681217087354527     
   1.8675827962265596     
   1.8670453173143364     
   1.8665092663517140     
   1.8659746377263462     
   1.8654414258600711     
   1.8649096252072004     
   1.8643792302573505     
   1.8638502355317639     
   1.8633226355858741     
   1.8627964250064284     
   1.8622715984134781     
   1.8617481504582865     
   1.8612260758244143     
   1.8607053692265920     
   1.8601860254105007     
   1.8596680391525700     
   1.8591514052606744     
   1.8586361185722364     
   1.8581221739545004     
   1.8576095663052135     
   1.8570982905512521     
   1.8565883416489326     
   1.8560797145832566     
   1.8555724043683677     
   1.8550664060465281     
   1.8545617146888609     
   1.8540583253934797     
   1.8535562332876356     
   1.8530554335250620     
   1.8525559212873688     
   1.8520576917826717     
   1.8515607402465806     
   1.8510650619412683     
   1.8505706521545342     
   1.8500775062016648     
   1.8495856194226428     
   1.8490949871835360     
   1.8486056048768922     
   1.8481174679198067     
   1.8476305717533792     
   1.8471449118460055     
   1.8466604836892555     
   1.8461772827993534     
   1.8456953047170004     
   1.8452145450071165     
   1.8447349992579676     
   1.8442566630828767     
   1.8437795321168231     
   1.8433036020195521     
   1.8428288684736245     
   1.8423553271844963     
   1.8418829738801843     
   1.8414118043115926     
   1.8409418142519445     
   1.8404729994970339     
   1.8400053558644147     
   1.8395388791931637     
   1.8390735653449719     
   1.8386094102024995     
   1.8381464096701816     
   1.8376845596732931     
   1.8372238561582577     
   1.8367642950931207     
   1.8363058724650287     
   1.8358485842835617     
   1.8353924265778421     
   1.8349373953973924     
   1.8344834868114779     
   1.8340306969102245     
   1.8335790218029986     
   1.8331284576184097     
   1.8326790005055125     
   1.8322306466324632     
   1.8317833921859152     
   1.8313372333729314     
   1.8308921664185287     
   1.8304481875668046     
   1.8300052930804012     
   1.8295634792409885     
   1.8291227423480443     
   1.8286830787199402     
   1.8282444846924444     
   1.8278069566200648     
   1.8273704908744997     
   1.8269350838456033     
   1.8265007319412261     
   1.8260674315856942     
   1.8256351792213692     
   1.8252039713078101     
   1.8247738043216362     
   1.8243446747565726     
   1.8239165791230583     
   1.8234895139484073     
   1.8230634757763837     
   1.8226384611674926     
   1.8222144666983873     
   1.8217914889622320     
   1.8213695245688661     
   1.8209485701430594     
   1.8205286223257680     
   1.8201096777752879     
   1.8196917331639202     
   1.8192747851801045     
   1.8188588305277524     
   1.8184438659271160     
   1.8180298881120229     
   1.8176168938333506     
   1.8172048798556106     
   1.8167938429590320     
   1.8163837799390603     
   1.8159746876045542     
   1.8155665627810862     
   1.8151594023070921     
   1.8147532030365119     
   1.8143479618372302     
   1.8139436755912421     
   1.8135403411959776     
   1.8131379555615557     
   1.8127365156124857     
   1.8123360182878123     
   1.8119364605400667     
   1.8115378393355821     
   1.8111401516535979     
   1.8107433944884703     
   1.8103475648467962     
   1.8099526597489293     
   1.8095586762292051     
   1.8091656113336385     
   1.8087734621232614     
   1.8083822256704742     
   1.8079918990620487     
   1.8076024793966170     
   1.8072139637862905     
   1.8068263493552683     
   1.8064396332414803     
   1.8060538125945131     
   1.8056688845766506     
   1.8052848463622442     
   1.8049016951389709     
   1.8045194281057957     
   1.8041380424747606     
   1.8037575354687478     
   1.8033779043240985     
   1.8029991462882520     
   1.8026212586207138     
   1.8022442385926580     
   1.8018680834878595     
   1.8014927905997962     
   1.8011183572363656     
   1.8007447807144215     
   1.8003720583636555     
   1.8000001875245737     
   1.7996291655495797     
   1.7992589898015561     
   1.7988896576557674     
   1.7985211664969594     
   1.7981535137224181     
   1.7977866967397069     
   1.7974207129668864     
   1.7970555598339850     
   1.7966912347811066     
   1.7963277352591656     
   1.7959650587296161     
   1.7956032026645639     
   1.7952421645471204     
   1.7948819418706192     
   1.7945225321384244     
   1.7941639328645940     
   1.7938061415734692     
   1.7934491557994567     
   1.7930929730876728     
   1.7927375909923304     
   1.7923830070785605     
   1.7920292189217359     
   1.7916762241060740     
   1.7913240202270839     
   1.7909726048885584     
   1.7906219757048012     
   1.7902721303006153     
   1.7899230663090020     
   1.7895747813740099     
   1.7892272731479237     
   1.7888805392930629     
   1.7885345774818104     
   1.7881893853953801     
   1.7878449607239963     
   1.7875013011677530     
   1.7871584044357534     
   1.7868162682462509     
   1.7864748903268399     
   1.7861342684137684     
   1.7857944002529307     
   1.7854552835989923     
   1.7851169162149303     
   1.7847792958738413     
   1.7844424203563003     
   1.7841062874530442     
   1.7837708949622593     
   1.7834362406916024     
   1.7831023224571076     
   1.7827691380838564     
   1.7824366854053522     
   1.7821049622623368     
   1.7817739665061310     
   1.7814436959949904     
   1.7811141485959323     
   1.7807853221846059     
   1.7804572146446009     
   1.7801298238678394     
   1.7798031477546783     
   1.7794771842129276     
   1.7791519311592998     
   1.7788273865184838     
   1.7785035482226386     
   1.7781804142125552     
   1.7778579824362277     
   1.7775362508507468     
   1.7772152174193954     
   1.7768948801147828     
   1.7765752369169086     
   1.7762562858128657     
   1.7759380247979826     
   1.7756204518756484     
   1.7753035650555893     
   1.7749873623564478     
   1.7746718418040355     
   1.7743570014311896     
   1.7740428392785355     
   1.7737293533942968     
   1.7734165418337751     
   1.7731044026602298     
   1.7727929339432906     
   1.7724821337602277     
   1.7721720001963288     
   1.7718625313429484     
   1.7715537252992648     
   1.7712455801715445     
   1.7709380940727193     
   1.7706312651234468     
   1.7703250914510056     
   1.7700195711896458     
   1.7697147024807054     
   1.7694104834726625     
   1.7691069123201288     
   1.7688039871853523     
   1.7685017062371140     
   1.7682000676512055     
   1.7678990696094883     
   1.7675987103014583     
   1.7672989879226457     
   1.7669999006755857     
   1.7667014467693121     
   1.7664036244191441     
   1.7661064318476043     
   1.7658098672833904     
   1.7655139289615527     
   1.7652186151238118     
   1.7649239240184078     
   1.7646298538995187     
   1.7643364030285356     
   1.7640435696720620     
   1.7637513521039831     
   1.7634597486045558     
   1.7631687574590174     
   1.7628783769600775     
   1.7625886054065791     
   1.7622994411023740     
   1.7620108823588232     
   1.7617229274927277     
   1.7614355748269883     
   1.7611488226902936     
   1.7608626694183152     
   1.7605771133517798     
   1.7602921528375577     
   1.7600077862287058     
   1.7597240118839754     
   1.7594408281678950     
   1.7591582334516007     
   1.7588762261111466     
   1.7585948045286157     
   1.7583139670921553     
   1.7580337121951173     
   1.7577540382374324     
   1.7574749436238393     
   1.7571964267653497     
   1.7569184860781955     
   1.7566411199845002     
   1.7563643269117739     
   1.7560881052935919     
   1.7558124535679862     
   1.7555373701799857     
   1.7552628535785892     
   1.7549889022196785     
   1.7547155145632150     
   1.7544426890758258     
   1.7541704242285150     
   1.7538987184980479     
   1.7536275703670385     
   1.7533569783220837     
   1.7530869408569951     
   1.7528174564690413     
   1.7525485236613878     
   1.7522801409433468     
   1.7520123068275220     
   1.7517450198334137     
   1.7514782784849325     
   1.7512120813110639     
   1.7509464268461163     
   1.7506813136294883     
   1.7504167402055073     
   1.7501527051234507     
   1.7498892069381715     
   1.7496262442086472     
   1.7493638154992521     
   1.7491019193796102     
   1.7488405544238759     
   1.7485797192114980     
   1.7483194123261276     
   1.7480596323569493     
   1.7478003778978346     
   1.7475416475471293     
   1.7472834399084669     
   1.7470257535898406     
   1.7467685872043219     
   1.7465119393698518     
   1.7462558087082127     
   1.7460001938472161     
   1.7457450934181531     
   1.7454905060573147     
   1.7452364304065899     
   1.7449828651110872     
   1.7447298088212213     
   1.7444772601916152     
   1.7442252178822311     
   1.7439736805565031     
   1.7437226468832914     
   1.7434721155355206     
   1.7432220851906257     
   1.7429725545308132     
   1.7427235222415436     
   1.7424749870147782     
   1.7422269475451284     
   1.7419794025323119     
   1.7417323506800944     
   1.7414857906974051     
   1.7412397212963682     
   1.7409941411941368     
   1.7407490491118076     
   1.7405044437752102     
   1.7402603239139149     
   1.7400166882619714     
   1.7397735355579773     
   1.7395308645441252     
   1.7392886739672118     
   1.7390469625777127     
   1.7388057291310346     
   1.7385649723863366     
   1.7383246911065691     
   1.7380848840591867     
   1.7378455500160896     
   1.7376066877518384     
   1.7373682960469674     
   1.7371303736844610     
   1.7368929194524891     
   1.7366559321418220     
   1.7364194105489110     
   1.7361833534728950     
   1.7359477597174171     
   1.7357126280898942     
   1.7354779574017780     
   1.7352437464683783     
   1.7350099941085553     
   1.7347766991460192     
   1.7345438604071903     
   1.7343114767229741     
   1.7340795469280519     
   1.7338480698604013     
   1.7336170443627543     
   1.7333864692805745     
   1.7331563434641477     
   1.7329266657661988     
   1.7326974350448210     
   1.7324686501607245     
   1.7322403099777341     
   1.7320124133652162     
   1.7317849591943730     
   1.7315579463416872     
   1.7313313736857334     
   1.7311052401098170     
   1.7308795445003815     
   1.7306542857475944     
   1.7304294627453196     
   1.7302050743908075     
   1.7299811195846262     
   1.7297575972314694     
   1.7295345062394938     
   1.7293118455197412     
   1.7290896139875360     
   1.7288678105608895     
   1.7286464341620025     
   1.7284254837164892     
   1.7282049581527705     
   1.7279848564034044     
   1.7277651774039706     
   1.7275459200932564     
   1.7273270834141794     
   1.7271086663125950     
   1.7268906677374416     
   1.7266730866414928     
   1.7264559219805828     
   1.7262391727140547     
   1.7260228378044207     
   1.7258069162173477     
   1.7255914069223592     
   1.7253763088917038     
   1.7251616211010687     
   1.7249473425292834     
   1.7247334721586229     
   1.7245200089744348     
   1.7243069519653653     
   1.7240943001233660     
   1.7238820524432563     
   1.7236702079231361     
   1.7234587655643283     
   1.7232477243716464     
   1.7230370833524702     
   1.7228268415174368     
   1.7226169978803809     
   1.7224075514582631     
   1.7221985012715462     
   1.7219898463429493     
   1.7217815856987784     
   1.7215737183679711     
   1.7213662433834716     
   1.7211591597799543     
   1.7209524665960132     
   1.7207461628730487     
   1.7205402476553437     
   1.7203347199899841     
   1.7201295789275379     
   1.7199248235211970     
   1.7197204528273351     
   1.7195164659045892     
   1.7193128618152533     
   1.7191096396248795     
   1.7189067984004938     
   1.7187043372133770     
   1.7185022551369671     
   1.7183005512480114     
   1.7180992246258158     
   1.7178982743525220     
   1.7176976995132325     
   1.7174974991960064     
   1.7172976724918667     
   1.7170982184936654     
   1.7168991362980273     
   1.7167004250042039     
   1.7165020837143219     
   1.7163041115323419     
   1.7161065075664785     
   1.7159092709263264     
   1.7157124007247406     
   1.7155158960780894     
   1.7153197561041658     
   1.7151239799239024     
   1.7149285666611831     
   1.7147335154426311     
   1.7145388253971248     
   1.7143444956567278     
   1.7141505253554414     
   1.7139569136300290     
   1.7137636596210910     
   1.7135707624705152     
   1.7133782213230371     
   1.7131860353266650     
   1.7129942036309931     
   1.7128027253888805     
   1.7126115997559006     
   1.7124208258897660     
   1.7122304029506432     
   1.7120403301018525     
   1.7118506065088250     
   1.7116612313392330     
   1.7114722037640042     
   1.7112835229561947     
   1.7110951880910614     
   1.7109071983470203     
   1.7107195529042012     
   1.7105322509458338     
   1.7103452916576711     
   1.7101586742269566     
   1.7099723978445416     
   1.7097864617031409     
   1.7096008649982659     
   1.7094156069268425     
   1.7092306866894236     
   1.7090461034885518     
   1.7088618565285376     
   1.7086779450173843     
   1.7084943681642837     
   1.7083111251811574     
   1.7081282152826636     
   1.7079456376846540     
   1.7077633916075148     
   1.7075814762714356     
   1.7073998909006745     
   1.7072186347209097     
   1.7070377069606446     
   1.7068571068502929     
   1.7066768336231457     
   1.7064968865140899     
   1.7063172647600695     
   1.7061379676018131     
   1.7059589942808742     
   1.7057803440411523     
   1.7056020161294845     
   1.7054240097943298     
   1.7052463242864380     
   1.7050689588595389     
   1.7048919127685280     
   1.7047151852709266     
   1.7045387756264097     
   1.7043626830973726     
   1.7041869069475535     
   1.7040114464429841     
   1.7038363008526471     
   1.7036614694467065     
   1.7034869514980726     
   1.7033127462812758     
   1.7031388530737586     
   1.7029652711543366     
   1.7027919998045311     
   1.7026190383071536     
   1.7024463859482566     
   1.7022740420149838     
   1.7021020057968030     
   1.7019302765859852     
   1.7017588536757411     
   1.7015877363619016     
   1.7014169239427048     
   1.7012464157181004     
   1.7010762109898154     
   1.7009063090617360     
   1.7007367092402603     
   1.7005674108330995     
   1.7003984131502377     
   1.7002297155041644     
   1.7000613172089769     
   1.6998932175798522     
   1.6997254159359718     
   1.6995579115965758     
   1.6993907038838238     
   1.6992237921218760     
   1.6990571756363626     
   1.6988908537553378     
   1.6987248258086403     
   1.6985590911275725     
   1.6983936490461413     
   1.6982284988998315     
   1.6980636400264626     
   1.6978990717649047     
   1.6977347934565519     
   1.6975708044447795     
   1.6974071040747072     
   1.6972436916933318     
   1.6970805666490050     
   1.6969177282932144     
   1.6967551759780011     
   1.6965929090575453     
   1.6964309268889330     
   1.6962692288297143     
   1.6961078142398789     
   1.6959466824812450     
   1.6957858329174353     
   1.6956252649139438     
   1.6954649778379267     
   1.6953049710584407     
   1.6951452439462709     
   1.6949857958740542     
   1.6948266262163805     
   1.6946677343490950     
   1.6945091196505295     
   1.6943507814998848     
   1.6941927192792907     
   1.6940349323715267     
   1.6938774201619189     
   1.6937201820368961     
   1.6935632173850255     
   1.6934065255965998     
   1.6932501060634748     
   1.6930939581792968     
   1.6929380813395600     
   1.6927824749408154     
   1.6926271383824456     
   1.6924720710646290     
   1.6923172723895119     
   1.6921627417610261     
   1.6920084785845226     
   1.6918544822672890     
   1.6917007522181200     
   1.6915472878475242     
   1.6913940885675172     
   1.6912411537922587     
   1.6910884829368833     
   1.6909360754186384     
   1.6907839306562815     
   1.6906320480699970     
   1.6904804270818470     
   1.6903290671154103     
   1.6901779675955282     
   1.6900271279496426     
   1.6898765476059407     
   1.6897262259940495     
   1.6895761625457166     
   1.6894263566943200     
   1.6892768078745852     
   1.6891275155222951     
   1.6889784790758606     
   1.6888296979746822     
   1.6886811716595598     
   1.6885328995729250     
   1.6883848811591469     
   1.6882371158635683     
   1.6880896031335422     
   1.6879423424175888     
   1.6877953331664091     
   1.6876485748310071     
   1.6875020668652223     
   1.6873558087232288     
   1.6872097998618891     
   1.6870640397385248     
   1.6869185278126027     
   1.6867732635448103     
   1.6866282463971005     
   1.6864834758338660     
   1.6863389513193812     
   1.6861946723210295     
   1.6860506383064700     
   1.6859068487452800     
   1.6857633031087189     
   1.6856200008692865     
   1.6854769415006192     
   1.6853341244780629     
   1.6851915492786043     
   1.6850492153803456     
   1.6849071222628966     
   1.6847652694073139     
   1.6846236562962698     
   1.6844822824133732     
   1.6843411472437562     
   1.6842002502747404     
   1.6840595909938392     
   1.6839191688906423     
   1.6837789834562800     
   1.6836390341825331     
   1.6834993205636000     
   1.6833598420940128     
   1.6832205982703921     
   1.6830815885902359     
   1.6829428125527486     
   1.6828042696582040     
   1.6826659594089304     
   1.6825278813073867     
   1.6823900348585057     
   1.6822524195678943     
   1.6821150349428273     
   1.6819778804915382     
   1.6818409557241949     
   1.6817042601518677     
   1.6815677932864979     
   1.6814315546423393     
   1.6812955437344004     
   1.6811597600786834     
   1.6810242031932936     
   1.6808888725969289     
   1.6807537678098086     
   1.6806188883532991     
   1.6804842337506434     
   1.6803498035256450     
   1.6802155972037374     
   1.6800816143112980     
   1.6799478543764723     
   1.6798143169284554     
   1.6796810014973600     
   1.6795479076150110     
   1.6794150348142292     
   1.6792823826291408     
   1.6791499505952849     
   1.6790177382491098     
   1.6788857451284689     
   1.6787539707724373     
   1.6786224147216231     
   1.6784910765169936     
   1.6783599557014803     
   1.6782290518192511     
   1.6780983644152332     
   1.6779678930357740     
   1.6778376372285160     
   1.6777075965420176     
   1.6775777705266663     
   1.6774481587329895     
   1.6773187607136268     
   1.6771895760220756     
   1.6770606042128173     
   1.6769318448420516     
   1.6768032974663185     
   1.6766749616439636     
   1.6765468369344392     
   1.6764189228980551     
   1.6762912190966868     
   1.6761637250926646     
   1.6760364404506329     
   1.6759093647349004     
   1.6757824975122411     
   1.6756558383497806     
   1.6755293868160315     
   1.6754031424805196     
   1.6752771049140995     
   1.6751512736886498     
   1.6750256483769026     
   1.6749002285530301     
   1.6747750137925423     
   1.6746500036714063     
   1.6745251977669287     
   1.6744005956578225     
   1.6742761969238207     
   1.6741520011452944     
   1.6740280079042056     
   1.6739042167832430     
   1.6737806273665432     
   1.6736572392389453     
   1.6735340519866850     
   1.6734110651969134     
   1.6732882784577097     
   1.6731656913584021     
   1.6730433034895211     
   1.6729211144424292     
   1.6727991238093611     
   1.6726773311843548     
   1.6725557361611818     
   1.6724343383360689     
   1.6723131373054194     
   1.6721921326670770     
   1.6720713240195191     
   1.6719507109628662     
   1.6718302930971711     
   1.6717100700252170     
   1.6715900413492140     
   1.6714702066729246     
   1.6713505656015661     
   1.6712311177407893     
   1.6711118626974306     
   1.6709928000794452     
   1.6708739294957049     
   1.6707552505561134     
   1.6706367628715999     
   1.6705184660537569     
   1.6704003597156099     
   1.6702824434711145     
   1.6701647169348142     
   1.6700471797229459     
   1.6699298314518340     
   1.6698126717395521     
   1.6696957002045187     
   1.6695789164664547     
   1.6694623201464236     
   1.6693459108656408     
   1.6692296882467434     
   1.6691136519133578     
   1.6689978014898743     
   1.6688821366015885     
   1.6687666568752202     
   1.6686513619378713     
   1.6685362514176965     
   1.6684213249442770     
   1.6683065821471792     
   1.6681920226580189     
   1.6680776461085451     
   1.6679634521313509     
   1.6678494403608894     
   1.6677356104314616     
   1.6676219619790573     
   1.6675084946400172     
   1.6673952080519636     
   1.6672821018531416     
   1.6671691756832210     
   1.6670564291819043     
   1.6669438619908550     
   1.6668314737515959     
   1.6667192641074782     
   1.6666072327020061     
   1.6664953791799071     
   1.6663837031868427     
   1.6662722043692253     
   1.6661608823744958     
   1.6660497368506273     
   1.6659387674469066     
   1.6658279738133468     
   1.6657173556006437     
   1.6656069124605117     
   1.6654966440457417     
   1.6653865500094314     
   1.6652766300060480     
   1.6651668836906948     
   1.6650573107191824     
   1.6649479107487943     
   1.6648386834369939     
   1.6647296284422117     
   1.6646207454240769     
   1.6645120340425579     
   1.6644034939587782     
   1.6642951248348838     
   1.6641869263333466     
   1.6640788981178516     
   1.6639710398529470     
   1.6638633512034529     
   1.6637558318356349     
   1.6636484814164323     
   1.6635412996133743     
   1.6634342860950633     
   1.6633274405307512     
   1.6632207625907525     
   1.6631142519454962     
   1.6630079082672575     
   1.6629017312283112     
   1.6627957205020554     
   1.6626898757625337     
   1.6625841966848893     
   1.6624786829445843     
   1.6623733342182645     
   1.6622681501832837     
   1.6621631305175446     
   1.6620582749001191     
   1.6619535830107786     
   1.6618490545295035     
   1.6617446891377849     
   1.6616404865178125     
   1.6615364463519517     
   1.6614325683239801     
   1.6613288521179905     
   1.6612252974193182     
   1.6611219039136176     
   1.6610186712872927     
   1.6609155992279323     
   1.6608126874236686     
   1.6607099355631070     
   1.6606073433361805     
   1.6605049104327652     
   1.6604026365445785     
   1.6603005213629007     
   1.6601985645805575     
   1.6600967658908594     
   1.6599951249877791     
   1.6598936415660759     
   1.6597923153215877     
   1.6596911459504708     
   1.6595901331494878     
   1.6594892766164575     
   1.6593885760498002     
   1.6592880311488494     
   1.6591876416132589     
   1.6590874071438060     
   1.6589873274416758     
   1.6588874022090210     
   1.6587876311484873     
   1.6586880139634648     
   1.6585885503584066     
   1.6584892400378581     
   1.6583900827076439     
   1.6582910780736067     
   1.6581922258432933     
   1.6580935257239582     
   1.6579949774239626     
   1.6578965806527515     
   1.6577983351196730     
   1.6577002405352732     
   1.6576022966107982     
   1.6575045030578250     
   1.6574068595890634     
   1.6573093659175095     
   1.6572120217571578     
   1.6571148268222327     
   1.6570177808282947     
   1.6569208834911837     
   1.6568241345272319     
   1.6567275336538234     
   1.6566310805888336     
   1.6565347750505348     
   1.6564386167584499     
   1.6563426054322479     
   1.6562467407925703     
   1.6561510225606244     
   1.6560554504581706     
   1.6559600242078154     
   1.6558647435323515     
   1.6557696081559115     
   1.6556746178030548     
   1.6555797721984293     
   1.6554850710679234     
   1.6553905141381868     
   1.6552961011359129     
   1.6552018317887551     
   1.6551077058251367     
   1.6550137229740602     
   1.6549198829649618     
   1.6548261855277564     
   1.6547326303935816     
   1.6546392172938125     
   1.6545459459606542     
   1.6544528161264511     
   1.6543598275247127     
   1.6542669798895342     
   1.6541742729550113     
   1.6540817064567093     
   1.6539892801302185     
   1.6538969937118113     
   1.6538048469389461     
   1.6537128395488083     
   1.6536209712796470     
   1.6535292418703778     
   1.6534376510604636     
   1.6533461985896760     
   1.6532548841991261     
   1.6531637076296188     
   1.6530726686232000     
   1.6529817669221127     
   1.6528910022694814     
   1.6528003744088624     
   1.6527098830845706     
   1.6526195280411158     
   1.6525293090241335     
   1.6524392257796128     
   1.6523492780535516     
   1.6522594655938041     
   1.6521697881476316     
   1.6520802454633510     
   1.6519908372898755     
   1.6519015633766887     
   1.6518124234736526     
   1.6517234173314224     
   1.6516345447011693     
   1.6515458053344716     
   1.6514571989837532     
   1.6513687254016636     
   1.6512803843419783     
   1.6511921755583070     
   1.6511040988053394     
   1.6510161538378905     
   1.6509283404121857     
   1.6508406582838331     
   1.6507531072098172     
   1.6506656869475969     
   1.6505783972547923     
   1.6504912378898176     
   1.6504042086117769     
   1.6503173091800982     
   1.6502305393549006     
   1.6501438988963602     
   1.6500573875662079     
   1.6499710051258767     
   1.6498847513374184     
   1.6497986259637618     
   1.6497126287681803     
   1.6496267595143637     
   1.6495410179666516     
   1.6494554038901568     
   1.6493699170500087     
   1.6492845572123611     
   1.6491993241433740     
   1.6491142176105213     
   1.6490292373807143     
   1.6489443832226072     
   1.6488596549040462     
   1.6487750521948792     
   1.6486905748640854     
   1.6486062226820744     
   1.6485219954193773     
   1.6484378928470833     
   1.6483539147369939     
   1.6482700608609882     
   1.6481863309920151     
   1.6481027249032456     
   1.6480192423680355     
   1.6479358831610575     
   1.6478526470564410     
   1.6477695338298588     
   1.6476865432568690     
   1.6476036751134810     
   1.6475209291764927     
   1.6474383052232413     
   1.6473558030311408     
   1.6472734223784500     
   1.6471911630438607     
   1.6471090248065998     
   1.6470270074461579     
   1.6469451107428468     
   1.6468633344771209     
   1.6467816784303693     
   1.6467001423838106     
   1.6466187261197087     
   1.6465374294205455     
   1.6464562520694344     
   1.6463751938500080     
   1.6462942545460131     
   1.6462134339419505     
   1.6461327318230896     
   1.6460521479743611     
   1.6459716821819668     
   1.6458913342320989     
   1.6458111039117620     
   1.6457309910081805     
   1.6456509953091103     
   1.6455711166027889     
   1.6454913546779419     
   1.6454117093233960     
   1.6453321803294034     
   1.6452527674856177     
   1.6451734705827936     
   1.6450942894116640     
   1.6450152237638216     
   1.6449362734313162     
   1.6448574382063266     
   1.6447787178818545     
   1.6447001122510783     
   1.6446216211075813     
   1.6445432442457162     
   1.6444649814600827     
   1.6443868325457265     
   1.6443087972980481     
   1.6442308755133981     
   1.6441530669877489     
   1.6440753715182663     
   1.6439977889018318     
   1.6439203189366536     
   1.6438429614205303     
   1.6437657161523453     
   1.6436885829308494     
   1.6436115615559643     
   1.6435346518270852     
   1.6434578535446778     
   1.6433811665097984     
   1.6433045905235650     
   1.6432281253874461     
   1.6431517709036381     
   1.6430755268744595     
   1.6429993931030309     
   1.6429233693926280     
   1.6428474555470136     
   1.6427716513703423     
   1.6426959566672943     
   1.6426203712427268     
   1.6425448949024903     
   1.6424695274520564     
   1.6423942686978228     
   1.6423191184465158     
   1.6422440765052924     
   1.6421691426814686     
   1.6420943167832864     
   1.6420195986189201     
   1.6419449879973498     
   1.6418704847272971     
   1.6417960886188376     
   1.6417217994817015     
   1.6416476171261738     
   1.6415735413634611     
   1.6414995720043382     
   1.6414257088606110     
   1.6413519517442099     
   1.6412783004676637     
   1.6412047548436606     
   1.6411313146855222     
   1.6410579798067999     
   1.6409847500213832     
   1.6409116251438254     
   1.6408386049888579     
   1.6407656893716904     
   1.6406928781076906     
   1.6406201710131614     
   1.6405475679042432     
   1.6404750685978211     
   1.6404026729109422     
   1.6403303806609864     
   1.6402581916661307     
   1.6401861057444342     
   1.6401141227147262     
   1.6400422423960297     
   1.6399704646078175     
   1.6398987891697767     
   1.6398272159023908     
   1.6397557446258979     
   1.6396843751614372     
   1.6396131073303317     
   1.6395419409543919     
   1.6394708758553946     
   1.6393999118560971     
   1.6393290487791667     
   1.6392582864480318     
   1.6391876246860793     
   1.6391170633172794     
   1.6390466021660848     
   1.6389762410569544     
   1.6389059798149217     
   1.6388358182659153     
   1.6387657562350024     
   1.6386957935488531     
   1.6386259300338137     
   1.6385561655168692     
   1.6384864998248363     
   1.6384169327858005     
   1.6383474642276372     
   1.6382780939783546     
   1.6382088218671471     
   1.6381396477224670     
   1.6380705713741814     
   1.6380015926516751     
   1.6379327113853310     
   1.6378639274054605     
   1.6377952405428218     
   1.6377266506286319     
   1.6376581574943896     
   1.6375897609719547     
   1.6375214608936324     
   1.6374532570917339     
   1.6373851493994405     
   1.6373171376496873     
   1.6372492216764731     
   1.6371814013133226     
   1.6371136763947391     
   1.6370460467553396     
   1.6369785122300482     
   1.6369110726541647     
   1.6368437278632713     
   1.6367764776934857     
   1.6367093219810733     
   1.6366422605626263     
   1.6365752932751441     
   1.6365084199561730     
   1.6364416404431426     
   1.6363749545740851     
   1.6363083621874333     
   1.6362418631218687     
   1.6361754572162466     
   1.6361091443098332     
   1.6360429242426482     
   1.6359767968542511     
   1.6359107619853690     
   1.6358448194762705     
   1.6357789691681628     
   1.6357132109022436     
   1.6356475445201681     
   1.6355819698639256     
   1.6355164867756500     
   1.6354510950980810     
   1.6353857946738930     
   1.6353205853466926     
   1.6352554669595820     
   1.6351904393568470     
   1.6351255023822937     
   1.6350606558808853     
   1.6349958996970062     
   1.6349312336760724     
   1.6348666576635424     
   1.6348021715048133     
   1.6347377750465248     
   1.6346734681346999     
   1.6346092506160499     
   1.6345451223376601     
   1.6344810831468366     
   1.6344171328914732     
   1.6343532714190998     
   1.6342894985782159     
   1.6342258142174479     
   1.6341622181855144     
   1.6340987103316702     
   1.6340352905054001     
   1.6339719585562620     
   1.6339087143346678     
   1.6338455576908522     
   1.6337824884753682     
   1.6337195065396040     
   1.6336566117343827     
   1.6335938039117486     
   1.6335310829233012     
   1.6334684486214293     
   1.6334059008582031     
   1.6333434394869186     
   1.6332810643604236     
   1.6332187753321923     
   1.6331565722558772     
   1.6330944549851876     
   1.6330324233746876     
   1.6329704772787834     
   1.6329086165525271     
   1.6328468410508432     
   1.6327851506290723     
   1.6327235451431705     
   1.6326620244490726     
   1.6326005884030483     
   1.6325392368614529     
   1.6324779696815122     
   1.6324167867203463     
   1.6323556878351440     
   1.6322946728837997     
   1.6322337417243806     
   1.6321728942148284     
   1.6321121302141615     
   1.6320514495808984     
   1.6319908521746047     
   1.6319303378540730     
   1.6318699064794484     
   1.6318095579105236     
   1.6317492920077401     
   1.6316891086314693     
   1.6316290076425883     
   1.6315689889020972     
   1.6315090522714282     
   1.6314491976121896     
   1.6313894247863188     
   1.6313297336559394     
   1.6312701240835497     
   1.6312105959319658     
   1.6311511490640174     
   1.6310917833430685     
   1.6310324986327458     
   1.6309732947965707     
   1.6309141716989495     
   1.6308551292041589     
   1.6307961671766471     
   1.6307372854816553     
   1.6306784839838286     
   1.6306197625490415     
   1.6305611210428503     
   1.6305025593309554     
   1.6304440772798210     
   1.6303856747559498     
   1.6303273516258978     
   1.6302691077567921     
   1.6302109430158243     
   1.6301528572706216     
   1.6300948503888080     
   1.6300369222386260     
   1.6299790726882284     
   1.6299213016061771     
   1.6298636088614855     
   1.6298059943229120     
   1.6297484578599972     
   1.6296909993423405     
   1.6296336186396143     
   1.6295763156221150     
   1.6295190901601320     
   1.6294619421240486     
   1.6294048713852440     
   1.6293478778142336     
   1.6292909612827360     
   1.6292341216623680     
   1.6291773588247966     
   1.6291206726422940     
   1.6290640629870878     
   1.6290075297319635     
   1.6289510727496910     
   1.6288946919133147     
   1.6288383870963756     
   1.6287821581722710     
   1.6287260050150039     
   1.6286699274984668     
   1.6286139254971115     
   1.6285579988856542     
   1.6285021475385866     
   1.6284463713314759     
   1.6283906701391049     
   1.6283350438373403     
   1.6282794923017969     
   1.6282240154087906     
   1.6281686130341837     
   1.6281132850547577     
   1.6280580313472999     
   1.6280028517887122     
   1.6279477462563303     
   1.6278927146273263     
   1.6278377567795048     
   1.6277828725910823     
   1.6277280619400176     
   1.6276733247047093     
   1.6276186607637066     
   1.6275640699961822     
   1.6275095522809599     
   1.6274551074976644     
   1.6274007355253797     
   1.6273464362443784     
   1.6272922095345823     
   1.6272380552762762     
   1.6271839733498410     
   1.6271299636362364     
   1.6270760260160957     
   1.6270221603707515     
   1.6269683665817380     
   1.6269146445305775     
   1.6268609940991383     
   1.6268074151695089     
   1.6267539076241644     
   1.6267004713454107     
   1.6266471062161538     
   1.6265938121192849     
   1.6265405889381521     
   1.6264874365563307     
   1.6264343548570841     
   1.6263813437246328     
   1.6263284030429028     
   1.6262755326962877     
   1.6262227325695269     
   1.6261700025471519     
   1.6261173425142035     
   1.6260647523556691     
   1.6260122319577517     
   1.6259597812052256     
   1.6259073999843099     
   1.6258550881810874     
   1.6258028456817339     
   1.6257506723729382     
   1.6256985681416449     
   1.6256465328742955     
   1.6255945664583979     
   1.6255426687809316     
   1.6254908397301009     
   1.6254390791933315     
   1.6253873870586277     
   1.6253357632142682     
   1.6252842075487679     
   1.6252327199506502     
   1.6251813003087103     
   1.6251299485124022     
   1.6250786644506523     
   1.6250274480130911     
   1.6249762990893284     
   1.6249252175694260     
   1.6248742033432302     
   1.6248232563013427     
   1.6247723763340978     
   1.6247215633326795     
   1.6246708171873689     
   1.6246201377897138     
   1.6245695250309087     
   1.6245189788027861     
   1.6244684989966389     
   1.6244180855048949     
   1.6243677382196529     
   1.6243174570330341     
   1.6242672418377688     
   1.6242170925266051     
   1.6241670089927904     
   1.6241169911290940     
   1.6240670388289549     
   1.6240171519862248     
   1.6239673304944819     
   1.6239175742478129     
   1.6238678831402944     
   1.6238182570663993     
   1.6237686959204434     
   1.6237191995976554     
   1.6236697679926937     
   1.6236204010009292     
   1.6235710985173792     
   1.6235218604378594     
   1.6234726866582658     
   1.6234235770743106     
   1.6233745315821420     
   1.6233255500781363     
   1.6232766324588124     
   1.6232277786210363     
   1.6231789884614656     
   1.6231302618773802     
   1.6230815987661353     
   1.6230329990252108     
   1.6229844625519978     
   1.6229359892449124     
   1.6228875790015482     
   1.6228392317204399     
   1.6227909472996733     
   1.6227427256382907     
   1.6226945666349319     
   1.6226464701884855     
   1.6225984361984327     
   1.6225504645638920     
   1.6225025551846946     
   1.6224547079602896     
   1.6224069227908418     
   1.6223591995763225     
   1.6223115382174218     
   1.6222639386140947     
   1.6222164006674278     
   1.6221689242779878     
   1.6221215093470116     
   1.6220741557758684     
   1.6220268634657198     
   1.6219796323182238     
   1.6219324622350249     
   1.6218853531184905     
   1.6218383048704457     
   1.6217913173933294     
   1.6217443905896332     
   1.6216975243618172     
   1.6216507186131559     
   1.6216039732463381     
   1.6215572881647304     
   1.6215106632719032     
   1.6214640984708588     
   1.6214175936662969     
   1.6213711487612561     
   1.6213247636603432     
   1.6212784382676022     
   1.6212321724874292     
   1.6211859662248729     
   1.6211398193844011     
   1.6210937318710241     
   1.6210477035898916     
   1.6210017344466190     
   1.6209558243463191     
   1.6209099731949592     
   1.6208641808983659     
   1.6208184473623626     
   1.6207727724935705     
   1.6207271561977350     
   1.6206815983820297     
   1.6206360989526398     
   1.6205906578170464     
   1.6205452748816216     
   1.6204999500538184     
   1.6204546832414910     
   1.6204094743515516     
   1.6203643232922518     
   1.6203192299713121     
   1.6202741942967394     
   1.6202292161767968     
   1.6201842955196626     
   1.6201394322344322     
   1.6200946262295015     
   1.6200498774136987     
   1.6200051856964524     
   1.6199605509864003     
   1.6199159731936086     
   1.6198714522274926     
   1.6198269879972818     
   1.6197825804134651     
   1.6197382293858731     
   1.6196939348246677     
   1.6196496966401850     
   1.6196055147433961     
   1.6195613890444247     
   1.6195173194546300     
   1.6194733058849811     
   1.6194293482463218     
   1.6193854464500006     
   1.6193416004082144     
   1.6192978100320252     
   1.6192540752335196     
   1.6192103959244384     
   1.6191667720172966     
   1.6191232034241829     
   1.6190796900576443     
   1.6190362318304714     
   1.6189928286550994     
   1.6189494804447138     
   1.6189061871126060     
   1.6188629485715524     
   1.6188197647354097     
   1.6187766355173465     
   1.6187335608316580     
   1.6186905405917620     
   1.6186475747118292     
   1.6186046631062381     
   1.6185618056890763     
   1.6185190023749936     
   1.6184762530785968     
   1.6184335577149724     
   1.6183909161986851     
   1.6183483284449767     
   1.6183057943693218     
   1.6182633138868854     
   1.6182208869136305     
   1.6181785133648889     
   1.6181361931566054     
   1.6180939262050369     
   1.6180517124262357     
   1.6180095517365516     
   1.6179674440523597     
   1.6179253892906065     
   1.6178833873675769     
   1.6178414382007023     
   1.6177995417068971     
   1.6177576978032191     
   1.6177159064073867     
   1.6176741674367907     
   1.6176324808089644     
   1.6175908464417215     
   1.6175492642533016     
   1.6175077341615431     
   1.6174662560849618     
   1.6174248299417193     
   1.6173834556508631     
   1.6173421331303321     
   1.6173008622995391     
   1.6172596430773056     
   1.6172184753827652     
   1.6171773591354239     
   1.6171362942542507     
   1.6170952806591115     
   1.6170543182697061     
   1.6170134070057816     
   1.6169725467875879     
   1.6169317375350787     
   1.6168909791684585     
   1.6168502716083326     
   1.6168096147751776     
   1.6167690085897379     
   1.6167284529727763     
   1.6166879478453262     
   1.6166474931288553     
   1.6166070887438564     
   1.6165667346125812     
   1.6165264306561875     
   1.6164861767961802     
   1.6164459729548288     
   1.6164058190538404     
   1.6163657150151611     
   1.6163256607614811     
   1.6162856562148076     
   1.6162457012978781     
   1.6162057959331644     
   1.6161659400436559     
   1.6161261335521417     
   1.6160863763818900     
   1.6160466684558317     
   1.6160070096976071     
   1.6159674000303133     
   1.6159278393778813     
   1.6158883276639637     
   1.6158488648123694     
   1.6158094507472043     
   1.6157700853925949     
   1.6157307686729245     
   1.6156915005123391     
   1.6156522808356519     
   1.6156131095675335     
   1.6155739866326202     
   1.6155349119560432     
   1.6154958854628192     
   1.6154569070782034     
   1.6154179767273147     
   1.6153790943360129     
   1.6153402598297142     
   1.6153014731341047     
   1.6152627341751589     
   1.6152240428787448     
   1.6151853991710921     
   1.6151468029786571     
   1.6151082542274162     
   1.6150697528442053     
   1.6150312987556348     
   1.6149928918884153     
   1.6149545321693131     
   1.6149162195254878     
   1.6148779538844078     
   1.6148397351728665     
   1.6148015633186712     
   1.6147634382492353     
   1.6147253598919966     
   1.6146873281752814     
   1.6146493430264806     
   1.6146114043740822     
   1.6145735121458189     
   1.6145356662704506     
   1.6144978666760359     
   1.6144601132913559     
   1.6144224060450600     
   1.6143847448659467     
   1.6143471296831433     
   1.6143095604251372     
   1.6142720370217554     
   1.6142345594016656     
   1.6141971274948910     
   1.6141597412307311     
   1.6141224005389392     
   1.6140851053490572     
   1.6140478555912416     
   1.6140106511955703     
   1.6139734920921187     
   1.6139363782109766     
