   1.0000000000000000     
   1.0010442264412682     
   1.0010440549755268     
   1.0010440559800291     
   1.0010440572279862     
   1.0010440586039848     
   1.0010440600994364     
   1.0010440617063763     
   1.0010440634173621     
   1.0010440652254395     
   1.0010440671241083     
   1.0010440691072942     
   1.0010440711693187     
   1.0010440733048744     
   1.0010440755090004     
   1.0010440777770580     
   1.0010440801047105     
   1.0010440824879032     
   1.0010440849228446     
   1.0010440874059887     
   1.0010440899340201     
   1.0010440925038362     
   1.0010440951125368     
   1.0010440977574075     
   1.0010441004359096     
   1.0010441031456678     
   1.0010441058844590     
   1.0010441086502033     
   1.0010441114409538     
   1.0010441142548887     
   1.0010441170903024     
   1.0010441199455986     
   1.0010441228192828     
   1.0010441257099547     
   1.0010441286163043     
   1.0010441315371041     
   1.0010441344712047     
   1.0010441374175292     
   1.0010441403750692     
   1.0010441433428796     
   1.0010441463200752     
   1.0010441493058260     
   1.0010441522993545     
   1.0010441552999323     
   1.0010441583068761     
   1.0010441613195455     
   1.0010441643373404     
   1.0010441673596979     
   1.0010441703860904     
   1.0010441734160227     
   1.0010441764490308     
   1.0010441794846796     
   1.0010441825225604     
   1.0010441855622902     
   1.0010441886035100     
   1.0010441916458825     
   1.0010441946890913     
   1.0010441977328397     
   1.0010442007768494     
   1.0010442038208591     
   1.0010442068646235     
   1.0010442099079124     
   1.0010442129505104     
   1.0010442159922144     
   1.0010442190328344     
   1.0010442220721922     
   1.0010442251101206     
   1.0010442281464620     
   1.0010442311810692     
   1.0010442342138046     
   1.0010442372445376     
   1.0010442402731476     
   1.0010442432995199     
   1.0010442463235483     
   1.0010442493451319     
   1.0010442523641772     
   1.0010442553805960     
   1.0010442583943067     
   1.0010442614052311     
   1.0010442644132977     
   1.0010442674184388     
   1.0010442704205913     
   1.0010442734196965     
   1.0010442764156988     
   1.0010442794085472     
   1.0010442823981933     
   1.0010442853845929     
   1.0010442883677042     
   1.0010442913474882     
   1.0010442943239093     
   1.0010442972969338     
   1.0010443002665308     
   1.0010443032326719     
   1.0010443061953305     
   1.0010443091544821     
   1.0010443121101043     
   1.0010443150621764     
   1.0010443180106798     
   1.0010443209555966     
   1.0010443238969118     
   1.0010443268346112     
   1.0047930010755142     
   1.0086020379814509     
   1.0124694729897870     
   1.0163956491627404     
   1.0203809430068800     
   1.0244257619515127     
   1.0285305438114576     
   1.0326957564248174     
   1.0369218967878968     
   1.0412094910188523     
   1.0455590935967982     
   1.0499712873925726     
   1.0544466831699379     
   1.0589859193712696     
   1.0635896621693650     
   1.0682586049678622     
   1.0729934687467195     
   1.0777950017254074     
   1.0826639794068651     
   1.0876012048689132     
   1.0926075084479165     
   1.0976837482659507     
   1.1028308100443431     
   1.1080496076072288     
   1.1133410829044925     
   1.1187062063547775     
   1.1241459771644629     
   1.1296614235744515     
   1.1352536034379279     
   1.1409236043385582     
   1.1466725443036585     
   1.1525015719842240     
   1.1584118674839994     
   1.1644046426053700     
   1.1704811416190251     
   1.1766426417142657     
   1.1828904537249465     
   1.1892259228454862     
   1.1956504291541403     
   1.2021653884963690     
   1.2087722532383907     
   1.2154725130244088     
   1.2222676956736420     
   1.2291593680571189     
   1.2361491369390398     
   1.2432386500051127     
   1.2504295968060100     
   1.2577237100231722     
   1.2651227661778437     
   1.2726285869012086     
   1.2802430402899532     
   1.2879680418628023     
   1.2958055560378670     
   1.3037575971571114     
   1.3118262311906546     
   1.3200135767761174     
   1.3283218070085052     
   1.3367531509052255     
   1.3453098947596005     
   1.3539943839724098     
   1.3628090246699371     
   1.3717562856102781     
   1.3808386997280957     
   1.3900588663991607     
   1.3994194531496160     
   1.4089231975257812     
   1.4185729098740072     
   1.4283714747805325     
   1.4383218538184510     
   1.4484270878788779     
   1.4586902993287489     
   1.4691146950210703     
   1.4797035686154321     
   1.4904603033825412     
   1.5013883751100598     
   1.5124913552573518     
   1.5237729138452263     
   1.5352368224122186     
   1.5468869579811764     
   1.5587273059242861     
   1.5707619640933703     
   1.5829951461687592     
   1.5954311856736538     
   1.6080745400804084     
   1.6209297950343311     
   1.6340016688566648     
   1.6472950167605469     
   1.6608148360959891     
   1.6745662706832114     
   1.6885546168294014     
   1.7027853278507186     
   1.7172640203826772     
   1.7319964797246230     
   1.7469886659001834     
   1.7622467208147521     
   1.7777769736556004     
   1.7935859488729986     
   1.8096803727999302     
   1.8260671811640730     
   1.8427535274824995     
   1.8487652391552476     
   1.8546432526231915     
   1.8604904037697705     
   1.8663091219250707     
   1.8721007983764584     
   1.8778667456734575     
   1.8836082108606502     
   1.8893263793664681     
   1.8950223785669895     
   1.9006972811266483     
   1.9063521081310741     
   1.9119878320254919     
   1.9176053793712340     
   1.9232056334320853     
   1.9287894366014182     
   1.9343575926803487     
   1.9399108690164806     
   1.9454499985121720     
   1.9509756815106820     
   1.9564885875679900     
   1.9619893571175973     
   1.9674786030351192     
   1.9729569121090420     
   1.9784248464236032     
   1.9838829446593622     
   1.9893317233166692     
   1.9947716778668938     
   2.0002032838359680     
   2.0056269978245003     
   2.0110432584684315     
   2.0164524873439618     
   2.0218550898202192     
   2.0272514558629338     
   2.0326419607921564     
   2.0380269659968659     
   2.0434068196091362     
   2.0487818571403515     
   2.0541524020818054     
   2.0595187664718559     
   2.0648812514316961     
   2.0702401476716363     
   2.0755957359696953     
   2.0809482876241745     
   2.0862980648817810     
   2.0916453213427739     
   2.0969903023445022     
   2.1023332453246280     
   2.1076743801652373     
   2.1130139295189778     
   2.1183521091182644     
   2.1236891280685724     
   2.1290251891267173     
   2.1343604889650258     
   2.1396952184221845     
   2.1450295627415574     
   2.1503637017976791     
   2.1556978103115960     
   2.1610320580557016     
   2.1663666100486427     
   2.1717016267408633     
   2.1770372641913127     
   2.1823736742357962     
   2.1877110046474439     
   2.1930493992897189     
   2.1983889982623790     
   2.2037299380407696     
   2.2090723516088140     
   2.2144163685860283     
   2.2197621153488898     
   2.2251097151468491     
   2.2304592882132690     
   2.2358109518715636     
   2.2411648206367651     
   2.2465210063127801     
   2.2518796180855345     
   2.2572407626122253     
   2.2626045441068685     
   2.2679710644223401     
   2.2733404231290688     
   2.2787127175905550     
   2.2840880430358661     
   2.2894664926292583     
   2.2948481575370621     
   2.3002331269919551     
   2.3056214883547543     
   2.3110133271738418     
   2.3164087272423313     
   2.3218077706530762     
   2.3272105378516326     
   2.3326171076872502     
   2.3380275574619920     
   2.3434419629780674     
   2.3488603985834478     
   2.3542829372158480     
   2.3597096504451418     
   2.3651406085142805     
   2.3705758803787749     
   2.3760155337448028     
   2.3814596351060056     
   2.3869082497790153     
   2.3923614419377826     
   2.3978192746467313     
   2.4032818098928175     
   2.4087491086165014     
   2.4142212307417079     
   2.4196982352047969     
   2.4251801799825854     
   2.4306671221194631     
   2.4361591177536317     
   2.4416562221425036     
   2.4471584896872907     
   2.4526659739568171     
   2.4581787277105764     
   2.4636968029210742     
   2.4692202507954697     
   2.4747491217965503     
   2.4802834656630619     
   2.4858233314294105     
   2.4913687674447695     
   2.4969198213916082     
   2.5024765403036584     
   2.5080389705833417     
   2.5136071580186812     
   2.5191811477997064     
   2.5247609845343764     
   2.5303467122640271     
   2.5359383744783792     
   2.5415360141300933     
   2.5471396736489131     
   2.5527493949553959     
   2.5583652194742452     
   2.5639871881472680     
   2.5696153414459522     
   2.5752497193836952     
   2.5808903615276826     
   2.5865373070104285     
   2.5921905945409973     
   2.5978502624159083     
   2.6035163485297348     
   2.6091888903854081     
   2.6148679251042424     
   2.6205534894356735     
   2.6262456197667401     
   2.6319443521312937     
   2.6376497222189652     
   2.6433617653838906     
   2.6490805166531839     
   2.6548060107352009     
   2.6605382820275683     
   2.6662773646249969     
   2.6720232923268949     
   2.6777760986447645     
   2.6835358168094152     
   2.6893024797779774     
   2.6950761202407323     
   2.7008567706277633     
   2.7066444631154347     
   2.7124392296326914     
   2.7182411018672092     
   2.7240501112713695     
   2.7298662890680911     
   2.7356896662565044     
   2.7415202736174829     
   2.7473581417190278     
   2.7532033009215224     
   2.7590557813828434     
   2.7649156130633505     
   2.7707828257307412     
   2.7766574489647899     
   2.7825395121619647     
   2.7884290445399240     
   2.7943260751419094     
   2.8002306328410196     
   2.8061427463443822     
   2.8120624441972248     
   2.8179897547868378     
   2.8239247063464461     
   2.8298673269589827     
   2.8358176445607683     
   2.8417756869451076     
   2.8477414817657865     
   2.8537150565404952     
   2.8596964386541641     
   2.8656856553622188     
   2.8716827337937563     
   2.8776877009546471     
   2.8837005837305636     
   2.8897214088899306     
   2.8957502030868172     
   2.9017869928637454     
   2.9078318046544478     
   2.9138846647865471     
   2.9199455994841834     
   2.9260146348705729     
   2.9320917969705134     
   2.9381771117128230     
   2.9442706049327336     
   2.9503723023742214     
   2.9564822296922868     
   2.9626004124551804     
   2.9687268761465821     
   2.9748616461677271     
   2.9810047478394877     
   2.9871562064044030     
   2.9933160470286682     
   2.9994842948040787     
   3.0056609747499259     
   3.0118461118148603     
   3.0180397308787055     
   3.0242418567542346     
   3.0304525141889123     
   3.0366717278665885     
   3.0428995224091695     
   3.0491359223782402     
   3.0553809522766606     
   3.0616346365501217     
   3.0678969995886702     
   3.0741680657282062     
   3.0804478592519411     
   3.0867364043918268     
   3.0930337253299616     
   3.0993398461999577     
   3.1056547910882859     
   3.1119785840355925     
   3.1183112490379852     
   3.1246528100482971     
   3.1310032909773207     
   3.1373627156950246     
   3.1437311080317336     
   3.1501084917792972     
   3.1564948906922279     
   3.1628903284888161     
   3.1692948288522294     
   3.1757084154315844     
   3.1821311118429971     
   3.1885629416706203     
   3.1950039284676492     
   3.2014540957573212     
   3.2079134670338845     
   3.2143820657635542     
   3.2208599153854491     
   3.2273470393125141     
   3.2338434609324187     
   3.2403492036084423     
   3.2468642906803455     
   3.2533887454652208     
   3.2599225912583307     
   3.2664658513339280     
   3.2730185489460659     
   3.2795807073293872     
   3.2861523496999032     
   3.2927334992557595     
   3.2993241791779848     
   3.3059244126312297     
   3.3125342227644916     
   3.3191536327118234     
   3.3257826655930369     
   3.3324213445143904     
   3.3390696925692596     
   3.3457277328388093     
   3.3523954883926397     
   3.3590729822894314     
   3.3657602375775788     
   3.3724572772958066     
   3.3791641244737840     
   3.3858808021327231     
   3.3926073332859721     
   3.3993437409395937     
   3.4060900480929401     
   3.4128462777392139     
   3.4196124528660210     
   3.4263885964559204     
   3.4331747314869547     
   3.4399708809331830     
   3.4467770677651979     
   3.4535933149506408     
   3.4604196454547038     
   3.4672560822406275     
   3.4741026482701889     
   3.4809593665041851     
   3.4878262599029073     
   3.4947033514266090     
   3.5015906640359638     
   3.5084882206925245     
   3.5153960443591674     
   3.5223141580005364     
   3.5292425845834732     
   3.5361813470774504     
   3.5431304684549936     
   3.5500899716920959     
   3.5570598797686328     
   3.5640402156687636     
   3.5710310023813343     
   3.5780322629002703     
   3.5850440202249674     
   3.5920662973606747     
   3.5990991173188727     
   3.6061425031176508     
   3.6131964777820702     
   3.6202610643445348     
   3.6060280781518368     
   3.5915036790794805     
   3.5768974619845597     
   3.5622185321595592     
   3.5474737548318442     
   3.5326696315041222     
   3.5178123371539520     
   3.5029077360889280     
   3.4879614012068316     
   3.4729786281551434     
   3.4579644501548921     
   3.4429236529478624     
   3.4278607864063928     
   3.4127801786022309     
   3.3976859456069293     
   3.3825820036613150     
   3.3674720784057186     
   3.3523597152670064     
   3.3372482883226087     
   3.3221410088624026     
   3.3070409333603976     
   3.2919509708374335     
   3.2768738909173827     
   3.2618123294861867     
   3.2467687964045941     
   3.2317456802156705     
   3.2167452543979809     
   3.2017696832219631     
   3.1868210264875465     
   3.1719012442779189     
   3.1570122014322211     
   3.1421556726376307     
   3.1273333455544581     
   3.1125468253755564     
   3.0977976386423292     
   3.0830872357235961     
   3.0684169958441898     
   3.0537882288071918     
   3.0392021783715233     
   3.0246600257019027     
   3.0101628912814267     
   2.9957118381316712     
   2.9813078739559487     
   2.9669519536702529     
   2.9526449811996267     
   2.9383878121082647     
   2.9241812557612681     
   2.9100260765294088     
   2.8959229964723727     
   2.8818726963234820     
   2.8678758178155017     
   2.8539329647954004     
   2.8400447053463620     
   2.8262115728356356     
   2.8124340669751340     
   2.7987126560091324     
   2.7850477774848539     
   2.7714398396079369     
   2.7578892222559839     
   2.7443962782789031     
   2.7309613345941464     
   2.7175846930960956     
   2.7042666317635478     
   2.6910074056547972     
   2.6778072474849317     
   2.6646663689086019     
   2.6515849612478926     
   2.6385631960898839     
   2.6256012264075688     
   2.6126991868367462     
   2.5998571950536959     
   2.5870753517128326     
   2.5743537417661391     
   2.5616924344632270     
   2.5490914846111292     
   2.5365509326888973     
   2.5240708056142882     
   2.5116511172496097     
   2.4992918687500909     
   2.4869930495490040     
   2.4747546371436968     
   2.4625765983558638     
   2.4504588888590053     
   2.4384014545275674     
   2.4264042312980769     
   2.4144671454839024     
   2.4025901148488780     
   2.3907730480124210     
   2.3790158456652781     
   2.3673184004094230     
   2.3556805970806787     
   2.3441023135916899     
   2.3325834204380875     
   2.3211237818674260     
   2.3097232552558693     
   2.2983816922175611     
   2.2870989384262517     
   2.2758748336552181     
   2.2647092128814683     
   2.2536019054769589     
   2.2509207342614426     
   2.2482865044915403     
   2.2456925928611868     
   2.2431376140364896     
   2.2406202517283078     
   2.2381392517884073     
   2.2356934187210502     
   2.2332816124113402     
   2.2309027450544825     
   2.2285557782730052     
   2.2262397204098385     
   2.2239536239859587     
   2.2216965833120330     
   2.2194677322442002     
   2.2172662420747891     
   2.2150913195493431     
   2.2129422050019341     
   2.2108181706012280     
   2.2087185187002976     
   2.2066425802836047     
   2.2045897135050305     
   2.2025593023112124     
   2.2005507551448327     
   2.1985635037228506     
   2.1965970018849870     
   2.1946507245080955     
   2.1927241664823089     
   2.1908168417451499     
   2.1889282823700089     
   2.1870580377056461     
   2.1852056735635914     
   2.1833707714504920     
   2.1815529278426871     
   2.1797517535004243     
   2.1779668728193311     
   2.1761979232168769     
   2.1744445545517359     
   2.1727064285740729     
   2.1709832184049089     
   2.1692746080428353     
   2.1675802918964635     
   2.1658999743410927     
   2.1642333692981710     
   2.1625801998362251     
   2.1609401977920077     
   2.1593131034106947     
   2.1576986650040322     
   2.1560966386254137     
   2.1545067877609139     
   2.1529288830353828     
   2.1513627019327419     
   2.1498080285297041     
   2.1482646532421414     
   2.1467323725834331     
   2.1452109889341044     
   2.1437003103221581     
   2.1422001502135091     
   2.1407103273119725     
   2.1392306653683018     
   2.1377609929977859     
   2.1363011435059520     
   2.1348509547219532     
   2.1334102688392322     
   2.1319789322630873     
   2.1305567954647850     
   2.1291437128418784     
   2.1277395425844241     
   2.1263441465467947     
   2.1249573901248091     
   2.1235791421379142     
   2.1222092747161669     
   2.1208476631917934     
   2.1194941859950855     
   2.1181487245544375     
   2.1168111632003246     
   2.1154813890730306     
   2.1141592920339543     
   2.1128447645803203     
   2.1115377017631500     
   2.1102380011083239     
   2.1089455625406148     
   2.1076602883105435     
   2.1063820829239335     
   2.1051108530740503     
   2.1038465075762085     
   2.1025889573047358     
   2.1013381151321910     
   2.1000938958707538     
   2.0988562162156681     
   2.0976249946906806     
   2.0964001515953674     
   2.0951816089542818     
   2.0939692904678511     
   2.0927631214649409     
   2.0915630288570277     
   2.0903689410939110     
   2.0891807881209008     
   2.0879985013374363     
   2.0868220135570574     
   2.0856512589686949     
   2.0844861730992190     
   2.0833266927772014     
   2.0821727560978456     
   2.0810243023890322     
   2.0798812721784579     
   2.0787436071617962     
   2.0776112501718798     
   2.0764841451488323     
   2.0753622371111344     
   2.0742454721275925     
   2.0731337972901587     
   2.0720271606875951     
   2.0709255113799347     
   2.0698287993737230     
   2.0687369755980010     
   2.0676499918810149     
   2.0665678009276198     
   2.0654903562973628     
   2.0644176123832061     
   2.0633495243908868     
   2.0622860483188790     
   2.0612271409389429     
   2.0601727597772443     
   2.0591228630960154     
   2.0580774098757528     
   2.0570363597979213     
   2.0559996732281607     
   2.0549673111999649     
   2.0539392353988291     
   2.0529154081468479     
   2.0518957923877439     
   2.0508803516723200     
   2.0498690501443182     
   2.0488618525266733     
   2.0478587241081492     
   2.0468596307303457     
   2.0458645387750627     
   2.0448734151520123     
   2.0438862272868707     
   2.0429029431096506     
   2.0419235310433956     
   2.0409479599931792     
   2.0399761993353986     
   2.0390082189073615     
   2.0380439889971504     
   2.0370834803337576     
   2.0361266640774804     
   2.0351735118105809     
   2.0342239955281807     
   2.0332780876294061     
   2.0323357609087589     
   2.0313969885477206     
   2.0304617441065700     
   2.0295300015164148     
   2.0286017350714340     
   2.0276769194213151     
   2.0267555295638928     
   2.0258375408379710     
   2.0249229289163306     
   2.0240116697989174     
   2.0231037398062028     
   2.0221991155727110     
   2.0212977740407103     
   2.0203996924540628     
   2.0195048483522342     
   2.0186132195644433     
   2.0177247842039652     
   2.0168395206625727     
   2.0159574076051161     
   2.0150784239642361     
   2.0142025489352111     
   2.0133297619709190     
   2.0124600427769375     
   2.0115933713067524     
   2.0107297277570857     
   2.0098690925633358     
   2.0090114463951290     
   2.0081567701519769     
   2.0073050449590384     
   2.0064562521629781     
   2.0056103733279285     
   2.0047673902315486     
   2.0039272848611640     
   2.0030900394100151     
   2.0022556362735773     
   2.0014240580459770     
   2.0005952875164836     
   1.9997693076660887     
   1.9989461016641621     
   1.9981256528651783     
   1.9973079448055291     
   1.9964929612004005     
   1.9956806859407212     
   1.9948711030901840     
   1.9940641968823298     
   1.9932599517177003     
   1.9924583521610499     
   1.9916593829386269     
   1.9908630289355036     
   1.9900692751929792     
   1.9892781069060272     
   1.9884895094208059     
   1.9877034682322201     
   1.9869199689815362     
   1.9861389974540513     
   1.9853605395768077     
   1.9845845814163592     
   1.9838111091765855     
   1.9830401091965513     
   1.9822715679484118     
   1.9815054720353609     
   1.9807418081896255     
   1.9799805632704959     
   1.9792217242624042     
   1.9784652782730374     
   1.9777112125314886     
   1.9769595143864520     
   1.9762101713044495     
   1.9754631708680930     
   1.9747185007743857     
   1.9739761488330549     
   1.9732361029649181     
   1.9724983512002836     
   1.9717628816773796     
   1.9710296826408182     
   1.9702987424400860     
   1.9695700495280677     
   1.9688435924595953     
   1.9681193598900277     
   1.9673973405738554     
   1.9666775233633360     
   1.9659598972071497     
   1.9652444511490876     
   1.9645311743267575     
   1.9638200559703209     
   1.9631110854012488     
   1.9624042520311034     
   1.9616995453603396     
   1.9609969549771331     
   1.9602964705562258     
   1.9595980818577940     
   1.9589017787263390     
   1.9582075510895942     
   1.9575153889574541     
   1.9568252824209242     
   1.9561372216510851     
   1.9554511968980792     
   1.9547671984901140     
   1.9540852168324820     
   1.9534052424065989     
   1.9527272657690586     
   1.9520512775507033     
   1.9513772684557118     
   1.9507052292607026     
   1.9500351508138496     
   1.9493670240340188     
   1.9487008399099128     
   1.9480365894992366     
   1.9473742639278711     
   1.9467138543890630     
   1.9460553521426325     
   1.9453987485141842     
   1.9447440348943408     
   1.9440912027379849     
   1.9434402435635110     
   1.9427911489520966     
   1.9421439105469767     
   1.9414985200527353     
   1.9408549692346080     
   1.9402132499177940     
   1.9395733539867785     
   1.9389352733846685     
   1.9382990001125366     
   1.9376645262287762     
   1.9370318438484664     
   1.9364009451427457     
   1.9357718223381997     
   1.9351444677162493     
   1.9345188736125589     
   1.9338950324164468     
   1.9332729365703059     
   1.9326525785690336     
   1.9320339509594697     
   1.9314170463398437     
   1.9308018573592292     
   1.9301883767170089     
   1.9295765971623409     
   1.9289665114936418     
   1.9283581125580709     
   1.9277513932510235     
   1.9271463465156327     
   1.9265429653422776     
   1.9259412427680975     
   1.9253411718765161     
   1.9247427457967663     
   1.9241459577034310     
   1.9235508008159805     
   1.9229572683983256     
   1.9223653537583667     
   1.9217750502475606     
   1.9211863512604832     
   1.9205992502344054     
   1.9200137406488691     
   1.9194298160252754     
   1.9188474699264719     
   1.9182666959563499     
   1.9176874877594456     
   1.9171098390205463     
   1.9165337434643024     
   1.9159591948548447     
   1.9153861869954065     
   1.9148147137279519     
   1.9142447689328044     
   1.9136763465282871     
   1.9131094404703646     
   1.9125440447522863     
   1.9119801534042393     
   1.9114177604930043     
   1.9108568601216138     
   1.9102974464290172     
   1.9097395135897497     
   1.9091830558136038     
   1.9086280673453069     
   1.9080745424642021     
   1.9075224754839328     
   1.9069718607521324     
   1.9064226926501155     
   1.9058749655925769     
   1.9053286740272890     
   1.9047838124348080     
   1.9042403753281805     
   1.9036983572526553     
   1.9031577527853982     
   1.9026185565352096     
   1.9020807631422467     
   1.9015443672777486     
   1.9010093636437646     
   1.9004757469728846     
   1.8999435120279760     
   1.8994126536019205     
   1.8988831665173547     
   1.8983550456264147     
   1.8978282858104851     
   1.8973028819799458     
   1.8967788290739271     
   1.8962561220600649     
   1.8957347559342614     
   1.8952147257204439     
   1.8946960264703301     
   1.8941786532631961     
   1.8936626012056466     
   1.8931478654313842     
   1.8926344411009881     
   1.8921223234016895     
   1.8916115075471513     
   1.8911019887772531     
   1.8905937623578737     
   1.8900868235806798     
   1.8895811677629157     
   1.8890767902471950     
   1.8885736864012956     
   1.8880718516179567     
   1.8875712813146766     
   1.8870719709335155     
   1.8865739159408981     
   1.8860771118274187     
   1.8855815541076506     
   1.8850872383199544     
   1.8845941600262899     
   1.8841023148120315     
   1.8836116982857822     
   1.8831223060791942     
   1.8826341338467845     
   1.8821471772657614     
   1.8816614320358465     
   1.8811768938790980     
   1.8806935585397426     
   1.8802114217840005     
   1.8797304793999199     
   1.8792507271972076     
   1.8787721610070647     
   1.8782947766820235     
   1.8778185700957841     
   1.8773435371430554     
   1.8768696737393968     
   1.8763969758210597     
   1.8759254393448339     
   1.8754550602878939     
   1.8749858346476453     
   1.8745177584415755     
   1.8740508277071055     
   1.8735850385014403     
   1.8731203869014248     
   1.8726568690033989     
   1.8721944809230537     
   1.8717332187952915     
   1.8712730787740841     
   1.8708140570323351     
   1.8703561497617422     
   1.8698993531726620     
   1.8694436634939744     
   1.8689890769729491     
   1.8685355898751159     
   1.8680831984841315     
   1.8676318991016521     
   1.8671816880472041     
   1.8667325616580577     
   1.8662845162891024     
   1.8658375483127201     
   1.8653916541186661     
   1.8649468301139440     
   1.8645030727226848     
   1.8640603783860292     
   1.8636187435620097     
   1.8631781647254306     
   1.8627386383677544     
   1.8623001609969858     
   1.8618627291375573     
   1.8614263393302184     
   1.8609909881319218     
   1.8605566721157130     
   1.8601233878706229     
   1.8596911320015557     
   1.8592599011291844     
   1.8588296918898430     
   1.8584005009354216     
   1.8579723249332600     
   1.8575451605660467     
   1.8571190045317141     
   1.8566938535433399     
   1.8562697043290424     
   1.8558465536318840     
   1.8554243982097707     
   1.8550032348353540     
   1.8545830602959366     
   1.8541638713933719     
   1.8537456649439723     
   1.8533284377784134     
   1.8529121867416407     
   1.8524969086927765     
   1.8520826005050288     
   1.8516692590656003     
   1.8512568812755972     
   1.8508454640499412     
   1.8504350043172797     
   1.8500254990198990     
   1.8496169451136373     
   1.8492093395677975     
   1.8488026793650625     
   1.8483969615014106     
   1.8479921829860317     
   1.8475883408412437     
   1.8471854321024099     
   1.8467834538178578     
   1.8463824030487976     
   1.8459822768692427     
   1.8455830723659288     
   1.8451847866382365     
   1.8447874167981115     
   1.8443909599699893     
   1.8439954132907153     
   1.8436007739094713     
   1.8432070389876984     
   1.8428142056990235     
   1.8424222712291825     
   1.8420312327759498     
   1.8416410875490632     
   1.8412518327701521     
   1.8408634656726663     
   1.8404759835018043     
   1.8400893835144423     
   1.8397036629790646     
   1.8393188191756953     
   1.8389348493958282     
   1.8385517509423592     
   1.8381695211295179     
   1.8377881572828021     
   1.8374076567389099     
   1.8370280168456734     
   1.8366492349619952     
   1.8362713084577820     
   1.8358942347138805     
   1.8355180111220135     
   1.8351426350847173     
   1.8347681040152786     
   1.8343944153376714     
   1.8340215664864972     
   1.8336495549069212     
   1.8332783780546142     
   1.8329080333956895     
   1.8325385184066456     
   1.8321698305743062     
   1.8318019673957608     
   1.8314349263783067     
   1.8310687050393910     
   1.8307033009065536     
   1.8303387115173697     
   1.8299749344193943     
   1.8296119671701043     
   1.8292498073368439     
   1.8288884524967710     
   1.8285279002367993     
   1.8281681481535470     
   1.8278091938532808     
   1.8274510349518625     
   1.8270936690746982     
   1.8267370938566831     
   1.8263813069421504     
   1.8260263059848190     
   1.8256720886477433     
   1.8253186526032603     
   1.8249659955329407     
   1.8246141151275368     
   1.8242630090869345     
   1.8239126751201034     
   1.8235631109450468     
   1.8232143142887525     
   1.8228662828871469     
   1.8225190144850445     
   1.8221725068361017     
   1.8218267577027687     
   1.8214817648562431     
   1.8211375260764235     
   1.8207940391518620     
   1.8204513018797197     
   1.8201093120657208     
   1.8197680675241068     
   1.8194275660775925     
   1.8190878055573201     
   1.8187487838028178     
   1.8184104986619520     
   1.8180729479908861     
   1.8177361296540382     
   1.8174000415240350     
   1.8170646814816722     
   1.8167300474158710     
   1.8163961372236352     
   1.8160629488100111     
   1.8157304800880449     
   1.8153987289787428     
   1.8150676934110277     
   1.8147373713217028     
   1.8144077606554072     
   1.8140788593645780     
   1.8137506654094107     
   1.8134231767578193     
   1.8130963913853972     
   1.8127703072753794     
   1.8124449224186010     
   1.8121202348134633     
   1.8117962424658922     
   1.8114729433893018     
   1.8111503356045566     
   1.8108284171399354     
   1.8105071860310926     
   1.8101866403210218     
   1.8098667780600211     
   1.8095475973056545     
   1.8092290961227180     
   1.8089112725832019     
   1.8085941247662569     
   1.8082776507581584     
   1.8079618486522713     
   1.8076467165490147     
   1.8073322525558293     
   1.8070184547871406     
   1.8067053213643272     
   1.8063928504156843     
   1.8060810400763938     
   1.8057698884884872     
   1.8054593938008141     
   1.8051495541690099     
   1.8048403677554621     
   1.8045318327292781     
   1.8042239472662525     
   1.8039167095488358     
   1.8036101177661030     
   1.8033041701137194     
   1.8029988647939117     
   1.8026942000154360     
   1.8023901739935477     
   1.8020867849499678     
   1.8017840311128550     
   1.8014819107167752     
   1.8011804220026695     
   1.8008795632178245     
   1.8005793326158450     
   1.8002797284566214     
   1.7999807490063011     
   1.7996823925372596     
   1.7993846573280714     
   1.7990875416634808     
   1.7987910438343726     
   1.7984951621377454     
   1.7981998948766811     
   1.7979052403603184     
   1.7976111969038238     
   1.7973177628283632     
   1.7970249364610771     
   1.7967327161350488     
   1.7964411001892810     
   1.7961500869686668     
   1.7958596748239621     
   1.7955698621117604     
   1.7952806471944656     
   1.7949920284402645     
   1.7947040042231028     
   1.7944165729226556     
   1.7941297329243042     
   1.7938434826191099     
   1.7935578204037868     
   1.7932727446806778     
   1.7929882538577284     
   1.7927043463484622     
   1.7924210205719548     
   1.7921382749528094     
   1.7918561079211326     
   1.7915745179125093     
   1.7912935033679780     
   1.7910130627340066     
   1.7907331944624689     
   1.7904538970106194     
   1.7901751688410701     
   1.7898970084217669     
   1.7896194142259658     
   1.7893423847322090     
   1.7890659184243023     
   1.7887900137912911     
   1.7885146693274383     
   1.7882398835322006     
   1.7879656549102068     
   1.7876919819712329     
   1.7874188632301817     
   1.7871462972070598     
   1.7868742824269550     
   1.7866028174200148     
   1.7863319007214238     
   1.7860615308713812     
   1.7857917064150812     
   1.7855224259026887     
   1.7852536878893204     
   1.7849854909350209     
   1.7847178336047431     
   1.7844507144683273     
   1.7841841321004779     
   1.7839180850807446     
   1.7836525719935024     
   1.7833875914279274     
   1.7831231419779807     
   1.7828592222423838     
   1.7825958308246004     
   1.7823329663328171     
   1.7820706273799209     
   1.7818088125834803     
   1.7815475205657276     
   1.7812867499535345     
   1.7810264993783962     
   1.7807667674764107     
   1.7805075528882590     
   1.7802488542591866     
   1.7799906702389829     
   1.7797329994819633     
   1.7794758406469500     
   1.7792191923972527     
   1.7789630534006502     
   1.7787074223293700     
   1.7784522978600734     
   1.7781976786738327     
   1.7779435634561167     
   1.7776899508967678     
   1.7774368396899891     
   1.7771842285343218     
   1.7769321161326304     
   1.7766805011920819     
   1.7764293824241304     
   1.7761787585444981     
   1.7759286282731583     
   1.7756789903343173     
   1.7754298434563967     
   1.7751811863720168     
   1.7749330178179794     
   1.7746853365352497     
   1.7744381412689401     
   1.7741914307682922     
   1.7739452037866617     
   1.7736994590814992     
   1.7734541954143350     
   1.7732094115507624     
   1.7729651062604208     
   1.7727212783169788     
   1.7724779264981190     
   1.7722350495855199     
   1.7719926463648419     
   1.7717507156257095     
   1.7715092561616954     
   1.7712682667703059     
   1.7710277462529622     
   1.7707876934149878     
   1.7705481070655906     
   1.7703089860178491     
   1.7700703290886937     
   1.7698321350988953     
   1.7695944028730461     
   1.7693571312395473     
   1.7691203190305913     
   1.7688839650821486     
   1.7686480682339512     
   1.7684126273294785     
   1.7681776412159420     
   1.7679431087442703     
   1.7677090287690937     
   1.7674754001487321     
   1.7672422217451764     
   1.7670094924240771     
   1.7667772110547282     
   1.7665453765100532     
   1.7663139876665910     
   1.7660830434044805     
   1.7658525426074489     
   1.7656224841627932     
   1.7653928669613714     
   1.7651636898975838     
   1.7649349518693622     
   1.7647066517781544     
   1.7644787885289110     
   1.7642513610300719     
   1.7640243681935508     
   1.7637978089347248     
   1.7635716821724183     
   1.7633459868288899     
   1.7631207218298188     
   1.7628958861042943     
   1.7626714785847977     
   1.7624474982071936     
   1.7622239439107128     
   1.7620008146379429     
   1.7617781093348119     
   1.7615558269505782     
   1.7613339664378149     
   1.7611125267524002     
   1.7608915068535005     
   1.7606709057035621     
   1.7604507222682944     
   1.7602309555166609     
   1.7600116044208640     
   1.7597926679563334     
   1.7595741451017153     
   1.7593560348388562     
   1.7591383361527946     
   1.7589210480317470     
   1.7587041694670948     
   1.7584876994533738     
   1.7582716369882609     
   1.7580559810725633     
   1.7578407307102051     
   1.7576258849082169     
   1.7574114426767227     
   1.7571974030289279     
   1.7569837649811095     
   1.7567705275526024     
   1.7565576897657880     
   1.7563452506460844     
   1.7561332092219322     
   1.7559215645247850     
   1.7557103155890970     
   1.7554994614523127     
   1.7552890011548539     
   1.7550789337401096     
   1.7548692582544254     
   1.7546599737470900     
   1.7544510792703267     
   1.7542425738792811     
   1.7540344566320094     
   1.7538267265894687     
   1.7536193828155064     
   1.7534124243768470     
   1.7532058503430834     
   1.7529996597866671     
   1.7527938517828923     
   1.7525884254098929     
   1.7523833797486250     
   1.7521787138828611     
   1.7519744268991757     
   1.7517705178869383     
   1.7515669859383003     
   1.7513638301481871     
   1.7511610496142851     
   1.7509586434370334     
   1.7507566107196122     
   1.7505549505679343     
   1.7503536620906326     
   1.7501527443990528     
   1.7499521966072407     
   1.7497520178319323     
   1.7495522071925480     
   1.7493527638111765     
   1.7491536868125688     
   1.7489549753241280     
   1.7487566284758991     
   1.7485586454005577     
   1.7483610252334030     
   1.7481637671123460     
   1.7479668701779016     
   1.7477703335731771     
   1.7475741564438643     
   1.7473783379382293     
   1.7471828772071025     
   1.7469877734038703     
   1.7467930256844650     
   1.7465986332073562     
   1.7464045951335398     
   1.7462109106265307     
   1.7460175788523529     
   1.7458245989795294     
   1.7456319701790748     
   1.7454396916244848     
   1.7452477624917271     
   1.7450561819592338     
   1.7448649492078916     
   1.7446740634210314     
   1.7444835237844223     
   1.7442933294862604     
   1.7441034797171606     
   1.7439139736701486     
   1.7437248105406511     
   1.7435359895264884     
   1.7433475098278630     
   1.7431593706473545     
   1.7429715711899085     
   1.7427841106628295     
   1.7425969882757708     
   1.7424102032407283     
   1.7422237547720290     
   1.7420376420863253     
   1.7418518644025853     
   1.7416664209420845     
   1.7414813109283991     
   1.7412965335873940     
   1.7411120881472186     
   1.7409279738382966     
   1.7407441898933174     
   1.7405607355472295     
   1.7403776100372315     
   1.7401948126027631     
   1.7400123424855001     
   1.7398301989293417     
   1.7396483811804080     
   1.7394668884870268     
   1.7392857200997298     
   1.7391048752712428     
   1.7389243532564773     
   1.7387441533125250     
   1.7385642746986476     
   1.7383847166762700     
   1.7382054785089731     
   1.7380265594624857     
   1.7378479588046760     
   1.7376696758055465     
   1.7374917097372233     
   1.7373140598739509     
   1.7371367254920829     
   1.7369597058700768     
   1.7367830002884830     
   1.7366066080299416     
   1.7364305283791728     
   1.7362547606229684     
   1.7360793040501874     
   1.7359041579517456     
   1.7357293216206107     
   1.7355547943517942     
   1.7353805754423433     
   1.7352066641913353     
   1.7350330598998704     
   1.7348597618710624     
   1.7346867694100343     
   1.7345140818239095     
   1.7343416984218059     
   1.7341696185148279     
   1.7339978414160595     
   1.7338263664405587     
   1.7336551929053492     
   1.7334843201294126     
   1.7333137474336859     
   1.7331434741410487     
   1.7329734995763204     
   1.7328038230662530     
   1.7326344439395225     
   1.7324653615267236     
   1.7322965751603643     
   1.7321280841748554     
   1.7319598879065079     
   1.7317919856935240     
   1.7316243768759909     
   1.7314570607958752     
   1.7312900367970150     
   1.7311233042251146     
   1.7309568624277372     
   1.7307907107542990     
   1.7306248485560625     
   1.7304592751861290     
   1.7302939899994352     
   1.7301289923527441     
   1.7299642816046394     
   1.7297998571155189     
   1.7296357182475901     
   1.7294718643648612     
   1.7293082948331371     
   1.7291450090200118     
   1.7289820062948627     
   1.7288192860288447     
   1.7286568475948845     
   1.7284946903676723     
   1.7283328137236591     
   1.7281712170410473     
   1.7280098996997872     
   1.7278488610815694     
   1.7276881005698201     
   1.7275276175496943     
   1.7273674114080693     
   1.7272074815335401     
   1.7270478273164134     
   1.7268884481487004     
   1.7267293434241124     
   1.7265705125380548     
   1.7264119548876202     
   1.7262536698715842     
   1.7260956568903971     
   1.7259379153461822     
   1.7257804446427265     
   1.7256232441854764     
   1.7254663133815331     
   1.7253096516396438     
   1.7251532583702003     
   1.7249971329852296     
   1.7248412748983912     
   1.7246856835249691     
   1.7245303582818683     
   1.7243752985876091     
   1.7242205038623202     
   1.7240659735277344     
   1.7239117070071828     
   1.7237577037255889     
   1.7236039631094644     
   1.7234504845869036     
   1.7232972675875766     
   1.7231443115427254     
   1.7229916158851581     
   1.7228391800492444     
   1.7226870034709090     
   1.7225350855876269     
   1.7223834258384181     
   1.7222320236638433     
   1.7220808785059976     
   1.7219299898085054     
   1.7217793570165163     
   1.7216289795766981     
   1.7214788569372335     
   1.7213289885478154     
   1.7211793738596382     
   1.7210300123253977     
   1.7208809033992827     
   1.7207320465369718     
   1.7205834411956262     
   1.7204350868338869     
   1.7202869829118694     
   1.7201391288911585     
   1.7199915242348016     
   1.7198441684073074     
   1.7196970608746385     
   1.7195502011042065     
   1.7194035885648684     
   1.7192572227269212     
   1.7191111030620974     
   1.7189652290435589     
   1.7188196001458944     
   1.7186742158451129     
   1.7185290756186395     
   1.7183841789453114     
   1.7182395253053719     
   1.7180951141804670     
   1.7179509450536394     
   1.7178070174093261     
   1.7176633307333509     
   1.7175198845129218     
   1.7173766782366262     
   1.7172337113944249     
   1.7170909834776502     
   1.7169484939789990     
   1.7168062423925283     
   1.7166642282136535     
   1.7165224509391406     
   1.7163809100671026     
   1.7162396050969964     
   1.7160985355296186     
   1.7159577008670976     
   1.7158171006128931     
   1.7156767342717902     
   1.7155366013498947     
   1.7153967013546298     
   1.7152570337947304     
   1.7151175981802400     
   1.7149783940225056     
   1.7148394208341746     
   1.7147006781291878     
   1.7145621654227792     
   1.7144238822314684     
   1.7142858280730584     
   1.7141480024666300     
   1.7140104049325378     
   1.7138730349924085     
   1.7137358921691324     
   1.7135989759868628     
   1.7134622859710107     
   1.7133258216482405     
   1.7131895825464660     
   1.7130535681948467     
   1.7129177781237832     
   1.7127822118649141     
   1.7126468689511105     
   1.7125117489164734     
   1.7123768512963289     
   1.7122421756272246     
   1.7121077214469251     
   1.7119734882944089     
   1.7118394757098647     
   1.7117056832346844     
   1.7115721104114645     
   1.7114387567839981     
   1.7113056218972713     
   1.7111727052974612     
   1.7110400065319320     
   1.7109075251492283     
   1.7107752606990747     
   1.7106432127323705     
   1.7105113808011860     
   1.7103797644587577     
   1.7102483632594867     
   1.7101171767589336     
   1.7099862045138150     
   1.7098554460819999     
   1.7097249010225051     
   1.7095945688954930     
   1.7094644492622670     
   1.7093345416852683     
   1.7092048457280722     
   1.7090753609553826     
   1.7089460869330333     
   1.7088170232279773     
   1.7086881694082905     
   1.7085595250431620     
   1.7084310897028945     
   1.7083028629589001     
   1.7081748443836946     
   1.7080470335508964     
   1.7079194300352216     
   1.7077920334124819     
   1.7076648432595793     
   1.7075378591545032     
   1.7074110806763283     
   1.7072845074052094     
   1.7071581389223791     
   1.7070319748101439     
   1.7069060146518802     
   1.7067802580320319     
   1.7066547045361069     
   1.7065293537506734     
   1.7064042052633566     
   1.7062792586628346     
   1.7061545135388378     
   1.7060299694821410     
   1.7059056260845651     
   1.7057814829389693     
   1.7056575396392515     
   1.7055337957803427     
   1.7054102509582050     
   1.7052869047698269     
   1.7051637568132219     
   1.7050408066874239     
   1.7049180539924849     
   1.7047954983294709     
   1.7046731393004586     
   1.7045509765085343     
   1.7044290095577879     
   1.7043072380533113     
   1.7041856616011957     
   1.7040642798085268     
   1.7039430922833831     
   1.7038220986348331     
   1.7037012984729301     
   1.7035806914087106     
   1.7034602770541922     
   1.7033400550223692     
   1.7032200249272083     
   1.7031001863836486     
   1.7029805390075961     
   1.7028610824159225     
   1.7027418162264603     
   1.7026227400580012     
   1.7025038535302923     
   1.7023851562640342     
   1.7022666478808763     
   1.7021483280034166     
   1.7020301962551956     
   1.7019122522606944     
   1.7017944956453337     
   1.7016769260354687     
   1.7015595430583865     
   1.7014423463423038     
   1.7013253355163638     
   1.7012085102106345     
   1.7010918700561022     
   1.7009754146846734     
   1.7008591437291685     
   1.7007430568233204     
   1.7006271536017716     
   1.7005114337000713     
   1.7003958967546722     
   1.7002805424029281     
   1.7001653702830917     
   1.7000503800343103     
   1.6999355712966246     
   1.6998209437109653     
   1.6997064969191498     
   1.6995922305638802     
   1.6994781442887412     
   1.6993642377381954     
   1.6992505105575830     
   1.6991369623931170     
   1.6990235928918820     
   1.6989104017018306     
   1.6987973884717815     
   1.6986845528514167     
   1.6985718944912778     
   1.6984594130427644     
   1.6983471081581325     
   1.6982349794904890     
   1.6981230266937914     
   1.6980112494228450     
   1.6978996473332992     
   1.6977882200816468     
   1.6976769673252186     
   1.6975658887221834     
   1.6974549839315456     
   1.6973442526131386     
   1.6972336944276292     
   1.6971233090365079     
   1.6970130961020913     
   1.6969030552875179     
   1.6967931862567451     
   1.6966834886745481     
   1.6965739622065152     
   1.6964646065190481     
   1.6963554212793577     
   1.6962464061554618     
   1.6961375608161835     
   1.6960288849311476     
   1.6959203781707779     
   1.6958120402062979     
   1.6957038707097245     
   1.6955958693538671     
   1.6954880358123265     
   1.6953803697594905     
   1.6952728708705327     
   1.6951655388214095     
   1.6950583732888589     
   1.6949513739503961     
   1.6948445404843140     
   1.6947378725696773     
   1.6946313698863240     
   1.6945250321148604     
   1.6944188589366596     
   1.6943128500338593     
   1.6942070050893592     
   1.6941013237868203     
   1.6939958058106592     
   1.6938904508460497     
   1.6937852585789179     
   1.6936802286959416     
   1.6935753608845459     
   1.6934706548329039     
   1.6933661102299322     
   1.6932617267652892     
   1.6931575041293740     
   1.6930534420133221     
   1.6929495401090053     
   1.6928457981090292     
   1.6927422157067289     
   1.6926387925961697     
   1.6925355284721424     
   1.6924324230301639     
   1.6923294759664724     
   1.6922266869780276     
   1.6921240557625052     
   1.6920215820182993     
   1.6919192654445168     
   1.6918171057409763     
   1.6917151026082067     
   1.6916132557474435     
   1.6915115648606291     
   1.6914100296504084     
   1.6913086498201282     
   1.6912074250738343     
   1.6911063551162704     
   1.6910054396528738     
   1.6909046783897765     
   1.6908040710338019     
   1.6907036172924608     
   1.6906033168739523     
   1.6905031694871608     
   1.6904031748416526     
   1.6903033326476766     
   1.6902036426161593     
   1.6901041044587051     
   1.6900047178875934     
   1.6899054826157762     
   1.6898063983568781     
   1.6897074648251913     
   1.6896086817356759     
   1.6895100488039574     
   1.6894115657463240     
   1.6893132322797264     
   1.6892150481217745     
   1.6891170129907347     
   1.6890191266055308     
   1.6889213886857388     
   1.6888237989515882     
   1.6887263571239566     
   1.6886290629243714     
   1.6885319160750054     
   1.6884349162986754     
   1.6883380633188412     
   1.6882413568596035     
   1.6881447966457011     
   1.6880483824025094     
   1.6879521138560416     
   1.6878559907329391     
   1.6877600127604802     
   1.6876641796665686     
   1.6875684911797384     
   1.6874729470291481     
   1.6873775469445811     
   1.6872822906564431     
   1.6871871778957606     
   1.6870922083941782     
   1.6869973818839581     
   1.6869026980979780     
   1.6868081567697284     
   1.6867137576333113     
   1.6866195004234399     
   1.6865253848754342     
   1.6864314107252221     
   1.6863375777093350     
   1.6862438855649085     
   1.6861503340296780     
   1.6860569228419799     
   1.6859636517407477     
   1.6858705204655111     
   1.6857775287563945     
   1.6856846763541147     
   1.6855919629999805     
   1.6854993884358891     
   1.6854069524043256     
   1.6853146546483608     
   1.6852224949116517     
   1.6851304729384360     
   1.6850385884735324     
   1.6849468412623407     
   1.6848552310508373     
   1.6847637575855754     
   1.6846724206136816     
   1.6845812198828563     
   1.6844901551413709     
   1.6843992261380667     
   1.6843084326223523     
   1.6842177743442033     
   1.6841272510541607     
   1.6840368625033277     
   1.6839466084433696     
   1.6838564886265117     
   1.6837665028055375     
   1.6836766507337884     
   1.6835869321651598     
   1.6834973468541019     
   1.6834078945556166     
   1.6833185750252571     
   1.6832293880191247     
   1.6831403332938693     
   1.6830514106066872     
   1.6829626197153176     
   1.6828739603780436     
   1.6827854323536902     
   1.6826970354016226     
   1.6826087692817424     
   1.6825206337544913     
   1.6824326285808437     
   1.6823447535223097     
   1.6822570083409305     
   1.6821693927992802     
   1.6820819066604602     
   1.6819945496881019     
   1.6819073216463618     
   1.6818202222999226     
   1.6817332514139900     
   1.6816464087542924     
   1.6815596940870776     
   1.6814731071791151     
   1.6813866477976904     
   1.6813003157106059     
   1.6812141106861789     
   1.6811280324932407     
   1.6810420809011344     
   1.6809562556797144     
   1.6808705565993429     
   1.6807849834308923     
   1.6806995359457400     
   1.6806142139157683     
   1.6805290171133644     
   1.6804439453114173     
   1.6803589982833160     
   1.6802741758029511     
   1.6801894776447099     
   1.6801049035834770     
   1.6800204533946328     
   1.6799361268540505     
   1.6798519237380978     
   1.6797678438236328     
   1.6796838868880042     
   1.6796000527090489     
   1.6795163410650915     
   1.6794327517349430     
   1.6793492844978979     
   1.6792659391337352     
   1.6791827154227161     
   1.6790996131455822     
   1.6790166320835540     
   1.6789337720183308     
   1.6788510327320889     
   1.6787684140074803     
   1.6786859156276299     
   1.6786035373761372     
   1.6785212790370727     
   1.6784391403949770     
   1.6783571212348602     
   1.6782752213422003     
   1.6781934405029417     
   1.6781117785034940     
   1.6780302351307315     
   1.6779488101719908     
   1.6778675034150701     
   1.6777863146482273     
   1.6777052436601805     
   1.6776242902401051     
   1.6775434541776333     
   1.6774627352628517     
   1.6773821332863028     
   1.6773016480389797     
   1.6772212793123300     
   1.6771410268982492     
   1.6770608905890831     
   1.6769808701776263     
   1.6769009654571188     
   1.6768211762212477     
   1.6767415022641425     
   1.6766619433803784     
   1.6765824993649712     
   1.6765031700133779     
   1.6764239551214954     
   1.6763448544856594     
   1.6762658679026416     
   1.6761869951696515     
   1.6761082360843331     
   1.6760295904447640     
   1.6759510580494541     
   1.6758726386973462     
   1.6757943321878130     
   1.6757161383206551     
   1.6756380568961031     
   1.6755600877148140     
   1.6754822305778703     
   1.6754044852867795     
   1.6753268516434723     
   1.6752493294503026     
   1.6751719185100444     
   1.6750946186258937     
   1.6750174296014642     
   1.6749403512407879     
   1.6748633833483146     
   1.6747865257289090     
   1.6747097781878502     
   1.6746331405308315     
   1.6745566125639590     
   1.6744801940937499     
   1.6744038849271321     
   1.6743276848714412     
   1.6742515937344233     
   1.6741756113242299     
   1.6740997374494198     
   1.6740239719189551     
   1.6739483145422038     
   1.6738727651289356     
   1.6737973234893215     
   1.6737219894339352     
   1.6736467627737481     
   1.6735716433201313     
   1.6734966308848529     
   1.6734217252800780     
   1.6733469263183678     
   1.6732722338126762     
   1.6731976475763526     
   1.6731231674231370     
   1.6730487931671627     
   1.6729745246229522     
   1.6729003616054170     
   1.6728263039298583     
   1.6727523514119640     
   1.6726785038678078     
   1.6726047611138499     
   1.6725311229669342     
   1.6724575892442872     
   1.6723841597635192     
   1.6723108343426212     
   1.6722376127999641     
   1.6721644949542989     
   1.6720914806247549     
   1.6720185696308387     
   1.6719457617924336     
   1.6718730569297977     
   1.6718004548635643     
   1.6717279554147400     
   1.6716555584047037     
   1.6715832636552070     
   1.6715110709883707     
   1.6714389802266862     
   1.6713669911930138     
   1.6712951037105812     
   1.6712233176029829     
   1.6711516326941798     
   1.6710800488084969     
   1.6710085657706246     
   1.6709371834056153     
   1.6708659015388845     
   1.6707947199962079     
   1.6707236386037223     
   1.6706526571879237     
   1.6705817755756660     
   1.6705109935941627     
   1.6704403110709811     
   1.6703697278340468     
   1.6702992437116391     
   1.6702288585323908     
   1.6701585721252887     
   1.6700883843196714     
   1.6700182949452285     
   1.6699483038320009     
   1.6698784108103766     
   1.6698086157110956     
   1.6697389183652431     
   1.6696693186042517     
   1.6695998162599008     
   1.6695304111643137     
   1.6694611031499584     
   1.6693918920496462     
   1.6693227776965309     
   1.6692537599241082     
   1.6691848385662138     
   1.6691160134570238     
   1.6690472844310529     
   1.6689786513231550     
   1.6689101139685194     
   1.6688416722026735     
   1.6687733258614799     
   1.6687050747811361     
   1.6686369187981729     
   1.6685688577494546     
   1.6685008914721773     
   1.6684330198038695     
   1.6683652425823894     
   1.6682975596459257     
   1.6682299708329951     
   1.6681624759824429     
   1.6680950749334422     
   1.6680277675254915     
   1.6679605535984159     
   1.6678934329923640     
   1.6678264055478105     
   1.6677594711055517     
   1.6676926295067074     
   1.6676258805927169     
   1.6675592242053434     
   1.6674926601866678     
   1.6674261883790908     
   1.6673598086253318     
   1.6672935207684283     
   1.6672273246517331     
   1.6671612201189161     
   1.6670952070139631     
   1.6670292851811728     
   1.6669634544651593     
   1.6668977147108479     
   1.6668320657634776     
   1.6667665074685980     
   1.6667010396720694     
   1.6666356622200622     
   1.6665703749590555     
   1.6665051777358371     
   1.6664400703975017     
   1.6663750527914525     
   1.6663101247653966     
   1.6662452861673476     
   1.6661805368456237     
   1.6661158766488462     
   1.6660513054259403     
   1.6659868230261323     
   1.6659224292989518     
   1.6658581240942278     
   1.6657939072620904     
   1.6657297786529679     
   1.6656657381175881     
   1.6656017855069765     
   1.6655379206724557     
   1.6654741434656448     
   1.6654104537384589     
   1.6653468513431069     
   1.6652833361320938     
   1.6652199079582164     
   1.6651565666745660     
   1.6650933121345248     
   1.6650301441917668     
   1.6649670627002564     
   1.6649040675142484     
   1.6648411584882870     
   1.6647783354772050     
   1.6647155983361224     
   1.6646529469204472     
   1.6645903810858740     
   1.6645279006883822     
   1.6644655055842370     
   1.6644031956299883     
   1.6643409706824690     
   1.6642788305987954     
   1.6642167752363668     
   1.6641548044528629     
   1.6640929181062452     
   1.6640311160547558     
   1.6639693981569157     
   1.6639077642715254     
   1.6638462142576638     
   1.6637847479746870     
   1.6637233652822285     
   1.6636620660401973     
   1.6636008501087791     
   1.6635397173484343     
   1.6634786676198972     
   1.6634177007841759     
   1.6633568167025519     
   1.6632960152365781     
   1.6632352962480810     
   1.6631746595991554     
   1.6631141051521694     
   1.6630536327697587     
   1.6629932423148288     
   1.6629329336505543     
   1.6628727066403770     
   1.6628125611480060     
   1.6627524970374163     
   1.6626925141728508     
   1.6626326124188155     
   1.6625727916400819     
   1.6625130517016857     
   1.6624533924689260     
   1.6623938138073648     
   1.6623343155828252     
   1.6622748976613937     
   1.6622155599094157     
   1.6621563021934986     
   1.6620971243805085     
   1.6620380263375707     
   1.6619790079320689     
   1.6619200690316451     
   1.6618612095041980     
   1.6618024292178835     
   1.6617437280411129     
   1.6616851058425532     
   1.6616265624911262     
   1.6615680978560081     
   1.6615097118066284     
   1.6614514042126700     
   1.6613931749440676     
   1.6613350238710085     
   1.6612769508639305     
   1.6612189557935229     
   1.6611610385307241     
   1.6611031989467229     
   1.6610454369129564     
   1.6609877523011101     
   1.6609301449831169     
   1.6608726148311581     
   1.6608151617176596     
   1.6607577855152955     
   1.6607004860969836     
   1.6606432633358876     
   1.6605861171054148     
   1.6605290472792160     
   1.6604720537311866     
   1.6604151363354633     
   1.6603582949664242     
   1.6603015294986907     
   1.6602448398071239     
   1.6601882257668255     
   1.6601316872531366     
   1.6600752241416383     
   1.6600188363081494     
   1.6599625236287276     
   1.6599062859796678     
   1.6598501232375016     
   1.6597940352789977     
   1.6597380219811608     
   1.6596820832212296     
   1.6596262188766795     
   1.6595704288252189     
   1.6595147129447905     
   1.6594590711135693     
   1.6594035032099645     
   1.6593480091126158     
   1.6592925887003960     
   1.6592372418524077     
   1.6591819684479849     
   1.6591267683666908     
   1.6590716414883186     
   1.6590165876928911     
   1.6589616068606576     
   1.6589066988720971     
   1.6588518636079153     
   1.6587971009490443     
   1.6587424107766435     
   1.6586877929720976     
   1.6586332474170158     
   1.6585787739932338     
   1.6585243725828100     
   1.6584700430680275     
   1.6584157853313921     
   1.6583615992556324     
   1.6583074847237000     
   1.6582534416187669     
   1.6581994698242275     
   1.6581455692236959     
   1.6580917397010075     
   1.6580379811402164     
   1.6579842934255962     
   1.6579306764416397     
   1.6578771300730575     
   1.6578236542047775     
   1.6577702487219461     
   1.6577169135099252     
   1.6576636484542930     
   1.6576104534408447     
   1.6575573283555891     
   1.6575042730847507     
   1.6574512875147687     
   1.6573983715322949     
   1.6573455250241955     
   1.6572927478775485     
   1.6572400399796456     
   1.6571874012179895     
   1.6571348314802941     
   1.6570823306544851     
   1.6570298986286982     
   1.6569775352912788     
   1.6569252405307822     
   1.6568730142359724     
   1.6568208562958227     
   1.6567687665995137     
   1.6567167450364333     
   1.6566647914961790     
   1.6566129058685508     
   1.6565610880435593     
   1.6565093379114182     
   1.6564576553625474     
   1.6564060402875713     
   1.6563544925773195     
   1.6563030121228244     
   1.6562515988153224     
   1.6562002525462538     
   1.6561489732072601     
   1.6560977606901854     
   1.6560466148870767     
   1.6559955356901801     
   1.6559445229919438     
   1.6558935766850162     
   1.6558426966622459     
   1.6557918828166802     
   1.6557411350415663     
   1.6556904532303485     
   1.6556398372766710     
   1.6555892870743747     
   1.6555388025174977     
   1.6554883835002756     
   1.6554380299171401     
   1.6553877416627176     
   1.6553375186318318     
   1.6552873607195013     
   1.6552372678209384     
   1.6551872398315495     
   1.6551372766469359     
   1.6550873781628916     
   1.6550375442754037     
   1.6549877748806523     
   1.6549380698750082     
   1.6548884291550348     
   1.6548388526174875     
   1.6547893401593112     
   1.6547398916776417     
   1.6546905070698048     
   1.6546411862333157     
   1.6545919290658797     
   1.6545427354653892     
   1.6544936053299262     
   1.6544445385577604     
   1.6543955350473487     
   1.6543465946973348     
   1.6542977174065507     
   1.6542489030740122     
   1.6542001515989231     
   1.6541514628806713     
   1.6541028368188306     
   1.6540542733131591     
   1.6540057722635995     
   1.6539573335702775     
   1.6539089571335031     
   1.6538606428537688     
   1.6538123906317508     
   1.6537642003683062     
   1.6537160719644750     
   1.6536680053214776     
   1.6536200003407164     
   1.6535720569237742     
   1.6535241749724143     
   1.6534763543885793     
   1.6534285950743921     
   1.6533808969321537     
   1.6533332598643453     
   1.6532856837736247     
   1.6532381685628292     
   1.6531907141349726     
   1.6531433203932466     
   1.6530959872410194     
   1.6530487145818356     
   1.6530015023194160     
   1.6529543503576560     
   1.6529072586006293     
   1.6528602269525812     
   1.6528132553179331     
   1.6527663436012796     
   1.6527194917073906     
   1.6526726995412089     
   1.6526259670078487     
   1.6525792940125996     
   1.6525326804609217     
   1.6524861262584465     
   1.6524396313109795     
   1.6523931955244948     
   1.6523468188051393     
   1.6523005010592287     
   1.6522542421932502     
   1.6522080421138594     
   1.6521619007278832     
   1.6521158179423150     
   1.6520697936643192     
   1.6520238278012269     
   1.6519779202605380     
   1.6519320709499192     
   1.6518862797772051     
   1.6518405466503969     
   1.6517948714776627     
   1.6517492541673362     
   1.6517036946279169     
   1.6516581927680702     
   1.6516127484966261     
   1.6515673617225799     
   1.6515220323550905     
   1.6514767603034817     
   1.6514315454772408     
   1.6513863877860178     
   1.6513412871396267     
   1.6512962434480434     
   1.6512512566214061     
   1.6512063265700156     
   1.6511614532043337     
   1.6511166364349839     
   1.6510718761727503     
   1.6510271723285781     
   1.6509825248135725     
   1.6509379335389984     
   1.6508933984162806     
   1.6508489193570033     
   1.6508044962729089     
   1.6507601290758993     
   1.6507158176780341     
   1.6506715619915311     
   1.6506273619287652     
   1.6505832174022697     
   1.6505391283247330     
   1.6504950946090018     
   1.6504511161680786     
   1.6504071929151212     
   1.6503633247634437     
   1.6503195116265155     
   1.6502757534179602     
   1.6502320500515568     
   1.6501884014412387     
   1.6501448075010932     
   1.6501012681453604     
   1.6500577832884349     
   1.6500143528448639     
   1.6499709767293471     
   1.6499276548567370     
   1.6498843871420381     
   1.6498411735004059     
   1.6497980138471484     
   1.6497549080977247     
   1.6497118561677437     
   1.6496688579729664     
   1.6496259134293019     
   1.6495830224528107     
   1.6495401849597031     
   1.6494974008663370     
   1.6494546700892214     
   1.6494119925450121     
   1.6493693681505137     
   1.6493267968226801     
   1.6492842784786110     
   1.6492418130355553     
   1.6491994004109074     
   1.6491570405222091     
   1.6491147332871492     
   1.6490724786235624     
   1.6490302764494291     
   1.6489881266828759     
   1.6489460292421736     
   1.6489039840457385     
   1.6488619910121320     
   1.6488200500600603     
   1.6487781611083714     
   1.6487363240760597     
   1.6486945388822627     
   1.6486528054462593     
   1.6486111236874730     
   1.6485694935254698     
   1.6485279148799574     
   1.6484863876707858     
   1.6484449118179469     
   1.6484034872415745     
   1.6483621138619418     
   1.6483207915994651     
   1.6482795203747003     
   1.6482383001083432     
   1.6481971307212298     
   1.6481560121343364     
   1.6481149442687784     
   1.6480739270458102     
   1.6480329603868256     
   1.6479920442133560     
   1.6479511784470722     
   1.6479103630097822     
   1.6478695978234321     
   1.6478288828101066     
   1.6477882178920245     
   1.6477476029915445     
   1.6477070380311614     
   1.6476665229335050     
   1.6476260576213420     
   1.6475856420175754     
   1.6475452760452431     
   1.6475049596275182     
   1.6474646926877088     
   1.6474244751492582     
   1.6473843069357432     
   1.6473441879708757     
   1.6473041181785013     
   1.6472640974825987     
   1.6472241258072797     
   1.6471842030767907     
   1.6471443292155099     
   1.6471045041479466     
   1.6470647277987451     
   1.6470250000926803     
   1.6469853209546585     
   1.6469456903097184     
   1.6469061080830287     
   1.6468665741998898     
   1.6468270885857335     
   1.6467876511661206     
   1.6467482618667424     
   1.6467089206134207     
   1.6466696273321064     
   1.6466303819488797     
   1.6465911843899508     
   1.6465520345816578     
   1.6465129324504670     
   1.6464738779229739     
