   1.0000000000000000     
   1.0000008713058410     
   1.0000008786957095     
   1.0000008854219034     
   1.0000008920223953     
   1.0000008985033146     
   1.0000009048701353     
   1.0000009111280217     
   1.0000009172818491     
   1.0000009233362210     
   1.0000009292954866     
   1.0000009351637544     
   1.0000009409449100     
   1.0000009466426267     
   1.0000009522603803     
   1.0000009578014606     
   1.0000009632689817     
   1.0000009686658937     
   1.0000009739949920     
   1.0000009792589271     
   1.0000009844602116     
   1.0000009896012301     
   1.0000009946842461     
   1.0000009997114085     
   1.0000010046847594     
   1.0000010096062393     
   1.0000010144776934     
   1.0000010193008773     
   1.0000010240774606     
   1.0000010288090346     
   1.0000010334971141     
   1.0000010381431432     
   1.0000010427484982     
   1.0000010473144920     
   1.0000010518423781     
   1.0000010563333521     
   1.0000010607885577     
   1.0000010652090858     
   1.0000010695959809     
   1.0000010739502410     
   1.0000010782728215     
   1.0000010825646373     
   1.0000010868265643     
   1.0000010910594417     
   1.0000010952640739     
   1.0000010994412325     
   1.0000011035916576     
   1.0000011077160600     
   1.0000011118151220     
   1.0000011158894986     
   1.0000011199398200     
   1.0000011239666915     
   1.0000011279706960     
   1.0000011319523938     
   1.0000011359123242     
   1.0000011398510071     
   1.0000011437689424     
   1.0000011476666133     
   1.0000011515444844     
   1.0000011554030042     
   1.0000011592426057     
   1.0000011630637062     
   1.0000011668667090     
   1.0000011706520040     
   1.0000011744199668     
   1.0000011781709617     
   1.0000011819053400     
   1.0000011856234421     
   1.0000011893255967     
   1.0000011930121222     
   1.0000011966833273     
   1.0000012003395098     
   1.0000012039809592     
   1.0000012076079554     
   1.0000012112207703     
   1.0000012148196669     
   1.0000012184049003     
   1.0000012219767185     
   1.0000012255353612     
   1.0000012290810620     
   1.0000012326140473     
   1.0000012361345365     
   1.0000012396427433     
   1.0000012431388752     
   1.0000012466231338     
   1.0000012500957147     
   1.0000012535568088     
   1.0000012570066008     
   1.0000012604452713     
   1.0000012638729954     
   1.0000012672899437     
   1.0000012706962818     
   1.0000012740921715     
   1.0000012774777705     
   1.0000012808532317     
   1.0000012842187043     
   1.0000012875743338     
   1.0000012909202622     
   1.0000012942566274     
   1.0000012975835639     
   1.0000013009012032     
   1.0037579871603461     
   1.0075750597319524     
   1.0114505546783616     
   1.0153848163467074     
   1.0193782222588217     
   1.0234311809716701     
   1.0275441314487914     
   1.0317175424997480     
   1.0359519122846013     
   1.0402477678789386     
   1.0446056648974638     
   1.0490261871731479     
   1.0535099464889768     
   1.0580575823610523     
   1.0626697618696619     
   1.0673471795373228     
   1.0720905572517145     
   1.0769006442314304     
   1.0817782170340859     
   1.0867240796041693     
   1.0917390633604471     
   1.0968240273214407     
   1.1019798582675910     
   1.1072074709403230     
   1.1125078082759159     
   1.1178818416745970     
   1.1233305713037600     
   1.1288550264349893     
   1.1344562658146262     
   1.1401353780670835     
   1.1458934821317335     
   1.1517317277319636     
   1.1576512958773879     
   1.1636533993988487     
   1.1697392835159555     
   1.1759102264383661     
   1.1821675399997300     
   1.1885125703257327     
   1.1949466985361765     
   1.2014713414811937     
   1.2080879525131958     
   1.2147980222938106     
   1.2216030796375408     
   1.2285046923925280     
   1.2355044683587251     
   1.2426040562456309     
   1.2498051466689277     
   1.2571094731883812     
   1.2645188133873895     
   1.2720349899955616     
   1.2796598720557135     
   1.2873953761360115     
   1.2952434675898679     
   1.3032061618635937     
   1.3112855258545748     
   1.3194836793212983     
   1.3278027963462804     
   1.3362451068553760     
   1.3448128981934946     
   1.3535085167602503     
   1.3623343697072987     
   1.3712929266988862     
   1.3803867217396890     
   1.3896183550704988     
   1.3989904951359244     
   1.4085058806263604     
   1.4181673225965346     
   1.4279777066653041     
   1.4379399952979124     
   1.4480572301757859     
   1.4583325346564919     
   1.4687691163278938     
   1.4793702696605995     
   1.4901393787620094     
   1.5010799202379135     
   1.5121954661641255     
   1.5234896871746644     
   1.5349663556707589     
   1.5466293491553829     
   1.5584826537005876     
   1.5705303675512328     
   1.5827767048730426     
   1.5952259996507370     
   1.6078827097423143     
   1.6207514210985150     
   1.6338368521525000     
   1.6471438583897426     
   1.6606774371052266     
   1.6744427323570708     
   1.6884450401261017     
   1.7026898136898603     
   1.7171826692235121     
   1.7319293916357710     
   1.7469359406531952     
   1.7622084571642924     
   1.7777532698350134     
   1.7935769020113306     
   1.8096860789201581     
   1.8260877351856772     
   1.8427890226760073     
   1.8488003660553618     
   1.8546782503382671     
   1.8605252841004252     
   1.8663438906926106     
   1.8721354610488601     
   1.8779013074673936     
   1.8836426767564989     
   1.8893607541213326     
   1.8950566667269118     
   1.9007314870380843     
   1.9063862359516774     
   1.9120218857342475     
   1.9176393627779842     
   1.9232395501864887     
   1.9288232902013744     
   1.9343913864799249     
   1.9399446062333698     
   1.9454836822347152     
   1.9510093147044756     
   1.9565221730821121     
   1.9620228976904712     
   1.9675121013000407     
   1.9729903705993861     
   1.9784582675777356     
   1.9839163308252732     
   1.9893650767563396     
   1.9948050007604228     
   2.0002365782854645     
   2.0056602658577614     
   2.0110765020424144     
   2.0164857083480672     
   2.0218882900793957     
   2.0272846371406108     
   2.0326751247930215     
   2.0380601143694923     
   2.0434399539484689     
   2.0488149789900647     
   2.0541855129365336     
   2.0595518677793101     
   2.0649143445946696     
   2.0702732340499068     
   2.0756288168818298     
   2.0809813643492432     
   2.0863311386609884     
   2.0916783933809997     
   2.0970233738117745     
   2.1023663173575202     
   2.1077074538681990     
   2.1130470059655946     
   2.1183851893524674     
   2.1237222131057822     
   2.1290582799549398     
   2.1343935865458903     
   2.1397283236919389     
   2.1450626766120164     
   2.1503968251571255     
   2.1557309440256494     
   2.1610652029681376     
   2.1663997669821833     
   2.1717347964979319     
   2.1770704475547520     
   2.1824068719695600     
   2.1877442174972535     
   2.1930826279836970     
   2.1984222435116543     
   2.2037632005400569     
   2.2091056320369682     
   2.2144496676065799     
   2.2197954336105550     
   2.2251430532840186     
   2.2304926468464834     
   2.2358443316079590     
   2.2411982220705147     
   2.2465544300255087     
   2.2519130646467196     
   2.2572742325795825     
   2.2626380380267257     
   2.2680045828299944     
   2.2733739665491277     
   2.2787462865372698     
   2.2841216380134535     
   2.2895001141322053     
   2.2948818060504230     
   2.3002668029916356     
   2.3056551923077908     
   2.3110470595386667     
   2.3164424884690256     
   2.3218415611836232     
   2.3272443581201525     
   2.3326509581202326     
   2.3380614384785208     
   2.3434758749900335     
   2.3488943419957593     
   2.3543169124266314     
   2.3597436578459359     
   2.3651746484902265     
   2.3706099533087954     
   2.3760496400017836     
   2.3814937750569598     
   2.3869424237852543     
   2.3923956503550707     
   2.3978535178254465     
   2.4033160881780957     
   2.4087834223483844     
   2.4142555802552854     
   2.4197326208303407     
   2.4252146020456826     
   2.4307015809411441     
   2.4361936136504942     
   2.4416907554268334     
   2.4471930606671797     
   2.4527005829362736     
   2.4582133749896378     
   2.4637314887959132     
   2.4692549755584987     
   2.4747838857365201     
   2.4803182690651591     
   2.4858581745753527     
   2.4914036506129005     
   2.4969547448569824     
   2.5025115043381296     
   2.5080739754556487     
   2.5136422039945279     
   2.5192162351418430     
   2.5247961135026729     
   2.5303818831155533     
   2.5359735874674749     
   2.5415712695084398     
   2.5471749716656027     
   2.5527847358569975     
   2.5584006035048712     
   2.5640226155486365     
   2.5696508124574495     
   2.5752852342424353     
   2.5809259204685646     
   2.5865729102661970     
   2.5922262423422922     
   2.5978859549913227     
   2.6035520861058639     
   2.6092246731869042     
   2.6149037533538615     
   2.6205893633543251     
   2.6262815395735313     
   2.6319803180435768     
   2.6376857344523845     
   2.6433978241524199     
   2.6491166221691733     
   2.6548421632094179     
   2.6605744816692343     
   2.6663136116418302     
   2.6720595869251436     
   2.6778124410292503     
   2.6835722071835630     
   2.6893389183438541     
   2.6951126071990790     
   2.7008933061780307     
   2.7066810474558123     
   2.7124758629601420     
   2.7182777843774986     
   2.7240868431590965     
   2.7299030705267162     
   2.7357264974783821     
   2.7415571547938828     
   2.7473950730401677     
   2.7532402825765923     
   2.7590928135600321     
   2.7649526959498685     
   2.7708199595128487     
   2.7766946338278182     
   2.7825767482903410     
   2.7884663321171934     
   2.7943634143507579     
   2.8002680238632935     
   2.8061801893611142     
   2.8120999393886481     
   2.8180273023324127     
   2.8239623064248760     
   2.8299049797482327     
   2.8358553502380874     
   2.8418134456870430     
   2.8477792937482040     
   2.8537529219385975     
   2.8597343576425058     
   2.8657236281147229     
   2.8717207604837327     
   2.8777257817548070     
   2.8837387188130332     
   2.8897595984262727     
   2.8957884472480377     
   2.9018252918203142     
   2.9078701585763072     
   2.9139230738431325     
   2.9199840638444319     
   2.9260531547029385     
   2.9321303724429777     
   2.9382157429929121     
   2.9443092921875254     
   2.9504110457703629     
   2.9565210293960007     
   2.9626392686322802     
   2.9687657889624823     
   2.9749006157874556     
   2.9810437744276927     
   2.9871952901253693     
   2.9933551880463223     
   2.9995234932820019     
   3.0057002308513638     
   3.0118854257027325     
   3.0180791027156149     
   3.0242812867024771     
   3.0304920024104813     
   3.0367112745231934     
   3.0429391276622377     
   3.0491755863889263     
   3.0554206752058550     
   3.0616744185584608     
   3.0679368408365431     
   3.0742079663757615     
   3.0804878194590954     
   3.0867764243182738     
   3.0930738051351767     
   3.0993799860432079     
   3.1056949911286362     
   3.1120188444319123     
   3.1183515699489543     
   3.1246931916324150     
   3.1310437333929113     
   3.1374032191002419     
   3.1437716725845712     
   3.1501491176375924     
   3.1565355780136666     
   3.1629310774309407     
   3.1693356395724446     
   3.1757492880871618     
   3.1821720465910821     
   3.1886039386682370     
   3.1950449878717073     
   3.2014952177246192     
   3.2079546517211144     
   3.2144233133273090     
   3.2209012259822285     
   3.2273884130987267     
   3.2338848980643879     
   3.2403907042424116     
   3.2469058549724839     
   3.2534303735716255     
   3.2599642833350329     
   3.2665076075368984     
   3.2730603694312159     
   3.2796225922525770     
   3.2861942992169437     
   3.2927755135224164     
   3.2993662583499859     
   3.3059665568642642     
   3.3125764322142159     
   3.3191959075338673     
   3.3258250059430070     
   3.3324637505478689     
   3.3391121644418140     
   3.3457702707059940     
   3.3524380924099972     
   3.3591156526125010     
   3.3658029743618956     
   3.3725000806969079     
   3.3792069946472090     
   3.3859237392340220     
   3.3926503374707035     
   3.3993868123633311     
   3.4061331869112745     
   3.4128894841077573     
   3.4196557269404089     
   3.4264319383918136     
   3.4332181414400447     
   3.4400143590591945     
   3.4468206142198907     
   3.4536369298898149     
   3.4604633290341993     
   3.4672998346163273     
   3.4741464695980255     
   3.4810032569401401     
   3.4878702196030149     
   3.4947473805469560     
   3.5016347627326985     
   3.5085323891218536     
   3.5154402826773601     
   3.5223584663639280     
   3.5292869631484676     
   3.5362257960005214     
   3.5431749878926877     
   3.5501345618010345     
   3.5571045407055153     
   3.5640849475903686     
   3.5710758054445235     
   3.5780771372619902     
   3.5850889660422509     
   3.5921113147906434     
   3.5991442065187407     
   3.6061876642447226     
   3.6132417109937482     
   3.6203063697983180     
   3.6060435105981834     
   3.5914897810695967     
   3.5768543208488719     
   3.5621462262015484     
   3.5473723645764661     
   3.5325392401767708     
   3.5176530297713962     
   3.5027196007238186     
   3.4877445277767141     
   3.4727331088066484     
   3.4576903796205394     
   3.4426211278586996     
   3.4275299060592670     
   3.4124210439446898     
   3.3972986599768333     
   3.3821666722307082     
   3.3670288086307059     
   3.3518886165897230     
   3.3367494720922362     
   3.3216145882527095     
   3.3064870233878016     
   3.2913696886295334     
   3.2762653551098126     
   3.2611766607448054     
   3.2461061166405192     
   3.2310561131476758     
   3.2160289255843000     
   3.2010267196475608     
   3.1860515565355092     
   3.1711053977928199     
   3.1561901099016056     
   3.1413074686292668     
   3.1264591631496979     
   3.1116467999510578     
   3.0968719065419590     
   3.0821359349701463     
   3.0674402651609265     
   3.0527862080901644     
   3.0381750087980368     
   3.0236078492538887     
   3.0090858510820153     
   2.9946100781528036     
   2.9801815390511259     
   2.9658011894253242     
   2.9514699342247925     
   2.9371886298334693     
   2.9229580861016751     
   2.9087790682858308     
   2.8946522988977703     
   2.8805784594698656     
   2.8665581922412291     
   2.8525921017665858     
   2.8386807564550218     
   2.8248246900397134     
   2.8110244029835414     
   2.7972803638234476     
   2.7835930104562303     
   2.7699627513702882     
   2.7563899668230962     
   2.7428750099705628     
   2.7294182079478992     
   2.7160198629054468     
   2.7026802530023621     
   2.6893996333579246     
   2.6761782369654066     
   2.6630162755679057     
   2.6499139404986991     
   2.6368714034888399     
   2.6238888174409745     
   2.6109663171739013     
   2.5981040201369288     
   2.5853020270961404     
   2.5725604227947718     
   2.5598792765865008     
   2.5472586430456894     
   2.5346985625533183     
   2.5221990618608223     
   2.5097601546324442     
   2.4973818419666949     
   2.4850641128991442     
   2.4728069448847929     
   2.4606103042639145     
   2.4484741467096742     
   2.4363984176590727     
   2.4243830527288952     
   2.4124279781149314     
   2.4005331109779076     
   2.3886983598144580     
   2.3769236248146202     
   2.3652087982071479     
   2.3535537645908899     
   2.3419584012556491     
   2.3304225784905759     
   2.3189461598815351     
   2.3075290025985677     
   2.2961709576717455     
   2.2848718702587014     
   2.2736315799011622     
   2.2624499207735598     
   2.2513267219221071     
   2.2486479949854226     
   2.2460161765419326     
   2.2434246431992948     
   2.2408720106805320     
   2.2383569637004896     
   2.2358782490696716     
   2.2334346722083041     
   2.2310250938769998     
   2.2286484271081917     
   2.2263036343254030     
   2.2239897246382516     
   2.2217057513019007     
   2.2194508093304020     
   2.2172240332540842     
   2.2150245950117675     
   2.2128517019692153     
   2.2107045950557755     
   2.2085825470117060     
   2.2064848607391703     
   2.2044108677503380     
   2.2023599267064649     
   2.2003314220422214     
   2.1983247626699196     
   2.1963393807586233     
   2.1943747305834735     
   2.1924302874408381     
   2.1905055466252090     
   2.1886000224640103     
   2.1867132474067379     
   2.1848447711650993     
   2.1829941599009945     
   2.1811609954594346     
   2.1793448746436450     
   2.1775454085297854     
   2.1757622218188977     
   2.1739949522238207     
   2.1722432498889837     
   2.1705067768410964     
   2.1687852064689004     
   2.1670782230302486     
   2.1653855211849091     
   2.1637068055515516     
   2.1620417902875344     
   2.1603901986901239     
   2.1587517628179307     
   2.1571262231313724     
   2.1555133281510859     
   2.1539128341332385     
   2.1523245047608048     
   2.1507481108498756     
   2.1491834300701735     
   2.1476302466789643     
   2.1460883512676321     
   2.1445575405201969     
   2.1430376169831407     
   2.1415283888459014     
   2.1400296697314669     
   2.1385412784965241     
   2.1370630390406347     
   2.1355947801239776     
   2.1341363351931886     
   2.1326875422148728     
   2.1312482435163931     
   2.1298182856335548     
   2.1283975191648321     
   2.1269857986317957     
   2.1255829823454317     
   2.1241889322780598     
   2.1228035139405530     
   2.1214265962646133     
   2.1200580514898504     
   2.1186977550554142     
   2.1173455854959822     
   2.1160014243418721     
   2.1146651560230967     
   2.1133366677771637     
   2.1120158495604526     
   2.1107025939629973     
   2.1093967961265143     
   2.1080983536655373     
   2.1068071665915045     
   2.1055231372396732     
   2.1042461701987354     
   2.1029761722430087     
   2.1017130522670922     
   2.1004567212228866     
   2.0992070920588612     
   2.0979640796614865     
   2.0967276007987277     
   2.0954975740655235     
   2.0942739198311568     
   2.0930565601884470     
   2.0918454189046809     
   2.0906404213742187     
   2.0894414945727040     
   2.0882485670128110     
   2.0870615687014680     
   2.0858804310985075     
   2.0847050870766726     
   2.0835354708829379     
   2.0823715181010893     
   2.0812131656155142     
   2.0800603515761624     
   2.0789130153646189     
   2.0777710975612673     
   2.0766345399134818     
   2.0755032853048290     
   2.0743772777252274     
   2.0732564622420409     
   2.0721407849720590     
   2.0710301930543560     
   2.0699246346239608     
   2.0688240587863502     
   2.0677284155927045     
   2.0666376560159123     
   2.0655517319273025     
   2.0644705960740621     
   2.0633942020573395     
   2.0623225043109858     
   2.0612554580809297     
   2.0601930194051601     
   2.0591351450942881     
   2.0580817927126809     
   2.0570329205601436     
   2.0559884876541252     
   2.0549484537124432     
   2.0539127791364971     
   2.0528814249949696     
   2.0518543530079807     
   2.0508315255317013     
   2.0498129055433929     
   2.0487984566268742     
   2.0477881429583884     
   2.0467819292928731     
   2.0457797809506051     
   2.0447816638042147     
   2.0437875442660673     
   2.0427973892759828     
   2.0418111662892939     
   2.0408288432652362     
   2.0398503886556427     
   2.0388757713939611     
   2.0379049608845499     
   2.0369379269922780     
   2.0359746400323946     
   2.0350150707606747     
   2.0340591903638221     
   2.0331069704501368     
   2.0321583830404157     
   2.0312134005591074     
   2.0302719958256925     
   2.0293341420462885     
   2.0283998128054792     
   2.0274689820583531     
   2.0265416241227485     
   2.0256177136717040     
   2.0246972257260940     
   2.0237801356474661     
   2.0228664191310486     
   2.0219560521989477     
   2.0210490111935107     
   2.0201452727708618     
   2.0192448138945971     
   2.0183476118296420     
   2.0174536441362596     
   2.0165628886642128     
   2.0156753235470686     
   2.0147909271966449     
   2.0139096782975940     
   2.0130315558021237     
   2.0121565389248404     
   2.0112846071377275     
   2.0104157401652403     
   2.0095499179795207     
   2.0086871207957309     
   2.0078273290674984     
   2.0069705234824675     
   2.0061166849579650     
   2.0052657946367596     
   2.0044178338829317     
   2.0035727842778330     
   2.0027306276161490     
   2.0018913459020484     
   2.0010549213454270     
   2.0002213363582348     
   1.9993905735508941     
   1.9985626157287966     
   1.9977374458888824     
   1.9969150472162989     
   1.9960954030811355     
   1.9952784970352326     
   1.9944643128090638     
   1.9936528343086881     
   1.9928440456127714     
   1.9920379309696752     
   1.9912344747946098     
   1.9904336616668514     
   1.9896354763270228     
   1.9888399036744282     
   1.9880469287644558     
   1.9872565368060298     
   1.9864687131591219     
   1.9856834433323145     
   1.9849007129804213     
   1.9841205079021522     
   1.9833428140378362     
   1.9825676174671858     
   1.9817949044071146     
   1.9810246612095983     
   1.9802568743595814     
   1.9794915304729297     
   1.9787286162944200     
   1.9779681186957805     
   1.9772100246737649     
   1.9764543213482699     
   1.9757009959604876     
   1.9749500358711014     
   1.9742014285585137     
   1.9734551616171121     
   1.9727112227555699     
   1.9719695997951814     
   1.9712302806682289     
   1.9704932534163848     
   1.9697585061891427     
   1.9690260272422833     
   1.9682958049363639     
   1.9675678277352455     
   1.9668420842046423     
   1.9661185630107030     
   1.9653972529186172     
   1.9646781427912494     
   1.9639612215878015     
   1.9632464783624941     
   1.9625339022632831     
   1.9618234825305876     
   1.9611152084960550     
   1.9604090695813392     
   1.9597050552969055     
   1.9590031552408587     
   1.9583033590977885     
   1.9576056566376430     
   1.9569100377146129     
   1.9562164922660468     
   1.9555250103113784     
   1.9548355819510748     
   1.9541481973656063     
   1.9534628468144306     
   1.9527795206349983     
   1.9520982092417725     
   1.9514189031252702     
   1.9507415928511154     
   1.9500662690591124     
   1.9493929224623336     
   1.9487215438462226     
   1.9480521240677127     
   1.9473846540543633     
   1.9467191248035072     
   1.9460555273814106     
   1.9453938529224561     
   1.9447340926283292     
   1.9440762377672236     
   1.9434202796730591     
   1.9427662097447118     
   1.9421140194452569     
   1.9414637003012234     
   1.9408152439018636     
   1.9401686418984294     
   1.9395238860034658     
   1.9388809679901104     
   1.9382398796914091     
   1.9376006129996393     
   1.9369631598656443     
   1.9363275122981780     
   1.9356936623632632     
   1.9350616021835529     
   1.9344313239377098     
   1.9338028198597881     
   1.9331760822386299     
   1.9325511034172669     
   1.9319278757923348     
   1.9313063918134952     
   1.9306866439828632     
   1.9300686248544492     
   1.9294523270336035     
   1.9288377431764741     
   1.9282248659894685     
   1.9276136882287260     
   1.9270042026995950     
   1.9263964022561226     
   1.9257902798005457     
   1.9251858282827936     
   1.9245830406999991     
   1.9239819100960081     
   1.9233824295609088     
   1.9227845922305566     
   1.9221883912861122     
   1.9215938199535827     
   1.9210008715033717     
   1.9204095392498335     
   1.9198198165508362     
   1.9192316968073264     
   1.9186451734629051     
   1.9180602400034059     
   1.9174768899564796     
   1.9168951168911867     
   1.9163149144175906     
   1.9157362761863626     
   1.9151591958883856     
   1.9145836672543695     
   1.9140096840544667     
   1.9134372400978943     
   1.9128663292325636     
   1.9122969453447096     
   1.9117290823585322     
   1.9111627342358339     
   1.9105978949756686     
   1.9100345586139940     
   1.9094727192233243     
   1.9089123709123921     
   1.9083535078258136     
   1.9077961241437558     
   1.9072402140816105     
   1.9066857718896708     
   1.9061327918528124     
   1.9055812682901796     
   1.9050311955548735     
   1.9044825680336448     
   1.9039353801465924     
   1.9033896263468624     
   1.9028453011203517     
   1.9023023989854186     
   1.9017609144925924     
   1.9012208422242878     
   1.9006821767945254     
   1.9001449128486532     
   1.8996090450630694     
   1.8990745681449550     
   1.8985414768320017     
   1.8980097658921502     
   1.8974794301233273     
   1.8969504643531847     
   1.8964228634388487     
   1.8958966222666618     
   1.8953717357519382     
   1.8948481988387125     
   1.8943260064995000     
   1.8938051537350529     
   1.8932856355741232     
   1.8927674470732270     
   1.8922505833164123     
   1.8917350394150281     
   1.8912208105074984     
   1.8907078917590954     
   1.8901962783617188     
   1.8896859655336757     
   1.8891769485194632     
   1.8886692225895552     
   1.8881627830401859     
   1.8876576251931447     
   1.8871537443955650     
   1.8866511360197218     
   1.8861497954628259     
   1.8856497181468244     
   1.8851508995182029     
   1.8846533350477888     
   1.8841570202305544     
   1.8836619505854295     
   1.8831681216551066     
   1.8826755290058577     
   1.8821841682273444     
   1.8816940349324367     
   1.8812051247570289     
   1.8807174333598620     
   1.8802309564223438     
   1.8797456896483744     
   1.8792616287641695     
   1.8787787695180922     
   1.8782971076804771     
   1.8778166390434674     
   1.8773373594208431     
   1.8768592646478581     
   1.8763823505810768     
   1.8759066130982123     
   1.8754320480979643     
   1.8749586514998642     
   1.8744864192441160     
   1.8740153472914427     
   1.8735454316229303     
   1.8730766682398787     
   1.8726090531636492     
   1.8721425824355180     
   1.8716772521165264     
   1.8712130582873365     
   1.8707499970480863     
   1.8702880645182482     
   1.8698272568364844     
   1.8693675701605104     
   1.8689090006669560     
   1.8684515445512242     
   1.8679951980273619     
   1.8675399573279194     
   1.8670858187038211     
   1.8666327784242316     
   1.8661808327764278     
   1.8657299780656655     
   1.8652802106150561     
   1.8648315267654376     
   1.8643839228752483     
   1.8639373953204055     
   1.8634919404941797     
   1.8630475548070737     
   1.8626042346867036     
   1.8621619765776776     
   1.8617207769414783     
   1.8612806322563447     
   1.8608415390171587     
   1.8604034937353275     
   1.8599664929386714     
   1.8595305331713108     
   1.8590956109935535     
   1.8586617229817868     
   1.8582288657283652     
   1.8577970358415032     
   1.8573662299451683     
   1.8569364446789733     
   1.8565076766980724     
   1.8560799226730555     
   1.8556531792898459     
   1.8552274432495963     
   1.8548027112685890     
   1.8543789800781336     
   1.8539562464244683     
   1.8535345070686622     
   1.8531137587865147     
   1.8526939983684616     
   1.8522752226194770     
   1.8518574283589784     
   1.8514406124207339     
   1.8510247716527668     
   1.8506099029172649     
   1.8501960030904856     
   1.8497830690626704     
   1.8493710977379494     
   1.8489600860342548     
   1.8485500308832312     
   1.8481409292301501     
   1.8477327780338195     
   1.8473255742665020     
   1.8469193149138252     
   1.8465139969746995     
   1.8461096174612357     
   1.8457061733986571     
   1.8453036618252221     
   1.8449020797921403     
   1.8445014243634918     
   1.8441016926161462     
   1.8437028816396841     
   1.8433049885363193     
   1.8429080104208175     
   1.8425119444204223     
   1.8421167876747759     
   1.8417225373358446     
   1.8413291905678419     
   1.8409367445471554     
   1.8405451964622701     
   1.8401545435136981     
   1.8397647829139034     
   1.8393759118872290     
   1.8389879276698278     
   1.8386008275095900     
   1.8382146086660718     
   1.8378292684104274     
   1.8374448040253382     
   1.8370612128049444     
   1.8366784920547785     
   1.8362966390916944     
   1.8359156512438037     
   1.8355355258504069     
   1.8351562602619291     
   1.8347778518398552     
   1.8344002979566612     
   1.8340235959957552     
   1.8336477433514089     
   1.8332727374286983     
   1.8328985756434393     
   1.8325252554221241     
   1.8321527742018615     
   1.8317811294303159     
   1.8314103185656450     
   1.8310403390764407     
   1.8306711884416687     
   1.8303028641506101     
   1.8299353637028022     
   1.8295686846079799     
   1.8292028243860181     
   1.8288377805668758     
   1.8284735506905352     
   1.8281101323069506     
   1.8277475229759879     
   1.8273857202673713     
   1.8270247217606284     
   1.8266645250450333     
   1.8263051277195550     
   1.8259465273928024     
   1.8255887216829705     
   1.8252317082177871     
   1.8248754846344626     
   1.8245200485796345     
   1.8241653977093175     
   1.8238115296888522     
   1.8234584421928541     
   1.8231061329051619     
   1.8227545995187884     
   1.8224038397358699     
   1.8220538512676183     
   1.8217046318342696     
   1.8213561791650372     
   1.8210084909980626     
   1.8206615650803679     
   1.8203153991678087     
   1.8199699910250247     
   1.8196253384253955     
   1.8192814391509922     
   1.8189382909925329     
   1.8185958917493341     
   1.8182542392292687     
   1.8179133312487177     
   1.8175731656325276     
   1.8172337402139644     
   1.8168950528346701     
   1.8165571013446202     
   1.8162198836020766     
   1.8158833974735482     
   1.8155476408337452     
   1.8152126115655378     
   1.8148783075599151     
   1.8145447267159396     
   1.8142118669407095     
   1.8138797261493154     
   1.8135483022647982     
   1.8132175932181109     
   1.8128875969480764     
   1.8125583114013464     
   1.8122297345323648     
   1.8119018643033244     
   1.8115746986841286     
   1.8112482356523556     
   1.8109224731932143     
   1.8105974092995094     
   1.8102730419716018     
   1.8099493692173712     
   1.8096263890521780     
   1.8093040994988256     
   1.8089824985875247     
   1.8086615843558536     
   1.8083413548487239     
   1.8080218081183437     
   1.8077029422241804     
   1.8073847552329259     
   1.8070672452184595     
   1.8067504102618142     
   1.8064342484511409     
   1.8061187578816722     
   1.8058039366556897     
   1.8054897828824876     
   1.8051762946783403     
   1.8048634701664659     
   1.8045513074769961     
   1.8042398047469388     
   1.8039289601201467     
   1.8036187717472838     
   1.8033092377857938     
   1.8030003563998647     
   1.8026921257603983     
   1.8023845440449773     
   1.8020776094378343     
   1.8017713201298187     
   1.8014656743183646     
   1.8011606702074614     
   1.8008563060076213     
   1.8005525799358479     
   1.8002494902156070     
   1.7999470350767937     
   1.7996452127557048     
   1.7993440214950054     
   1.7990434595437019     
   1.7987435251571100     
   1.7984442165968260     
   1.7981455321306985     
   1.7978474700327958     
   1.7975500285833805     
   1.7972532060688791     
   1.7969570007818523     
   1.7966614110209680     
   1.7963664350909732     
   1.7960720713026632     
   1.7957783179728570     
   1.7954851734243684     
   1.7951926359859760     
   1.7949007039923996     
   1.7946093757842700     
   1.7943186497081034     
   1.7940285241162741     
   1.7937389973669862     
   1.7934500678242502     
   1.7931617338578536     
   1.7928739938433362     
   1.7925868461619630     
   1.7923002892006989     
   1.7920143213521835     
   1.7917289410147028     
   1.7914441465921673     
   1.7911599364940844     
   1.7908763091355329     
   1.7905932629371402     
   1.7903107963250546     
   1.7900289077309226     
   1.7897475955918645     
   1.7894668583504474     
   1.7891866944546628     
   1.7889071023579042     
   1.7886280805189396     
   1.7883496274018886     
   1.7880717414762004     
   1.7877944212166290     
   1.7875176651032094     
   1.7872414716212346     
   1.7869658392612333     
   1.7866907665189453     
   1.7864162518953000     
   1.7861422938963925     
   1.7858688910334617     
   1.7855960418228676     
   1.7853237447860690     
   1.7850519984496009     
   1.7847808013450532     
   1.7845101520090478     
   1.7842400489832166     
   1.7839704908141814     
   1.7837014760535299     
   1.7834330032577961     
   1.7831650709884383     
   1.7828976778118180     
   1.7826308222991782     
   1.7823645030266233     
   1.7820987185750961     
   1.7818334675303615     
   1.7815687484829801     
   1.7813045600282926     
   1.7810409007663961     
   1.7807777693021254     
   1.7805151642450325     
   1.7802530842093665     
   1.7799915278140526     
   1.7797304936826750     
   1.7794699804434535     
   1.7792099867292270     
   1.7789505111774324     
   1.7786915524300841     
   1.7784331091337580     
   1.7781751799395682     
   1.7779177635031527     
   1.7776608584846492     
   1.7774044635486799     
   1.7771485773643305     
   1.7768931986051335     
   1.7766383259490481     
   1.7763839580784426     
   1.7761300936800748     
   1.7758767314450750     
   1.7756238700689273     
   1.7753715082514510     
   1.7751196446967834     
   1.7748682781133616     
   1.7746174072139054     
   1.7743670307153967     
   1.7741171473390662     
   1.7738677558103721     
   1.7736188548589855     
   1.7733704432187707     
   1.7731225196277698     
   1.7728750828281847     
   1.7726281315663595     
   1.7723816645927639     
   1.7721356806619779     
   1.7718901785326724     
   1.7716451569675937     
   1.7714006147335473     
   1.7711565506013809     
   1.7709129633459670     
   1.7706698517461890     
   1.7704272145849214     
   1.7701850506490178     
   1.7699433587292905     
   1.7697021376204980     
   1.7694613861213255     
   1.7692211030343741     
   1.7689812871661381     
   1.7687419373269972     
   1.7685030523311935     
   1.7682646309968209     
   1.7680266721458076     
   1.7677891746039009     
   1.7675521372006515     
   1.7673155587694001     
   1.7670794381472597     
   1.7668437741751024     
   1.7666085656975430     
   1.7663738115629257     
   1.7661395106233073     
   1.7659056617344446     
   1.7656722637557773     
   1.7654393155504147     
   1.7652068159851217     
   1.7649747639303026     
   1.7647431582599884     
   1.7645119978518211     
   1.7642812815870406     
   1.7640510083504690     
   1.7638211770304983     
   1.7635917865190744     
   1.7633628357116853     
   1.7631343235073442     
   1.7629062488085787     
   1.7626786105214149     
   1.7624514075553657     
   1.7622246388234131     
   1.7619983032419995     
   1.7617723997310117     
   1.7615469272137674     
   1.7613218846170018     
   1.7610972708708554     
   1.7608730849088592     
   1.7606493256679219     
   1.7604259920883178     
   1.7602030831136726     
   1.7599805976909506     
   1.7597585347704423     
   1.7595368933057500     
   1.7593156722537775     
   1.7590948705747147     
   1.7588744872320266     
   1.7586545211924387     
   1.7584349714259278     
   1.7582158369057068     
   1.7579971166082120     
   1.7577788095130922     
   1.7575609146031954     
   1.7573434308645577     
   1.7571263572863884     
   1.7569096928610612     
   1.7566934365840996     
   1.7564775874541658     
   1.7562621444730486     
   1.7560471066456507     
   1.7558324729799788     
   1.7556182424871292     
   1.7554044141812786     
   1.7551909870796689     
   1.7549779602025990     
   1.7547653325734121     
   1.7545531032184833     
   1.7543412711672086     
   1.7541298354519925     
   1.7539187951082389     
   1.7537081491743383     
   1.7534978966916548     
   1.7532880367045187     
   1.7530785682602117     
   1.7528694904089581     
   1.7526608022039125     
   1.7524525027011482     
   1.7522445909596482     
   1.7520370660412923     
   1.7518299270108477     
   1.7516231729359566     
   1.7514168028871260     
   1.7512108159377187     
   1.7510052111639398     
   1.7507999876448270     
   1.7505951444622412     
   1.7503906807008547     
   1.7501865954481401     
   1.7499828877943624     
   1.7497795568325651     
   1.7495766016585632     
   1.7493740213709306     
   1.7491718150709896     
   1.7489699818628026     
   1.7487685208531611     
   1.7485674311515753     
   1.7483667118702626     
   1.7481663621241408     
   1.7479663810308150     
   1.7477667677105693     
   1.7475675212863571     
   1.7473686408837896     
   1.7471701256311272     
   1.7469719746592700     
   1.7467741871017468     
   1.7465767620947066     
   1.7463796987769085     
   1.7461829962897113     
   1.7459866537770659     
   1.7457906703855033     
   1.7455950452641271     
   1.7453997775646029     
   1.7452048664411490     
   1.7450103110505280     
   1.7448161105520359     
   1.7446222641074949     
   1.7444287708812416     
   1.7442356300401198     
   1.7440428407534705     
   1.7438504021931236     
   1.7436583135333863     
   1.7434665739510378     
   1.7432751826253177     
   1.7430841387379170     
   1.7428934414729713     
   1.7427030900170493     
   1.7425130835591454     
   1.7423234212906709     
   1.7421341024054440     
   1.7419451260996837     
   1.7417564915719976     
   1.7415681980233761     
   1.7413802446571827     
   1.7411926306791445     
   1.7410053552973457     
   1.7408184177222163     
   1.7406318171665265     
   1.7404455528453779     
   1.7402596239761920     
   1.7400740297787052     
   1.7398887694749592     
   1.7397038422892921     
   1.7395192474483321     
   1.7393349841809866     
   1.7391510517184365     
   1.7389674492941249     
   1.7387841761437544     
   1.7386012315052721     
   1.7384186146188669     
   1.7382363247269592     
   1.7380543610741930     
   1.7378727229074289     
   1.7376914094757350     
   1.7375104200303790     
   1.7373297538248218     
   1.7371494101147089     
   1.7369693881578612     
   1.7367896872142692     
   1.7366103065460847     
   1.7364312454176130     
   1.7362525030953047     
   1.7360740788477484     
   1.7358959719456644     
   1.7357181816618945     
   1.7355407072713973     
   1.7353635480512388     
   1.7351867032805848     
   1.7350101722406948     
   1.7348339542149140     
   1.7346580484886653     
   1.7344824543494437     
   1.7343071710868057     
   1.7341321979923661     
   1.7339575343597877     
   1.7337831794847751     
   1.7336091326650671     
   1.7334353932004309     
   1.7332619603926538     
   1.7330888335455357     
   1.7329160119648819     
   1.7327434949584988     
   1.7325712818361831     
   1.7323993719097168     
   1.7322277644928605     
   1.7320564589013450     
   1.7318854544528661     
   1.7317147504670765     
   1.7315443462655795     
   1.7313742411719217     
   1.7312044345115865     
   1.7310349256119886     
   1.7308657138024639     
   1.7306967984142665     
   1.7305281787805598     
   1.7303598542364103     
   1.7301918241187821     
   1.7300240877665276     
   1.7298566445203845     
   1.7296894937229659     
   1.7295226347187556     
   1.7293560668541017     
   1.7291897894772092     
   1.7290238019381348     
   1.7288581035887782     
   1.7286926937828790     
   1.7285275718760069     
   1.7283627372255588     
   1.7281981891907483     
   1.7280339271326040     
   1.7278699504139599     
   1.7277062583994507     
   1.7275428504555042     
   1.7273797259503376     
   1.7272168842539490     
   1.7270543247381114     
   1.7268920467763682     
   1.7267300497440261     
   1.7265683330181483     
   1.7264068959775498     
   1.7262457380027911     
   1.7260848584761712     
   1.7259242567817228     
   1.7257639323052052     
   1.7256038844341000     
   1.7254441125576037     
   1.7252846160666229     
   1.7251253943537670     
   1.7249664468133445     
   1.7248077728413542     
   1.7246493718354834     
   1.7244912431950981     
   1.7243333863212409     
   1.7241758006166212     
   1.7240184854856138     
   1.7238614403342500     
   1.7237046645702139     
   1.7235481576028351     
   1.7233919188430853     
   1.7232359477035706     
   1.7230802435985271     
   1.7229248059438147     
   1.7227696341569125     
   1.7226147276569126     
   1.7224600858645140     
   1.7223057082020190     
   1.7221515940933256     
   1.7219977429639244     
   1.7218441542408913     
   1.7216908273528824     
   1.7215377617301304     
   1.7213849568044362     
   1.7212324120091671     
   1.7210801267792488     
   1.7209281005511610     
   1.7207763327629324     
   1.7206248228541352     
   1.7204735702658813     
   1.7203225744408146     
   1.7201718348231063     
   1.7200213508584530     
   1.7198711219940672     
   1.7197211476786747     
   1.7195714273625091     
   1.7194219604973069     
   1.7192727465363009     
   1.7191237849342176     
   1.7189750751472710     
   1.7188266166331574     
   1.7186784088510507     
   1.7185304512615975     
   1.7183827433269117     
   1.7182352845105706     
   1.7180880742776097     
   1.7179411120945167     
   1.7177943974292282     
   1.7176479297511240     
   1.7175017085310222     
   1.7173557332411749     
   1.7172100033552633     
   1.7170645183483930     
   1.7169192776970887     
   1.7167742808792905     
   1.7166295273743482     
   1.7164850166630168     
   1.7163407482274524     
   1.7161967215512075     
   1.7160529361192252     
   1.7159093914178365     
   1.7157660869347535     
   1.7156230221590678     
   1.7154801965812427     
   1.7153376096931099     
   1.7151952609878665     
   1.7150531499600681     
   1.7149112761056258     
   1.7147696389218008     
   1.7146282379072018     
   1.7144870725617782     
   1.7143461423868163     
   1.7142054468849364     
   1.7140649855600867     
   1.7139247579175396     
   1.7137847634638876     
   1.7136450017070382     
   1.7135054721562102     
   1.7133661743219299     
   1.7132271077160250     
   1.7130882718516225     
   1.7129496662431425     
   1.7128112904062955     
   1.7126731438580780     
   1.7125352261167675     
   1.7123975367019175     
   1.7122600751343562     
   1.7121228409361799     
   1.7119858336307496     
   1.7118490527426873     
   1.7117124977978708     
   1.7115761683234307     
   1.7114400638477454     
   1.7113041839004384     
   1.7111685280123727     
   1.7110330957156479     
   1.7108978865435955     
   1.7107629000307745     
   1.7106281357129687     
   1.7104935931271821     
   1.7103592718116352     
   1.7102251713057603     
   1.7100912911501975     
   1.7099576308867928     
   1.7098241900585909     
   1.7096909682098347     
   1.7095579648859585     
   1.7094251796335871     
   1.7092926120005290     
   1.7091602615357744     
   1.7090281277894914     
   1.7088962103130210     
   1.7087645086588745     
   1.7086330223807287     
   1.7085017510334237     
   1.7083706941729577     
   1.7082398513564838     
   1.7081092221423053     
   1.7079788060898748     
   1.7078486027597883     
   1.7077186117137795     
   1.7075888325147219     
   1.7074592647266194     
   1.7073299079146060     
   1.7072007616449412     
   1.7070718254850068     
   1.7069430990033023     
   1.7068145817694420     
   1.7066862733541517     
   1.7065581733292650     
   1.7064302812677195     
   1.7063025967435532     
   1.7061751193319012     
   1.7060478486089925     
   1.7059207841521467     
   1.7057939255397683     
   1.7056672723513462     
   1.7055408241674492     
   1.7054145805697227     
   1.7052885411408836     
   1.7051627054647194     
   1.7050370731260833     
   1.7049116437108915     
   1.7047864168061193     
   1.7046613919997979     
   1.7045365688810108     
   1.7044119470398922     
   1.7042875260676205     
   1.7041633055564178     
   1.7040392850995449     
   1.7039154642913001     
   1.7037918427270131     
   1.7036684200030436     
   1.7035451957167778     
   1.7034221694666243     
   1.7032993408520127     
   1.7031767094733885     
   1.7030542749322104     
   1.7029320368309482     
   1.7028099947730784     
   1.7026881483630809     
   1.7025664972064369     
   1.7024450409096252     
   1.7023237790801193     
   1.7022027113263833     
   1.7020818372578703     
   1.7019611564850186     
   1.7018406686192478     
   1.7017203732729576     
   1.7016002700595227     
   1.7014803585932914     
   1.7013606384895810     
   1.7012411093646771     
   1.7011217708358277     
   1.7010026225212420     
   1.7008836640400877     
   1.7007648950124865     
   1.7006463150595124     
   1.7005279238031881     
   1.7004097208664826     
   1.7002917058733074     
   1.7001738784485143     
   1.7000562382178925     
   1.6999387848081653     
   1.6998215178469867     
   1.6997044369629404     
   1.6995875417855353     
   1.6994708319452023     
   1.6993543070732928     
   1.6992379668020750     
   1.6991218107647315     
   1.6990058385953559     
   1.6988900499289508     
   1.6987744444014246     
   1.6986590216495880     
   1.6985437813111526     
   1.6984287230247264     
   1.6983138464298131     
   1.6981991511668080     
   1.6980846368769957     
   1.6979703032025459     
   1.6978561497865134     
   1.6977421762728335     
   1.6976283823063205     
   1.6975147675326618     
   1.6974013315984209     
   1.6972880741510290     
   1.6971749948387866     
   1.6970620933108580     
   1.6969493692172697     
   1.6968368222089083     
   1.6967244519375175     
   1.6966122580556942     
   1.6965002402168892     
   1.6963883980753995     
   1.6962767312863711     
   1.6961652395057931     
   1.6960539223904958     
   1.6959427795981481     
   1.6958318107872570     
   1.6957210156171603     
   1.6956103937480296     
   1.6954999448408630     
   1.6953896685574874     
   1.6952795645605505     
   1.6951696325135226     
   1.6950598720806933     
   1.6949502829271674     
   1.6948408647188631     
   1.6947316171225109     
   1.6946225398056496     
   1.6945136324366239     
   1.6944048946845833     
   1.6942963262194779     
   1.6941879267120581     
   1.6940796958338695     
   1.6939716332572525     
   1.6938637386553395     
   1.6937560117020529     
   1.6936484520721011     
   1.6935410594409779     
   1.6934338334849590     
   1.6933267738811013     
   1.6932198803072376     
   1.6931131524419776     
   1.6930065899647031     
   1.6929001925555669     
   1.6927939598954902     
   1.6926878916661603     
   1.6925819875500281     
   1.6924762472303063     
   1.6923706703909669     
   1.6922652567167382     
   1.6921600058931037     
   1.6920549176062998     
   1.6919499915433120     
   1.6918452273918747     
   1.6917406248404678     
   1.6916361835783145     
   1.6915319032953788     
   1.6914277836823652     
   1.6913238244307141     
   1.6912200252326004     
   1.6911163857809326     
   1.6910129057693490     
   1.6909095848922151     
   1.6908064228446236     
   1.6907034193223918     
   1.6906005740220564     
   1.6904978866408755     
   1.6903953568768235     
   1.6902929844285925     
   1.6901907689955846     
   1.6900887102779147     
   1.6899868079764075     
   1.6898850617925925     
   1.6897834714287063     
   1.6896820365876863     
   1.6895807569731722     
   1.6894796322895012     
   1.6893786622417080     
   1.6892778465355205     
   1.6891771848773607     
   1.6890766769743404     
   1.6889763225342591     
   1.6888761212656034     
   1.6887760728775449     
   1.6886761770799366     
   1.6885764335833118     
   1.6884768420988829     
   1.6883774023385381     
   1.6882781140148413     
   1.6881789768410269     
   1.6880799905310016     
   1.6879811547993391     
   1.6878824693612811     
   1.6877839339327327     
   1.6876855482302628     
   1.6875873119711011     
   1.6874892248731348     
   1.6873912866549086     
   1.6872934970356237     
   1.6871958557351328     
   1.6870983624739400     
   1.6870010169731997     
   1.6869038189547125     
   1.6868067681409251     
   1.6867098642549287     
   1.6866131070204553     
   1.6865164961618770     
   1.6864200314042046     
   1.6863237124730845     
   1.6862275390947987     
   1.6861315109962600     
   1.6860356279050139     
   1.6859398895492339     
   1.6858442956577200     
   1.6857488459598995     
   1.6856535401858208     
   1.6855583780661569     
   1.6854633593321977     
   1.6853684837158536     
   1.6852737509496507     
   1.6851791607667297     
   1.6850847129008435     
   1.6849904070863573     
   1.6848962430582453     
   1.6848022205520892     
   1.6847083393040756     
   1.6846145990509971     
   1.6845209995302481     
   1.6844275404798230     
   1.6843342216383150     
   1.6842410427449164     
   1.6841480035394130     
   1.6840551037621858     
   1.6839623431542072     
   1.6838697214570408     
   1.6837772384128384     
   1.6836848937643387     
   1.6835926872548672     
   1.6835006186283319     
   1.6834086876292234     
   1.6833168940026124     
   1.6832252374941501     
   1.6831337178500625     
   1.6830423348171522     
   1.6829510881427967     
   1.6828599775749440     
   1.6827690028621145     
   1.6826781637533970     
   1.6825874599984467     
   1.6824968913474869     
   1.6824064575513038     
   1.6823161583612452     
   1.6822259935292223     
   1.6821359628077048     
   1.6820460659497203     
   1.6819563027088524     
   1.6818666728392400     
   1.6817771760955753     
   1.6816878122331014     
   1.6815985810076128     
   1.6815094821754517     
   1.6814205154935080     
   1.6813316807192162     
   1.6812429776105560     
   1.6811544059260481     
   1.6810659654247559     
   1.6809776558662808     
   1.6808894770107625     
   1.6808014286188777     
   1.6807135104518376     
   1.6806257222713870     
   1.6805380638398020     
   1.6804505349198904     
   1.6803631352749884     
   1.6802758646689591     
   1.6801887228661923     
   1.6801017096316029     
   1.6800148247306272     
   1.6799280679292257     
   1.6798414389938772     
   1.6797549376915795     
   1.6796685637898487     
   1.6795823170567161     
   1.6794961972607283     
   1.6794102041709431     
   1.6793243375569320     
   1.6792385971887758     
   1.6791529828370644     
   1.6790674942728947     
   1.6789821312678701     
   1.6788968935940989     
   1.6788117810241914     
   1.6787267933312608     
   1.6786419302889213     
   1.6785571916712840     
   1.6784725772529607     
   1.6783880868090570     
   1.6783037201151747     
   1.6782194769474090     
   1.6781353570823481     
   1.6780513602970695     
   1.6779674863691416     
   1.6778837350766209     
   1.6778001061980501     
   1.6777165995124586     
   1.6776332147993589     
   1.6775499518387473     
   1.6774668104111012     
   1.6773837902973787     
   1.6773008912790162     
   1.6772181131379285     
   1.6771354556565066     
   1.6770529186176162     
   1.6769705018045973     
   1.6768882050012628     
   1.6768060279918948     
   1.6767239705612480     
   1.6766420324945437     
   1.6765602135774718     
   1.6764785135961875     
   1.6763969323373125     
   1.6763154695879294     
   1.6762341251355852     
   1.6761528987682879     
   1.6760717902745044     
   1.6759907994431611     
   1.6759099260636410     
   1.6758291699257835     
   1.6757485308198830     
   1.6756680085366882     
   1.6755876028673991     
   1.6755073136036678     
   1.6754271405375964     
   1.6753470834617350     
   1.6752671421690821     
   1.6751873164530822     
   1.6751076061076258     
   1.6750280109270463     
   1.6749485307061203     
   1.6748691652400667     
   1.6747899143245442     
   1.6747107777556505     
   1.6746317553299219     
   1.6745528468443325     
   1.6744740520962897     
   1.6743953708836381     
   1.6743168030046547     
   1.6742383482580481     
   1.6741600064429596     
   1.6740817773589582     
   1.6740036608060447     
   1.6739256565846452     
   1.6738477644956136     
   1.6737699843402283     
   1.6736923159201929     
   1.6736147590376340     
   1.6735373134951002     
   1.6734599790955600     
   1.6733827556424030     
   1.6733056429394375     
   1.6732286407908896     
   1.6731517490013996     
   1.6730749673760266     
   1.6729982957202418     
   1.6729217338399300     
   1.6728452815413879     
   1.6727689386313243     
   1.6726927049168570     
   1.6726165802055122     
   1.6725405643052254     
   1.6724646570243382     
   1.6723888581715971     
   1.6723131675561542     
   1.6722375849875637     
   1.6721621102757847     
   1.6720867432311746     
   1.6720114836644937     
   1.6719363313869009     
   1.6718612862099524     
   1.6717863479456030     
   1.6717115164062026     
   1.6716367914044967     
   1.6715621727536250     
   1.6714876602671205     
   1.6714132537589075     
   1.6713389530433018     
   1.6712647579350093     
   1.6711906682491244     
   1.6711166838011307     
   1.6710428044068968     
   1.6709690298826798     
   1.6708953600451193     
   1.6708217947112400     
   1.6707483336984501     
   1.6706749768245386     
   1.6706017239076767     
   1.6705285747664149     
   1.6704555292196823     
   1.6703825870867872     
   1.6703097481874141     
   1.6702370123416235     
   1.6701643793698511     
   1.6700918490929082     
   1.6700194213319768     
   1.6699470959086127     
   1.6698748726447437     
   1.6698027513626652     
   1.6697307318850443     
   1.6696588140349160     
   1.6695869976356827     
   1.6695152825111126     
   1.6694436684853406     
   1.6693721553828653     
   1.6693007430285498     
   1.6692294312476192     
   1.6691582198656607     
   1.6690871087086225     
   1.6690160976028132     
   1.6689451863749001     
   1.6688743748519073     
   1.6688036628612191     
   1.6687330502305735     
   1.6686625367880650     
   1.6685921223621429     
   1.6685218067816090     
   1.6684515898756191     
   1.6683814714736798     
   1.6683114514056490     
   1.6682415295017352     
   1.6681717055924947     
   1.6681019795088332     
   1.6680323510820030     
   1.6679628201436043     
   1.6678933865255805     
   1.6678240500602217     
   1.6677548105801614     
   1.6676856679183756     
   1.6676166219081827     
   1.6675476723832428     
   1.6674788191775556     
   1.6674100621254608     
   1.6673414010616365     
   1.6672728358210995     
   1.6672043662392020     
   1.6671359921516340     
   1.6670677133944192     
   1.6669995298039169     
   1.6669314412168199     
   1.6668634474701531     
   1.6667955484012740     
   1.6667277438478705     
   1.6666600336479607     
   1.6665924176398941     
   1.6665248956623460     
   1.6664574675543211     
   1.6663901331551505     
   1.6663228923044919     
   1.6662557448423281     
   1.6661886906089662     
   1.6661217294450379     
   1.6660548611914960     
   1.6659880856896172     
   1.6659214027809988     
   1.6658548123075585     
   1.6657883141115337     
   1.6657219080354806     
   1.6656555939222744     
   1.6655893716151065     
   1.6655232409574852     
   1.6654572017932345     
   1.6653912539664939     
   1.6653253973217157     
   1.6652596317036679     
   1.6651939569574288     
   1.6651283729283899     
   1.6650628794622528     
   1.6649974764050310     
   1.6649321636030465     
   1.6648669409029291     
   1.6648018081516187     
   1.6647367651963607     
   1.6646718118847084     
   1.6646069480645200     
   1.6645421735839592     
   1.6644774882914928     
   1.6644128920358927     
   1.6643483846662321     
   1.6642839660318880     
   1.6642196359825365     
   1.6641553943681562     
   1.6640912410390243     
   1.6640271758457168     
   1.6639631986391095     
   1.6638993092703744     
   1.6638355075909812     
   1.6637717934526954     
   1.6637081667075782     
   1.6636446272079846     
   1.6635811748065648     
   1.6635178093562608     
   1.6634545307103095     
   1.6633913387222372     
   1.6633282332458632     
   1.6632652141352957     
   1.6632022812449332     
   1.6631394344294637     
   1.6630766735438629     
   1.6630139984433943     
   1.6629514089836084     
   1.6628889050203421     
   1.6628264864097171     
   1.6627641530081407     
   1.6627019046723039     
   1.6626397412591822     
   1.6625776626260311     
   1.6625156686303919     
   1.6624537591300845     
   1.6623919339832112     
   1.6623301930481531     
   1.6622685361835718     
   1.6622069632484060     
   1.6621454741018749     
   1.6620840686034726     
   1.6620227466129716     
   1.6619615079904193     
   1.6619003525961391     
   1.6618392802907296     
   1.6617782909350622     
   1.6617173843902826     
   1.6616565605178086     
   1.6615958191793303     
   1.6615351602368098     
   1.6614745835524798     
   1.6614140889888425     
   1.6613536764086703     
   1.6612933456750039     
   1.6612330966511526     
   1.6611729292006929     
   1.6611128431874691     
   1.6610528384755905     
   1.6609929149294329     
   1.6609330724136373     
   1.6608733107931077     
   1.6608136299330143     
   1.6607540296987886     
   1.6606945099561252     
   1.6606350705709796     
   1.6605757114095705     
   1.6605164323383756     
   1.6604572332241336     
   1.6603981139338420     
   1.6603390743347575     
   1.6602801142943955     
   1.6602212336805273     
   1.6601624323611832     
   1.6601037102046481     
   1.6600450670794644     
   1.6599865028544287     
   1.6599280173985911     
   1.6598696105812576     
   1.6598112822719868     
   1.6597530323405902     
   1.6596948606571313     
   1.6596367670919243     
   1.6595787515155369     
   1.6595208137987838     
   1.6594629538127326     
   1.6594051714286986     
   1.6593474665182459     
   1.6592898389531863     
   1.6592322886055799     
   1.6591748153477333     
   1.6591174190521998     
   1.6590600995917779     
   1.6590028568395114     
   1.6589456906686892     
   1.6588886009528434     
   1.6588315875657502     
   1.6587746503814289     
   1.6587177892741398     
   1.6586610041183865     
   1.6586042947889135     
   1.6585476611607057     
   1.6584911031089875     
   1.6584346205092242     
   1.6583782132371183     
   1.6583218811686127     
   1.6582656241798863     
   1.6582094421473568     
   1.6581533349476776     
   1.6580973024577392     
   1.6580413445546676     
   1.6579854611158227     
   1.6579296520188012     
   1.6578739171414318     
   1.6578182563617774     
   1.6577626695581344     
   1.6577071566090316     
   1.6576517173932284     
   1.6575963517897170     
   1.6575410596777194     
   1.6574858409366890     
   1.6574306954463078     
   1.6573756230864887     
   1.6573206237373705     
   1.6572656972793238     
   1.6572108435929431     
   1.6571560625590536     
   1.6571013540587043     
   1.6570467179731720     
   1.6569921541839581     
   1.6569376625727898     
   1.6568832430216183     
   1.6568288954126187     
   1.6567746196281909     
   1.6567204155509567     
   1.6566662830637604     
   1.6566122220496688     
   1.6565582323919696     
   1.6565043139741720     
   1.6564504666800055     
   1.6563966903934202     
   1.6563429849985847     
   1.6562893503798863     
   1.6562357864219326     
   1.6561822930095476     
   1.6561288700277732     
   1.6560755173618686     
   1.6560222348973097     
   1.6559690225197872     
   1.6559158801152092     
   1.6558628075696971     
   1.6558098047695875     
   1.6557568716014324     
   1.6557040079519951     
   1.6556512137082531     
   1.6555984887573967     
   1.6555458329868287     
   1.6554932462841625     
   1.6554407285372235     
   1.6553882796340480     
   1.6553358994628813     
   1.6552835879121797     
   1.6552313448706086     
   1.6551791702270424     
   1.6551270638705629     
   1.6550750256904609     
   1.6550230555762337     
   1.6549711534175866     
   1.6549193191044302     
   1.6548675525268828     
   1.6548158535752659     
   1.6547642221401089     
   1.6547126581121436     
   1.6546611613823072     
   1.6546097318417399     
   1.6545583693817862     
   1.6545070738939922     
   1.6544558452701077     
   1.6544046834020836     
   1.6543535881820719     
   1.6543025595024270     
   1.6542515972557028     
   1.6542007013346531     
   1.6541498716322329     
   1.6540991080415952     
   1.6540484104560922     
   1.6539977787692735     
   1.6539472128748893     
   1.6538967126668838     
   1.6538462780394008     
   1.6537959088867800     
   1.6537456051035573     
   1.6536953665844636     
   1.6536451932244263     
   1.6535950849185672     
   1.6535450415622024     
   1.6534950630508418     
   1.6534451492801900     
   1.6533953001461437     
   1.6533455155447927     
   1.6532957953724190     
   1.6532461395254969     
   1.6531965479006918     
   1.6531470203948599     
   1.6530975569050486     
   1.6530481573284961     
   1.6529988215626281     
   1.6529495495050630     
   1.6529003410536047     
   1.6528511961062486     
   1.6528021145611760     
   1.6527530963167576     
   1.6527041412715509     
   1.6526552493242996     
   1.6526064203739341     
   1.6525576543195721     
   1.6525089510605158     
   1.6524603104962530     
   1.6524117325264565     
   1.6523632170509834     
   1.6523147639698748     
   1.6522663731833558     
   1.6522180445918346     
   1.6521697780959022     
   1.6521215735963322     
   1.6520734309940803     
   1.6520253501902840     
   1.6519773310862607     
   1.6519293735835117     
   1.6518814775837156     
   1.6518336429887333     
   1.6517858697006038     
   1.6517381576215473     
   1.6516905066539611     
   1.6516429167004221     
   1.6515953876636860     
   1.6515479194466838     
   1.6515005119525268     
   1.6514531650845017     
   1.6514058787460724     
   1.6513586528408779     
   1.6513114872727352     
   1.6512643819456350     
   1.6512173367637439     
   1.6511703516314029     
   1.6511234264531276     
   1.6510765611336076     
   1.6510297555777063     
   1.6509830096904594     
   1.6509363233770773     
   1.6508896965429405     
   1.6508431290936041     
   1.6507966209347924     
   1.6507501719724038     
   1.6507037821125057     
   1.6506574512613368     
   1.6506111793253062     
   1.6505649662109931     
   1.6505188118251461     
   1.6504727160746824     
   1.6504266788666895     
   1.6503807001084214     
   1.6503347797073020     
   1.6502889175709223     
   1.6502431136070399     
   1.6501973677235811     
   1.6501516798286375     
   1.6501060498304678     
   1.6500604776374967     
   1.6500149631583141     
   1.6499695063016746     
   1.6499241069764998     
   1.6498787650918740     
   1.6498334805570460     
   1.6497882532814292     
   1.6497430831746001     
   1.6496979701462979     
   1.6496529141064262     
   1.6496079149650493     
   1.6495629726323948     
   1.6495180870188511     
   1.6494732580349700     
   1.6494284855914618     
   1.6493837695991997     
   1.6493391099692163     
   1.6492945066127045     
   1.6492499594410177     
   1.6492054683656678     
   1.6491610332983258     
   1.6491166541508220     
   1.6490723308351443     
   1.6490280632634404     
   1.6489838513480146     
   1.6489396950013280     
   1.6488955941359997     
   1.6488515486648061     
   1.6488075585006783     
   1.6487636235567058     
   1.6487197437461314     
   1.6486759189823557     
   1.6486321491789326     
   1.6485884342495718     
   1.6485447741081380     
   1.6485011686686479     
   1.6484576178452746     
   1.6484141215523436     
   1.6483706797043332     
   1.6483272922158754     
   1.6482839590017542     
   1.6482406799769054     
   1.6481974550564182     
   1.6481542841555326     
   1.6481111671896389     
   1.6480681040742806     
   1.6480250947251500     
   1.6479821390580900     
   1.6479392369890946     
   1.6478963884343063     
   1.6478535933100180     
   1.6478108515326710     
   1.6477681630188561     
   1.6477255276853118     
   1.6476829454489250     
   1.6476404162267309     
   1.6475979399359122     
   1.6475555164937985     
   1.6475131458178665     
   1.6474708278257393     
   1.6474285624351874     
   1.6473863495641261     
   1.6473441891306164     
   1.6473020810528665     
   1.6472600252492278     
   1.6472180216381980     
   1.6471760701384177     
   1.6471341706686731     
   1.6470923231478944     
   1.6470505274951548     
   1.6470087836296710     
   1.6469670914708028     
   1.6469254509380529     
   1.6468838619510664     
   1.6468423244296311     
   1.6468008382936761     
   1.6467594034632715     
   1.6467180198586302     
   1.6466766874001053     
   1.6466354060081902     
   1.6465941756035201     
   1.6465529961068688     
   1.6465118674391519     
   1.6464707895214219     
   1.6464297622748727     
   1.6463887856208372     
   1.6463478594807861     
   1.6463069837763291     
   1.6462661584292129     
   1.6462253833613245     
   1.6461846584946864     
   1.6461439837514593     
   1.6461033590539411     
   1.6460627843245652     
   1.6460222594859033     
   1.6459817844606626     
   1.6459413591716856     
   1.6459009835419511     
   1.6458606574945733     
   1.6458203809528014     
   1.6457801538400194     
   1.6457399760797455     
   1.6456998475956333     
   1.6456597683114687     
   1.6456197381511728     
   1.6455797570388002     
   1.6455398248985376     
   1.6454999416547054     
   1.6454601072317563     
   1.6454203215542755     
   1.6453805845469816     
   1.6453408961347227     
   1.6453012562424802     
   1.6452616647953662     
   1.6452221217186245     
   1.6451826269376286     
   1.6451431803778831     
   1.6451037819650238     
   1.6450644316248144     
   1.6450251292831508     
   1.6449858748660566     
   1.6449466682996852     
   1.6449075095103194     
   1.6448683984243704     
   1.6448293349683771     
   1.6447903190690079     
